#
# There is insufficient memory for the Java Runtime Environment to continue.
# Native memory allocation (malloc) failed to allocate 32744 bytes for ChunkPool::allocate
# Possible reasons:
#   The system is out of physical RAM or swap space
#   In 32 bit mode, the process size limit was hit
# Possible solutions:
#   Reduce memory load on the system
#   Increase physical memory or swap space
#   Check if swap backing store is full
#   Use 64 bit Java on a 64 bit OS
#   Decrease Java heap size (-Xmx/-Xms)
#   Decrease number of Java threads
#   Decrease Java thread stack sizes (-Xss)
#   Set larger code cache with -XX:ReservedCodeCacheSize=
# This output file may be truncated or incomplete.
#
#  Out of Memory Error (allocation.cpp:273), pid=4480, tid=4976
#
# JRE version: Java(TM) SE Runtime Environment (8.0_91-b15) (build 1.8.0_91-b15)
# Java VM: Java HotSpot(TM) 64-Bit Server VM (25.91-b15 mixed mode windows-amd64 compressed oops)
# Failed to write core dump. Minidumps are not enabled by default on client versions of Windows
#

---------------  T H R E A D  ---------------

Current thread (0x0000000056154800):  JavaThread "C2 CompilerThread0" daemon [_thread_in_native, id=4976, stack(0x0000000056830000,0x0000000056930000)]

Stack: [0x0000000056830000,0x0000000056930000]
[error occurred during error reporting (printing stack bounds), id 0xc0000005]

Native frames: (J=compiled Java code, j=interpreted, Vv=VM code, C=native code)


Current CompileTask:
C2:   6755 1162       4       com.android.dx.util.LabeledList::set (45 bytes)


---------------  P R O C E S S  ---------------

Java Threads: ( => current thread )
  0x0000000056414800 JavaThread "pool-1-thread-4" [_thread_blocked, id=3712, stack(0x00000000574f0000,0x00000000575f0000)]
  0x00000000563cb000 JavaThread "pool-1-thread-3" [_thread_in_vm, id=1076, stack(0x0000000057340000,0x0000000057440000)]
  0x00000000563ca800 JavaThread "pool-1-thread-2" [_thread_blocked, id=5040, stack(0x00000000570a0000,0x00000000571a0000)]
  0x00000000563c8800 JavaThread "pool-2-thread-1" [_thread_blocked, id=5940, stack(0x0000000056f70000,0x0000000057070000)]
  0x00000000563c8000 JavaThread "pool-1-thread-1" [_thread_blocked, id=4156, stack(0x0000000056dd0000,0x0000000056ed0000)]
  0x000000005615d000 JavaThread "Service Thread" daemon [_thread_blocked, id=4956, stack(0x0000000055d90000,0x0000000055e90000)]
  0x0000000056157800 JavaThread "C1 CompilerThread2" daemon [_thread_in_native, id=6080, stack(0x0000000056a70000,0x0000000056b70000)]
  0x0000000056156800 JavaThread "C2 CompilerThread1" daemon [_thread_in_native, id=5476, stack(0x0000000056950000,0x0000000056a50000)]
=>0x0000000056154800 JavaThread "C2 CompilerThread0" daemon [_thread_in_native, id=4976, stack(0x0000000056830000,0x0000000056930000)]
  0x0000000054f0e000 JavaThread "Attach Listener" daemon [_thread_blocked, id=704, stack(0x0000000056710000,0x0000000056810000)]
  0x0000000054f1f000 JavaThread "Signal Dispatcher" daemon [_thread_blocked, id=3316, stack(0x0000000056570000,0x0000000056670000)]
  0x0000000054ef3800 JavaThread "Finalizer" daemon [_thread_blocked, id=6068, stack(0x0000000056050000,0x0000000056150000)]
  0x0000000054eb2800 JavaThread "Reference Handler" daemon [_thread_blocked, id=2076, stack(0x0000000055ec0000,0x0000000055fc0000)]
  0x0000000001f38000 JavaThread "main" [_thread_blocked, id=4644, stack(0x0000000002130000,0x0000000002230000)]

Other Threads:
  0x0000000054eaa800 VMThread [stack: 0x0000000055c60000,0x0000000055d60000] [id=5156]
  0x00000000561f3000 WatcherThread [stack: 0x0000000056bb0000,0x0000000056cb0000] [id=2444]

VM state:synchronizing (normal execution)

VM Mutex/Monitor currently owned by a thread:  ([mutex/lock_event])
[0x0000000001efc9e0] Threads_lock - owner thread: 0x0000000054eaa800
[0x0000000001efcee0] Heap_lock - owner thread: 0x00000000563c8000

Heap:
 PSYoungGen      total 18944K, used 18929K [0x00000000eab00000, 0x00000000ed000000, 0x0000000100000000)
  eden space 16384K, 100% used [0x00000000eab00000,0x00000000ebb00000,0x00000000ebb00000)
  from space 2560K, 99% used [0x00000000ebd80000,0x00000000ebffc430,0x00000000ec000000)
  to   space 2560K, 0% used [0x00000000ebb00000,0x00000000ebb00000,0x00000000ebd80000)
 ParOldGen       total 44032K, used 3858K [0x00000000c0000000, 0x00000000c2b00000, 0x00000000eab00000)
  object space 44032K, 8% used [0x00000000c0000000,0x00000000c03c4b20,0x00000000c2b00000)
 Metaspace       used 5947K, capacity 6898K, committed 7040K, reserved 1056768K
  class space    used 600K, capacity 618K, committed 640K, reserved 1048576K

Card table byte_map: [0x00000000118c0000,0x0000000011ad0000] byte_map_base: 0x00000000112c0000

Marking Bits: (ParMarkBitMap*) 0x000000006ec72f70
 Begin Bits: [0x0000000012320000, 0x0000000013320000)
 End Bits:   [0x0000000013320000, 0x0000000014320000)

Polling page: 0x0000000000320000

CodeCache: size=245760Kb used=4357Kb max_used=4357Kb free=241402Kb
 bounds [0x0000000002500000, 0x0000000002950000, 0x0000000011500000]
 total_blobs=1367 nmethods=1098 adapters=180
 compilation: enabled

Compilation events (10 events):
Event: 5.960 Thread 0x0000000056157800 nmethod 1147 0x000000000293d590 code [0x000000000293d700, 0x000000000293db28]
Event: 5.960 Thread 0x0000000056157800 1135       3       com.android.dx.ssa.SsaMethod::getGoto (26 bytes)
Event: 5.961 Thread 0x0000000056157800 nmethod 1135 0x000000000293dc50 code [0x000000000293de00, 0x000000000293e358]
Event: 5.961 Thread 0x0000000056157800 1174       3       com.android.dx.ssa.back.FirstFitLocalCombiningAllocator::handleNormalUnassociated (99 bytes)
Event: 5.961 Thread 0x0000000056156800 nmethod 1158 0x0000000002941490 code [0x0000000002941600, 0x00000000029418b8]
Event: 5.961 Thread 0x0000000056156800 1164       4       com.android.dx.ssa.SCCP::simulateStmt (481 bytes)
Event: 5.963 Thread 0x0000000056157800 nmethod 1174 0x000000000293f3d0 code [0x000000000293f680, 0x00000000029409f8]
Event: 5.963 Thread 0x0000000056157800 1175       3       com.android.dx.rop.code.Insn::contentEquals (84 bytes)
Event: 5.964 Thread 0x0000000056157800 nmethod 1175 0x0000000002941b90 code [0x0000000002941d80, 0x0000000002942998]
Event: 5.964 Thread 0x0000000056157800 1176       3       com.android.dx.cf.code.Simulator$SimVisitor::visitNoArgs (2136 bytes)

GC Heap History (4 events):
Event: 2.208 GC heap before
{Heap before GC invocations=1 (full 0):
 PSYoungGen      total 18944K, used 16384K [0x00000000eab00000, 0x00000000ec000000, 0x0000000100000000)
  eden space 16384K, 100% used [0x00000000eab00000,0x00000000ebb00000,0x00000000ebb00000)
  from space 2560K, 0% used [0x00000000ebd80000,0x00000000ebd80000,0x00000000ec000000)
  to   space 2560K, 0% used [0x00000000ebb00000,0x00000000ebb00000,0x00000000ebd80000)
 ParOldGen       total 44032K, used 0K [0x00000000c0000000, 0x00000000c2b00000, 0x00000000eab00000)
  object space 44032K, 0% used [0x00000000c0000000,0x00000000c0000000,0x00000000c2b00000)
 Metaspace       used 5710K, capacity 6642K, committed 6784K, reserved 1056768K
  class space    used 599K, capacity 618K, committed 640K, reserved 1048576K
Event: 3.150 GC heap after
Heap after GC invocations=1 (full 0):
 PSYoungGen      total 18944K, used 2538K [0x00000000eab00000, 0x00000000ec000000, 0x0000000100000000)
  eden space 16384K, 0% used [0x00000000eab00000,0x00000000eab00000,0x00000000ebb00000)
  from space 2560K, 99% used [0x00000000ebb00000,0x00000000ebd7aa90,0x00000000ebd80000)
  to   space 2560K, 0% used [0x00000000ebd80000,0x00000000ebd80000,0x00000000ec000000)
 ParOldGen       total 44032K, used 1808K [0x00000000c0000000, 0x00000000c2b00000, 0x00000000eab00000)
  object space 44032K, 4% used [0x00000000c0000000,0x00000000c01c43f8,0x00000000c2b00000)
 Metaspace       used 5710K, capacity 6642K, committed 6784K, reserved 1056768K
  class space    used 599K, capacity 618K, committed 640K, reserved 1048576K
}
Event: 4.847 GC heap before
{Heap before GC invocations=2 (full 0):
 PSYoungGen      total 18944K, used 18922K [0x00000000eab00000, 0x00000000ec000000, 0x0000000100000000)
  eden space 16384K, 100% used [0x00000000eab00000,0x00000000ebb00000,0x00000000ebb00000)
  from space 2560K, 99% used [0x00000000ebb00000,0x00000000ebd7aa90,0x00000000ebd80000)
  to   space 2560K, 0% used [0x00000000ebd80000,0x00000000ebd80000,0x00000000ec000000)
 ParOldGen       total 44032K, used 1808K [0x00000000c0000000, 0x00000000c2b00000, 0x00000000eab00000)
  object space 44032K, 4% used [0x00000000c0000000,0x00000000c01c43f8,0x00000000c2b00000)
 Metaspace       used 5908K, capacity 6834K, committed 7040K, reserved 1056768K
  class space    used 600K, capacity 618K, committed 640K, reserved 1048576K
Event: 5.840 GC heap after
Heap after GC invocations=2 (full 0):
 PSYoungGen      total 18944K, used 2545K [0x00000000eab00000, 0x00000000ed000000, 0x0000000100000000)
  eden space 16384K, 0% used [0x00000000eab00000,0x00000000eab00000,0x00000000ebb00000)
  from space 2560K, 99% used [0x00000000ebd80000,0x00000000ebffc430,0x00000000ec000000)
  to   space 2560K, 0% used [0x00000000ebb00000,0x00000000ebb00000,0x00000000ebd80000)
 ParOldGen       total 44032K, used 3858K [0x00000000c0000000, 0x00000000c2b00000, 0x00000000eab00000)
  object space 44032K, 8% used [0x00000000c0000000,0x00000000c03c4b20,0x00000000c2b00000)
 Metaspace       used 5908K, capacity 6834K, committed 7040K, reserved 1056768K
  class space    used 600K, capacity 618K, committed 640K, reserved 1048576K
}

Deoptimization events (3 events):
Event: 4.558 Thread 0x00000000563c8000 Uncommon trap: reason=null_check action=make_not_entrant pc=0x0000000002765bbc method=com.android.dx.ssa.SsaRenamer.getLocalForNewReg(I)Lcom/android/dx/rop/code/LocalItem; @ 19
Event: 4.558 Thread 0x00000000563c8000 Uncommon trap: reason=null_check action=make_not_entrant pc=0x000000000276e618 method=com.android.dx.ssa.SsaRenamer.getLocalForNewReg(I)Lcom/android/dx/rop/code/LocalItem; @ 19
Event: 5.967 Thread 0x00000000563cb000 Uncommon trap: reason=unstable_if action=reinterpret pc=0x00000000028f89ac method=com.android.dx.util.IntList.binarysearch(I)I @ 105

Internal exceptions (4 events):
Event: 0.266 Thread 0x0000000001f38000 Exception <a 'java/lang/NoSuchMethodError': Method sun.misc.Unsafe.defineClass(Ljava/lang/String;[BII)Ljava/lang/Class; name or signature does not match> (0x00000000eab07cc0) thrown at [C:\re\workspace\8-2-build-windows-amd64-cygwin\jdk8u91\7017\hotspot\srIª¾DâÑ?
Event: 0.267 Thread 0x0000000001f38000 Exception <a 'java/lang/NoSuchMethodError': Method sun.misc.Unsafe.prefetchRead(Ljava/lang/Object;J)V name or signature does not match> (0x00000000eab07fa8) thrown at [C:\re\workspace\8-2-build-windows-amd64-cygwin\jdk8u91\7017\hotspot\src\share\vm\prims\jpöJ7â:@
Event: 4.558 Thread 0x00000000563c8000 Implicit null exception at 0x0000000002763d76 to 0x0000000002765b71
Event: 4.558 Thread 0x00000000563c8000 Implicit null exception at 0x000000000276c9fa to 0x000000000276e5f5

Events (10 events):
Event: 4.558 Thread 0x00000000563c8000 DEOPT UNPACKING pc=0x000000000254582a sp=0x0000000056ece3d8 mode 2
Event: 4.563 Thread 0x0000000056414800 DEOPT PACKING pc=0x000000000275b062 sp=0x00000000575ee9f0
Event: 4.563 Thread 0x0000000056414800 DEOPT UNPACKING pc=0x000000000254787f sp=0x00000000575ee7d0 mode 0
Event: 4.658 Executing VM operation: EnableBiasedLocking
Event: 4.658 Executing VM operation: EnableBiasedLocking done
Event: 4.847 Executing VM operation: ParallelGCFailedAllocation
Event: 5.840 Executing VM operation: ParallelGCFailedAllocation done
Event: 5.967 Thread 0x00000000563cb000 Uncommon trap: trap_request=0xffffff65 fr.pc=0x00000000028f89ac
Event: 5.967 Thread 0x00000000563cb000 DEOPT PACKING pc=0x00000000028f89ac sp=0x000000005743edb0
Event: 5.967 Thread 0x00000000563cb000 DEOPT UNPACKING pc=0x000000000254582a sp=0x000000005743ed28 mode 2


Dynamic libraries:
0x000000013ff40000 - 0x000000013ff77000 	C:\Program Files\Java\jdk1.8.0_91\bin\java.exe
0x0000000076d70000 - 0x0000000076f1a000 	C:\Windows\SYSTEM32\ntdll.dll
0x0000000076b50000 - 0x0000000076c6f000 	C:\Windows\system32\kernel32.dll
0x000007fefccd0000 - 0x000007fefcd3a000 	C:\Windows\system32\KERNELBASE.dll
0x000007fefdf40000 - 0x000007fefe01b000 	C:\Windows\system32\ADVAPI32.dll
0x000007fefe020000 - 0x000007fefe0bf000 	C:\Windows\system32\msvcrt.dll
0x000007fefe530000 - 0x000007fefe54f000 	C:\Windows\SYSTEM32\sechost.dll
0x000007fefeb20000 - 0x000007fefec4d000 	C:\Windows\system32\RPCRT4.dll
0x0000000076c70000 - 0x0000000076d6a000 	C:\Windows\system32\USER32.dll
0x000007fefe550000 - 0x000007fefe5b7000 	C:\Windows\system32\GDI32.dll
0x000007fefeb10000 - 0x000007fefeb1e000 	C:\Windows\system32\LPK.dll
0x000007fefee60000 - 0x000007fefef2a000 	C:\Windows\system32\USP10.dll
0x000007fefbb10000 - 0x000007fefbd04000 	C:\Windows\WinSxS\amd64_microsoft.windows.common-controls_6595b64144ccf1df_6.0.7601.17514_none_fa396087175ac9ac\COMCTL32.dll
0x000007fefddd0000 - 0x000007fefde41000 	C:\Windows\system32\SHLWAPI.dll
0x000007feff050000 - 0x000007feff07e000 	C:\Windows\system32\IMM32.DLL
0x000007fefe6b0000 - 0x000007fefe7b9000 	C:\Windows\system32\MSCTF.dll
0x0000000071f50000 - 0x0000000072022000 	C:\Program Files\Java\jdk1.8.0_91\jre\bin\msvcr100.dll
0x000000006e460000 - 0x000000006ecf3000 	C:\Program Files\Java\jdk1.8.0_91\jre\bin\server\jvm.dll
0x000007fef0350000 - 0x000007fef0359000 	C:\Windows\system32\WSOCK32.dll
0x000007fefde50000 - 0x000007fefde9d000 	C:\Windows\system32\WS2_32.dll
0x000007fefe5c0000 - 0x000007fefe5c8000 	C:\Windows\system32\NSI.dll
0x000007fefab20000 - 0x000007fefab5b000 	C:\Windows\system32\WINMM.dll
0x000007fefb800000 - 0x000007fefb80c000 	C:\Windows\system32\VERSION.dll
0x0000000076f30000 - 0x0000000076f37000 	C:\Windows\system32\PSAPI.DLL
0x00000000732d0000 - 0x00000000732df000 	C:\Program Files\Java\jdk1.8.0_91\jre\bin\verify.dll
0x00000000732a0000 - 0x00000000732c9000 	C:\Program Files\Java\jdk1.8.0_91\jre\bin\java.dll
0x0000000073280000 - 0x0000000073296000 	C:\Program Files\Java\jdk1.8.0_91\jre\bin\zip.dll
0x000007fefce60000 - 0x000007fefdbe8000 	C:\Windows\system32\SHELL32.dll
0x000007fefec50000 - 0x000007fefee53000 	C:\Windows\system32\ole32.dll
0x000007fefcab0000 - 0x000007fefcabf000 	C:\Windows\system32\profapi.dll

VM Arguments:
jvm_args: -Djava.awt.headless=true -Xmx1024M -Dfile.encoding=windows-1256 -Duser.country=US -Duser.language=en -Duser.variant 
java_command: com.android.dx.command.Main --dex --force-jumbo --num-threads=4 --output E:\User\AndroidStudioProjects\SimpleFlickrClient\app\build\intermediates\pre-dexed\debug\picasso-2.5.2_a69735fb31405abb6c5b972e1b2bb4f918f620e8.jar C:\Users\user\.gradle\caches\modules-2\files-2.1\com.squareup.picasso\picasso\2.5.2\7446d06ec8d4f7ffcc53f1da37c95f200dcb9387\picasso-2.5.2.jar
java_class_path (initial): E:\User\AppData\Local\Android\sdk\build-tools\24.0.0\lib\dx.jar
Launcher Type: SUN_STANDARD

Environment Variables:
PATH=C:\oracle\product\10.2.0\db_2\bin;C:\oracle\product\10.2.0\db_1\bin;C:\ProgramData\Oracle\Java\javapath;C:\Windows\System32;C:\Windows\SysWOW64;C:\opencv248\build\x86\vc10\bin;C:\Python27;C:\Program Files (x86)\CodeBlocks\MinGW\bin;E:\programs\Matlab\R2013a\bin;C:\Program Files\IVI Foundation\VISA\Win64\Bin\;C:\Program Files (x86)\IVI Foundation\VISA\WinNT\Bin\;C:\Program Files (x86)\IVI Foundation\VISA\WinNT\Bin;C:\Program Files (x86)\Tesseract-OCR;E:\User\AppData\Local\Android\sdk\tools\lib;E:\Program Files\Git\cmd;E:\User\AppData\Local\Android\sdk\platform-tools;E:\Program Files\nodejs\;C:\Program Files\Canopy\User;C:\Program Files\Canopy\User\Scripts;C:\Users\user\AppData\Roaming\npm
USERNAME=user
OS=Windows_NT
PROCESSOR_IDENTIFIER=Intel64 Family 6 Model 58 Stepping 9, GenuineIntel



---------------  S Y S T E M  ---------------

OS: Windows 7 , 64 bit Build 7601 (6.1.7601.23572)

CPU:total 4 (2 cores per cpu, 2 threads per core) family 6 model 58 stepping 9, cmov, cx8, fxsr, mmx, sse, sse2, sse3, ssse3, sse4.1, sse4.2, popcnt, avx, aes, clmul, erms, ht, tsc, tscinvbit, tscinv

Memory: 4k page, physical 4094316k(90532k free), swap 5628456k(4632k free)

vm_info: Java HotSpot(TM) 64-Bit Server VM (25.91-b15) for windows-amd64 JRE (1.8.0_91-b15), built on May 20 2016 17:43:15 by "java_re" with MS VC++ 10.0 (VS2010)

time: Sat Aug 05 20:34:15 2017
elapsed time: 6 seconds (0d 0h 0m 6s)

