#
# There is insufficient memory for the Java Runtime Environment to continue.
# Native memory allocation (malloc) failed to allocate 749376 bytes for Chunk::new
# Possible reasons:
#   The system is out of physical RAM or swap space
#   In 32 bit mode, the process size limit was hit
# Possible solutions:
#   Reduce memory load on the system
#   Increase physical memory or swap space
#   Check if swap backing store is full
#   Use 64 bit Java on a 64 bit OS
#   Decrease Java heap size (-Xmx/-Xms)
#   Decrease number of Java threads
#   Decrease Java thread stack sizes (-Xss)
#   Set larger code cache with -XX:ReservedCodeCacheSize=
# This output file may be truncated or incomplete.
#
#  Out of Memory Error (allocation.cpp:390), pid=20648, tid=21472
#
# JRE version: Java(TM) SE Runtime Environment (8.0_91-b15) (build 1.8.0_91-b15)
# Java VM: Java HotSpot(TM) 64-Bit Server VM (25.91-b15 mixed mode windows-amd64 compressed oops)
# Failed to write core dump. Minidumps are not enabled by default on client versions of Windows
#

---------------  T H R E A D  ---------------

Current thread (0x0000000055fb9000):  JavaThread "C2 CompilerThread1" daemon [_thread_in_native, id=21472, stack(0x00000000569d0000,0x0000000056ad0000)]

Stack: [0x00000000569d0000,0x0000000056ad0000]
[error occurred during error reporting (printing stack bounds), id 0xc0000005]

Native frames: (J=compiled Java code, j=interpreted, Vv=VM code, C=native code)


Current CompileTask:
C2:  14903 1825       4       com.android.dx.ssa.DeadCodeRemover::run (194 bytes)


---------------  P R O C E S S  ---------------

Java Threads: ( => current thread )
  0x0000000056327800 JavaThread "pool-1-thread-4" [_thread_blocked, id=14464, stack(0x0000000057720000,0x0000000057820000)]
  0x00000000563a9000 JavaThread "pool-1-thread-3" [_thread_blocked, id=21044, stack(0x0000000057a30000,0x0000000057b30000)]
  0x000000005624d000 JavaThread "pool-1-thread-2" [_thread_blocked, id=21000, stack(0x0000000057890000,0x0000000057990000)]
  0x000000005624b000 JavaThread "pool-2-thread-1" [_thread_blocked, id=17688, stack(0x0000000056690000,0x0000000056790000)]
  0x0000000056226800 JavaThread "pool-1-thread-1" [_thread_blocked, id=21464, stack(0x00000000575e0000,0x00000000576e0000)]
  0x0000000056028000 JavaThread "Service Thread" daemon [_thread_blocked, id=21052, stack(0x0000000056c80000,0x0000000056d80000)]
  0x0000000055fba800 JavaThread "C1 CompilerThread2" daemon [_thread_blocked, id=19132, stack(0x0000000056b60000,0x0000000056c60000)]
=>0x0000000055fb9000 JavaThread "C2 CompilerThread1" daemon [_thread_in_native, id=21472, stack(0x00000000569d0000,0x0000000056ad0000)]
  0x0000000054c10000 JavaThread "C2 CompilerThread0" daemon [_thread_in_native, id=20688, stack(0x00000000567b0000,0x00000000568b0000)]
  0x0000000054c1f800 JavaThread "Attach Listener" daemon [_thread_blocked, id=19856, stack(0x0000000056590000,0x0000000056690000)]
  0x0000000055fbc000 JavaThread "Signal Dispatcher" daemon [_thread_blocked, id=4488, stack(0x0000000056400000,0x0000000056500000)]
  0x0000000054bf9800 JavaThread "Finalizer" daemon [_thread_blocked, id=20428, stack(0x0000000055c20000,0x0000000055d20000)]
  0x0000000054bb2800 JavaThread "Reference Handler" daemon [_thread_blocked, id=3784, stack(0x0000000055eb0000,0x0000000055fb0000)]
  0x0000000001df8000 JavaThread "main" [_thread_blocked, id=3996, stack(0x0000000001fa0000,0x00000000020a0000)]

Other Threads:
  0x0000000054baa800 VMThread [stack: 0x0000000055d80000,0x0000000055e80000] [id=4204]
  0x0000000056065800 WatcherThread [stack: 0x00000000568d0000,0x00000000569d0000] [id=3528]

VM state:not at safepoint (normal execution)

VM Mutex/Monitor currently owned by a thread: None

Heap:
 PSYoungGen      total 35328K, used 33870K [0x00000000eab00000, 0x00000000ef000000, 0x0000000100000000)
  eden space 32768K, 95% used [0x00000000eab00000,0x00000000ec99b7c8,0x00000000ecb00000)
  from space 2560K, 98% used [0x00000000ecb00000,0x00000000ecd78170,0x00000000ecd80000)
  to   space 2560K, 0% used [0x00000000eed80000,0x00000000eed80000,0x00000000ef000000)
 ParOldGen       total 44032K, used 8789K [0x00000000c0000000, 0x00000000c2b00000, 0x00000000eab00000)
  object space 44032K, 19% used [0x00000000c0000000,0x00000000c08954c0,0x00000000c2b00000)
 Metaspace       used 6333K, capacity 7128K, committed 7424K, reserved 1056768K
  class space    used 622K, capacity 656K, committed 768K, reserved 1048576K

Card table byte_map: [0x0000000011800000,0x0000000011a10000] byte_map_base: 0x0000000011200000

Marking Bits: (ParMarkBitMap*) 0x0000000073b02f70
 Begin Bits: [0x0000000012020000, 0x0000000013020000)
 End Bits:   [0x0000000013020000, 0x0000000014020000)

Polling page: 0x00000000000a0000

CodeCache: size=245760Kb used=7779Kb max_used=7791Kb free=237980Kb
 bounds [0x0000000002440000, 0x0000000002bf0000, 0x0000000011440000]
 total_blobs=2034 nmethods=1767 adapters=180
 compilation: enabled

Compilation events (10 events):
Event: 14.523 Thread 0x0000000055fb9000 1825       4       com.android.dx.ssa.DeadCodeRemover::run (194 bytes)
Event: 14.532 Thread 0x0000000054c10000 1823       4       java.util.TreeMap$ValueIterator::next (8 bytes)
Event: 14.535 Thread 0x0000000054c10000 nmethod 1823 0x0000000002b9c650 code [0x0000000002b9c7a0, 0x0000000002b9c8d8]
Event: 14.535 Thread 0x0000000054c10000 1824       4       com.android.dx.ssa.SsaBasicBlock::<init> (109 bytes)
Event: 14.545 Thread 0x0000000054c10000 nmethod 1824 0x0000000002b97a50 code [0x0000000002b97be0, 0x0000000002b98258]
Event: 14.691 Thread 0x0000000054c10000 1829       4       com.android.dx.cf.code.RopperMachine::getSources (264 bytes)
Event: 14.718 Thread 0x0000000054c10000 nmethod 1829 0x0000000002bb3690 code [0x0000000002bb3880, 0x0000000002bb4358]
Event: 14.718 Thread 0x0000000054c10000 1826       4       com.android.dx.cf.code.BaseMachine::storeResults (90 bytes)
Event: 14.726 Thread 0x0000000054c10000 nmethod 1826 0x0000000002b96d90 code [0x0000000002b96f20, 0x0000000002b97418]
Event: 14.727 Thread 0x0000000054c10000 1828   !   4       com.android.dx.cf.code.RopperMachine::run (1550 bytes)

GC Heap History (6 events):
Event: 1.334 GC heap before
{Heap before GC invocations=1 (full 0):
 PSYoungGen      total 18944K, used 16384K [0x00000000eab00000, 0x00000000ec000000, 0x0000000100000000)
  eden space 16384K, 100% used [0x00000000eab00000,0x00000000ebb00000,0x00000000ebb00000)
  from space 2560K, 0% used [0x00000000ebd80000,0x00000000ebd80000,0x00000000ec000000)
  to   space 2560K, 0% used [0x00000000ebb00000,0x00000000ebb00000,0x00000000ebd80000)
 ParOldGen       total 44032K, used 0K [0x00000000c0000000, 0x00000000c2b00000, 0x00000000eab00000)
  object space 44032K, 0% used [0x00000000c0000000,0x00000000c0000000,0x00000000c2b00000)
 Metaspace       used 5621K, capacity 6576K, committed 6784K, reserved 1056768K
  class space    used 597K, capacity 616K, committed 640K, reserved 1048576K
Event: 1.447 GC heap after
Heap after GC invocations=1 (full 0):
 PSYoungGen      total 18944K, used 2547K [0x00000000eab00000, 0x00000000ed000000, 0x0000000100000000)
  eden space 16384K, 0% used [0x00000000eab00000,0x00000000eab00000,0x00000000ebb00000)
  from space 2560K, 99% used [0x00000000ebb00000,0x00000000ebd7ce28,0x00000000ebd80000)
  to   space 2560K, 0% used [0x00000000ecd80000,0x00000000ecd80000,0x00000000ed000000)
 ParOldGen       total 44032K, used 1713K [0x00000000c0000000, 0x00000000c2b00000, 0x00000000eab00000)
  object space 44032K, 3% used [0x00000000c0000000,0x00000000c01ac4a0,0x00000000c2b00000)
 Metaspace       used 5621K, capacity 6576K, committed 6784K, reserved 1056768K
  class space    used 597K, capacity 616K, committed 640K, reserved 1048576K
}
Event: 2.786 GC heap before
{Heap before GC invocations=2 (full 0):
 PSYoungGen      total 18944K, used 18931K [0x00000000eab00000, 0x00000000ed000000, 0x0000000100000000)
  eden space 16384K, 100% used [0x00000000eab00000,0x00000000ebb00000,0x00000000ebb00000)
  from space 2560K, 99% used [0x00000000ebb00000,0x00000000ebd7ce28,0x00000000ebd80000)
  to   space 2560K, 0% used [0x00000000ecd80000,0x00000000ecd80000,0x00000000ed000000)
 ParOldGen       total 44032K, used 1713K [0x00000000c0000000, 0x00000000c2b00000, 0x00000000eab00000)
  object space 44032K, 3% used [0x00000000c0000000,0x00000000c01ac4a0,0x00000000c2b00000)
 Metaspace       used 6022K, capacity 6898K, committed 7040K, reserved 1056768K
  class space    used 601K, capacity 618K, committed 640K, reserved 1048576K
Event: 2.804 GC heap after
Heap after GC invocations=2 (full 0):
 PSYoungGen      total 35328K, used 2536K [0x00000000eab00000, 0x00000000ed000000, 0x0000000100000000)
  eden space 32768K, 0% used [0x00000000eab00000,0x00000000eab00000,0x00000000ecb00000)
  from space 2560K, 99% used [0x00000000ecd80000,0x00000000ecffa328,0x00000000ed000000)
  to   space 2560K, 0% used [0x00000000ecb00000,0x00000000ecb00000,0x00000000ecd80000)
 ParOldGen       total 44032K, used 4121K [0x00000000c0000000, 0x00000000c2b00000, 0x00000000eab00000)
  object space 44032K, 9% used [0x00000000c0000000,0x00000000c0406698,0x00000000c2b00000)
 Metaspace       used 6022K, capacity 6898K, committed 7040K, reserved 1056768K
  class space    used 601K, capacity 618K, committed 640K, reserved 1048576K
}
Event: 5.884 GC heap before
{Heap before GC invocations=3 (full 0):
 PSYoungGen      total 35328K, used 35304K [0x00000000eab00000, 0x00000000ed000000, 0x0000000100000000)
  eden space 32768K, 100% used [0x00000000eab00000,0x00000000ecb00000,0x00000000ecb00000)
  from space 2560K, 99% used [0x00000000ecd80000,0x00000000ecffa328,0x00000000ed000000)
  to   space 2560K, 0% used [0x00000000ecb00000,0x00000000ecb00000,0x00000000ecd80000)
 ParOldGen       total 44032K, used 4121K [0x00000000c0000000, 0x00000000c2b00000, 0x00000000eab00000)
  object space 44032K, 9% used [0x00000000c0000000,0x00000000c0406698,0x00000000c2b00000)
 Metaspace       used 6186K, capacity 7000K, committed 7168K, reserved 1056768K
  class space    used 622K, capacity 656K, committed 768K, reserved 1048576K
Event: 6.043 GC heap after
Heap after GC invocations=3 (full 0):
 PSYoungGen      total 35328K, used 2528K [0x00000000eab00000, 0x00000000ef000000, 0x0000000100000000)
  eden space 32768K, 0% used [0x00000000eab00000,0x00000000eab00000,0x00000000ecb00000)
  from space 2560K, 98% used [0x00000000ecb00000,0x00000000ecd78170,0x00000000ecd80000)
  to   space 2560K, 0% used [0x00000000eed80000,0x00000000eed80000,0x00000000ef000000)
 ParOldGen       total 44032K, used 8789K [0x00000000c0000000, 0x00000000c2b00000, 0x00000000eab00000)
  object space 44032K, 19% used [0x00000000c0000000,0x00000000c08954c0,0x00000000c2b00000)
 Metaspace       used 6186K, capacity 7000K, committed 7168K, reserved 1056768K
  class space    used 622K, capacity 656K, committed 768K, reserved 1048576K
}

Deoptimization events (10 events):
Event: 5.849 Thread 0x00000000563a9000 Uncommon trap: reason=unstable_if action=reinterpret pc=0x00000000027bed74 method=java.util.HashMap.getNode(ILjava/lang/Object;)Ljava/util/HashMap$Node; @ 84
Event: 7.218 Thread 0x0000000056327800 Uncommon trap: reason=bimorphic action=maybe_recompile pc=0x00000000029ea55c method=com.android.dx.cf.code.BytecodeArray.parseInstruction(ILcom/android/dx/cf/code/BytecodeArray$Visitor;)I @ 1130
Event: 7.218 Thread 0x0000000056327800 Uncommon trap: reason=bimorphic action=maybe_recompile pc=0x00000000029ea148 method=com.android.dx.cf.code.BytecodeArray.parseInstruction(ILcom/android/dx/cf/code/BytecodeArray$Visitor;)I @ 971
Event: 7.219 Thread 0x0000000056327800 Uncommon trap: reason=bimorphic action=maybe_recompile pc=0x00000000029ea55c method=com.android.dx.cf.code.BytecodeArray.parseInstruction(ILcom/android/dx/cf/code/BytecodeArray$Visitor;)I @ 1130
Event: 7.239 Thread 0x0000000056327800 Uncommon trap: reason=bimorphic action=maybe_recompile pc=0x00000000029ea148 method=com.android.dx.cf.code.BytecodeArray.parseInstruction(ILcom/android/dx/cf/code/BytecodeArray$Visitor;)I @ 971
Event: 7.243 Thread 0x0000000056327800 Uncommon trap: reason=unstable_if action=reinterpret pc=0x0000000002942c44 method=com.android.dx.ssa.SCCP.simulateStmt(Lcom/android/dx/ssa/SsaInsn;)V @ 53
Event: 7.509 Thread 0x000000005624d000 Uncommon trap: reason=unstable_if action=reinterpret pc=0x0000000002a242b0 method=com.android.dx.ssa.SCCP.simulateBranch(Lcom/android/dx/ssa/SsaInsn;)V @ 64
Event: 7.509 Thread 0x000000005624d000 Uncommon trap: reason=bimorphic action=maybe_recompile pc=0x0000000002935ac8 method=java.util.HashMap.putVal(ILjava/lang/Object;Ljava/lang/Object;ZZ)Ljava/lang/Object; @ 91
Event: 8.454 Thread 0x00000000563a9000 Uncommon trap: reason=unstable_if action=reinterpret pc=0x00000000029355a8 method=java.util.HashMap.putVal(ILjava/lang/Object;Ljava/lang/Object;ZZ)Ljava/lang/Object; @ 162
Event: 11.549 Thread 0x000000005624d000 Uncommon trap: reason=unstable_if action=reinterpret pc=0x0000000002b0f434 method=com.android.dx.util.BitIntSet.has(I)Z @ 8

Internal exceptions (6 events):
Event: 0.079 Thread 0x0000000001df8000 Exception <a 'java/lang/NoSuchMethodError': Method sun.misc.Unsafe.defineClass(Ljava/lang/String;[BII)Ljava/lang/Class; name or signature does not match> (0x00000000eab07cc0) thrown at [C:\re\workspace\8-2-build-windows-amd64-cygwin\jdk8u91\7017\hotspot\sr?qw&§W´?
Event: 0.079 Thread 0x0000000001df8000 Exception <a 'java/lang/NoSuchMethodError': Method sun.misc.Unsafe.prefetchRead(Ljava/lang/Object;J)V name or signature does not match> (0x00000000eab07fa8) thrown at [C:\re\workspace\8-2-build-windows-amd64-cygwin\jdk8u91\7017\hotspot\src\share\vm\prims\jÉÐs,¶O
Event: 2.039 Thread 0x0000000001df8000 Implicit null exception at 0x00000000027107da to 0x0000000002712785
Event: 5.414 Thread 0x00000000563a9000 Exception <a 'java/lang/ArrayIndexOutOfBoundsException': 18> (0x00000000ec831008) thrown at [C:\re\workspace\8-2-build-windows-amd64-cygwin\jdk8u91\7017\hotspot\src\share\vm\interpreter\interpreterRuntime.cpp, line 366]
Event: 5.415 Thread 0x00000000563a9000 Exception <a 'java/lang/ArrayIndexOutOfBoundsException'> (0x00000000ec832b88) thrown at [C:\re\workspace\8-2-build-windows-amd64-cygwin\jdk8u91\7017\hotspot\src\share\vm\runtime\sharedRuntime.cpp, line 605]
Event: 5.714 Thread 0x00000000563a9000 Exception <a 'java/lang/ArrayIndexOutOfBoundsException'> (0x00000000ec833e70) thrown at [C:\re\workspace\8-2-build-windows-amd64-cygwin\jdk8u91\7017\hotspot\src\share\vm\runtime\sharedRuntime.cpp, line 605]

Events (10 events):
Event: 7.509 Thread 0x000000005624d000 DEOPT UNPACKING pc=0x000000000248582a sp=0x000000005798eab0 mode 2
Event: 7.509 Thread 0x000000005624d000 Uncommon trap: trap_request=0xffffffc6 fr.pc=0x0000000002935ac8
Event: 7.509 Thread 0x000000005624d000 DEOPT PACKING pc=0x0000000002935ac8 sp=0x000000005798ecd0
Event: 7.509 Thread 0x000000005624d000 DEOPT UNPACKING pc=0x000000000248582a sp=0x000000005798ebf8 mode 2
Event: 8.454 Thread 0x00000000563a9000 Uncommon trap: trap_request=0xffffff65 fr.pc=0x00000000029355a8
Event: 8.455 Thread 0x00000000563a9000 DEOPT PACKING pc=0x00000000029355a8 sp=0x0000000057b2ec50
Event: 8.455 Thread 0x00000000563a9000 DEOPT UNPACKING pc=0x000000000248582a sp=0x0000000057b2eb60 mode 2
Event: 11.549 Thread 0x000000005624d000 Uncommon trap: trap_request=0xffffff65 fr.pc=0x0000000002b0f434
Event: 11.549 Thread 0x000000005624d000 DEOPT PACKING pc=0x0000000002b0f434 sp=0x000000005798ebd0
Event: 11.549 Thread 0x000000005624d000 DEOPT UNPACKING pc=0x000000000248582a sp=0x000000005798eb08 mode 2


Dynamic libraries:
0x000000013f4e0000 - 0x000000013f517000 	C:\Program Files\Java\jdk1.8.0_91\bin\java.exe
0x0000000076db0000 - 0x0000000076f5a000 	C:\Windows\SYSTEM32\ntdll.dll
0x0000000076b90000 - 0x0000000076caf000 	C:\Windows\system32\kernel32.dll
0x000007fefcb00000 - 0x000007fefcb6a000 	C:\Windows\system32\KERNELBASE.dll
0x000007fefdff0000 - 0x000007fefe0cb000 	C:\Windows\system32\ADVAPI32.dll
0x000007fefd420000 - 0x000007fefd4bf000 	C:\Windows\system32\msvcrt.dll
0x000007fefe0d0000 - 0x000007fefe0ef000 	C:\Windows\SYSTEM32\sechost.dll
0x000007fefceb0000 - 0x000007fefcfdd000 	C:\Windows\system32\RPCRT4.dll
0x0000000076cb0000 - 0x0000000076daa000 	C:\Windows\system32\USER32.dll
0x000007fefdbe0000 - 0x000007fefdc47000 	C:\Windows\system32\GDI32.dll
0x000007fefd9a0000 - 0x000007fefd9ae000 	C:\Windows\system32\LPK.dll
0x000007fefde50000 - 0x000007fefdf1a000 	C:\Windows\system32\USP10.dll
0x000007fefbb50000 - 0x000007fefbd44000 	C:\Windows\WinSxS\amd64_microsoft.windows.common-controls_6595b64144ccf1df_6.0.7601.17514_none_fa396087175ac9ac\COMCTL32.dll
0x000007fefdf70000 - 0x000007fefdfe1000 	C:\Windows\system32\SHLWAPI.dll
0x000007fefdf20000 - 0x000007fefdf4e000 	C:\Windows\system32\IMM32.DLL
0x000007fefcfe0000 - 0x000007fefd0e9000 	C:\Windows\system32\MSCTF.dll
0x0000000071aa0000 - 0x0000000071b72000 	C:\Program Files\Java\jdk1.8.0_91\jre\bin\msvcr100.dll
0x00000000732f0000 - 0x0000000073b83000 	C:\Program Files\Java\jdk1.8.0_91\jre\bin\server\jvm.dll
0x000007fef06d0000 - 0x000007fef06d9000 	C:\Windows\system32\WSOCK32.dll
0x000007fefd3d0000 - 0x000007fefd41d000 	C:\Windows\system32\WS2_32.dll
0x000007fefcea0000 - 0x000007fefcea8000 	C:\Windows\system32\NSI.dll
0x000007fefa400000 - 0x000007fefa43b000 	C:\Windows\system32\WINMM.dll
0x000007fefb840000 - 0x000007fefb84c000 	C:\Windows\system32\VERSION.dll
0x0000000076f80000 - 0x0000000076f87000 	C:\Windows\system32\PSAPI.DLL
0x0000000073dd0000 - 0x0000000073ddf000 	C:\Program Files\Java\jdk1.8.0_91\jre\bin\verify.dll
0x0000000073c40000 - 0x0000000073c69000 	C:\Program Files\Java\jdk1.8.0_91\jre\bin\java.dll
0x0000000073db0000 - 0x0000000073dc6000 	C:\Program Files\Java\jdk1.8.0_91\jre\bin\zip.dll
0x000007fefe330000 - 0x000007feff0b8000 	C:\Windows\system32\SHELL32.dll
0x000007fefd790000 - 0x000007fefd993000 	C:\Windows\system32\ole32.dll
0x000007fefcaf0000 - 0x000007fefcaff000 	C:\Windows\system32\profapi.dll

VM Arguments:
jvm_args: -Djava.awt.headless=true -Xmx1024M -Dfile.encoding=windows-1256 -Duser.country=US -Duser.language=en -Duser.variant 
java_command: com.android.dx.command.Main --dex --force-jumbo --num-threads=4 --output E:\User\AndroidStudioProjects\SimpleFlickrClient\app\build\intermediates\pre-dexed\debug\glide-3.8.0_f888a7cb9cc6088448216eb82d7d9184ad0f291c.jar C:\Users\user\.gradle\caches\modules-2\files-2.1\com.github.bumptech.glide\glide\3.8.0\9bada650e1afe9c6174ddc0d113c1fce4dc26fe0\glide-3.8.0.jar
java_class_path (initial): E:\User\AppData\Local\Android\sdk\build-tools\24.0.0\lib\dx.jar
Launcher Type: SUN_STANDARD

Environment Variables:
PATH=C:\oracle\product\10.2.0\db_2\bin;C:\oracle\product\10.2.0\db_1\bin;C:\ProgramData\Oracle\Java\javapath;C:\Windows\System32;C:\Windows\SysWOW64;C:\opencv248\build\x86\vc10\bin;C:\Python27;C:\Program Files (x86)\CodeBlocks\MinGW\bin;E:\programs\Matlab\R2013a\bin;C:\Program Files\IVI Foundation\VISA\Win64\Bin\;C:\Program Files (x86)\IVI Foundation\VISA\WinNT\Bin\;C:\Program Files (x86)\IVI Foundation\VISA\WinNT\Bin;C:\Program Files (x86)\Tesseract-OCR;E:\User\AppData\Local\Android\sdk\tools\lib;E:\Program Files\Git\cmd;E:\User\AppData\Local\Android\sdk\platform-tools;E:\Program Files\nodejs\;C:\Program Files\Canopy\User;C:\Program Files\Canopy\User\Scripts;C:\Users\user\AppData\Roaming\npm
USERNAME=user
OS=Windows_NT
PROCESSOR_IDENTIFIER=Intel64 Family 6 Model 58 Stepping 9, GenuineIntel



---------------  S Y S T E M  ---------------

OS: Windows 7 , 64 bit Build 7601 (6.1.7601.23572)

CPU:total 4 (2 cores per cpu, 2 threads per core) family 6 model 58 stepping 9, cmov, cx8, fxsr, mmx, sse, sse2, sse3, ssse3, sse4.1, sse4.2, popcnt, avx, aes, clmul, erms, ht, tsc, tscinvbit, tscinv

Memory: 4k page, physical 4094316k(130680k free), swap 5628456k(5148k free)

vm_info: Java HotSpot(TM) 64-Bit Server VM (25.91-b15) for windows-amd64 JRE (1.8.0_91-b15), built on May 20 2016 17:43:15 by "java_re" with MS VC++ 10.0 (VS2010)

time: Tue Aug 08 19:20:38 2017
elapsed time: 15 seconds (0d 0h 0m 15s)

