#
# There is insufficient memory for the Java Runtime Environment to continue.
# Native memory allocation (malloc) failed to allocate 1745776 bytes for Chunk::new
# Possible reasons:
#   The system is out of physical RAM or swap space
#   In 32 bit mode, the process size limit was hit
# Possible solutions:
#   Reduce memory load on the system
#   Increase physical memory or swap space
#   Check if swap backing store is full
#   Use 64 bit Java on a 64 bit OS
#   Decrease Java heap size (-Xmx/-Xms)
#   Decrease number of Java threads
#   Decrease Java thread stack sizes (-Xss)
#   Set larger code cache with -XX:ReservedCodeCacheSize=
# This output file may be truncated or incomplete.
#
#  Out of Memory Error (allocation.cpp:390), pid=20772, tid=20268
#
# JRE version: Java(TM) SE Runtime Environment (8.0_91-b15) (build 1.8.0_91-b15)
# Java VM: Java HotSpot(TM) 64-Bit Server VM (25.91-b15 mixed mode windows-amd64 compressed oops)
# Failed to write core dump. Minidumps are not enabled by default on client versions of Windows
#

---------------  T H R E A D  ---------------

Current thread (0x0000000056189800):  JavaThread "C2 CompilerThread1" daemon [_thread_in_native, id=20268, stack(0x00000000569e0000,0x0000000056ae0000)]

Stack: [0x00000000569e0000,0x0000000056ae0000]
[error occurred during error reporting (printing stack bounds), id 0xc0000005]

Native frames: (J=compiled Java code, j=interpreted, Vv=VM code, C=native code)


Current CompileTask:
C2:  17617 1925   !   4       com.android.dx.cf.code.BytecodeArray::parseInstruction (2764 bytes)


---------------  P R O C E S S  ---------------

Java Threads: ( => current thread )
  0x00000000564a5000 JavaThread "pool-1-thread-4" [_thread_blocked, id=4172, stack(0x00000000578e0000,0x00000000579e0000)]
  0x0000000056575800 JavaThread "pool-1-thread-3" [_thread_blocked, id=19080, stack(0x0000000057690000,0x0000000057790000)]
  0x0000000056568000 JavaThread "pool-1-thread-2" [_thread_blocked, id=20396, stack(0x00000000574e0000,0x00000000575e0000)]
  0x000000005655e800 JavaThread "pool-2-thread-1" [_thread_blocked, id=20668, stack(0x00000000572f0000,0x00000000573f0000)]
  0x000000005655e000 JavaThread "pool-1-thread-1" [_thread_blocked, id=21024, stack(0x0000000057170000,0x0000000057270000)]
  0x00000000561ef800 JavaThread "Service Thread" daemon [_thread_blocked, id=20652, stack(0x0000000056d00000,0x0000000056e00000)]
  0x00000000561ea000 JavaThread "C1 CompilerThread2" daemon [_thread_blocked, id=6912, stack(0x0000000056b50000,0x0000000056c50000)]
=>0x0000000056189800 JavaThread "C2 CompilerThread1" daemon [_thread_in_native, id=20268, stack(0x00000000569e0000,0x0000000056ae0000)]
  0x0000000056187800 JavaThread "C2 CompilerThread0" daemon [_thread_in_native, id=20592, stack(0x00000000565e0000,0x00000000566e0000)]
  0x0000000056184800 JavaThread "Attach Listener" daemon [_thread_blocked, id=21340, stack(0x0000000056850000,0x0000000056950000)]
  0x0000000054ded800 JavaThread "Signal Dispatcher" daemon [_thread_blocked, id=20988, stack(0x0000000056750000,0x0000000056850000)]
  0x0000000054dd9000 JavaThread "Finalizer" daemon [_thread_blocked, id=13900, stack(0x0000000055d90000,0x0000000055e90000)]
  0x0000000054d92000 JavaThread "Reference Handler" daemon [_thread_blocked, id=21220, stack(0x0000000056080000,0x0000000056180000)]
  0x0000000001dd8000 JavaThread "main" [_thread_in_native, id=21428, stack(0x00000000021a0000,0x00000000022a0000)]

Other Threads:
  0x0000000054d8a800 VMThread [stack: 0x0000000055ed0000,0x0000000055fd0000] [id=19944]
  0x0000000056235800 WatcherThread [stack: 0x0000000056f80000,0x0000000057080000] [id=792]

VM state:not at safepoint (normal execution)

VM Mutex/Monitor currently owned by a thread: None

Heap:
 PSYoungGen      total 68096K, used 37955K [0x00000000eab00000, 0x00000000ef000000, 0x0000000100000000)
  eden space 65536K, 54% used [0x00000000eab00000,0x00000000ecd92d38,0x00000000eeb00000)
  from space 2560K, 99% used [0x00000000eed80000,0x00000000eeffdf78,0x00000000ef000000)
  to   space 2560K, 0% used [0x00000000eeb00000,0x00000000eeb00000,0x00000000eed80000)
 ParOldGen       total 44032K, used 12343K [0x00000000c0000000, 0x00000000c2b00000, 0x00000000eab00000)
  object space 44032K, 28% used [0x00000000c0000000,0x00000000c0c0dce0,0x00000000c2b00000)
 Metaspace       used 6323K, capacity 7154K, committed 7296K, reserved 1056768K
  class space    used 605K, capacity 618K, committed 640K, reserved 1048576K

Card table byte_map: [0x0000000011930000,0x0000000011b40000] byte_map_base: 0x0000000011330000

Marking Bits: (ParMarkBitMap*) 0x0000000073b02f70
 Begin Bits: [0x0000000012200000, 0x0000000013200000)
 End Bits:   [0x0000000013200000, 0x0000000014200000)

Polling page: 0x0000000000210000

CodeCache: size=245760Kb used=9418Kb max_used=9436Kb free=236341Kb
 bounds [0x0000000002570000, 0x0000000002ec0000, 0x0000000011570000]
 total_blobs=2178 nmethods=1910 adapters=180
 compilation: enabled

Compilation events (10 events):
Event: 17.246 Thread 0x0000000056189800 nmethod 1910 0x0000000002ea35d0 code [0x0000000002ea3760, 0x0000000002ea3cd8]
Event: 17.246 Thread 0x0000000056189800 1915       4       com.android.dx.rop.code.RegisterSpecList::set (7 bytes)
Event: 17.247 Thread 0x0000000056189800 nmethod 1915 0x0000000002e9d450 code [0x0000000002e9d5a0, 0x0000000002e9d698]
Event: 17.247 Thread 0x0000000056189800 1916       4       java.util.TreeMap$ValueIterator::next (8 bytes)
Event: 17.250 Thread 0x0000000056189800 nmethod 1916 0x0000000002e9d010 code [0x0000000002e9d160, 0x0000000002e9d298]
Event: 17.250 Thread 0x0000000056189800 1923       4       com.android.dx.dex.code.RopTranslator$LocalVariableAwareTranslationVisitor::visitThrowingCstInsn (11 bytes)
Event: 17.341 Thread 0x0000000056189800 nmethod 1923 0x0000000002ea9850 code [0x0000000002ea9b20, 0x0000000002eabf20]
Event: 17.341 Thread 0x0000000056189800 1924       4       com.android.dx.dex.code.RopTranslator$TranslationVisitor::visitThrowingCstInsn (225 bytes)
Event: 17.405 Thread 0x0000000056189800 nmethod 1924 0x0000000002eaf550 code [0x0000000002eaf7a0, 0x0000000002eb1298]
Event: 17.428 Thread 0x0000000056189800 1925   !   4       com.android.dx.cf.code.BytecodeArray::parseInstruction (2764 bytes)

GC Heap History (8 events):
Event: 2.370 GC heap before
{Heap before GC invocations=1 (full 0):
 PSYoungGen      total 18944K, used 16384K [0x00000000eab00000, 0x00000000ec000000, 0x0000000100000000)
  eden space 16384K, 100% used [0x00000000eab00000,0x00000000ebb00000,0x00000000ebb00000)
  from space 2560K, 0% used [0x00000000ebd80000,0x00000000ebd80000,0x00000000ec000000)
  to   space 2560K, 0% used [0x00000000ebb00000,0x00000000ebb00000,0x00000000ebd80000)
 ParOldGen       total 44032K, used 0K [0x00000000c0000000, 0x00000000c2b00000, 0x00000000eab00000)
  object space 44032K, 0% used [0x00000000c0000000,0x00000000c0000000,0x00000000c2b00000)
 Metaspace       used 5530K, capacity 6512K, committed 6784K, reserved 1056768K
  class space    used 596K, capacity 616K, committed 640K, reserved 1048576K
Event: 2.804 GC heap after
Heap after GC invocations=1 (full 0):
 PSYoungGen      total 18944K, used 2531K [0x00000000eab00000, 0x00000000ed000000, 0x0000000100000000)
  eden space 16384K, 0% used [0x00000000eab00000,0x00000000eab00000,0x00000000ebb00000)
  from space 2560K, 98% used [0x00000000ebb00000,0x00000000ebd78eb8,0x00000000ebd80000)
  to   space 2560K, 0% used [0x00000000ecd80000,0x00000000ecd80000,0x00000000ed000000)
 ParOldGen       total 44032K, used 746K [0x00000000c0000000, 0x00000000c2b00000, 0x00000000eab00000)
  object space 44032K, 1% used [0x00000000c0000000,0x00000000c00baab8,0x00000000c2b00000)
 Metaspace       used 5530K, capacity 6512K, committed 6784K, reserved 1056768K
  class space    used 596K, capacity 616K, committed 640K, reserved 1048576K
}
Event: 5.928 GC heap before
{Heap before GC invocations=2 (full 0):
 PSYoungGen      total 18944K, used 18915K [0x00000000eab00000, 0x00000000ed000000, 0x0000000100000000)
  eden space 16384K, 100% used [0x00000000eab00000,0x00000000ebb00000,0x00000000ebb00000)
  from space 2560K, 98% used [0x00000000ebb00000,0x00000000ebd78eb8,0x00000000ebd80000)
  to   space 2560K, 0% used [0x00000000ecd80000,0x00000000ecd80000,0x00000000ed000000)
 ParOldGen       total 44032K, used 746K [0x00000000c0000000, 0x00000000c2b00000, 0x00000000eab00000)
  object space 44032K, 1% used [0x00000000c0000000,0x00000000c00baab8,0x00000000c2b00000)
 Metaspace       used 6058K, capacity 6962K, committed 7040K, reserved 1056768K
  class space    used 603K, capacity 618K, committed 640K, reserved 1048576K
Event: 6.211 GC heap after
Heap after GC invocations=2 (full 0):
 PSYoungGen      total 35328K, used 2536K [0x00000000eab00000, 0x00000000ed000000, 0x0000000100000000)
  eden space 32768K, 0% used [0x00000000eab00000,0x00000000eab00000,0x00000000ecb00000)
  from space 2560K, 99% used [0x00000000ecd80000,0x00000000ecffa3b8,0x00000000ed000000)
  to   space 2560K, 0% used [0x00000000ecb00000,0x00000000ecb00000,0x00000000ecd80000)
 ParOldGen       total 44032K, used 2531K [0x00000000c0000000, 0x00000000c2b00000, 0x00000000eab00000)
  object space 44032K, 5% used [0x00000000c0000000,0x00000000c0278ec0,0x00000000c2b00000)
 Metaspace       used 6058K, capacity 6962K, committed 7040K, reserved 1056768K
  class space    used 603K, capacity 618K, committed 640K, reserved 1048576K
}
Event: 10.990 GC heap before
{Heap before GC invocations=3 (full 0):
 PSYoungGen      total 35328K, used 35304K [0x00000000eab00000, 0x00000000ed000000, 0x0000000100000000)
  eden space 32768K, 100% used [0x00000000eab00000,0x00000000ecb00000,0x00000000ecb00000)
  from space 2560K, 99% used [0x00000000ecd80000,0x00000000ecffa3b8,0x00000000ed000000)
  to   space 2560K, 0% used [0x00000000ecb00000,0x00000000ecb00000,0x00000000ecd80000)
 ParOldGen       total 44032K, used 2531K [0x00000000c0000000, 0x00000000c2b00000, 0x00000000eab00000)
  object space 44032K, 5% used [0x00000000c0000000,0x00000000c0278ec0,0x00000000c2b00000)
 Metaspace       used 6240K, capacity 7090K, committed 7296K, reserved 1056768K
  class space    used 604K, capacity 618K, committed 640K, reserved 1048576K
Event: 11.172 GC heap after
Heap after GC invocations=3 (full 0):
 PSYoungGen      total 35328K, used 2537K [0x00000000eab00000, 0x00000000ef000000, 0x0000000100000000)
  eden space 32768K, 0% used [0x00000000eab00000,0x00000000eab00000,0x00000000ecb00000)
  from space 2560K, 99% used [0x00000000ecb00000,0x00000000ecd7a590,0x00000000ecd80000)
  to   space 2560K, 0% used [0x00000000eed80000,0x00000000eed80000,0x00000000ef000000)
 ParOldGen       total 44032K, used 7413K [0x00000000c0000000, 0x00000000c2b00000, 0x00000000eab00000)
  object space 44032K, 16% used [0x00000000c0000000,0x00000000c073d580,0x00000000c2b00000)
 Metaspace       used 6240K, capacity 7090K, committed 7296K, reserved 1056768K
  class space    used 604K, capacity 618K, committed 640K, reserved 1048576K
}
Event: 14.483 GC heap before
{Heap before GC invocations=4 (full 0):
 PSYoungGen      total 35328K, used 35305K [0x00000000eab00000, 0x00000000ef000000, 0x0000000100000000)
  eden space 32768K, 100% used [0x00000000eab00000,0x00000000ecb00000,0x00000000ecb00000)
  from space 2560K, 99% used [0x00000000ecb00000,0x00000000ecd7a590,0x00000000ecd80000)
  to   space 2560K, 0% used [0x00000000eed80000,0x00000000eed80000,0x00000000ef000000)
 ParOldGen       total 44032K, used 7413K [0x00000000c0000000, 0x00000000c2b00000, 0x00000000eab00000)
  object space 44032K, 16% used [0x00000000c0000000,0x00000000c073d580,0x00000000c2b00000)
 Metaspace       used 6287K, capacity 7154K, committed 7296K, reserved 1056768K
  class space    used 604K, capacity 618K, committed 640K, reserved 1048576K
Event: 14.611 GC heap after
Heap after GC invocations=4 (full 0):
 PSYoungGen      total 68096K, used 2551K [0x00000000eab00000, 0x00000000ef000000, 0x0000000100000000)
  eden space 65536K, 0% used [0x00000000eab00000,0x00000000eab00000,0x00000000eeb00000)
  from space 2560K, 99% used [0x00000000eed80000,0x00000000eeffdf78,0x00000000ef000000)
  to   space 2560K, 0% used [0x00000000eeb00000,0x00000000eeb00000,0x00000000eed80000)
 ParOldGen       total 44032K, used 12343K [0x00000000c0000000, 0x00000000c2b00000, 0x00000000eab00000)
  object space 44032K, 28% used [0x00000000c0000000,0x00000000c0c0dce0,0x00000000c2b00000)
 Metaspace       used 6287K, capacity 7154K, committed 7296K, reserved 1056768K
  class space    used 604K, capacity 618K, committed 640K, reserved 1048576K
}

Deoptimization events (10 events):
Event: 14.995 Thread 0x0000000056568000 Uncommon trap: reason=unstable_if action=reinterpret pc=0x00000000029fba6c method=com.android.dx.util.IntList.binarysearch(I)I @ 105
Event: 14.998 Thread 0x0000000056568000 Uncommon trap: reason=unstable_if action=reinterpret pc=0x0000000002c4f1e4 method=com.android.dx.ssa.SsaBasicBlock.newFromRop(Lcom/android/dx/rop/code/RopMethod;ILcom/android/dx/ssa/SsaMethod;)Lcom/android/dx/ssa/SsaBasicBlock; @ 164
Event: 14.999 Thread 0x0000000056568000 Uncommon trap: reason=unstable_if action=reinterpret pc=0x0000000002c1bbd0 method=com.android.dx.ssa.SsaMethod.blockIndexToRopLabel(I)I @ 1
Event: 14.999 Thread 0x0000000056568000 Uncommon trap: reason=unstable_if action=reinterpret pc=0x0000000002da7d10 method=com.android.dx.dex.code.RopTranslator.pickOrder()V @ 279
Event: 16.025 Thread 0x0000000056568000 Uncommon trap: reason=unloaded action=reinterpret pc=0x0000000002ad6a80 method=com.android.dx.ssa.LiteralOpUpgrader$1.visitNonMoveInsn(Lcom/android/dx/ssa/NormalSsaInsn;)V @ 72
Event: 16.026 Thread 0x0000000056568000 Uncommon trap: reason=unstable_if action=reinterpret pc=0x00000000029ec10c method=com.android.dx.ssa.SsaMethod.updateOneDefinition(Lcom/android/dx/ssa/SsaInsn;Lcom/android/dx/rop/code/RegisterSpec;)V @ 4
Event: 17.248 Thread 0x000000005655e000 Uncommon trap: reason=bimorphic action=maybe_recompile pc=0x0000000002d91934 method=com.android.dx.cf.code.BytecodeArray.parseInstruction(ILcom/android/dx/cf/code/BytecodeArray$Visitor;)I @ 1130
Event: 17.248 Thread 0x000000005655e000 Uncommon trap: reason=bimorphic action=maybe_recompile pc=0x0000000002d91568 method=com.android.dx.cf.code.BytecodeArray.parseInstruction(ILcom/android/dx/cf/code/BytecodeArray$Visitor;)I @ 971
Event: 17.248 Thread 0x000000005655e000 Uncommon trap: reason=bimorphic action=maybe_recompile pc=0x0000000002d914e8 method=com.android.dx.cf.code.BytecodeArray.parseInstruction(ILcom/android/dx/cf/code/BytecodeArray$Visitor;)I @ 955
Event: 17.248 Thread 0x000000005655e000 Uncommon trap: reason=bimorphic action=maybe_recompile pc=0x0000000002d914e8 method=com.android.dx.cf.code.BytecodeArray.parseInstruction(ILcom/android/dx/cf/code/BytecodeArray$Visitor;)I @ 955

Internal exceptions (3 events):
Event: 0.095 Thread 0x0000000001dd8000 Exception <a 'java/lang/NoSuchMethodError': Method sun.misc.Unsafe.defineClass(Ljava/lang/String;[BII)Ljava/lang/Class; name or signature does not match> (0x00000000eab07cc0) thrown at [C:\re\workspace\8-2-build-windows-amd64-cygwin\jdk8u91\7017\hotspot\sr"êLÜr∏?
Event: 0.095 Thread 0x0000000001dd8000 Exception <a 'java/lang/NoSuchMethodError': Method sun.misc.Unsafe.prefetchRead(Ljava/lang/Object;J)V name or signature does not match> (0x00000000eab07fa8) thrown at [C:\re\workspace\8-2-build-windows-amd64-cygwin\jdk8u91\7017\hotspot\src\share\vm\prims\j5*ÙT#@
Event: 9.666 Thread 0x0000000056568000 Implicit null exception at 0x0000000002b00ca2 to 0x0000000002b0392d

Events (10 events):
Event: 17.248 Thread 0x000000005655e000 DEOPT UNPACKING pc=0x00000000025b582a sp=0x000000005726e588 mode 2
Event: 17.248 Thread 0x000000005655e000 Uncommon trap: trap_request=0xffffffc6 fr.pc=0x0000000002d91568
Event: 17.248 Thread 0x000000005655e000 DEOPT PACKING pc=0x0000000002d91568 sp=0x000000005726e5e0
Event: 17.248 Thread 0x000000005655e000 DEOPT UNPACKING pc=0x00000000025b582a sp=0x000000005726e588 mode 2
Event: 17.248 Thread 0x000000005655e000 Uncommon trap: trap_request=0xffffffc6 fr.pc=0x0000000002d914e8
Event: 17.248 Thread 0x000000005655e000 DEOPT PACKING pc=0x0000000002d914e8 sp=0x000000005726e5e0
Event: 17.248 Thread 0x000000005655e000 DEOPT UNPACKING pc=0x00000000025b582a sp=0x000000005726e588 mode 2
Event: 17.248 Thread 0x000000005655e000 Uncommon trap: trap_request=0xffffffc6 fr.pc=0x0000000002d914e8
Event: 17.248 Thread 0x000000005655e000 DEOPT PACKING pc=0x0000000002d914e8 sp=0x000000005726e5e0
Event: 17.248 Thread 0x000000005655e000 DEOPT UNPACKING pc=0x00000000025b582a sp=0x000000005726e588 mode 2


Dynamic libraries:
0x000000013f4e0000 - 0x000000013f517000 	C:\Program Files\Java\jdk1.8.0_91\bin\java.exe
0x0000000076db0000 - 0x0000000076f5a000 	C:\Windows\SYSTEM32\ntdll.dll
0x0000000076b90000 - 0x0000000076caf000 	C:\Windows\system32\kernel32.dll
0x000007fefcb00000 - 0x000007fefcb6a000 	C:\Windows\system32\KERNELBASE.dll
0x000007fefdff0000 - 0x000007fefe0cb000 	C:\Windows\system32\ADVAPI32.dll
0x000007fefd420000 - 0x000007fefd4bf000 	C:\Windows\system32\msvcrt.dll
0x000007fefe0d0000 - 0x000007fefe0ef000 	C:\Windows\SYSTEM32\sechost.dll
0x000007fefceb0000 - 0x000007fefcfdd000 	C:\Windows\system32\RPCRT4.dll
0x0000000076cb0000 - 0x0000000076daa000 	C:\Windows\system32\USER32.dll
0x000007fefdbe0000 - 0x000007fefdc47000 	C:\Windows\system32\GDI32.dll
0x000007fefd9a0000 - 0x000007fefd9ae000 	C:\Windows\system32\LPK.dll
0x000007fefde50000 - 0x000007fefdf1a000 	C:\Windows\system32\USP10.dll
0x000007fefbb50000 - 0x000007fefbd44000 	C:\Windows\WinSxS\amd64_microsoft.windows.common-controls_6595b64144ccf1df_6.0.7601.17514_none_fa396087175ac9ac\COMCTL32.dll
0x000007fefdf70000 - 0x000007fefdfe1000 	C:\Windows\system32\SHLWAPI.dll
0x000007fefdf20000 - 0x000007fefdf4e000 	C:\Windows\system32\IMM32.DLL
0x000007fefcfe0000 - 0x000007fefd0e9000 	C:\Windows\system32\MSCTF.dll
0x0000000071aa0000 - 0x0000000071b72000 	C:\Program Files\Java\jdk1.8.0_91\jre\bin\msvcr100.dll
0x00000000732f0000 - 0x0000000073b83000 	C:\Program Files\Java\jdk1.8.0_91\jre\bin\server\jvm.dll
0x000007fef06d0000 - 0x000007fef06d9000 	C:\Windows\system32\WSOCK32.dll
0x000007fefd3d0000 - 0x000007fefd41d000 	C:\Windows\system32\WS2_32.dll
0x000007fefcea0000 - 0x000007fefcea8000 	C:\Windows\system32\NSI.dll
0x000007fefa400000 - 0x000007fefa43b000 	C:\Windows\system32\WINMM.dll
0x000007fefb840000 - 0x000007fefb84c000 	C:\Windows\system32\VERSION.dll
0x0000000076f80000 - 0x0000000076f87000 	C:\Windows\system32\PSAPI.DLL
0x0000000073dd0000 - 0x0000000073ddf000 	C:\Program Files\Java\jdk1.8.0_91\jre\bin\verify.dll
0x0000000073c40000 - 0x0000000073c69000 	C:\Program Files\Java\jdk1.8.0_91\jre\bin\java.dll
0x0000000073db0000 - 0x0000000073dc6000 	C:\Program Files\Java\jdk1.8.0_91\jre\bin\zip.dll
0x000007fefe330000 - 0x000007feff0b8000 	C:\Windows\system32\SHELL32.dll
0x000007fefd790000 - 0x000007fefd993000 	C:\Windows\system32\ole32.dll
0x000007fefcaf0000 - 0x000007fefcaff000 	C:\Windows\system32\profapi.dll

VM Arguments:
jvm_args: -Djava.awt.headless=true -Xmx1024M -Dfile.encoding=windows-1256 -Duser.country=US -Duser.language=en -Duser.variant 
java_command: com.android.dx.command.Main --dex --force-jumbo --num-threads=4 --output E:\User\AndroidStudioProjects\SimpleFlickrClient\app\build\intermediates\pre-dexed\debug\com.android.support-appcompat-v7-24.0.0_a3be1b6decfba4033cb89ed6a9a4aa57dd78d5dd.jar E:\User\AndroidStudioProjects\SimpleFlickrClient\app\build\intermediates\exploded-aar\com.android.support\appcompat-v7\24.0.0\jars\classes.jar
java_class_path (initial): E:\User\AppData\Local\Android\sdk\build-tools\24.0.0\lib\dx.jar
Launcher Type: SUN_STANDARD

Environment Variables:
PATH=C:\oracle\product\10.2.0\db_2\bin;C:\oracle\product\10.2.0\db_1\bin;C:\ProgramData\Oracle\Java\javapath;C:\Windows\System32;C:\Windows\SysWOW64;C:\opencv248\build\x86\vc10\bin;C:\Python27;C:\Program Files (x86)\CodeBlocks\MinGW\bin;E:\programs\Matlab\R2013a\bin;C:\Program Files\IVI Foundation\VISA\Win64\Bin\;C:\Program Files (x86)\IVI Foundation\VISA\WinNT\Bin\;C:\Program Files (x86)\IVI Foundation\VISA\WinNT\Bin;C:\Program Files (x86)\Tesseract-OCR;E:\User\AppData\Local\Android\sdk\tools\lib;E:\Program Files\Git\cmd;E:\User\AppData\Local\Android\sdk\platform-tools;E:\Program Files\nodejs\;C:\Program Files\Canopy\User;C:\Program Files\Canopy\User\Scripts;C:\Users\user\AppData\Roaming\npm
USERNAME=user
OS=Windows_NT
PROCESSOR_IDENTIFIER=Intel64 Family 6 Model 58 Stepping 9, GenuineIntel



---------------  S Y S T E M  ---------------

OS: Windows 7 , 64 bit Build 7601 (6.1.7601.23572)

CPU:total 4 (2 cores per cpu, 2 threads per core) family 6 model 58 stepping 9, cmov, cx8, fxsr, mmx, sse, sse2, sse3, ssse3, sse4.1, sse4.2, popcnt, avx, aes, clmul, erms, ht, tsc, tscinvbit, tscinv

Memory: 4k page, physical 4094316k(145840k free), swap 5628456k(5836k free)

vm_info: Java HotSpot(TM) 64-Bit Server VM (25.91-b15) for windows-amd64 JRE (1.8.0_91-b15), built on May 20 2016 17:43:15 by "java_re" with MS VC++ 10.0 (VS2010)

time: Tue Aug 08 19:21:48 2017
elapsed time: 17 seconds (0d 0h 0m 17s)

