#
# There is insufficient memory for the Java Runtime Environment to continue.
# Native memory allocation (malloc) failed to allocate 240816 bytes for Chunk::new
# Possible reasons:
#   The system is out of physical RAM or swap space
#   In 32 bit mode, the process size limit was hit
# Possible solutions:
#   Reduce memory load on the system
#   Increase physical memory or swap space
#   Check if swap backing store is full
#   Use 64 bit Java on a 64 bit OS
#   Decrease Java heap size (-Xmx/-Xms)
#   Decrease number of Java threads
#   Decrease Java thread stack sizes (-Xss)
#   Set larger code cache with -XX:ReservedCodeCacheSize=
# This output file may be truncated or incomplete.
#
#  Out of Memory Error (allocation.cpp:390), pid=6012, tid=4404
#
# JRE version: Java(TM) SE Runtime Environment (8.0_91-b15) (build 1.8.0_91-b15)
# Java VM: Java HotSpot(TM) 64-Bit Server VM (25.91-b15 mixed mode windows-amd64 compressed oops)
# Failed to write core dump. Minidumps are not enabled by default on client versions of Windows
#

---------------  T H R E A D  ---------------

Current thread (0x0000000056187800):  JavaThread "C2 CompilerThread0" daemon [_thread_in_native, id=4404, stack(0x00000000565b0000,0x00000000566b0000)]

Stack: [0x00000000565b0000,0x00000000566b0000]
[error occurred during error reporting (printing stack bounds), id 0xc0000005]

Native frames: (J=compiled Java code, j=interpreted, Vv=VM code, C=native code)


Current CompileTask:
C2:   4404  610       4       com.android.dx.ssa.NormalSsaInsn::accept (25 bytes)


---------------  P R O C E S S  ---------------

Java Threads: ( => current thread )
  0x000000005642f800 JavaThread "pool-1-thread-4" [_thread_in_Java, id=6404, stack(0x0000000057550000,0x0000000057650000)]
  0x000000005643f000 JavaThread "pool-1-thread-3" [_thread_in_Java, id=7080, stack(0x00000000572c0000,0x00000000573c0000)]
  0x000000005638b800 JavaThread "pool-1-thread-2" [_thread_in_vm, id=6968, stack(0x0000000057100000,0x0000000057200000)]
  0x0000000056390000 JavaThread "pool-2-thread-1" [_thread_blocked, id=4760, stack(0x0000000056e40000,0x0000000056f40000)]
  0x0000000056388800 JavaThread "pool-1-thread-1" [_thread_in_Java, id=5380, stack(0x0000000056f60000,0x0000000057060000)]
  0x0000000054dfe000 JavaThread "Service Thread" daemon [_thread_blocked, id=6100, stack(0x0000000055d80000,0x0000000055e80000)]
  0x000000005618a800 JavaThread "C1 CompilerThread2" daemon [_thread_in_native, id=1456, stack(0x0000000056b50000,0x0000000056c50000)]
  0x0000000056189800 JavaThread "C2 CompilerThread1" daemon [_thread_in_native, id=2600, stack(0x0000000056950000,0x0000000056a50000)]
=>0x0000000056187800 JavaThread "C2 CompilerThread0" daemon [_thread_in_native, id=4404, stack(0x00000000565b0000,0x00000000566b0000)]
  0x0000000056182800 JavaThread "Attach Listener" daemon [_thread_blocked, id=6336, stack(0x00000000567b0000,0x00000000568b0000)]
  0x0000000054ded800 JavaThread "Signal Dispatcher" daemon [_thread_blocked, id=6768, stack(0x00000000566b0000,0x00000000567b0000)]
  0x0000000054dd3800 JavaThread "Finalizer" daemon [_thread_blocked, id=696, stack(0x0000000056080000,0x0000000056180000)]
  0x0000000054d92800 JavaThread "Reference Handler" daemon [_thread_blocked, id=864, stack(0x0000000055ec0000,0x0000000055fc0000)]
  0x0000000001d28000 JavaThread "main" [_thread_blocked, id=5384, stack(0x00000000020a0000,0x00000000021a0000)]

Other Threads:
  0x0000000054d8a800 VMThread [stack: 0x0000000055c60000,0x0000000055d60000] [id=6684]
  0x0000000056203000 WatcherThread [stack: 0x0000000056c80000,0x0000000056d80000] [id=3124]

VM state:not at safepoint (normal execution)

VM Mutex/Monitor currently owned by a thread: None

Heap:
 PSYoungGen      total 18944K, used 14506K [0x00000000eab00000, 0x00000000ec000000, 0x0000000100000000)
  eden space 16384K, 88% used [0x00000000eab00000,0x00000000eb92a800,0x00000000ebb00000)
  from space 2560K, 0% used [0x00000000ebd80000,0x00000000ebd80000,0x00000000ec000000)
  to   space 2560K, 0% used [0x00000000ebb00000,0x00000000ebb00000,0x00000000ebd80000)
 ParOldGen       total 44032K, used 0K [0x00000000c0000000, 0x00000000c2b00000, 0x00000000eab00000)
  object space 44032K, 0% used [0x00000000c0000000,0x00000000c0000000,0x00000000c2b00000)
 Metaspace       used 5772K, capacity 6706K, committed 6784K, reserved 1056768K
  class space    used 603K, capacity 618K, committed 640K, reserved 1048576K

Card table byte_map: [0x0000000011830000,0x0000000011a40000] byte_map_base: 0x0000000011230000

Marking Bits: (ParMarkBitMap*) 0x000000006b9b2f70
 Begin Bits: [0x0000000012200000, 0x0000000013200000)
 End Bits:   [0x0000000013200000, 0x0000000014200000)

Polling page: 0x0000000000320000

CodeCache: size=245760Kb used=2556Kb max_used=2567Kb free=243203Kb
 bounds [0x0000000002470000, 0x0000000002700000, 0x0000000011470000]
 total_blobs=923 nmethods=656 adapters=180
 compilation: enabled

Compilation events (10 events):
Event: 4.374 Thread 0x0000000056189800 nmethod 648 0x00000000026ca090 code [0x00000000026ca1c0, 0x00000000026ca218]
Event: 4.374 Thread 0x0000000056189800  680       4       com.android.dx.cf.code.LineNumberList::pcToLine (73 bytes)
Event: 4.374 Thread 0x000000005618a800 nmethod 663 0x00000000026e0990 code [0x00000000026e0ba0, 0x00000000026e1a28]
Event: 4.374 Thread 0x000000005618a800  651   !   3       com.android.dx.rop.code.BasicBlock::<init> (273 bytes)
Event: 4.377 Thread 0x000000005618a800 nmethod 651 0x00000000026e2090 code [0x00000000026e2500, 0x00000000026e50d8]
Event: 4.377 Thread 0x000000005618a800  659       3       com.android.dx.cf.code.LocalVariableList::pcAndIndexToLocal (51 bytes)
Event: 4.377 Thread 0x000000005618a800 nmethod 659 0x00000000026dff50 code [0x00000000026e0100, 0x00000000026e0768]
Event: 4.377 Thread 0x000000005618a800  681       3       com.android.dx.cf.code.RopperMachine::getSources (264 bytes)
Event: 4.378 Thread 0x0000000056189800 nmethod 680 0x00000000026df9d0 code [0x00000000026dfb20, 0x00000000026dfd78]
Event: 4.378 Thread 0x0000000056189800  645       4       java.util.HashMap::containsKey (18 bytes)

GC Heap History (0 events):
No events

Deoptimization events (0 events):
No events

Internal exceptions (2 events):
Event: 0.058 Thread 0x0000000001d28000 Exception <a 'java/lang/NoSuchMethodError': Method sun.misc.Unsafe.defineClass(Ljava/lang/String;[BII)Ljava/lang/Class; name or signature does not match> (0x00000000eab07cc0) thrown at [C:\re\workspace\8-2-build-windows-amd64-cygwin\jdk8u91\7017\hotspot\sr»="ømƒ­?
Event: 0.058 Thread 0x0000000001d28000 Exception <a 'java/lang/NoSuchMethodError': Method sun.misc.Unsafe.prefetchRead(Ljava/lang/Object;J)V name or signature does not match> (0x00000000eab07fa8) thrown at [C:\re\workspace\8-2-build-windows-amd64-cygwin\jdk8u91\7017\hotspot\src\share\vm\prims\j

Events (10 events):
Event: 4.285 loading class java/util/HashMap$KeyIterator
Event: 4.285 loading class java/util/HashMap$KeyIterator done
Event: 4.333 loading class com/android/dx/dex/file/ParameterAnnotationStruct
Event: 4.333 loading class com/android/dx/dex/file/ParameterAnnotationStruct done
Event: 4.334 loading class com/android/dx/dex/file/UniformListItem
Event: 4.334 loading class com/android/dx/dex/file/UniformListItem done
Event: 4.335 loading class com/android/dx/dex/file/AnnotationSetRefItem
Event: 4.335 loading class com/android/dx/dex/file/AnnotationSetRefItem done
Event: 4.367 loading class com/android/dx/dex/file/MethodAnnotationStruct
Event: 4.367 loading class com/android/dx/dex/file/MethodAnnotationStruct done


Dynamic libraries:
0x000000013f2b0000 - 0x000000013f2e7000 	C:\Program Files\Java\jdk1.8.0_91\bin\java.exe
0x0000000076d70000 - 0x0000000076f1a000 	C:\Windows\SYSTEM32\ntdll.dll
0x0000000076b50000 - 0x0000000076c6f000 	C:\Windows\system32\kernel32.dll
0x000007fefccd0000 - 0x000007fefcd3a000 	C:\Windows\system32\KERNELBASE.dll
0x000007fefdf40000 - 0x000007fefe01b000 	C:\Windows\system32\ADVAPI32.dll
0x000007fefe020000 - 0x000007fefe0bf000 	C:\Windows\system32\msvcrt.dll
0x000007fefe530000 - 0x000007fefe54f000 	C:\Windows\SYSTEM32\sechost.dll
0x000007fefeb20000 - 0x000007fefec4d000 	C:\Windows\system32\RPCRT4.dll
0x0000000076c70000 - 0x0000000076d6a000 	C:\Windows\system32\USER32.dll
0x000007fefe550000 - 0x000007fefe5b7000 	C:\Windows\system32\GDI32.dll
0x000007fefeb10000 - 0x000007fefeb1e000 	C:\Windows\system32\LPK.dll
0x000007fefee60000 - 0x000007fefef2a000 	C:\Windows\system32\USP10.dll
0x000007fefbb10000 - 0x000007fefbd04000 	C:\Windows\WinSxS\amd64_microsoft.windows.common-controls_6595b64144ccf1df_6.0.7601.17514_none_fa396087175ac9ac\COMCTL32.dll
0x000007fefddd0000 - 0x000007fefde41000 	C:\Windows\system32\SHLWAPI.dll
0x000007feff050000 - 0x000007feff07e000 	C:\Windows\system32\IMM32.DLL
0x000007fefe6b0000 - 0x000007fefe7b9000 	C:\Windows\system32\MSCTF.dll
0x0000000071f50000 - 0x0000000072022000 	C:\Program Files\Java\jdk1.8.0_91\jre\bin\msvcr100.dll
0x000000006b1a0000 - 0x000000006ba33000 	C:\Program Files\Java\jdk1.8.0_91\jre\bin\server\jvm.dll
0x000007fef0350000 - 0x000007fef0359000 	C:\Windows\system32\WSOCK32.dll
0x000007fefde50000 - 0x000007fefde9d000 	C:\Windows\system32\WS2_32.dll
0x000007fefe5c0000 - 0x000007fefe5c8000 	C:\Windows\system32\NSI.dll
0x000007fefab20000 - 0x000007fefab5b000 	C:\Windows\system32\WINMM.dll
0x000007fefb800000 - 0x000007fefb80c000 	C:\Windows\system32\VERSION.dll
0x0000000076f30000 - 0x0000000076f37000 	C:\Windows\system32\PSAPI.DLL
0x00000000732c0000 - 0x00000000732cf000 	C:\Program Files\Java\jdk1.8.0_91\jre\bin\verify.dll
0x0000000073290000 - 0x00000000732b9000 	C:\Program Files\Java\jdk1.8.0_91\jre\bin\java.dll
0x0000000073270000 - 0x0000000073286000 	C:\Program Files\Java\jdk1.8.0_91\jre\bin\zip.dll
0x000007fefce60000 - 0x000007fefdbe8000 	C:\Windows\system32\SHELL32.dll
0x000007fefec50000 - 0x000007fefee53000 	C:\Windows\system32\ole32.dll
0x000007fefcab0000 - 0x000007fefcabf000 	C:\Windows\system32\profapi.dll

VM Arguments:
jvm_args: -Djava.awt.headless=true -Xmx1024M -Dfile.encoding=windows-1256 -Duser.country=US -Duser.language=en -Duser.variant 
java_command: com.android.dx.command.Main --dex --force-jumbo --num-threads=4 --output E:\User\AndroidStudioProjects\SimpleFlickrClient\app\build\intermediates\pre-dexed\debug\com.android.support-support-vector-drawable-24.0.0_32adcfff970fe5ffb1b74c53db7979c047ebe2eb.jar E:\User\AndroidStudioProjects\SimpleFlickrClient\app\build\intermediates\exploded-aar\com.android.support\support-vector-drawable\24.0.0\jars\classes.jar
java_class_path (initial): E:\User\AppData\Local\Android\sdk\build-tools\24.0.0\lib\dx.jar
Launcher Type: SUN_STANDARD

Environment Variables:
PATH=C:\oracle\product\10.2.0\db_2\bin;C:\oracle\product\10.2.0\db_1\bin;C:\ProgramData\Oracle\Java\javapath;C:\Windows\System32;C:\Windows\SysWOW64;C:\opencv248\build\x86\vc10\bin;C:\Python27;C:\Program Files (x86)\CodeBlocks\MinGW\bin;E:\programs\Matlab\R2013a\bin;C:\Program Files\IVI Foundation\VISA\Win64\Bin\;C:\Program Files (x86)\IVI Foundation\VISA\WinNT\Bin\;C:\Program Files (x86)\IVI Foundation\VISA\WinNT\Bin;C:\Program Files (x86)\Tesseract-OCR;E:\User\AppData\Local\Android\sdk\tools\lib;E:\Program Files\Git\cmd;E:\User\AppData\Local\Android\sdk\platform-tools;E:\Program Files\nodejs\;C:\Program Files\Canopy\User;C:\Program Files\Canopy\User\Scripts;C:\Users\user\AppData\Roaming\npm
USERNAME=user
OS=Windows_NT
PROCESSOR_IDENTIFIER=Intel64 Family 6 Model 58 Stepping 9, GenuineIntel



---------------  S Y S T E M  ---------------

OS: Windows 7 , 64 bit Build 7601 (6.1.7601.23572)

CPU:total 4 (2 cores per cpu, 2 threads per core) family 6 model 58 stepping 9, cmov, cx8, fxsr, mmx, sse, sse2, sse3, ssse3, sse4.1, sse4.2, popcnt, avx, aes, clmul, erms, ht, tsc, tscinvbit, tscinv

Memory: 4k page, physical 4094316k(351700k free), swap 5628456k(137724k free)

vm_info: Java HotSpot(TM) 64-Bit Server VM (25.91-b15) for windows-amd64 JRE (1.8.0_91-b15), built on May 20 2016 17:43:15 by "java_re" with MS VC++ 10.0 (VS2010)

time: Sun Aug 06 01:37:37 2017
elapsed time: 4 seconds (0d 0h 0m 4s)

