#
# There is insufficient memory for the Java Runtime Environment to continue.
# Native memory allocation (malloc) failed to allocate 1055776 bytes for Chunk::new
# Possible reasons:
#   The system is out of physical RAM or swap space
#   In 32 bit mode, the process size limit was hit
# Possible solutions:
#   Reduce memory load on the system
#   Increase physical memory or swap space
#   Check if swap backing store is full
#   Use 64 bit Java on a 64 bit OS
#   Decrease Java heap size (-Xmx/-Xms)
#   Decrease number of Java threads
#   Decrease Java thread stack sizes (-Xss)
#   Set larger code cache with -XX:ReservedCodeCacheSize=
# This output file may be truncated or incomplete.
#
#  Out of Memory Error (allocation.cpp:390), pid=8740, tid=24360
#
# JRE version: Java(TM) SE Runtime Environment (8.0_91-b15) (build 1.8.0_91-b15)
# Java VM: Java HotSpot(TM) 64-Bit Server VM (25.91-b15 mixed mode windows-amd64 compressed oops)
# Failed to write core dump. Minidumps are not enabled by default on client versions of Windows
#

---------------  T H R E A D  ---------------

Current thread (0x0000000056249800):  JavaThread "C2 CompilerThread0" daemon [_thread_in_native, id=24360, stack(0x0000000056890000,0x0000000056990000)]

Stack: [0x0000000056890000,0x0000000056990000]
[error occurred during error reporting (printing stack bounds), id 0xc0000005]

Native frames: (J=compiled Java code, j=interpreted, Vv=VM code, C=native code)


Current CompileTask:
C2:  18252 2534       4       com.android.dx.dex.code.LocalList::make (102 bytes)


---------------  P R O C E S S  ---------------

Java Threads: ( => current thread )
  0x00000000562ac800 JavaThread "Service Thread" daemon [_thread_blocked, id=9544, stack(0x00000000569d0000,0x0000000056ad0000)]
  0x0000000054e6b000 JavaThread "C1 CompilerThread2" daemon [_thread_in_native, id=9632, stack(0x0000000056c90000,0x0000000056d90000)]
  0x000000005624b800 JavaThread "C2 CompilerThread1" daemon [_thread_in_native, id=9856, stack(0x0000000056b00000,0x0000000056c00000)]
=>0x0000000056249800 JavaThread "C2 CompilerThread0" daemon [_thread_in_native, id=24360, stack(0x0000000056890000,0x0000000056990000)]
  0x0000000056246800 JavaThread "Attach Listener" daemon [_thread_blocked, id=9952, stack(0x0000000056780000,0x0000000056880000)]
  0x0000000054e57800 JavaThread "Signal Dispatcher" daemon [_thread_blocked, id=9944, stack(0x0000000055eb0000,0x0000000055fb0000)]
  0x0000000054e43800 JavaThread "Finalizer" daemon [_thread_blocked, id=9948, stack(0x0000000056140000,0x0000000056240000)]
  0x0000000054e02000 JavaThread "Reference Handler" daemon [_thread_blocked, id=7196, stack(0x0000000056030000,0x0000000056130000)]
  0x0000000001e38000 JavaThread "main" [_thread_in_Java, id=9236, stack(0x0000000001f40000,0x0000000002040000)]

Other Threads:
  0x0000000054dfa800 VMThread [stack: 0x0000000055d80000,0x0000000055e80000] [id=7952]
  0x00000000562d7000 WatcherThread [stack: 0x0000000056e40000,0x0000000056f40000] [id=9600]

VM state:not at safepoint (normal execution)

VM Mutex/Monitor currently owned by a thread: None

Heap:
 PSYoungGen      total 144384K, used 5487K [0x00000000eab00000, 0x00000000fd600000, 0x0000000100000000)
  eden space 129536K, 4% used [0x00000000eab00000,0x00000000eb05bcc0,0x00000000f2980000)
  from space 14848K, 0% used [0x00000000f2980000,0x00000000f2980000,0x00000000f3800000)
  to   space 23552K, 0% used [0x00000000fbf00000,0x00000000fbf00000,0x00000000fd600000)
 ParOldGen       total 44032K, used 35749K [0x00000000c0000000, 0x00000000c2b00000, 0x00000000eab00000)
  object space 44032K, 81% used [0x00000000c0000000,0x00000000c22e9548,0x00000000c2b00000)
 Metaspace       used 6898K, capacity 7544K, committed 7680K, reserved 1056768K
  class space    used 645K, capacity 688K, committed 768K, reserved 1048576K

Card table byte_map: [0x00000000117f0000,0x0000000011a00000] byte_map_base: 0x00000000111f0000

Marking Bits: (ParMarkBitMap*) 0x000000006ba52f70
 Begin Bits: [0x0000000012270000, 0x0000000013270000)
 End Bits:   [0x0000000013270000, 0x0000000014270000)

Polling page: 0x0000000000110000

CodeCache: size=245760Kb used=11084Kb max_used=11084Kb free=234675Kb
 bounds [0x0000000002430000, 0x0000000002f10000, 0x0000000011430000]
 total_blobs=2721 nmethods=2452 adapters=181
 compilation: enabled

Compilation events (10 events):
Event: 18.213 Thread 0x0000000054e6b000 nmethod 2590 0x0000000002ee5f10 code [0x0000000002ee60a0, 0x0000000002ee6490]
Event: 18.214 Thread 0x0000000054e6b000 2591       3       com.android.dx.util.ByteArrayAnnotatedOutput::<init> (8 bytes)
Event: 18.215 Thread 0x0000000054e6b000 nmethod 2591 0x0000000002ee6610 code [0x0000000002ee6780, 0x0000000002ee6a08]
Event: 18.215 Thread 0x0000000054e6b000 2592       3       com.android.dx.util.ByteArrayAnnotatedOutput::toByteArray (23 bytes)
Event: 18.215 Thread 0x0000000054e6b000 nmethod 2592 0x0000000002ee6b10 code [0x0000000002ee6c80, 0x0000000002ee6f28]
Event: 18.215 Thread 0x0000000054e6b000 2593       3       com.android.dx.dex.file.DebugInfoEncoder::emitStringIndex (45 bytes)
Event: 18.216 Thread 0x0000000054e6b000 nmethod 2593 0x0000000002ee6fd0 code [0x0000000002ee71a0, 0x0000000002ee7848]
Event: 18.217 Thread 0x0000000054e6b000 2594       3       com.android.dx.dex.code.LocalList$Entry::getName (11 bytes)
Event: 18.217 Thread 0x0000000054e6b000 nmethod 2594 0x0000000002ee7a90 code [0x0000000002ee7c00, 0x0000000002ee7e30]
Event: 18.218 Thread 0x0000000054e6b000 2595       3       com.android.dx.dex.file.StringIdsSection::indexOf (49 bytes)

GC Heap History (10 events):
Event: 5.915 GC heap before
{Heap before GC invocations=4 (full 0):
 PSYoungGen      total 35328K, used 35321K [0x00000000eab00000, 0x00000000ef000000, 0x0000000100000000)
  eden space 32768K, 100% used [0x00000000eab00000,0x00000000ecb00000,0x00000000ecb00000)
  from space 2560K, 99% used [0x00000000ecb00000,0x00000000ecd7e580,0x00000000ecd80000)
  to   space 2560K, 0% used [0x00000000eed80000,0x00000000eed80000,0x00000000ef000000)
 ParOldGen       total 44032K, used 8340K [0x00000000c0000000, 0x00000000c2b00000, 0x00000000eab00000)
  object space 44032K, 18% used [0x00000000c0000000,0x00000000c0825308,0x00000000c2b00000)
 Metaspace       used 6246K, capacity 7090K, committed 7296K, reserved 1056768K
  class space    used 604K, capacity 618K, committed 640K, reserved 1048576K
Event: 5.999 GC heap after
Heap after GC invocations=4 (full 0):
 PSYoungGen      total 68096K, used 2551K [0x00000000eab00000, 0x00000000ef000000, 0x0000000100000000)
  eden space 65536K, 0% used [0x00000000eab00000,0x00000000eab00000,0x00000000eeb00000)
  from space 2560K, 99% used [0x00000000eed80000,0x00000000eeffdf78,0x00000000ef000000)
  to   space 2560K, 0% used [0x00000000eeb00000,0x00000000eeb00000,0x00000000eed80000)
 ParOldGen       total 44032K, used 13009K [0x00000000c0000000, 0x00000000c2b00000, 0x00000000eab00000)
  object space 44032K, 29% used [0x00000000c0000000,0x00000000c0cb4638,0x00000000c2b00000)
 Metaspace       used 6246K, capacity 7090K, committed 7296K, reserved 1056768K
  class space    used 604K, capacity 618K, committed 640K, reserved 1048576K
}
Event: 8.614 GC heap before
{Heap before GC invocations=5 (full 0):
 PSYoungGen      total 68096K, used 68087K [0x00000000eab00000, 0x00000000ef000000, 0x0000000100000000)
  eden space 65536K, 100% used [0x00000000eab00000,0x00000000eeb00000,0x00000000eeb00000)
  from space 2560K, 99% used [0x00000000eed80000,0x00000000eeffdf78,0x00000000ef000000)
  to   space 2560K, 0% used [0x00000000eeb00000,0x00000000eeb00000,0x00000000eed80000)
 ParOldGen       total 44032K, used 13009K [0x00000000c0000000, 0x00000000c2b00000, 0x00000000eab00000)
  object space 44032K, 29% used [0x00000000c0000000,0x00000000c0cb4638,0x00000000c2b00000)
 Metaspace       used 6339K, capacity 7154K, committed 7296K, reserved 1056768K
  class space    used 604K, capacity 618K, committed 640K, reserved 1048576K
Event: 8.683 GC heap after
Heap after GC invocations=5 (full 0):
 PSYoungGen      total 68096K, used 2552K [0x00000000eab00000, 0x00000000f4500000, 0x0000000100000000)
  eden space 65536K, 0% used [0x00000000eab00000,0x00000000eab00000,0x00000000eeb00000)
  from space 2560K, 99% used [0x00000000eeb00000,0x00000000eed7e3b0,0x00000000eed80000)
  to   space 13312K, 0% used [0x00000000f3800000,0x00000000f3800000,0x00000000f4500000)
 ParOldGen       total 44032K, used 23402K [0x00000000c0000000, 0x00000000c2b00000, 0x00000000eab00000)
  object space 44032K, 53% used [0x00000000c0000000,0x00000000c16da810,0x00000000c2b00000)
 Metaspace       used 6339K, capacity 7154K, committed 7296K, reserved 1056768K
  class space    used 604K, capacity 618K, committed 640K, reserved 1048576K
}
Event: 9.775 GC heap before
{Heap before GC invocations=6 (full 0):
 PSYoungGen      total 68096K, used 68088K [0x00000000eab00000, 0x00000000f4500000, 0x0000000100000000)
  eden space 65536K, 100% used [0x00000000eab00000,0x00000000eeb00000,0x00000000eeb00000)
  from space 2560K, 99% used [0x00000000eeb00000,0x00000000eed7e3b0,0x00000000eed80000)
  to   space 13312K, 0% used [0x00000000f3800000,0x00000000f3800000,0x00000000f4500000)
 ParOldGen       total 44032K, used 23402K [0x00000000c0000000, 0x00000000c2b00000, 0x00000000eab00000)
  object space 44032K, 53% used [0x00000000c0000000,0x00000000c16da810,0x00000000c2b00000)
 Metaspace       used 6462K, capacity 7192K, committed 7424K, reserved 1056768K
  class space    used 625K, capacity 656K, committed 768K, reserved 1048576K
Event: 9.820 GC heap after
Heap after GC invocations=6 (full 0):
 PSYoungGen      total 142848K, used 11577K [0x00000000eab00000, 0x00000000f4800000, 0x0000000100000000)
  eden space 129536K, 0% used [0x00000000eab00000,0x00000000eab00000,0x00000000f2980000)
  from space 13312K, 86% used [0x00000000f3800000,0x00000000f434e658,0x00000000f4500000)
  to   space 14848K, 0% used [0x00000000f2980000,0x00000000f2980000,0x00000000f3800000)
 ParOldGen       total 44032K, used 23402K [0x00000000c0000000, 0x00000000c2b00000, 0x00000000eab00000)
  object space 44032K, 53% used [0x00000000c0000000,0x00000000c16da810,0x00000000c2b00000)
 Metaspace       used 6462K, capacity 7192K, committed 7424K, reserved 1056768K
  class space    used 625K, capacity 656K, committed 768K, reserved 1048576K
}
Event: 15.905 GC heap before
{Heap before GC invocations=7 (full 0):
 PSYoungGen      total 142848K, used 141113K [0x00000000eab00000, 0x00000000f4800000, 0x0000000100000000)
  eden space 129536K, 100% used [0x00000000eab00000,0x00000000f2980000,0x00000000f2980000)
  from space 13312K, 86% used [0x00000000f3800000,0x00000000f434e658,0x00000000f4500000)
  to   space 14848K, 0% used [0x00000000f2980000,0x00000000f2980000,0x00000000f3800000)
 ParOldGen       total 44032K, used 23402K [0x00000000c0000000, 0x00000000c2b00000, 0x00000000eab00000)
  object space 44032K, 53% used [0x00000000c0000000,0x00000000c16da810,0x00000000c2b00000)
 Metaspace       used 6836K, capacity 7544K, committed 7680K, reserved 1056768K
  class space    used 643K, capacity 688K, committed 768K, reserved 1048576K
Event: 16.539 GC heap after
Heap after GC invocations=7 (full 0):
 PSYoungGen      total 144384K, used 14824K [0x00000000eab00000, 0x00000000fd600000, 0x0000000100000000)
  eden space 129536K, 0% used [0x00000000eab00000,0x00000000eab00000,0x00000000f2980000)
  from space 14848K, 99% used [0x00000000f2980000,0x00000000f37fa308,0x00000000f3800000)
  to   space 23552K, 0% used [0x00000000fbf00000,0x00000000fbf00000,0x00000000fd600000)
 ParOldGen       total 44032K, used 35042K [0x00000000c0000000, 0x00000000c2b00000, 0x00000000eab00000)
  object space 44032K, 79% used [0x00000000c0000000,0x00000000c2238bf8,0x00000000c2b00000)
 Metaspace       used 6836K, capacity 7544K, committed 7680K, reserved 1056768K
  class space    used 643K, capacity 688K, committed 768K, reserved 1048576K
}
Event: 16.539 GC heap before
{Heap before GC invocations=8 (full 1):
 PSYoungGen      total 144384K, used 14824K [0x00000000eab00000, 0x00000000fd600000, 0x0000000100000000)
  eden space 129536K, 0% used [0x00000000eab00000,0x00000000eab00000,0x00000000f2980000)
  from space 14848K, 99% used [0x00000000f2980000,0x00000000f37fa308,0x00000000f3800000)
  to   space 23552K, 0% used [0x00000000fbf00000,0x00000000fbf00000,0x00000000fd600000)
 ParOldGen       total 44032K, used 35042K [0x00000000c0000000, 0x00000000c2b00000, 0x00000000eab00000)
  object space 44032K, 79% used [0x00000000c0000000,0x00000000c2238bf8,0x00000000c2b00000)
 Metaspace       used 6836K, capacity 7544K, committed 7680K, reserved 1056768K
  class space    used 643K, capacity 688K, committed 768K, reserved 1048576K
Event: 18.105 GC heap after
Heap after GC invocations=8 (full 1):
 PSYoungGen      total 144384K, used 0K [0x00000000eab00000, 0x00000000fd600000, 0x0000000100000000)
  eden space 129536K, 0% used [0x00000000eab00000,0x00000000eab00000,0x00000000f2980000)
  from space 14848K, 0% used [0x00000000f2980000,0x00000000f2980000,0x00000000f3800000)
  to   space 23552K, 0% used [0x00000000fbf00000,0x00000000fbf00000,0x00000000fd600000)
 ParOldGen       total 44032K, used 35749K [0x00000000c0000000, 0x00000000c2b00000, 0x00000000eab00000)
  object space 44032K, 81% used [0x00000000c0000000,0x00000000c22e9548,0x00000000c2b00000)
 Metaspace       used 6836K, capacity 7544K, committed 7680K, reserved 1056768K
  class space    used 643K, capacity 688K, committed 768K, reserved 1048576K
}

Deoptimization events (10 events):
Event: 14.473 Thread 0x0000000001e38000 Uncommon trap: reason=class_check action=maybe_recompile pc=0x00000000028462b8 method=java.util.Arrays.hashCode([Ljava/lang/Object;)I @ 43
Event: 14.473 Thread 0x0000000001e38000 Uncommon trap: reason=class_check action=maybe_recompile pc=0x00000000028462b8 method=java.util.Arrays.hashCode([Ljava/lang/Object;)I @ 43
Event: 14.975 Thread 0x0000000001e38000 Uncommon trap: reason=speculate_class_check action=maybe_recompile pc=0x00000000027616bc method=com.android.dx.util.FixedSizeList.equals(Ljava/lang/Object;)Z @ 25
Event: 14.975 Thread 0x0000000001e38000 Uncommon trap: reason=unstable_if action=reinterpret pc=0x000000000275d170 method=java.util.Arrays.equals([Ljava/lang/Object;[Ljava/lang/Object;)Z @ 23
Event: 15.138 Thread 0x0000000001e38000 Uncommon trap: reason=speculate_class_check action=maybe_recompile pc=0x00000000027616bc method=com.android.dx.util.FixedSizeList.equals(Ljava/lang/Object;)Z @ 25
Event: 15.138 Thread 0x0000000001e38000 Uncommon trap: reason=speculate_class_check action=maybe_recompile pc=0x00000000027616bc method=com.android.dx.util.FixedSizeList.equals(Ljava/lang/Object;)Z @ 25
Event: 15.138 Thread 0x0000000001e38000 Uncommon trap: reason=speculate_class_check action=maybe_recompile pc=0x00000000027616bc method=com.android.dx.util.FixedSizeList.equals(Ljava/lang/Object;)Z @ 25
Event: 15.313 Thread 0x0000000001e38000 Uncommon trap: reason=unstable_if action=reinterpret pc=0x0000000002a89610 method=java.util.TreeMap.put(Ljava/lang/Object;Ljava/lang/Object;)Ljava/lang/Object; @ 163
Event: 15.357 Thread 0x0000000001e38000 Uncommon trap: reason=unstable_if action=reinterpret pc=0x0000000002e4a248 method=com.android.dx.rop.code.RegisterSpec.matchesVariable(Lcom/android/dx/rop/code/RegisterSpec;)Z @ 59
Event: 18.198 Thread 0x0000000001e38000 Uncommon trap: reason=unstable_if action=reinterpret pc=0x0000000002e59a94 method=java.util.ArrayList.<init>(I)V @ 5

Internal exceptions (7 events):
Event: 0.162 Thread 0x0000000001e38000 Exception <a 'java/lang/NoSuchMethodError': Method sun.misc.Unsafe.defineClass(Ljava/lang/String;[BII)Ljava/lang/Class; name or signature does not match> (0x00000000eab07cc0) thrown at [C:\re\workspace\8-2-build-windows-amd64-cygwin\jdk8u91\7017\hotspot\srt3GRÅÄ?
Event: 0.162 Thread 0x0000000001e38000 Exception <a 'java/lang/NoSuchMethodError': Method sun.misc.Unsafe.prefetchRead(Ljava/lang/Object;J)V name or signature does not match> (0x00000000eab07fa8) thrown at [C:\re\workspace\8-2-build-windows-amd64-cygwin\jdk8u91\7017\hotspot\src\share\vm\prims\j«\|¡‰@
Event: 4.134 Thread 0x0000000056509800 Implicit null exception at 0x00000000026d3bb3 to 0x00000000026d5bed
Event: 4.182 Thread 0x0000000001e38000 Implicit null exception at 0x00000000026c6eda to 0x00000000026c8a79
Event: 8.862 Thread 0x0000000056552000 Exception <a 'java/lang/ArrayIndexOutOfBoundsException': 18> (0x00000000ebf33988) thrown at [C:\re\workspace\8-2-build-windows-amd64-cygwin\jdk8u91\7017\hotspot\src\share\vm\interpreter\interpreterRuntime.cpp, line 366]
Event: 8.863 Thread 0x0000000056552000 Exception <a 'java/lang/ArrayIndexOutOfBoundsException': 145> (0x00000000ebf35508) thrown at [C:\re\workspace\8-2-build-windows-amd64-cygwin\jdk8u91\7017\hotspot\src\share\vm\interpreter\interpreterRuntime.cpp, line 366]
Event: 8.864 Thread 0x0000000056552000 Exception <a 'java/lang/ArrayIndexOutOfBoundsException'> (0x00000000ebf367f0) thrown at [C:\re\workspace\8-2-build-windows-amd64-cygwin\jdk8u91\7017\hotspot\src\share\vm\runtime\sharedRuntime.cpp, line 605]

Events (10 events):
Event: 18.177 Thread 0x0000000001e38000 DEOPT UNPACKING pc=0x000000000247787f sp=0x000000000203ec80 mode 0
Event: 18.193 loading class com/android/dx/dex/file/DebugInfoEncoder
Event: 18.193 loading class com/android/dx/dex/file/DebugInfoEncoder done
Event: 18.195 loading class com/android/dx/dex/file/DebugInfoEncoder$1
Event: 18.195 loading class com/android/dx/dex/file/DebugInfoEncoder$1 done
Event: 18.196 loading class com/android/dx/dex/file/DebugInfoEncoder$2
Event: 18.196 loading class com/android/dx/dex/file/DebugInfoEncoder$2 done
Event: 18.198 Thread 0x0000000001e38000 Uncommon trap: trap_request=0xffffff65 fr.pc=0x0000000002e59a94
Event: 18.198 Thread 0x0000000001e38000 DEOPT PACKING pc=0x0000000002e59a94 sp=0x000000000203ed70
Event: 18.198 Thread 0x0000000001e38000 DEOPT UNPACKING pc=0x000000000247582a sp=0x000000000203ed18 mode 2


Dynamic libraries:
0x000000013f8f0000 - 0x000000013f927000 	C:\Program Files\Java\jdk1.8.0_91\bin\java.exe
0x0000000077130000 - 0x00000000772da000 	C:\Windows\SYSTEM32\ntdll.dll
0x0000000076f10000 - 0x000000007702f000 	C:\Windows\system32\kernel32.dll
0x000007fefce80000 - 0x000007fefceea000 	C:\Windows\system32\KERNELBASE.dll
0x000007fefe080000 - 0x000007fefe15b000 	C:\Windows\system32\ADVAPI32.dll
0x000007feff080000 - 0x000007feff11f000 	C:\Windows\system32\msvcrt.dll
0x000007fefe160000 - 0x000007fefe17f000 	C:\Windows\SYSTEM32\sechost.dll
0x000007feff310000 - 0x000007feff43d000 	C:\Windows\system32\RPCRT4.dll
0x0000000077030000 - 0x000000007712a000 	C:\Windows\system32\USER32.dll
0x000007fefec20000 - 0x000007fefec87000 	C:\Windows\system32\GDI32.dll
0x000007fefea00000 - 0x000007fefea0e000 	C:\Windows\system32\LPK.dll
0x000007fefdfb0000 - 0x000007fefe07a000 	C:\Windows\system32\USP10.dll
0x000007fefbed0000 - 0x000007fefc0c4000 	C:\Windows\WinSxS\amd64_microsoft.windows.common-controls_6595b64144ccf1df_6.0.7601.17514_none_fa396087175ac9ac\COMCTL32.dll
0x000007fefed70000 - 0x000007fefede1000 	C:\Windows\system32\SHLWAPI.dll
0x000007fefebf0000 - 0x000007fefec1e000 	C:\Windows\system32\IMM32.DLL
0x000007fefea90000 - 0x000007fefeb99000 	C:\Windows\system32\MSCTF.dll
0x0000000073d90000 - 0x0000000073e62000 	C:\Program Files\Java\jdk1.8.0_91\jre\bin\msvcr100.dll
0x000000006b240000 - 0x000000006bad3000 	C:\Program Files\Java\jdk1.8.0_91\jre\bin\server\jvm.dll
0x000007fef3750000 - 0x000007fef3759000 	C:\Windows\system32\WSOCK32.dll
0x000007fefeba0000 - 0x000007fefebed000 	C:\Windows\system32\WS2_32.dll
0x000007fefefd0000 - 0x000007fefefd8000 	C:\Windows\system32\NSI.dll
0x000007fefae40000 - 0x000007fefae7b000 	C:\Windows\system32\WINMM.dll
0x000007fefbb90000 - 0x000007fefbb9c000 	C:\Windows\system32\VERSION.dll
0x0000000077300000 - 0x0000000077307000 	C:\Windows\system32\PSAPI.DLL
0x0000000074260000 - 0x000000007426f000 	C:\Program Files\Java\jdk1.8.0_91\jre\bin\verify.dll
0x0000000074230000 - 0x0000000074259000 	C:\Program Files\Java\jdk1.8.0_91\jre\bin\java.dll
0x0000000074210000 - 0x0000000074226000 	C:\Program Files\Java\jdk1.8.0_91\jre\bin\zip.dll
0x000007fefd220000 - 0x000007fefdfa8000 	C:\Windows\system32\SHELL32.dll
0x000007fefe450000 - 0x000007fefe653000 	C:\Windows\system32\ole32.dll
0x000007fefce60000 - 0x000007fefce6f000 	C:\Windows\system32\profapi.dll

VM Arguments:
jvm_args: -Djava.awt.headless=true -Xmx1024M -Dfile.encoding=windows-1256 -Duser.country=US -Duser.language=en -Duser.variant 
java_command: com.android.dx.command.Main --dex --force-jumbo --num-threads=4 --output E:\User\AndroidStudioProjects\SimpleFlickrClient\app\build\intermediates\pre-dexed\debug\com.android.support-appcompat-v7-24.0.0_a3be1b6decfba4033cb89ed6a9a4aa57dd78d5dd.jar E:\User\AndroidStudioProjects\SimpleFlickrClient\app\build\intermediates\exploded-aar\com.android.support\appcompat-v7\24.0.0\jars\classes.jar
java_class_path (initial): E:\User\AppData\Local\Android\sdk\build-tools\24.0.0\lib\dx.jar
Launcher Type: SUN_STANDARD

Environment Variables:
PATH=C:\oracle\product\10.2.0\db_2\bin;C:\oracle\product\10.2.0\db_1\bin;C:\ProgramData\Oracle\Java\javapath;C:\Windows\System32;C:\Windows\SysWOW64;C:\opencv248\build\x86\vc10\bin;C:\Python27;C:\Program Files (x86)\CodeBlocks\MinGW\bin;E:\programs\Matlab\R2013a\bin;C:\Program Files\IVI Foundation\VISA\Win64\Bin\;C:\Program Files (x86)\IVI Foundation\VISA\WinNT\Bin\;C:\Program Files (x86)\IVI Foundation\VISA\WinNT\Bin;C:\Program Files (x86)\Tesseract-OCR;E:\User\AppData\Local\Android\sdk\tools\lib;E:\Program Files\Git\cmd;E:\User\AppData\Local\Android\sdk\platform-tools;E:\Program Files\nodejs\;C:\Program Files\Canopy\User;C:\Program Files\Canopy\User\Scripts;C:\Users\user\AppData\Roaming\npm
USERNAME=user
OS=Windows_NT
PROCESSOR_IDENTIFIER=Intel64 Family 6 Model 58 Stepping 9, GenuineIntel



---------------  S Y S T E M  ---------------

OS: Windows 7 , 64 bit Build 7601 (6.1.7601.23572)

CPU:total 4 (2 cores per cpu, 2 threads per core) family 6 model 58 stepping 9, cmov, cx8, fxsr, mmx, sse, sse2, sse3, ssse3, sse4.1, sse4.2, popcnt, avx, aes, clmul, erms, ht, tsc, tscinvbit, tscinv

Memory: 4k page, physical 4094316k(79404k free), swap 5628456k(5340k free)

vm_info: Java HotSpot(TM) 64-Bit Server VM (25.91-b15) for windows-amd64 JRE (1.8.0_91-b15), built on May 20 2016 17:43:15 by "java_re" with MS VC++ 10.0 (VS2010)

time: Fri Aug 04 22:19:51 2017
elapsed time: 18 seconds (0d 0h 0m 18s)

