#
# There is insufficient memory for the Java Runtime Environment to continue.
# Native memory allocation (malloc) failed to allocate 1591376 bytes for Chunk::new
# Possible reasons:
#   The system is out of physical RAM or swap space
#   In 32 bit mode, the process size limit was hit
# Possible solutions:
#   Reduce memory load on the system
#   Increase physical memory or swap space
#   Check if swap backing store is full
#   Use 64 bit Java on a 64 bit OS
#   Decrease Java heap size (-Xmx/-Xms)
#   Decrease number of Java threads
#   Decrease Java thread stack sizes (-Xss)
#   Set larger code cache with -XX:ReservedCodeCacheSize=
# This output file may be truncated or incomplete.
#
#  Out of Memory Error (allocation.cpp:390), pid=11356, tid=10784
#
# JRE version: Java(TM) SE Runtime Environment (8.0_91-b15) (build 1.8.0_91-b15)
# Java VM: Java HotSpot(TM) 64-Bit Server VM (25.91-b15 mixed mode windows-amd64 compressed oops)
# Failed to write core dump. Minidumps are not enabled by default on client versions of Windows
#

---------------  T H R E A D  ---------------

Current thread (0x0000000056297000):  JavaThread "C2 CompilerThread0" daemon [_thread_in_native, id=10784, stack(0x00000000566b0000,0x00000000567b0000)]

Stack: [0x00000000566b0000,0x00000000567b0000]
[error occurred during error reporting (printing stack bounds), id 0xc0000005]

Native frames: (J=compiled Java code, j=interpreted, Vv=VM code, C=native code)


Current CompileTask:
C2:   8998 1732   !   4       com.android.dx.cf.code.Ropper::processBlock (1101 bytes)


---------------  P R O C E S S  ---------------

Java Threads: ( => current thread )
  0x00000000564f1000 JavaThread "pool-1-thread-4" [_thread_blocked, id=12596, stack(0x0000000057f50000,0x0000000058050000)]
  0x00000000564ec000 JavaThread "pool-1-thread-3" [_thread_blocked, id=12612, stack(0x0000000057de0000,0x0000000057ee0000)]
  0x00000000564fa000 JavaThread "pool-1-thread-2" [_thread_blocked, id=7632, stack(0x0000000057c40000,0x0000000057d40000)]
  0x000000005653e000 JavaThread "pool-2-thread-1" [_thread_blocked, id=4688, stack(0x0000000056a80000,0x0000000056b80000)]
  0x000000005655c000 JavaThread "pool-1-thread-1" [_thread_blocked, id=8000, stack(0x0000000057a70000,0x0000000057b70000)]
  0x000000005629e800 JavaThread "Service Thread" daemon [_thread_blocked, id=7692, stack(0x0000000056f10000,0x0000000057010000)]
  0x0000000056299800 JavaThread "C1 CompilerThread2" daemon [_thread_blocked, id=8340, stack(0x0000000056d30000,0x0000000056e30000)]
  0x0000000056298800 JavaThread "C2 CompilerThread1" daemon [_thread_in_native, id=12276, stack(0x0000000056bb0000,0x0000000056cb0000)]
=>0x0000000056297000 JavaThread "C2 CompilerThread0" daemon [_thread_in_native, id=10784, stack(0x00000000566b0000,0x00000000567b0000)]
  0x0000000056294800 JavaThread "Attach Listener" daemon [_thread_blocked, id=8440, stack(0x00000000568f0000,0x00000000569f0000)]
  0x0000000054fdc800 JavaThread "Signal Dispatcher" daemon [_thread_blocked, id=12648, stack(0x00000000567b0000,0x00000000568b0000)]
  0x0000000054fc7000 JavaThread "Finalizer" daemon [_thread_blocked, id=7996, stack(0x0000000055e30000,0x0000000055f30000)]
  0x0000000054f85800 JavaThread "Reference Handler" daemon [_thread_blocked, id=12416, stack(0x0000000056190000,0x0000000056290000)]
  0x0000000001e58000 JavaThread "main" [_thread_in_native, id=11376, stack(0x00000000022c0000,0x00000000023c0000)]

Other Threads:
  0x0000000054f7a800 VMThread [stack: 0x0000000055f80000,0x0000000056080000] [id=9676]
  0x0000000056330800 WatcherThread [stack: 0x00000000570e0000,0x00000000571e0000] [id=7668]

VM state:not at safepoint (normal execution)

VM Mutex/Monitor currently owned by a thread: None

Heap:
 PSYoungGen      total 35328K, used 29193K [0x00000000eab00000, 0x00000000ed000000, 0x0000000100000000)
  eden space 32768K, 81% used [0x00000000eab00000,0x00000000ec5064c0,0x00000000ecb00000)
  from space 2560K, 99% used [0x00000000ecd80000,0x00000000ecffc010,0x00000000ed000000)
  to   space 2560K, 0% used [0x00000000ecb00000,0x00000000ecb00000,0x00000000ecd80000)
 ParOldGen       total 44032K, used 12694K [0x00000000c0000000, 0x00000000c2b00000, 0x00000000eab00000)
  object space 44032K, 28% used [0x00000000c0000000,0x00000000c0c65948,0x00000000c2b00000)
 Metaspace       used 6375K, capacity 7154K, committed 7296K, reserved 1056768K
  class space    used 604K, capacity 618K, committed 640K, reserved 1048576K

Card table byte_map: [0x0000000011a50000,0x0000000011c60000] byte_map_base: 0x0000000011450000

Marking Bits: (ParMarkBitMap*) 0x000000006f282f70
 Begin Bits: [0x00000000123f0000, 0x00000000133f0000)
 End Bits:   [0x00000000133f0000, 0x00000000143f0000)

Polling page: 0x0000000000110000

CodeCache: size=245760Kb used=7963Kb max_used=7963Kb free=237796Kb
 bounds [0x0000000002690000, 0x0000000002e60000, 0x0000000011690000]
 total_blobs=2129 nmethods=1861 adapters=180
 compilation: enabled

Compilation events (10 events):
Event: 8.209 Thread 0x0000000056299800 1742       3       com.android.dx.dex.file.EncodedField::<init> (25 bytes)
Event: 8.210 Thread 0x0000000056299800 nmethod 1742 0x0000000002d84c50 code [0x0000000002d84de0, 0x0000000002d85108]
Event: 8.214 Thread 0x0000000056299800 1744       3       com.android.dx.ssa.SCCP::simulateMath (424 bytes)
Event: 8.215 Thread 0x0000000056299800 nmethod 1744 0x0000000002da5cd0 code [0x0000000002da5f80, 0x0000000002da7868]
Event: 8.215 Thread 0x0000000056299800 1745       3       com.android.dx.rop.cst.CstLong::getType (4 bytes)
Event: 8.215 Thread 0x0000000056299800 nmethod 1745 0x0000000002d7fb10 code [0x0000000002d7fc60, 0x0000000002d7fdb0]
Event: 8.216 Thread 0x0000000056299800 1746       3       com.android.dx.rop.code.Rops::opMoveResultPseudo (23 bytes)
Event: 8.216 Thread 0x0000000056299800 nmethod 1746 0x0000000002d84650 code [0x0000000002d847e0, 0x0000000002d84b18]
Event: 8.302 Thread 0x0000000056298800 nmethod 1714 0x0000000002daf6d0 code [0x0000000002db0180, 0x0000000002db68d0]
Event: 8.303 Thread 0x0000000056298800 1737   !   4       com.android.dx.cf.code.RopperMachine::run (1550 bytes)

GC Heap History (6 events):
Event: 1.126 GC heap before
{Heap before GC invocations=1 (full 0):
 PSYoungGen      total 18944K, used 16384K [0x00000000eab00000, 0x00000000ec000000, 0x0000000100000000)
  eden space 16384K, 100% used [0x00000000eab00000,0x00000000ebb00000,0x00000000ebb00000)
  from space 2560K, 0% used [0x00000000ebd80000,0x00000000ebd80000,0x00000000ec000000)
  to   space 2560K, 0% used [0x00000000ebb00000,0x00000000ebb00000,0x00000000ebd80000)
 ParOldGen       total 44032K, used 0K [0x00000000c0000000, 0x00000000c2b00000, 0x00000000eab00000)
  object space 44032K, 0% used [0x00000000c0000000,0x00000000c0000000,0x00000000c2b00000)
 Metaspace       used 5485K, capacity 6448K, committed 6528K, reserved 1056768K
  class space    used 591K, capacity 616K, committed 640K, reserved 1048576K
Event: 2.097 GC heap after
Heap after GC invocations=1 (full 0):
 PSYoungGen      total 18944K, used 2535K [0x00000000eab00000, 0x00000000ed000000, 0x0000000100000000)
  eden space 16384K, 0% used [0x00000000eab00000,0x00000000eab00000,0x00000000ebb00000)
  from space 2560K, 99% used [0x00000000ebb00000,0x00000000ebd79f10,0x00000000ebd80000)
  to   space 2560K, 0% used [0x00000000ecd80000,0x00000000ecd80000,0x00000000ed000000)
 ParOldGen       total 44032K, used 695K [0x00000000c0000000, 0x00000000c2b00000, 0x00000000eab00000)
  object space 44032K, 1% used [0x00000000c0000000,0x00000000c00adf98,0x00000000c2b00000)
 Metaspace       used 5485K, capacity 6448K, committed 6528K, reserved 1056768K
  class space    used 591K, capacity 616K, committed 640K, reserved 1048576K
}
Event: 4.839 GC heap before
{Heap before GC invocations=2 (full 0):
 PSYoungGen      total 18944K, used 18919K [0x00000000eab00000, 0x00000000ed000000, 0x0000000100000000)
  eden space 16384K, 100% used [0x00000000eab00000,0x00000000ebb00000,0x00000000ebb00000)
  from space 2560K, 99% used [0x00000000ebb00000,0x00000000ebd79f10,0x00000000ebd80000)
  to   space 2560K, 0% used [0x00000000ecd80000,0x00000000ecd80000,0x00000000ed000000)
 ParOldGen       total 44032K, used 695K [0x00000000c0000000, 0x00000000c2b00000, 0x00000000eab00000)
  object space 44032K, 1% used [0x00000000c0000000,0x00000000c00adf98,0x00000000c2b00000)
 Metaspace       used 6079K, capacity 6962K, committed 7040K, reserved 1056768K
  class space    used 601K, capacity 618K, committed 640K, reserved 1048576K
Event: 4.988 GC heap after
Heap after GC invocations=2 (full 0):
 PSYoungGen      total 35328K, used 2544K [0x00000000eab00000, 0x00000000ed000000, 0x0000000100000000)
  eden space 32768K, 0% used [0x00000000eab00000,0x00000000eab00000,0x00000000ecb00000)
  from space 2560K, 99% used [0x00000000ecd80000,0x00000000ecffc038,0x00000000ed000000)
  to   space 2560K, 0% used [0x00000000ecb00000,0x00000000ecb00000,0x00000000ecd80000)
 ParOldGen       total 44032K, used 2349K [0x00000000c0000000, 0x00000000c2b00000, 0x00000000eab00000)
  object space 44032K, 5% used [0x00000000c0000000,0x00000000c024b7b8,0x00000000c2b00000)
 Metaspace       used 6079K, capacity 6962K, committed 7040K, reserved 1056768K
  class space    used 601K, capacity 618K, committed 640K, reserved 1048576K
}
Event: 7.022 GC heap before
{Heap before GC invocations=3 (full 0):
 PSYoungGen      total 35328K, used 35312K [0x00000000eab00000, 0x00000000ed000000, 0x0000000100000000)
  eden space 32768K, 100% used [0x00000000eab00000,0x00000000ecb00000,0x00000000ecb00000)
  from space 2560K, 99% used [0x00000000ecd80000,0x00000000ecffc038,0x00000000ed000000)
  to   space 2560K, 0% used [0x00000000ecb00000,0x00000000ecb00000,0x00000000ecd80000)
 ParOldGen       total 44032K, used 2349K [0x00000000c0000000, 0x00000000c2b00000, 0x00000000eab00000)
  object space 44032K, 5% used [0x00000000c0000000,0x00000000c024b7b8,0x00000000c2b00000)
 Metaspace       used 6274K, capacity 7090K, committed 7296K, reserved 1056768K
  class space    used 603K, capacity 618K, committed 640K, reserved 1048576K
Event: 7.070 GC heap after
Heap after GC invocations=3 (full 0):
 PSYoungGen      total 35328K, used 2560K [0x00000000eab00000, 0x00000000ed000000, 0x0000000100000000)
  eden space 32768K, 0% used [0x00000000eab00000,0x00000000eab00000,0x00000000ecb00000)
  from space 2560K, 100% used [0x00000000ecb00000,0x00000000ecd80000,0x00000000ecd80000)
  to   space 2560K, 0% used [0x00000000ecd80000,0x00000000ecd80000,0x00000000ed000000)
 ParOldGen       total 44032K, used 7181K [0x00000000c0000000, 0x00000000c2b00000, 0x00000000eab00000)
  object space 44032K, 16% used [0x00000000c0000000,0x00000000c07036c0,0x00000000c2b00000)
 Metaspace       used 6274K, capacity 7090K, committed 7296K, reserved 1056768K
  class space    used 603K, capacity 618K, committed 640K, reserved 1048576K
}

Deoptimization events (10 events):
Event: 2.716 Thread 0x00000000564fa000 Uncommon trap: reason=class_check action=maybe_recompile pc=0x00000000028fef9c method=com.android.dx.rop.type.Type.equals(Ljava/lang/Object;)Z @ 8
Event: 2.716 Thread 0x00000000564fa000 Uncommon trap: reason=class_check action=maybe_recompile pc=0x00000000028fef9c method=com.android.dx.rop.type.Type.equals(Ljava/lang/Object;)Z @ 8
Event: 2.735 Thread 0x00000000564fa000 Uncommon trap: reason=unstable_if action=reinterpret pc=0x00000000029f19c4 method=com.android.dx.rop.cst.Constant.compareTo(Lcom/android/dx/rop/cst/Constant;)I @ 12
Event: 2.845 Thread 0x000000005655c000 Uncommon trap: reason=unstable_if action=reinterpret pc=0x0000000002987274 method=com.android.dx.rop.code.LocalItem.hashCode()I @ 25
Event: 2.850 Thread 0x000000005655c000 Uncommon trap: reason=class_check action=maybe_recompile pc=0x00000000028d2760 method=com.android.dx.ssa.NormalSsaInsn.accept(Lcom/android/dx/ssa/SsaInsn$Visitor;)V @ 9
Event: 5.893 Thread 0x00000000564fa000 Uncommon trap: reason=null_check action=make_not_entrant pc=0x0000000002b96744 method=com.android.dx.ssa.SsaRenamer.getLocalForNewReg(I)Lcom/android/dx/rop/code/LocalItem; @ 19
Event: 6.938 Thread 0x000000005655c000 Uncommon trap: reason=unstable_if action=reinterpret pc=0x0000000002b86750 method=com.android.dx.ssa.SCCP.simulateStmt(Lcom/android/dx/ssa/SsaInsn;)V @ 53
Event: 7.767 Thread 0x000000005655c000 Uncommon trap: reason=bimorphic action=maybe_recompile pc=0x0000000002c695c4 method=com.android.dx.ssa.SCCP.simulatePhi(Lcom/android/dx/ssa/PhiInsn;)V @ 124
Event: 8.031 Thread 0x000000005655c000 Uncommon trap: reason=null_assert action=make_not_entrant pc=0x0000000002d8cbcc method=com.android.dx.cf.code.RopperMachine.run(Lcom/android/dx/cf/code/Frame;II)V @ 1112
Event: 8.146 Thread 0x0000000001e58000 Uncommon trap: reason=unstable_if action=reinterpret pc=0x0000000002bd5ee8 method=com.android.dx.rop.cst.StdConstantPool.set(ILcom/android/dx/rop/cst/Constant;)V @ 12

Internal exceptions (3 events):
Event: 0.114 Thread 0x0000000001e58000 Exception <a 'java/lang/NoSuchMethodError': Method sun.misc.Unsafe.defineClass(Ljava/lang/String;[BII)Ljava/lang/Class; name or signature does not match> (0x00000000eab07cc0) thrown at [C:\re\workspace\8-2-build-windows-amd64-cygwin\jdk8u91\7017\hotspot\sr6sò–ÎSΩ?
Event: 0.115 Thread 0x0000000001e58000 Exception <a 'java/lang/NoSuchMethodError': Method sun.misc.Unsafe.prefetchRead(Ljava/lang/Object;J)V name or signature does not match> (0x00000000eab07fa8) thrown at [C:\re\workspace\8-2-build-windows-amd64-cygwin\jdk8u91\7017\hotspot\src\share\vm\prims\j{Jp6–í@
Event: 5.893 Thread 0x00000000564fa000 Implicit null exception at 0x0000000002b957ab to 0x0000000002b96711

Events (10 events):
Event: 7.767 Thread 0x000000005655c000 DEOPT PACKING pc=0x0000000002c695c4 sp=0x0000000057b6e6c0
Event: 7.767 Thread 0x000000005655c000 DEOPT UNPACKING pc=0x00000000026d582a sp=0x0000000057b6e698 mode 2
Event: 8.030 loading class com/android/dx/cf/code/SwitchList
Event: 8.030 loading class com/android/dx/cf/code/SwitchList done
Event: 8.031 Thread 0x000000005655c000 Uncommon trap: trap_request=0xffffffec fr.pc=0x0000000002d8cbcc
Event: 8.031 Thread 0x000000005655c000 DEOPT PACKING pc=0x0000000002d8cbcc sp=0x0000000057b6e3a0
Event: 8.031 Thread 0x000000005655c000 DEOPT UNPACKING pc=0x00000000026d582a sp=0x0000000057b6e378 mode 2
Event: 8.146 Thread 0x0000000001e58000 Uncommon trap: trap_request=0xffffff65 fr.pc=0x0000000002bd5ee8
Event: 8.146 Thread 0x0000000001e58000 DEOPT PACKING pc=0x0000000002bd5ee8 sp=0x00000000023be9d0
Event: 8.146 Thread 0x0000000001e58000 DEOPT UNPACKING pc=0x00000000026d582a sp=0x00000000023be910 mode 2


Dynamic libraries:
0x000000013f8d0000 - 0x000000013f907000 	C:\Program Files\Java\jdk1.8.0_91\bin\java.exe
0x0000000076db0000 - 0x0000000076f5a000 	C:\Windows\SYSTEM32\ntdll.dll
0x0000000076b90000 - 0x0000000076caf000 	C:\Windows\system32\kernel32.dll
0x000007fefcb00000 - 0x000007fefcb6a000 	C:\Windows\system32\KERNELBASE.dll
0x000007fefdff0000 - 0x000007fefe0cb000 	C:\Windows\system32\ADVAPI32.dll
0x000007fefd420000 - 0x000007fefd4bf000 	C:\Windows\system32\msvcrt.dll
0x000007fefe0d0000 - 0x000007fefe0ef000 	C:\Windows\SYSTEM32\sechost.dll
0x000007fefceb0000 - 0x000007fefcfdd000 	C:\Windows\system32\RPCRT4.dll
0x0000000076cb0000 - 0x0000000076daa000 	C:\Windows\system32\USER32.dll
0x000007fefdbe0000 - 0x000007fefdc47000 	C:\Windows\system32\GDI32.dll
0x000007fefd9a0000 - 0x000007fefd9ae000 	C:\Windows\system32\LPK.dll
0x000007fefde50000 - 0x000007fefdf1a000 	C:\Windows\system32\USP10.dll
0x000007fefbb50000 - 0x000007fefbd44000 	C:\Windows\WinSxS\amd64_microsoft.windows.common-controls_6595b64144ccf1df_6.0.7601.17514_none_fa396087175ac9ac\COMCTL32.dll
0x000007fefdf70000 - 0x000007fefdfe1000 	C:\Windows\system32\SHLWAPI.dll
0x000007fefdf20000 - 0x000007fefdf4e000 	C:\Windows\system32\IMM32.DLL
0x000007fefcfe0000 - 0x000007fefd0e9000 	C:\Windows\system32\MSCTF.dll
0x0000000073700000 - 0x00000000737d2000 	C:\Program Files\Java\jdk1.8.0_91\jre\bin\msvcr100.dll
0x000000006ea70000 - 0x000000006f303000 	C:\Program Files\Java\jdk1.8.0_91\jre\bin\server\jvm.dll
0x000007fef06d0000 - 0x000007fef06d9000 	C:\Windows\system32\WSOCK32.dll
0x000007fefd3d0000 - 0x000007fefd41d000 	C:\Windows\system32\WS2_32.dll
0x000007fefcea0000 - 0x000007fefcea8000 	C:\Windows\system32\NSI.dll
0x000007fefa400000 - 0x000007fefa43b000 	C:\Windows\system32\WINMM.dll
0x000007fefb840000 - 0x000007fefb84c000 	C:\Windows\system32\VERSION.dll
0x0000000076f80000 - 0x0000000076f87000 	C:\Windows\system32\PSAPI.DLL
0x0000000073dc0000 - 0x0000000073dcf000 	C:\Program Files\Java\jdk1.8.0_91\jre\bin\verify.dll
0x0000000073b60000 - 0x0000000073b89000 	C:\Program Files\Java\jdk1.8.0_91\jre\bin\java.dll
0x0000000073b40000 - 0x0000000073b56000 	C:\Program Files\Java\jdk1.8.0_91\jre\bin\zip.dll
0x000007fefe330000 - 0x000007feff0b8000 	C:\Windows\system32\SHELL32.dll
0x000007fefd790000 - 0x000007fefd993000 	C:\Windows\system32\ole32.dll
0x000007fefcaf0000 - 0x000007fefcaff000 	C:\Windows\system32\profapi.dll

VM Arguments:
jvm_args: -Djava.awt.headless=true -Xmx1024M -Dfile.encoding=windows-1256 -Duser.country=US -Duser.language=en -Duser.variant 
java_command: com.android.dx.command.Main --dex --force-jumbo --num-threads=4 --output E:\User\AndroidStudioProjects\SimpleFlickrClient\app\build\intermediates\pre-dexed\debug\internal_impl-24.0.0_e527b74ee5ac5b981af9b5f23f5af01e4cee1e5f.jar E:\User\AndroidStudioProjects\SimpleFlickrClient\app\build\intermediates\exploded-aar\com.android.support\support-v4\24.0.0\jars\libs\internal_impl-24.0.0.jar
java_class_path (initial): E:\User\AppData\Local\Android\sdk\build-tools\24.0.0\lib\dx.jar
Launcher Type: SUN_STANDARD

Environment Variables:
PATH=C:\oracle\product\10.2.0\db_2\bin;C:\oracle\product\10.2.0\db_1\bin;C:\ProgramData\Oracle\Java\javapath;C:\Windows\System32;C:\Windows\SysWOW64;C:\opencv248\build\x86\vc10\bin;C:\Python27;C:\Program Files (x86)\CodeBlocks\MinGW\bin;E:\programs\Matlab\R2013a\bin;C:\Program Files\IVI Foundation\VISA\Win64\Bin\;C:\Program Files (x86)\IVI Foundation\VISA\WinNT\Bin\;C:\Program Files (x86)\IVI Foundation\VISA\WinNT\Bin;C:\Program Files (x86)\Tesseract-OCR;E:\User\AppData\Local\Android\sdk\tools\lib;E:\Program Files\Git\cmd;E:\User\AppData\Local\Android\sdk\platform-tools;E:\Program Files\nodejs\;C:\Program Files\Canopy\User;C:\Program Files\Canopy\User\Scripts;C:\Users\user\AppData\Roaming\npm
USERNAME=user
OS=Windows_NT
PROCESSOR_IDENTIFIER=Intel64 Family 6 Model 58 Stepping 9, GenuineIntel



---------------  S Y S T E M  ---------------

OS: Windows 7 , 64 bit Build 7601 (6.1.7601.23572)

CPU:total 4 (2 cores per cpu, 2 threads per core) family 6 model 58 stepping 9, cmov, cx8, fxsr, mmx, sse, sse2, sse3, ssse3, sse4.1, sse4.2, popcnt, avx, aes, clmul, erms, ht, tsc, tscinvbit, tscinv

Memory: 4k page, physical 4094316k(24956k free), swap 5628456k(9404k free)

vm_info: Java HotSpot(TM) 64-Bit Server VM (25.91-b15) for windows-amd64 JRE (1.8.0_91-b15), built on May 20 2016 17:43:15 by "java_re" with MS VC++ 10.0 (VS2010)

time: Tue Aug 08 20:34:48 2017
elapsed time: 9 seconds (0d 0h 0m 9s)

