#
# There is insufficient memory for the Java Runtime Environment to continue.
# Native memory allocation (malloc) failed to allocate 1150736 bytes for Chunk::new
# Possible reasons:
#   The system is out of physical RAM or swap space
#   In 32 bit mode, the process size limit was hit
# Possible solutions:
#   Reduce memory load on the system
#   Increase physical memory or swap space
#   Check if swap backing store is full
#   Use 64 bit Java on a 64 bit OS
#   Decrease Java heap size (-Xmx/-Xms)
#   Decrease number of Java threads
#   Decrease Java thread stack sizes (-Xss)
#   Set larger code cache with -XX:ReservedCodeCacheSize=
# This output file may be truncated or incomplete.
#
#  Out of Memory Error (allocation.cpp:390), pid=20272, tid=19928
#
# JRE version: Java(TM) SE Runtime Environment (8.0_91-b15) (build 1.8.0_91-b15)
# Java VM: Java HotSpot(TM) 64-Bit Server VM (25.91-b15 mixed mode windows-amd64 compressed oops)
# Failed to write core dump. Minidumps are not enabled by default on client versions of Windows
#

---------------  T H R E A D  ---------------

Current thread (0x00000000562a9800):  JavaThread "C2 CompilerThread1" daemon [_thread_in_native, id=19928, stack(0x0000000055fa0000,0x00000000560a0000)]

Stack: [0x0000000055fa0000,0x00000000560a0000]
[error occurred during error reporting (printing stack bounds), id 0xc0000005]

Native frames: (J=compiled Java code, j=interpreted, Vv=VM code, C=native code)


Current CompileTask:
C2:  15069 1954       4       com.android.dx.cf.code.Simulator$SimVisitor::visitConstant (332 bytes)


---------------  P R O C E S S  ---------------

Java Threads: ( => current thread )
  0x00000000565a0000 JavaThread "pool-1-thread-4" [_thread_in_Java, id=20664, stack(0x0000000057330000,0x0000000057430000)]
  0x000000005659f000 JavaThread "pool-1-thread-3" [_thread_blocked, id=20964, stack(0x0000000057450000,0x0000000057550000)]
  0x0000000056591000 JavaThread "pool-1-thread-2" [_thread_blocked, id=19468, stack(0x00000000570e0000,0x00000000571e0000)]
  0x0000000056508000 JavaThread "pool-2-thread-1" [_thread_blocked, id=20568, stack(0x0000000055d20000,0x0000000055e20000)]
  0x0000000056507000 JavaThread "pool-1-thread-1" [_thread_blocked, id=20452, stack(0x0000000057230000,0x0000000057330000)]
  0x0000000054e1f000 JavaThread "Service Thread" daemon [_thread_blocked, id=20816, stack(0x0000000056e50000,0x0000000056f50000)]
  0x00000000562aa800 JavaThread "C1 CompilerThread2" daemon [_thread_blocked, id=19168, stack(0x0000000056c40000,0x0000000056d40000)]
=>0x00000000562a9800 JavaThread "C2 CompilerThread1" daemon [_thread_in_native, id=19928, stack(0x0000000055fa0000,0x00000000560a0000)]
  0x00000000562a7800 JavaThread "C2 CompilerThread0" daemon [_thread_in_native, id=21324, stack(0x0000000056b40000,0x0000000056c40000)]
  0x00000000562a4800 JavaThread "Attach Listener" daemon [_thread_blocked, id=20536, stack(0x0000000056940000,0x0000000056a40000)]
  0x0000000054e0d800 JavaThread "Signal Dispatcher" daemon [_thread_blocked, id=1356, stack(0x0000000056740000,0x0000000056840000)]
  0x0000000054df9000 JavaThread "Finalizer" daemon [_thread_blocked, id=2792, stack(0x00000000561a0000,0x00000000562a0000)]
  0x0000000054db2000 JavaThread "Reference Handler" daemon [_thread_blocked, id=20876, stack(0x00000000560a0000,0x00000000561a0000)]
  0x0000000001f58000 JavaThread "main" [_thread_blocked, id=2924, stack(0x0000000002020000,0x0000000002120000)]

Other Threads:
  0x0000000054daa800 VMThread [stack: 0x0000000055e50000,0x0000000055f50000] [id=19144]
  0x000000005636f800 WatcherThread [stack: 0x0000000056fe0000,0x00000000570e0000] [id=21288]

VM state:not at safepoint (normal execution)

VM Mutex/Monitor currently owned by a thread: None

Heap:
 PSYoungGen      total 68096K, used 61402K [0x00000000eab00000, 0x00000000ef000000, 0x0000000100000000)
  eden space 65536K, 89% used [0x00000000eab00000,0x00000000ee477fe8,0x00000000eeb00000)
  from space 2560K, 99% used [0x00000000eed80000,0x00000000eeffe8d0,0x00000000ef000000)
  to   space 2560K, 0% used [0x00000000eeb00000,0x00000000eeb00000,0x00000000eed80000)
 ParOldGen       total 44032K, used 12588K [0x00000000c0000000, 0x00000000c2b00000, 0x00000000eab00000)
  object space 44032K, 28% used [0x00000000c0000000,0x00000000c0c4b068,0x00000000c2b00000)
 Metaspace       used 6334K, capacity 7154K, committed 7296K, reserved 1056768K
  class space    used 605K, capacity 618K, committed 640K, reserved 1048576K

Card table byte_map: [0x00000000117b0000,0x00000000119c0000] byte_map_base: 0x00000000111b0000

Marking Bits: (ParMarkBitMap*) 0x0000000073b02f70
 Begin Bits: [0x0000000012220000, 0x0000000013220000)
 End Bits:   [0x0000000013220000, 0x0000000014220000)

Polling page: 0x0000000000110000

CodeCache: size=245760Kb used=8872Kb max_used=8876Kb free=236887Kb
 bounds [0x00000000023f0000, 0x0000000002cb0000, 0x00000000113f0000]
 total_blobs=2152 nmethods=1885 adapters=180
 compilation: enabled

Compilation events (10 events):
Event: 14.779 Thread 0x00000000562a9800 nmethod 1952% 0x0000000002ca0190 code [0x0000000002ca03e0, 0x0000000002ca1bb8]
Event: 14.779 Thread 0x00000000562a9800 1945       4       com.android.dx.cf.code.ExecutionStack::<init> (34 bytes)
Event: 14.782 Thread 0x00000000562a9800 nmethod 1945 0x0000000002c657d0 code [0x0000000002c65920, 0x0000000002c65b18]
Event: 15.014 Thread 0x00000000562a9800 1954       4       com.android.dx.cf.code.Simulator$SimVisitor::visitConstant (332 bytes)
Event: 15.020 Thread 0x00000000562aa800 1960       1       com.android.dx.rop.cst.CstFloat::getType (4 bytes)
Event: 15.020 Thread 0x00000000562aa800 nmethod 1960 0x0000000002c65510 code [0x0000000002c65660, 0x0000000002c65770]
Event: 15.028 Thread 0x00000000562aa800 1965       3       java.util.Collections$UnmodifiableCollection::size (10 bytes)
Event: 15.028 Thread 0x00000000562aa800 nmethod 1965 0x0000000002c650d0 code [0x0000000002c65240, 0x0000000002c65468]
Event: 15.044 Thread 0x00000000562aa800 1967       3       com.android.dx.cf.direct.AnnotationParser::parseAnnotations (143 bytes)
Event: 15.045 Thread 0x00000000562aa800 nmethod 1967 0x0000000002c98d50 code [0x0000000002c99080, 0x0000000002c9aa88]

GC Heap History (8 events):
Event: 1.311 GC heap before
{Heap before GC invocations=1 (full 0):
 PSYoungGen      total 18944K, used 16384K [0x00000000eab00000, 0x00000000ec000000, 0x0000000100000000)
  eden space 16384K, 100% used [0x00000000eab00000,0x00000000ebb00000,0x00000000ebb00000)
  from space 2560K, 0% used [0x00000000ebd80000,0x00000000ebd80000,0x00000000ec000000)
  to   space 2560K, 0% used [0x00000000ebb00000,0x00000000ebb00000,0x00000000ebd80000)
 ParOldGen       total 44032K, used 0K [0x00000000c0000000, 0x00000000c2b00000, 0x00000000eab00000)
  object space 44032K, 0% used [0x00000000c0000000,0x00000000c0000000,0x00000000c2b00000)
 Metaspace       used 5557K, capacity 6512K, committed 6784K, reserved 1056768K
  class space    used 599K, capacity 616K, committed 640K, reserved 1048576K
Event: 1.427 GC heap after
Heap after GC invocations=1 (full 0):
 PSYoungGen      total 18944K, used 2551K [0x00000000eab00000, 0x00000000ed000000, 0x0000000100000000)
  eden space 16384K, 0% used [0x00000000eab00000,0x00000000eab00000,0x00000000ebb00000)
  from space 2560K, 99% used [0x00000000ebb00000,0x00000000ebd7df00,0x00000000ebd80000)
  to   space 2560K, 0% used [0x00000000ecd80000,0x00000000ecd80000,0x00000000ed000000)
 ParOldGen       total 44032K, used 914K [0x00000000c0000000, 0x00000000c2b00000, 0x00000000eab00000)
  object space 44032K, 2% used [0x00000000c0000000,0x00000000c00e4b80,0x00000000c2b00000)
 Metaspace       used 5557K, capacity 6512K, committed 6784K, reserved 1056768K
  class space    used 599K, capacity 616K, committed 640K, reserved 1048576K
}
Event: 2.778 GC heap before
{Heap before GC invocations=2 (full 0):
 PSYoungGen      total 18944K, used 18935K [0x00000000eab00000, 0x00000000ed000000, 0x0000000100000000)
  eden space 16384K, 100% used [0x00000000eab00000,0x00000000ebb00000,0x00000000ebb00000)
  from space 2560K, 99% used [0x00000000ebb00000,0x00000000ebd7df00,0x00000000ebd80000)
  to   space 2560K, 0% used [0x00000000ecd80000,0x00000000ecd80000,0x00000000ed000000)
 ParOldGen       total 44032K, used 914K [0x00000000c0000000, 0x00000000c2b00000, 0x00000000eab00000)
  object space 44032K, 2% used [0x00000000c0000000,0x00000000c00e4b80,0x00000000c2b00000)
 Metaspace       used 5977K, capacity 6834K, committed 7040K, reserved 1056768K
  class space    used 603K, capacity 618K, committed 640K, reserved 1048576K
Event: 2.789 GC heap after
Heap after GC invocations=2 (full 0):
 PSYoungGen      total 35328K, used 2544K [0x00000000eab00000, 0x00000000ed000000, 0x0000000100000000)
  eden space 32768K, 0% used [0x00000000eab00000,0x00000000eab00000,0x00000000ecb00000)
  from space 2560K, 99% used [0x00000000ecd80000,0x00000000ecffc038,0x00000000ed000000)
  to   space 2560K, 0% used [0x00000000ecb00000,0x00000000ecb00000,0x00000000ecd80000)
 ParOldGen       total 44032K, used 2922K [0x00000000c0000000, 0x00000000c2b00000, 0x00000000eab00000)
  object space 44032K, 6% used [0x00000000c0000000,0x00000000c02daaa0,0x00000000c2b00000)
 Metaspace       used 5977K, capacity 6834K, committed 7040K, reserved 1056768K
  class space    used 603K, capacity 618K, committed 640K, reserved 1048576K
}
Event: 5.983 GC heap before
{Heap before GC invocations=3 (full 0):
 PSYoungGen      total 35328K, used 35312K [0x00000000eab00000, 0x00000000ed000000, 0x0000000100000000)
  eden space 32768K, 100% used [0x00000000eab00000,0x00000000ecb00000,0x00000000ecb00000)
  from space 2560K, 99% used [0x00000000ecd80000,0x00000000ecffc038,0x00000000ed000000)
  to   space 2560K, 0% used [0x00000000ecb00000,0x00000000ecb00000,0x00000000ecd80000)
 ParOldGen       total 44032K, used 2922K [0x00000000c0000000, 0x00000000c2b00000, 0x00000000eab00000)
  object space 44032K, 6% used [0x00000000c0000000,0x00000000c02daaa0,0x00000000c2b00000)
 Metaspace       used 6237K, capacity 7090K, committed 7296K, reserved 1056768K
  class space    used 604K, capacity 618K, committed 640K, reserved 1048576K
Event: 7.267 GC heap after
Heap after GC invocations=3 (full 0):
 PSYoungGen      total 35328K, used 2537K [0x00000000eab00000, 0x00000000ef000000, 0x0000000100000000)
  eden space 32768K, 0% used [0x00000000eab00000,0x00000000eab00000,0x00000000ecb00000)
  from space 2560K, 99% used [0x00000000ecb00000,0x00000000ecd7a590,0x00000000ecd80000)
  to   space 2560K, 0% used [0x00000000eed80000,0x00000000eed80000,0x00000000ef000000)
 ParOldGen       total 44032K, used 7679K [0x00000000c0000000, 0x00000000c2b00000, 0x00000000eab00000)
  object space 44032K, 17% used [0x00000000c0000000,0x00000000c077ffd0,0x00000000c2b00000)
 Metaspace       used 6237K, capacity 7090K, committed 7296K, reserved 1056768K
  class space    used 604K, capacity 618K, committed 640K, reserved 1048576K
}
Event: 10.087 GC heap before
{Heap before GC invocations=4 (full 0):
 PSYoungGen      total 35328K, used 35305K [0x00000000eab00000, 0x00000000ef000000, 0x0000000100000000)
  eden space 32768K, 100% used [0x00000000eab00000,0x00000000ecb00000,0x00000000ecb00000)
  from space 2560K, 99% used [0x00000000ecb00000,0x00000000ecd7a590,0x00000000ecd80000)
  to   space 2560K, 0% used [0x00000000eed80000,0x00000000eed80000,0x00000000ef000000)
 ParOldGen       total 44032K, used 7679K [0x00000000c0000000, 0x00000000c2b00000, 0x00000000eab00000)
  object space 44032K, 17% used [0x00000000c0000000,0x00000000c077ffd0,0x00000000c2b00000)
 Metaspace       used 6293K, capacity 7090K, committed 7296K, reserved 1056768K
  class space    used 604K, capacity 618K, committed 640K, reserved 1048576K
Event: 10.268 GC heap after
Heap after GC invocations=4 (full 0):
 PSYoungGen      total 68096K, used 2554K [0x00000000eab00000, 0x00000000ef000000, 0x0000000100000000)
  eden space 65536K, 0% used [0x00000000eab00000,0x00000000eab00000,0x00000000eeb00000)
  from space 2560K, 99% used [0x00000000eed80000,0x00000000eeffe8d0,0x00000000ef000000)
  to   space 2560K, 0% used [0x00000000eeb00000,0x00000000eeb00000,0x00000000eed80000)
 ParOldGen       total 44032K, used 12588K [0x00000000c0000000, 0x00000000c2b00000, 0x00000000eab00000)
  object space 44032K, 28% used [0x00000000c0000000,0x00000000c0c4b068,0x00000000c2b00000)
 Metaspace       used 6293K, capacity 7090K, committed 7296K, reserved 1056768K
  class space    used 604K, capacity 618K, committed 640K, reserved 1048576K
}

Deoptimization events (10 events):
Event: 9.627 Thread 0x00000000565a0000 Uncommon trap: reason=class_check action=maybe_recompile pc=0x00000000029895cc method=com.android.dx.rop.code.RegisterSpec.withSimpleType()Lcom/android/dx/rop/code/RegisterSpec; @ 21
Event: 9.939 Thread 0x00000000565a0000 Uncommon trap: reason=class_check action=maybe_recompile pc=0x00000000029895cc method=com.android.dx.rop.code.RegisterSpec.withSimpleType()Lcom/android/dx/rop/code/RegisterSpec; @ 21
Event: 9.941 Thread 0x00000000565a0000 Uncommon trap: reason=class_check action=maybe_recompile pc=0x00000000029895cc method=com.android.dx.rop.code.RegisterSpec.withSimpleType()Lcom/android/dx/rop/code/RegisterSpec; @ 21
Event: 9.987 Thread 0x00000000565a0000 Uncommon trap: reason=unstable_if action=reinterpret pc=0x00000000029268b8 method=com.android.dx.ssa.SCCP.simulateStmt(Lcom/android/dx/ssa/SsaInsn;)V @ 53
Event: 10.557 Thread 0x0000000056507000 Uncommon trap: reason=unstable_if action=reinterpret pc=0x00000000028116ac method=com.android.dx.util.IntList.binarysearch(I)I @ 105
Event: 10.557 Thread 0x0000000056507000 Uncommon trap: reason=unstable_if action=reinterpret pc=0x0000000002a77d84 method=com.android.dx.ssa.SsaBasicBlock.newFromRop(Lcom/android/dx/rop/code/RopMethod;ILcom/android/dx/ssa/SsaMethod;)Lcom/android/dx/ssa/SsaBasicBlock; @ 164
Event: 10.558 Thread 0x0000000056507000 Uncommon trap: reason=unstable_if action=reinterpret pc=0x0000000002a93e28 method=com.android.dx.ssa.SsaMethod.blockIndexToRopLabel(I)I @ 1
Event: 10.644 Thread 0x0000000056507000 Uncommon trap: reason=unstable_if action=reinterpret pc=0x00000000029e2814 method=com.android.dx.ssa.LiteralOpUpgrader$1.visitNonMoveInsn(Lcom/android/dx/ssa/NormalSsaInsn;)V @ 55
Event: 10.644 Thread 0x0000000056507000 Uncommon trap: reason=unstable_if action=reinterpret pc=0x00000000028175cc method=com.android.dx.ssa.SsaMethod.updateOneDefinition(Lcom/android/dx/ssa/SsaInsn;Lcom/android/dx/rop/code/RegisterSpec;)V @ 4
Event: 10.664 Thread 0x0000000056591000 Uncommon trap: reason=unstable_if action=reinterpret pc=0x0000000002b4a2d8 method=com.android.dx.cf.code.RopperMachine.run(Lcom/android/dx/cf/code/Frame;II)V @ 1500

Internal exceptions (3 events):
Event: 0.158 Thread 0x0000000001f58000 Exception <a 'java/lang/NoSuchMethodError': Method sun.misc.Unsafe.defineClass(Ljava/lang/String;[BII)Ljava/lang/Class; name or signature does not match> (0x00000000eab07cc0) thrown at [C:\re\workspace\8-2-build-windows-amd64-cygwin\jdk8u91\7017\hotspot\srÒÆZ›8Ä?
Event: 0.158 Thread 0x0000000001f58000 Exception <a 'java/lang/NoSuchMethodError': Method sun.misc.Unsafe.prefetchRead(Ljava/lang/Object;J)V name or signature does not match> (0x00000000eab07fa8) thrown at [C:\re\workspace\8-2-build-windows-amd64-cygwin\jdk8u91\7017\hotspot\src\share\vm\prims\j×KéäÐi@
Event: 4.353 Thread 0x00000000565a0000 Implicit null exception at 0x0000000002703df2 to 0x0000000002705e31

Events (10 events):
Event: 10.683 Thread 0x00000000565a0000 DEOPT PACKING pc=0x000000000282eae6 sp=0x000000005742e5a0
Event: 10.683 Thread 0x00000000565a0000 DEOPT UNPACKING pc=0x000000000243787f sp=0x000000005742e3e0 mode 0
Event: 10.688 Thread 0x00000000565a0000 DEOPT PACKING pc=0x00000000028a8503 sp=0x000000005742e850
Event: 10.688 Thread 0x00000000565a0000 DEOPT UNPACKING pc=0x000000000243787f sp=0x000000005742e5a0 mode 0
Event: 10.731 Thread 0x00000000565a0000 DEOPT PACKING pc=0x000000000282eae6 sp=0x000000005742e5a0
Event: 10.731 Thread 0x00000000565a0000 DEOPT UNPACKING pc=0x000000000243787f sp=0x000000005742e3e0 mode 0
Event: 11.347 Thread 0x00000000565a0000 DEOPT PACKING pc=0x000000000282eae6 sp=0x000000005742e5a0
Event: 11.347 Thread 0x00000000565a0000 DEOPT UNPACKING pc=0x000000000243787f sp=0x000000005742e3e0 mode 0
Event: 11.769 loading class com/android/dx/cf/iface/ParseObserver
Event: 11.769 loading class com/android/dx/cf/iface/ParseObserver done


Dynamic libraries:
0x000000013f4e0000 - 0x000000013f517000 	C:\Program Files\Java\jdk1.8.0_91\bin\java.exe
0x0000000076db0000 - 0x0000000076f5a000 	C:\Windows\SYSTEM32\ntdll.dll
0x0000000076b90000 - 0x0000000076caf000 	C:\Windows\system32\kernel32.dll
0x000007fefcb00000 - 0x000007fefcb6a000 	C:\Windows\system32\KERNELBASE.dll
0x000007fefdff0000 - 0x000007fefe0cb000 	C:\Windows\system32\ADVAPI32.dll
0x000007fefd420000 - 0x000007fefd4bf000 	C:\Windows\system32\msvcrt.dll
0x000007fefe0d0000 - 0x000007fefe0ef000 	C:\Windows\SYSTEM32\sechost.dll
0x000007fefceb0000 - 0x000007fefcfdd000 	C:\Windows\system32\RPCRT4.dll
0x0000000076cb0000 - 0x0000000076daa000 	C:\Windows\system32\USER32.dll
0x000007fefdbe0000 - 0x000007fefdc47000 	C:\Windows\system32\GDI32.dll
0x000007fefd9a0000 - 0x000007fefd9ae000 	C:\Windows\system32\LPK.dll
0x000007fefde50000 - 0x000007fefdf1a000 	C:\Windows\system32\USP10.dll
0x000007fefbb50000 - 0x000007fefbd44000 	C:\Windows\WinSxS\amd64_microsoft.windows.common-controls_6595b64144ccf1df_6.0.7601.17514_none_fa396087175ac9ac\COMCTL32.dll
0x000007fefdf70000 - 0x000007fefdfe1000 	C:\Windows\system32\SHLWAPI.dll
0x000007fefdf20000 - 0x000007fefdf4e000 	C:\Windows\system32\IMM32.DLL
0x000007fefcfe0000 - 0x000007fefd0e9000 	C:\Windows\system32\MSCTF.dll
0x0000000071aa0000 - 0x0000000071b72000 	C:\Program Files\Java\jdk1.8.0_91\jre\bin\msvcr100.dll
0x00000000732f0000 - 0x0000000073b83000 	C:\Program Files\Java\jdk1.8.0_91\jre\bin\server\jvm.dll
0x000007fef06d0000 - 0x000007fef06d9000 	C:\Windows\system32\WSOCK32.dll
0x000007fefd3d0000 - 0x000007fefd41d000 	C:\Windows\system32\WS2_32.dll
0x000007fefcea0000 - 0x000007fefcea8000 	C:\Windows\system32\NSI.dll
0x000007fefa400000 - 0x000007fefa43b000 	C:\Windows\system32\WINMM.dll
0x000007fefb840000 - 0x000007fefb84c000 	C:\Windows\system32\VERSION.dll
0x0000000076f80000 - 0x0000000076f87000 	C:\Windows\system32\PSAPI.DLL
0x0000000073dd0000 - 0x0000000073ddf000 	C:\Program Files\Java\jdk1.8.0_91\jre\bin\verify.dll
0x0000000073c40000 - 0x0000000073c69000 	C:\Program Files\Java\jdk1.8.0_91\jre\bin\java.dll
0x0000000073db0000 - 0x0000000073dc6000 	C:\Program Files\Java\jdk1.8.0_91\jre\bin\zip.dll
0x000007fefe330000 - 0x000007feff0b8000 	C:\Windows\system32\SHELL32.dll
0x000007fefd790000 - 0x000007fefd993000 	C:\Windows\system32\ole32.dll
0x000007fefcaf0000 - 0x000007fefcaff000 	C:\Windows\system32\profapi.dll

VM Arguments:
jvm_args: -Djava.awt.headless=true -Xmx1024M -Dfile.encoding=windows-1256 -Duser.country=US -Duser.language=en -Duser.variant 
java_command: com.android.dx.command.Main --dex --force-jumbo --num-threads=4 --output E:\User\AndroidStudioProjects\SimpleFlickrClient\app\build\intermediates\pre-dexed\debug\com.android.support-appcompat-v7-24.0.0_a3be1b6decfba4033cb89ed6a9a4aa57dd78d5dd.jar E:\User\AndroidStudioProjects\SimpleFlickrClient\app\build\intermediates\exploded-aar\com.android.support\appcompat-v7\24.0.0\jars\classes.jar
java_class_path (initial): E:\User\AppData\Local\Android\sdk\build-tools\24.0.0\lib\dx.jar
Launcher Type: SUN_STANDARD

Environment Variables:
PATH=C:\oracle\product\10.2.0\db_2\bin;C:\oracle\product\10.2.0\db_1\bin;C:\ProgramData\Oracle\Java\javapath;C:\Windows\System32;C:\Windows\SysWOW64;C:\opencv248\build\x86\vc10\bin;C:\Python27;C:\Program Files (x86)\CodeBlocks\MinGW\bin;E:\programs\Matlab\R2013a\bin;C:\Program Files\IVI Foundation\VISA\Win64\Bin\;C:\Program Files (x86)\IVI Foundation\VISA\WinNT\Bin\;C:\Program Files (x86)\IVI Foundation\VISA\WinNT\Bin;C:\Program Files (x86)\Tesseract-OCR;E:\User\AppData\Local\Android\sdk\tools\lib;E:\Program Files\Git\cmd;E:\User\AppData\Local\Android\sdk\platform-tools;E:\Program Files\nodejs\;C:\Program Files\Canopy\User;C:\Program Files\Canopy\User\Scripts;C:\Users\user\AppData\Roaming\npm
USERNAME=user
OS=Windows_NT
PROCESSOR_IDENTIFIER=Intel64 Family 6 Model 58 Stepping 9, GenuineIntel



---------------  S Y S T E M  ---------------

OS: Windows 7 , 64 bit Build 7601 (6.1.7601.23572)

CPU:total 4 (2 cores per cpu, 2 threads per core) family 6 model 58 stepping 9, cmov, cx8, fxsr, mmx, sse, sse2, sse3, ssse3, sse4.1, sse4.2, popcnt, avx, aes, clmul, erms, ht, tsc, tscinvbit, tscinv

Memory: 4k page, physical 4094316k(128456k free), swap 5628456k(5624k free)

vm_info: Java HotSpot(TM) 64-Bit Server VM (25.91-b15) for windows-amd64 JRE (1.8.0_91-b15), built on May 20 2016 17:43:15 by "java_re" with MS VC++ 10.0 (VS2010)

time: Tue Aug 08 19:20:38 2017
elapsed time: 15 seconds (0d 0h 0m 15s)

