#
# There is insufficient memory for the Java Runtime Environment to continue.
# Native memory allocation (malloc) failed to allocate 166096 bytes for Chunk::new
# Possible reasons:
#   The system is out of physical RAM or swap space
#   In 32 bit mode, the process size limit was hit
# Possible solutions:
#   Reduce memory load on the system
#   Increase physical memory or swap space
#   Check if swap backing store is full
#   Use 64 bit Java on a 64 bit OS
#   Decrease Java heap size (-Xmx/-Xms)
#   Decrease number of Java threads
#   Decrease Java thread stack sizes (-Xss)
#   Set larger code cache with -XX:ReservedCodeCacheSize=
# This output file may be truncated or incomplete.
#
#  Out of Memory Error (allocation.cpp:390), pid=9204, tid=9748
#
# JRE version: Java(TM) SE Runtime Environment (8.0_91-b15) (build 1.8.0_91-b15)
# Java VM: Java HotSpot(TM) 64-Bit Server VM (25.91-b15 mixed mode windows-amd64 compressed oops)
# Failed to write core dump. Minidumps are not enabled by default on client versions of Windows
#

---------------  T H R E A D  ---------------

Current thread (0x0000000054d6b000):  JavaThread "C2 CompilerThread1" daemon [_thread_in_native, id=9748, stack(0x0000000056a50000,0x0000000056b50000)]

Stack: [0x0000000056a50000,0x0000000056b50000]
[error occurred during error reporting (printing stack bounds), id 0xc0000005]

Native frames: (J=compiled Java code, j=interpreted, Vv=VM code, C=native code)


Current CompileTask:
C2:  18678 1981       4       com.android.dx.rop.code.LocalVariableExtractor::processBlock (327 bytes)


---------------  P R O C E S S  ---------------

Java Threads: ( => current thread )
  0x000000005657f800 JavaThread "pool-1-thread-4" [_thread_blocked, id=9372, stack(0x0000000057c50000,0x0000000057d50000)]
  0x000000005657f000 JavaThread "pool-1-thread-3" [_thread_blocked, id=9460, stack(0x0000000057b40000,0x0000000057c40000)]
  0x00000000564a0000 JavaThread "pool-1-thread-2" [_thread_blocked, id=9912, stack(0x0000000056da0000,0x0000000056ea0000)]
  0x000000005649d800 JavaThread "pool-2-thread-1" [_thread_blocked, id=9896, stack(0x00000000579a0000,0x0000000057aa0000)]
  0x00000000565ef000 JavaThread "pool-1-thread-1" [_thread_blocked, id=9880, stack(0x00000000577d0000,0x00000000578d0000)]
  0x00000000562ae800 JavaThread "Service Thread" daemon [_thread_blocked, id=9852, stack(0x0000000056b70000,0x0000000056c70000)]
  0x0000000056288800 JavaThread "C1 CompilerThread2" daemon [_thread_blocked, id=9724, stack(0x0000000056c90000,0x0000000056d90000)]
=>0x0000000054d6b000 JavaThread "C2 CompilerThread1" daemon [_thread_in_native, id=9748, stack(0x0000000056a50000,0x0000000056b50000)]
  0x0000000056237000 JavaThread "C2 CompilerThread0" daemon [_thread_blocked, id=9672, stack(0x0000000056660000,0x0000000056760000)]
  0x0000000056234800 JavaThread "Attach Listener" daemon [_thread_blocked, id=9620, stack(0x00000000568c0000,0x00000000569c0000)]
  0x0000000054d5d800 JavaThread "Signal Dispatcher" daemon [_thread_blocked, id=9928, stack(0x0000000056780000,0x0000000056880000)]
  0x0000000054d49000 JavaThread "Finalizer" daemon [_thread_blocked, id=500, stack(0x0000000056130000,0x0000000056230000)]
  0x0000000054d02000 JavaThread "Reference Handler" daemon [_thread_blocked, id=7204, stack(0x0000000055fe0000,0x00000000560e0000)]
  0x0000000001ec8000 JavaThread "main" [_thread_blocked, id=9012, stack(0x0000000002360000,0x0000000002460000)]

Other Threads:
  0x0000000054cfa800 VMThread [stack: 0x0000000055da0000,0x0000000055ea0000] [id=8420]
  0x00000000562b5800 WatcherThread [stack: 0x0000000056eb0000,0x0000000056fb0000] [id=9980]

VM state:not at safepoint (normal execution)

VM Mutex/Monitor currently owned by a thread: None

Heap:
 PSYoungGen      total 68096K, used 20942K [0x00000000eab00000, 0x00000000ef000000, 0x0000000100000000)
  eden space 65536K, 28% used [0x00000000eab00000,0x00000000ebcf3bb0,0x00000000eeb00000)
  from space 2560K, 100% used [0x00000000eed80000,0x00000000ef000000,0x00000000ef000000)
  to   space 2560K, 0% used [0x00000000eeb00000,0x00000000eeb00000,0x00000000eed80000)
 ParOldGen       total 44032K, used 13189K [0x00000000c0000000, 0x00000000c2b00000, 0x00000000eab00000)
  object space 44032K, 29% used [0x00000000c0000000,0x00000000c0ce14b0,0x00000000c2b00000)
 Metaspace       used 6355K, capacity 7154K, committed 7296K, reserved 1056768K
  class space    used 604K, capacity 618K, committed 640K, reserved 1048576K

Card table byte_map: [0x0000000011af0000,0x0000000011d00000] byte_map_base: 0x00000000114f0000

Marking Bits: (ParMarkBitMap*) 0x000000006ba52f70
 Begin Bits: [0x0000000012170000, 0x0000000013170000)
 End Bits:   [0x0000000013170000, 0x0000000014170000)

Polling page: 0x0000000000110000

CodeCache: size=245760Kb used=8426Kb max_used=8458Kb free=237333Kb
 bounds [0x0000000002730000, 0x0000000002f80000, 0x0000000011730000]
 total_blobs=2204 nmethods=1936 adapters=180
 compilation: enabled

Compilation events (10 events):
Event: 17.059 Thread 0x0000000056237000 nmethod 1976 0x0000000002f421d0 code [0x0000000002f42300, 0x0000000002f423b8]
Event: 17.232 Thread 0x0000000054d6b000 1977       4       com.android.dx.cf.code.Simulator$SimVisitor::visitConstant (332 bytes)
Event: 17.956 Thread 0x0000000054d6b000 nmethod 1977 0x0000000002f6a4d0 code [0x0000000002f6aca0, 0x0000000002f73f98]
Event: 18.272 Thread 0x0000000056237000 1978       4       com.android.dx.rop.code.BasicBlockList$RegCountVisitor::visitPlainCstInsn (6 bytes)
Event: 18.272 Thread 0x0000000056288800 1979       3       com.android.dx.rop.type.StdTypeList::getWordCount (33 bytes)
Event: 18.273 Thread 0x0000000056288800 nmethod 1979 0x0000000002f417d0 code [0x0000000002f41960, 0x0000000002f41f98]
Event: 18.279 Thread 0x0000000056237000 nmethod 1978 0x0000000002f4c110 code [0x0000000002f4c280, 0x0000000002f4c538]
Event: 18.299 Thread 0x0000000054d6b000 1980   !   4       com.android.dx.cf.direct.AttributeFactory::parse (248 bytes)
Event: 18.309 Thread 0x0000000054d6b000 nmethod 1980 0x0000000002f4d150 code [0x0000000002f4d2e0, 0x0000000002f4dbd8]
Event: 18.549 Thread 0x0000000054d6b000 1981       4       com.android.dx.rop.code.LocalVariableExtractor::processBlock (327 bytes)

GC Heap History (8 events):
Event: 1.020 GC heap before
{Heap before GC invocations=1 (full 0):
 PSYoungGen      total 18944K, used 16384K [0x00000000eab00000, 0x00000000ec000000, 0x0000000100000000)
  eden space 16384K, 100% used [0x00000000eab00000,0x00000000ebb00000,0x00000000ebb00000)
  from space 2560K, 0% used [0x00000000ebd80000,0x00000000ebd80000,0x00000000ec000000)
  to   space 2560K, 0% used [0x00000000ebb00000,0x00000000ebb00000,0x00000000ebd80000)
 ParOldGen       total 44032K, used 0K [0x00000000c0000000, 0x00000000c2b00000, 0x00000000eab00000)
  object space 44032K, 0% used [0x00000000c0000000,0x00000000c0000000,0x00000000c2b00000)
 Metaspace       used 5452K, capacity 6448K, committed 6528K, reserved 1056768K
  class space    used 591K, capacity 616K, committed 640K, reserved 1048576K
Event: 1.257 GC heap after
Heap after GC invocations=1 (full 0):
 PSYoungGen      total 18944K, used 2548K [0x00000000eab00000, 0x00000000ed000000, 0x0000000100000000)
  eden space 16384K, 0% used [0x00000000eab00000,0x00000000eab00000,0x00000000ebb00000)
  from space 2560K, 99% used [0x00000000ebb00000,0x00000000ebd7d248,0x00000000ebd80000)
  to   space 2560K, 0% used [0x00000000ecd80000,0x00000000ecd80000,0x00000000ed000000)
 ParOldGen       total 44032K, used 726K [0x00000000c0000000, 0x00000000c2b00000, 0x00000000eab00000)
  object space 44032K, 1% used [0x00000000c0000000,0x00000000c00b5bf0,0x00000000c2b00000)
 Metaspace       used 5452K, capacity 6448K, committed 6528K, reserved 1056768K
  class space    used 591K, capacity 616K, committed 640K, reserved 1048576K
}
Event: 2.509 GC heap before
{Heap before GC invocations=2 (full 0):
 PSYoungGen      total 18944K, used 18932K [0x00000000eab00000, 0x00000000ed000000, 0x0000000100000000)
  eden space 16384K, 100% used [0x00000000eab00000,0x00000000ebb00000,0x00000000ebb00000)
  from space 2560K, 99% used [0x00000000ebb00000,0x00000000ebd7d248,0x00000000ebd80000)
  to   space 2560K, 0% used [0x00000000ecd80000,0x00000000ecd80000,0x00000000ed000000)
 ParOldGen       total 44032K, used 726K [0x00000000c0000000, 0x00000000c2b00000, 0x00000000eab00000)
  object space 44032K, 1% used [0x00000000c0000000,0x00000000c00b5bf0,0x00000000c2b00000)
 Metaspace       used 5865K, capacity 6770K, committed 7040K, reserved 1056768K
  class space    used 601K, capacity 618K, committed 640K, reserved 1048576K
Event: 2.726 GC heap after
Heap after GC invocations=2 (full 0):
 PSYoungGen      total 35328K, used 2528K [0x00000000eab00000, 0x00000000ed000000, 0x0000000100000000)
  eden space 32768K, 0% used [0x00000000eab00000,0x00000000eab00000,0x00000000ecb00000)
  from space 2560K, 98% used [0x00000000ecd80000,0x00000000ecff8048,0x00000000ed000000)
  to   space 2560K, 0% used [0x00000000ecb00000,0x00000000ecb00000,0x00000000ecd80000)
 ParOldGen       total 44032K, used 2765K [0x00000000c0000000, 0x00000000c2b00000, 0x00000000eab00000)
  object space 44032K, 6% used [0x00000000c0000000,0x00000000c02b36c0,0x00000000c2b00000)
 Metaspace       used 5865K, capacity 6770K, committed 7040K, reserved 1056768K
  class space    used 601K, capacity 618K, committed 640K, reserved 1048576K
}
Event: 8.650 GC heap before
{Heap before GC invocations=3 (full 0):
 PSYoungGen      total 35328K, used 35296K [0x00000000eab00000, 0x00000000ed000000, 0x0000000100000000)
  eden space 32768K, 100% used [0x00000000eab00000,0x00000000ecb00000,0x00000000ecb00000)
  from space 2560K, 98% used [0x00000000ecd80000,0x00000000ecff8048,0x00000000ed000000)
  to   space 2560K, 0% used [0x00000000ecb00000,0x00000000ecb00000,0x00000000ecd80000)
 ParOldGen       total 44032K, used 2765K [0x00000000c0000000, 0x00000000c2b00000, 0x00000000eab00000)
  object space 44032K, 6% used [0x00000000c0000000,0x00000000c02b36c0,0x00000000c2b00000)
 Metaspace       used 6255K, capacity 7090K, committed 7296K, reserved 1056768K
  class space    used 603K, capacity 618K, committed 640K, reserved 1048576K
Event: 8.694 GC heap after
Heap after GC invocations=3 (full 0):
 PSYoungGen      total 35328K, used 2560K [0x00000000eab00000, 0x00000000ef000000, 0x0000000100000000)
  eden space 32768K, 0% used [0x00000000eab00000,0x00000000eab00000,0x00000000ecb00000)
  from space 2560K, 100% used [0x00000000ecb00000,0x00000000ecd80000,0x00000000ecd80000)
  to   space 2560K, 0% used [0x00000000eed80000,0x00000000eed80000,0x00000000ef000000)
 ParOldGen       total 44032K, used 7732K [0x00000000c0000000, 0x00000000c2b00000, 0x00000000eab00000)
  object space 44032K, 17% used [0x00000000c0000000,0x00000000c078d1e8,0x00000000c2b00000)
 Metaspace       used 6255K, capacity 7090K, committed 7296K, reserved 1056768K
  class space    used 603K, capacity 618K, committed 640K, reserved 1048576K
}
Event: 13.734 GC heap before
{Heap before GC invocations=4 (full 0):
 PSYoungGen      total 35328K, used 35328K [0x00000000eab00000, 0x00000000ef000000, 0x0000000100000000)
  eden space 32768K, 100% used [0x00000000eab00000,0x00000000ecb00000,0x00000000ecb00000)
  from space 2560K, 100% used [0x00000000ecb00000,0x00000000ecd80000,0x00000000ecd80000)
  to   space 2560K, 0% used [0x00000000eed80000,0x00000000eed80000,0x00000000ef000000)
 ParOldGen       total 44032K, used 7732K [0x00000000c0000000, 0x00000000c2b00000, 0x00000000eab00000)
  object space 44032K, 17% used [0x00000000c0000000,0x00000000c078d1e8,0x00000000c2b00000)
 Metaspace       used 6350K, capacity 7154K, committed 7296K, reserved 1056768K
  class space    used 604K, capacity 618K, committed 640K, reserved 1048576K
Event: 14.041 GC heap after
Heap after GC invocations=4 (full 0):
 PSYoungGen      total 68096K, used 2560K [0x00000000eab00000, 0x00000000ef000000, 0x0000000100000000)
  eden space 65536K, 0% used [0x00000000eab00000,0x00000000eab00000,0x00000000eeb00000)
  from space 2560K, 100% used [0x00000000eed80000,0x00000000ef000000,0x00000000ef000000)
  to   space 2560K, 0% used [0x00000000eeb00000,0x00000000eeb00000,0x00000000eed80000)
 ParOldGen       total 44032K, used 13189K [0x00000000c0000000, 0x00000000c2b00000, 0x00000000eab00000)
  object space 44032K, 29% used [0x00000000c0000000,0x00000000c0ce14b0,0x00000000c2b00000)
 Metaspace       used 6350K, capacity 7154K, committed 7296K, reserved 1056768K
  class space    used 604K, capacity 618K, committed 640K, reserved 1048576K
}

Deoptimization events (10 events):
Event: 9.828 Thread 0x00000000565ef000 Uncommon trap: reason=unstable_if action=reinterpret pc=0x0000000002e0a47c method=com.android.dx.rop.code.RegisterSpecSet.<init>(I)V @ 2
Event: 9.828 Thread 0x00000000565ef000 Uncommon trap: reason=unstable_if action=reinterpret pc=0x0000000002c19868 method=com.android.dx.rop.code.RegisterSpecSet.<init>(I)V @ 2
Event: 11.889 Thread 0x000000005657f000 Uncommon trap: reason=bimorphic action=maybe_recompile pc=0x0000000002e83b3c method=com.android.dx.cf.code.RopperMachine.run(Lcom/android/dx/cf/code/Frame;II)V @ 988
Event: 11.890 Thread 0x000000005657f000 Uncommon trap: reason=unloaded action=reinterpret pc=0x0000000002b7a22c method=com.android.dx.ssa.LiteralOpUpgrader$1.visitNonMoveInsn(Lcom/android/dx/ssa/NormalSsaInsn;)V @ 72
Event: 11.891 Thread 0x000000005657f000 Uncommon trap: reason=unstable_if action=reinterpret pc=0x0000000002a6788c method=com.android.dx.ssa.SsaMethod.updateOneDefinition(Lcom/android/dx/ssa/SsaInsn;Lcom/android/dx/rop/code/RegisterSpec;)V @ 4
Event: 11.895 Thread 0x000000005657f000 Uncommon trap: reason=bimorphic action=maybe_recompile pc=0x0000000002c9e704 method=com.android.dx.ssa.SCCP.setLatticeValueTo(IILcom/android/dx/rop/cst/Constant;)Z @ 43
Event: 11.895 Thread 0x000000005657f000 Uncommon trap: reason=bimorphic action=maybe_recompile pc=0x0000000002c9e704 method=com.android.dx.ssa.SCCP.setLatticeValueTo(IILcom/android/dx/rop/cst/Constant;)Z @ 43
Event: 11.895 Thread 0x000000005657f000 Uncommon trap: reason=bimorphic action=maybe_recompile pc=0x0000000002c9e704 method=com.android.dx.ssa.SCCP.setLatticeValueTo(IILcom/android/dx/rop/cst/Constant;)Z @ 43
Event: 11.895 Thread 0x000000005657f000 Uncommon trap: reason=bimorphic action=maybe_recompile pc=0x0000000002c9e704 method=com.android.dx.ssa.SCCP.setLatticeValueTo(IILcom/android/dx/rop/cst/Constant;)Z @ 43
Event: 16.388 Thread 0x000000005657f000 Uncommon trap: reason=unstable_if action=reinterpret pc=0x0000000002ec2eb0 method=com.android.dx.cf.code.Merger.mergeType(Lcom/android/dx/rop/type/TypeBearer;Lcom/android/dx/rop/type/TypeBearer;)Lcom/android/dx/rop/type/TypeBearer; @ 45

Internal exceptions (3 events):
Event: 0.165 Thread 0x0000000001ec8000 Exception <a 'java/lang/NoSuchMethodError': Method sun.misc.Unsafe.defineClass(Ljava/lang/String;[BII)Ljava/lang/Class; name or signature does not match> (0x00000000eab07cc0) thrown at [C:\re\workspace\8-2-build-windows-amd64-cygwin\jdk8u91\7017\hotspot\srﬁX®ƒ≈?
Event: 0.165 Thread 0x0000000001ec8000 Exception <a 'java/lang/NoSuchMethodError': Method sun.misc.Unsafe.prefetchRead(Ljava/lang/Object;J)V name or signature does not match> (0x00000000eab07fa8) thrown at [C:\re\workspace\8-2-build-windows-amd64-cygwin\jdk8u91\7017\hotspot\src\share\vm\prims\jKÒ¡‰7G	@
Event: 3.160 Thread 0x00000000564a0000 Implicit null exception at 0x0000000002a6f4e0 to 0x0000000002a70019

Events (10 events):
Event: 12.331 Thread 0x00000000564a0000 DEOPT UNPACKING pc=0x000000000277787f sp=0x0000000056e9e2a0 mode 0
Event: 12.379 Thread 0x00000000564a0000 DEOPT PACKING pc=0x0000000002eb5d52 sp=0x0000000056e9e600
Event: 12.379 Thread 0x00000000564a0000 DEOPT UNPACKING pc=0x000000000277787f sp=0x0000000056e9e358 mode 0
Event: 13.734 Executing VM operation: ParallelGCFailedAllocation
Event: 14.041 Executing VM operation: ParallelGCFailedAllocation done
Event: 16.388 Thread 0x000000005657f000 Uncommon trap: trap_request=0xffffff65 fr.pc=0x0000000002ec2eb0
Event: 16.388 Thread 0x000000005657f000 DEOPT PACKING pc=0x0000000002ec2eb0 sp=0x0000000057c3e470
Event: 16.388 Thread 0x000000005657f000 DEOPT UNPACKING pc=0x000000000277582a sp=0x0000000057c3e400 mode 2
Event: 18.298 loading class com/android/dx/cf/iface/ParseObserver
Event: 18.298 loading class com/android/dx/cf/iface/ParseObserver done


Dynamic libraries:
0x000000013f8f0000 - 0x000000013f927000 	C:\Program Files\Java\jdk1.8.0_91\bin\java.exe
0x0000000077130000 - 0x00000000772da000 	C:\Windows\SYSTEM32\ntdll.dll
0x0000000076f10000 - 0x000000007702f000 	C:\Windows\system32\kernel32.dll
0x000007fefce80000 - 0x000007fefceea000 	C:\Windows\system32\KERNELBASE.dll
0x000007fefe080000 - 0x000007fefe15b000 	C:\Windows\system32\ADVAPI32.dll
0x000007feff080000 - 0x000007feff11f000 	C:\Windows\system32\msvcrt.dll
0x000007fefe160000 - 0x000007fefe17f000 	C:\Windows\SYSTEM32\sechost.dll
0x000007feff310000 - 0x000007feff43d000 	C:\Windows\system32\RPCRT4.dll
0x0000000077030000 - 0x000000007712a000 	C:\Windows\system32\USER32.dll
0x000007fefec20000 - 0x000007fefec87000 	C:\Windows\system32\GDI32.dll
0x000007fefea00000 - 0x000007fefea0e000 	C:\Windows\system32\LPK.dll
0x000007fefdfb0000 - 0x000007fefe07a000 	C:\Windows\system32\USP10.dll
0x000007fefbed0000 - 0x000007fefc0c4000 	C:\Windows\WinSxS\amd64_microsoft.windows.common-controls_6595b64144ccf1df_6.0.7601.17514_none_fa396087175ac9ac\COMCTL32.dll
0x000007fefed70000 - 0x000007fefede1000 	C:\Windows\system32\SHLWAPI.dll
0x000007fefebf0000 - 0x000007fefec1e000 	C:\Windows\system32\IMM32.DLL
0x000007fefea90000 - 0x000007fefeb99000 	C:\Windows\system32\MSCTF.dll
0x0000000073d90000 - 0x0000000073e62000 	C:\Program Files\Java\jdk1.8.0_91\jre\bin\msvcr100.dll
0x000000006b240000 - 0x000000006bad3000 	C:\Program Files\Java\jdk1.8.0_91\jre\bin\server\jvm.dll
0x000007fef3750000 - 0x000007fef3759000 	C:\Windows\system32\WSOCK32.dll
0x000007fefeba0000 - 0x000007fefebed000 	C:\Windows\system32\WS2_32.dll
0x000007fefefd0000 - 0x000007fefefd8000 	C:\Windows\system32\NSI.dll
0x000007fefae40000 - 0x000007fefae7b000 	C:\Windows\system32\WINMM.dll
0x000007fefbb90000 - 0x000007fefbb9c000 	C:\Windows\system32\VERSION.dll
0x0000000077300000 - 0x0000000077307000 	C:\Windows\system32\PSAPI.DLL
0x0000000074260000 - 0x000000007426f000 	C:\Program Files\Java\jdk1.8.0_91\jre\bin\verify.dll
0x0000000074230000 - 0x0000000074259000 	C:\Program Files\Java\jdk1.8.0_91\jre\bin\java.dll
0x0000000074210000 - 0x0000000074226000 	C:\Program Files\Java\jdk1.8.0_91\jre\bin\zip.dll
0x000007fefd220000 - 0x000007fefdfa8000 	C:\Windows\system32\SHELL32.dll
0x000007fefe450000 - 0x000007fefe653000 	C:\Windows\system32\ole32.dll
0x000007fefce60000 - 0x000007fefce6f000 	C:\Windows\system32\profapi.dll

VM Arguments:
jvm_args: -Djava.awt.headless=true -Xmx1024M -Dfile.encoding=windows-1256 -Duser.country=US -Duser.language=en -Duser.variant 
java_command: com.android.dx.command.Main --dex --force-jumbo --num-threads=4 --output E:\User\AndroidStudioProjects\SimpleFlickrClient\app\build\intermediates\pre-dexed\debug\internal_impl-24.0.0_e527b74ee5ac5b981af9b5f23f5af01e4cee1e5f.jar E:\User\AndroidStudioProjects\SimpleFlickrClient\app\build\intermediates\exploded-aar\com.android.support\support-v4\24.0.0\jars\libs\internal_impl-24.0.0.jar
java_class_path (initial): E:\User\AppData\Local\Android\sdk\build-tools\24.0.0\lib\dx.jar
Launcher Type: SUN_STANDARD

Environment Variables:
PATH=C:\oracle\product\10.2.0\db_2\bin;C:\oracle\product\10.2.0\db_1\bin;C:\ProgramData\Oracle\Java\javapath;C:\Windows\System32;C:\Windows\SysWOW64;C:\opencv248\build\x86\vc10\bin;C:\Python27;C:\Program Files (x86)\CodeBlocks\MinGW\bin;E:\programs\Matlab\R2013a\bin;C:\Program Files\IVI Foundation\VISA\Win64\Bin\;C:\Program Files (x86)\IVI Foundation\VISA\WinNT\Bin\;C:\Program Files (x86)\IVI Foundation\VISA\WinNT\Bin;C:\Program Files (x86)\Tesseract-OCR;E:\User\AppData\Local\Android\sdk\tools\lib;E:\Program Files\Git\cmd;E:\User\AppData\Local\Android\sdk\platform-tools;E:\Program Files\nodejs\;C:\Program Files\Canopy\User;C:\Program Files\Canopy\User\Scripts;C:\Users\user\AppData\Roaming\npm
USERNAME=user
OS=Windows_NT
PROCESSOR_IDENTIFIER=Intel64 Family 6 Model 58 Stepping 9, GenuineIntel



---------------  S Y S T E M  ---------------

OS: Windows 7 , 64 bit Build 7601 (6.1.7601.23572)

CPU:total 4 (2 cores per cpu, 2 threads per core) family 6 model 58 stepping 9, cmov, cx8, fxsr, mmx, sse, sse2, sse3, ssse3, sse4.1, sse4.2, popcnt, avx, aes, clmul, erms, ht, tsc, tscinvbit, tscinv

Memory: 4k page, physical 4094316k(81320k free), swap 5628456k(5064k free)

vm_info: Java HotSpot(TM) 64-Bit Server VM (25.91-b15) for windows-amd64 JRE (1.8.0_91-b15), built on May 20 2016 17:43:15 by "java_re" with MS VC++ 10.0 (VS2010)

time: Fri Aug 04 22:19:51 2017
elapsed time: 18 seconds (0d 0h 0m 18s)

