#
# There is insufficient memory for the Java Runtime Environment to continue.
# Native memory allocation (malloc) failed to allocate 53376 bytes for Chunk::new
# Possible reasons:
#   The system is out of physical RAM or swap space
#   In 32 bit mode, the process size limit was hit
# Possible solutions:
#   Reduce memory load on the system
#   Increase physical memory or swap space
#   Check if swap backing store is full
#   Use 64 bit Java on a 64 bit OS
#   Decrease Java heap size (-Xmx/-Xms)
#   Decrease number of Java threads
#   Decrease Java thread stack sizes (-Xss)
#   Set larger code cache with -XX:ReservedCodeCacheSize=
# This output file may be truncated or incomplete.
#
#  Out of Memory Error (allocation.cpp:390), pid=19912, tid=20592
#
# JRE version: Java(TM) SE Runtime Environment (8.0_91-b15) (build 1.8.0_91-b15)
# Java VM: Java HotSpot(TM) 64-Bit Server VM (25.91-b15 mixed mode windows-amd64 compressed oops)
# Failed to write core dump. Minidumps are not enabled by default on client versions of Windows
#

---------------  T H R E A D  ---------------

Current thread (0x0000000056407800):  JavaThread "C2 CompilerThread0" daemon [_thread_in_native, id=20592, stack(0x0000000056b80000,0x0000000056c80000)]

Stack: [0x0000000056b80000,0x0000000056c80000]
[error occurred during error reporting (printing stack bounds), id 0xc0000005]

Native frames: (J=compiled Java code, j=interpreted, Vv=VM code, C=native code)


Current CompileTask:
C2:   3282  397       4       java.util.HashMap::getNode (148 bytes)


---------------  P R O C E S S  ---------------

Java Threads: ( => current thread )
  0x0000000056748000 JavaThread "pool-1-thread-3" [_thread_new, id=20644, stack(0x0000000000000000,0x0000000000000000)]
  0x00000000566a9000 JavaThread "pool-1-thread-2" [_thread_in_vm, id=4312, stack(0x0000000055e60000,0x0000000055f60000)]
  0x0000000056620800 JavaThread "pool-2-thread-1" [_thread_blocked, id=20580, stack(0x00000000573a0000,0x00000000574a0000)]
  0x0000000056620000 JavaThread "pool-1-thread-1" [_thread_in_Java, id=21204, stack(0x00000000560a0000,0x00000000561a0000)]
  0x0000000054f7e000 JavaThread "Service Thread" daemon [_thread_blocked, id=20200, stack(0x0000000057060000,0x0000000057160000)]
  0x000000005640a800 JavaThread "C1 CompilerThread2" daemon [_thread_in_native, id=20904, stack(0x0000000056f20000,0x0000000057020000)]
  0x0000000056409800 JavaThread "C2 CompilerThread1" daemon [_thread_in_native, id=4308, stack(0x0000000056d50000,0x0000000056e50000)]
=>0x0000000056407800 JavaThread "C2 CompilerThread0" daemon [_thread_in_native, id=20592, stack(0x0000000056b80000,0x0000000056c80000)]
  0x0000000056402800 JavaThread "Attach Listener" daemon [_thread_blocked, id=2900, stack(0x0000000056a50000,0x0000000056b50000)]
  0x0000000054f6d800 JavaThread "Signal Dispatcher" daemon [_thread_blocked, id=20672, stack(0x00000000568f0000,0x00000000569f0000)]
  0x0000000054f54000 JavaThread "Finalizer" daemon [_thread_blocked, id=20820, stack(0x0000000056300000,0x0000000056400000)]
  0x0000000054f12800 JavaThread "Reference Handler" daemon [_thread_blocked, id=19264, stack(0x00000000561f0000,0x00000000562f0000)]
  0x0000000001e98000 JavaThread "main" [_thread_in_native, id=21316, stack(0x0000000002100000,0x0000000002200000)]

Other Threads:
  0x0000000054f0a800 VMThread [stack: 0x0000000055f70000,0x0000000056070000] [id=21396]
  0x00000000564c5800 WatcherThread [stack: 0x0000000057230000,0x0000000057330000] [id=20660]

VM state:not at safepoint (normal execution)

VM Mutex/Monitor currently owned by a thread: None

Heap:
 PSYoungGen      total 18944K, used 9520K [0x00000000eab00000, 0x00000000ec000000, 0x0000000100000000)
  eden space 16384K, 58% used [0x00000000eab00000,0x00000000eb44c280,0x00000000ebb00000)
  from space 2560K, 0% used [0x00000000ebd80000,0x00000000ebd80000,0x00000000ec000000)
  to   space 2560K, 0% used [0x00000000ebb00000,0x00000000ebb00000,0x00000000ebd80000)
 ParOldGen       total 44032K, used 0K [0x00000000c0000000, 0x00000000c2b00000, 0x00000000eab00000)
  object space 44032K, 0% used [0x00000000c0000000,0x00000000c0000000,0x00000000c2b00000)
 Metaspace       used 5265K, capacity 6384K, committed 6528K, reserved 1056768K
  class space    used 577K, capacity 616K, committed 640K, reserved 1048576K

Card table byte_map: [0x0000000011890000,0x0000000011aa0000] byte_map_base: 0x0000000011290000

Marking Bits: (ParMarkBitMap*) 0x0000000073b02f70
 Begin Bits: [0x0000000012380000, 0x0000000013380000)
 End Bits:   [0x0000000013380000, 0x0000000014380000)

Polling page: 0x0000000000110000

CodeCache: size=245760Kb used=1707Kb max_used=1718Kb free=244052Kb
 bounds [0x00000000024d0000, 0x0000000002740000, 0x00000000114d0000]
 total_blobs=611 nmethods=350 adapters=174
 compilation: enabled

Compilation events (10 events):
Event: 3.271 Thread 0x0000000056409800 nmethod 372 0x000000000267a050 code [0x000000000267a180, 0x000000000267a238]
Event: 3.271 Thread 0x0000000056409800  374       4       com.android.dx.rop.type.Type::getCategory (36 bytes)
Event: 3.271 Thread 0x000000005640a800 nmethod 347 0x0000000002679950 code [0x0000000002679ae0, 0x0000000002679e88]
Event: 3.271 Thread 0x000000005640a800  342   !   3       com.android.dx.cf.code.BytecodeArray::parseInstruction (2764 bytes)
Event: 3.271 Thread 0x0000000056407800 nmethod 370 0x000000000267bc90 code [0x000000000267bdc0, 0x000000000267be38]
Event: 3.271 Thread 0x0000000056409800 nmethod 374 0x0000000002679750 code [0x0000000002679880, 0x00000000026798f8]
Event: 3.277 Thread 0x0000000056409800  400       4       java.util.ArrayList$Itr::next (66 bytes)
Event: 3.277 Thread 0x0000000056407800  397       4       java.util.HashMap::getNode (148 bytes)
Event: 3.279 Thread 0x0000000056409800 nmethod 400 0x0000000002679390 code [0x00000000026794e0, 0x00000000026795f8]
Event: 3.279 Thread 0x0000000056409800  398   !   4       com.android.dx.util.FixedSizeList::get0 (47 bytes)

GC Heap History (0 events):
No events

Deoptimization events (0 events):
No events

Internal exceptions (2 events):
Event: 1.609 Thread 0x0000000001e98000 Exception <a 'java/lang/NoSuchMethodError': Method sun.misc.Unsafe.defineClass(Ljava/lang/String;[BII)Ljava/lang/Class; name or signature does not match> (0x00000000eab07cc0) thrown at [C:\re\workspace\8-2-build-windows-amd64-cygwin\jdk8u91\7017\hotspot\sr¶ú1]¾ù?
Event: 1.609 Thread 0x0000000001e98000 Exception <a 'java/lang/NoSuchMethodError': Method sun.misc.Unsafe.prefetchRead(Ljava/lang/Object;J)V name or signature does not match> (0x00000000eab07fa8) thrown at [C:\re\workspace\8-2-build-windows-amd64-cygwin\jdk8u91\7017\hotspot\src\share\vm\prims\j

Events (10 events):
Event: 3.231 loading class com/android/dx/rop/annotation/AnnotationsList done
Event: 3.231 loading class com/android/dx/dex/file/MethodIdItem
Event: 3.231 loading class com/android/dx/dex/file/MethodIdItem done
Event: 3.231 loading class com/android/dx/cf/code/SwitchList
Event: 3.231 loading class com/android/dx/cf/code/SwitchList done
Event: 3.260 loading class com/android/dx/ssa/back/FirstFitLocalCombiningAllocator$Multiset
Event: 3.260 loading class com/android/dx/ssa/back/FirstFitLocalCombiningAllocator$Multiset done
Event: 3.263 loading class java/util/DualPivotQuicksort
Event: 3.263 loading class java/util/DualPivotQuicksort done
Event: 3.263 Thread 0x0000000056748000 Thread added: 0x0000000056748000


Dynamic libraries:
0x000000013f4e0000 - 0x000000013f517000 	C:\Program Files\Java\jdk1.8.0_91\bin\java.exe
0x0000000076db0000 - 0x0000000076f5a000 	C:\Windows\SYSTEM32\ntdll.dll
0x0000000076b90000 - 0x0000000076caf000 	C:\Windows\system32\kernel32.dll
0x000007fefcb00000 - 0x000007fefcb6a000 	C:\Windows\system32\KERNELBASE.dll
0x000007fefdff0000 - 0x000007fefe0cb000 	C:\Windows\system32\ADVAPI32.dll
0x000007fefd420000 - 0x000007fefd4bf000 	C:\Windows\system32\msvcrt.dll
0x000007fefe0d0000 - 0x000007fefe0ef000 	C:\Windows\SYSTEM32\sechost.dll
0x000007fefceb0000 - 0x000007fefcfdd000 	C:\Windows\system32\RPCRT4.dll
0x0000000076cb0000 - 0x0000000076daa000 	C:\Windows\system32\USER32.dll
0x000007fefdbe0000 - 0x000007fefdc47000 	C:\Windows\system32\GDI32.dll
0x000007fefd9a0000 - 0x000007fefd9ae000 	C:\Windows\system32\LPK.dll
0x000007fefde50000 - 0x000007fefdf1a000 	C:\Windows\system32\USP10.dll
0x000007fefbb50000 - 0x000007fefbd44000 	C:\Windows\WinSxS\amd64_microsoft.windows.common-controls_6595b64144ccf1df_6.0.7601.17514_none_fa396087175ac9ac\COMCTL32.dll
0x000007fefdf70000 - 0x000007fefdfe1000 	C:\Windows\system32\SHLWAPI.dll
0x000007fefdf20000 - 0x000007fefdf4e000 	C:\Windows\system32\IMM32.DLL
0x000007fefcfe0000 - 0x000007fefd0e9000 	C:\Windows\system32\MSCTF.dll
0x0000000071aa0000 - 0x0000000071b72000 	C:\Program Files\Java\jdk1.8.0_91\jre\bin\msvcr100.dll
0x00000000732f0000 - 0x0000000073b83000 	C:\Program Files\Java\jdk1.8.0_91\jre\bin\server\jvm.dll
0x000007fef06d0000 - 0x000007fef06d9000 	C:\Windows\system32\WSOCK32.dll
0x000007fefd3d0000 - 0x000007fefd41d000 	C:\Windows\system32\WS2_32.dll
0x000007fefcea0000 - 0x000007fefcea8000 	C:\Windows\system32\NSI.dll
0x000007fefa400000 - 0x000007fefa43b000 	C:\Windows\system32\WINMM.dll
0x000007fefb840000 - 0x000007fefb84c000 	C:\Windows\system32\VERSION.dll
0x0000000076f80000 - 0x0000000076f87000 	C:\Windows\system32\PSAPI.DLL
0x0000000073dd0000 - 0x0000000073ddf000 	C:\Program Files\Java\jdk1.8.0_91\jre\bin\verify.dll
0x0000000073c40000 - 0x0000000073c69000 	C:\Program Files\Java\jdk1.8.0_91\jre\bin\java.dll
0x0000000073db0000 - 0x0000000073dc6000 	C:\Program Files\Java\jdk1.8.0_91\jre\bin\zip.dll
0x000007fefe330000 - 0x000007feff0b8000 	C:\Windows\system32\SHELL32.dll
0x000007fefd790000 - 0x000007fefd993000 	C:\Windows\system32\ole32.dll
0x000007fefcaf0000 - 0x000007fefcaff000 	C:\Windows\system32\profapi.dll

VM Arguments:
jvm_args: -Djava.awt.headless=true -Xmx1024M -Dfile.encoding=windows-1256 -Duser.country=US -Duser.language=en -Duser.variant 
java_command: com.android.dx.command.Main --dex --force-jumbo --num-threads=4 --output E:\User\AndroidStudioProjects\SimpleFlickrClient\app\build\intermediates\pre-dexed\debug\main_c7c4182faa060f8c9080c2e989f4f60084d93661.jar E:\User\AndroidStudioProjects\SimpleFlickrClient\app\build\intermediates\transforms\instantRun\debug\folders\1\5\main
java_class_path (initial): E:\User\AppData\Local\Android\sdk\build-tools\24.0.0\lib\dx.jar
Launcher Type: SUN_STANDARD

Environment Variables:
PATH=C:\oracle\product\10.2.0\db_2\bin;C:\oracle\product\10.2.0\db_1\bin;C:\ProgramData\Oracle\Java\javapath;C:\Windows\System32;C:\Windows\SysWOW64;C:\opencv248\build\x86\vc10\bin;C:\Python27;C:\Program Files (x86)\CodeBlocks\MinGW\bin;E:\programs\Matlab\R2013a\bin;C:\Program Files\IVI Foundation\VISA\Win64\Bin\;C:\Program Files (x86)\IVI Foundation\VISA\WinNT\Bin\;C:\Program Files (x86)\IVI Foundation\VISA\WinNT\Bin;C:\Program Files (x86)\Tesseract-OCR;E:\User\AppData\Local\Android\sdk\tools\lib;E:\Program Files\Git\cmd;E:\User\AppData\Local\Android\sdk\platform-tools;E:\Program Files\nodejs\;C:\Program Files\Canopy\User;C:\Program Files\Canopy\User\Scripts;C:\Users\user\AppData\Roaming\npm
USERNAME=user
OS=Windows_NT
PROCESSOR_IDENTIFIER=Intel64 Family 6 Model 58 Stepping 9, GenuineIntel



---------------  S Y S T E M  ---------------

OS: Windows 7 , 64 bit Build 7601 (6.1.7601.23572)

CPU:total 4 (2 cores per cpu, 2 threads per core) family 6 model 58 stepping 9, cmov, cx8, fxsr, mmx, sse, sse2, sse3, ssse3, sse4.1, sse4.2, popcnt, avx, aes, clmul, erms, ht, tsc, tscinvbit, tscinv

Memory: 4k page, physical 4094316k(247080k free), swap 5628456k(5096k free)

vm_info: Java HotSpot(TM) 64-Bit Server VM (25.91-b15) for windows-amd64 JRE (1.8.0_91-b15), built on May 20 2016 17:43:15 by "java_re" with MS VC++ 10.0 (VS2010)

time: Tue Aug 08 19:08:02 2017
elapsed time: 3 seconds (0d 0h 0m 3s)

