#
# There is insufficient memory for the Java Runtime Environment to continue.
# Native memory allocation (malloc) failed to allocate 1120176 bytes for Chunk::new
# Possible reasons:
#   The system is out of physical RAM or swap space
#   In 32 bit mode, the process size limit was hit
# Possible solutions:
#   Reduce memory load on the system
#   Increase physical memory or swap space
#   Check if swap backing store is full
#   Use 64 bit Java on a 64 bit OS
#   Decrease Java heap size (-Xmx/-Xms)
#   Decrease number of Java threads
#   Decrease Java thread stack sizes (-Xss)
#   Set larger code cache with -XX:ReservedCodeCacheSize=
# This output file may be truncated or incomplete.
#
#  Out of Memory Error (allocation.cpp:390), pid=22128, tid=21808
#
# JRE version: Java(TM) SE Runtime Environment (8.0_91-b15) (build 1.8.0_91-b15)
# Java VM: Java HotSpot(TM) 64-Bit Server VM (25.91-b15 mixed mode windows-amd64 compressed oops)
# Failed to write core dump. Minidumps are not enabled by default on client versions of Windows
#

---------------  T H R E A D  ---------------

Current thread (0x0000000056145800):  JavaThread "C2 CompilerThread1" daemon [_thread_in_native, id=21808, stack(0x0000000056930000,0x0000000056a30000)]

Stack: [0x0000000056930000,0x0000000056a30000]
[error occurred during error reporting (printing stack bounds), id 0xc0000005]

Native frames: (J=compiled Java code, j=interpreted, Vv=VM code, C=native code)


Current CompileTask:
C2:   7421 1587       4       com.android.dx.dex.code.OutputFinisher::addConstants (93 bytes)


---------------  P R O C E S S  ---------------

Java Threads: ( => current thread )
  0x00000000561b2000 JavaThread "Service Thread" daemon [_thread_blocked, id=21592, stack(0x0000000056db0000,0x0000000056eb0000)]
  0x0000000056146800 JavaThread "C1 CompilerThread2" daemon [_thread_blocked, id=22224, stack(0x0000000056ae0000,0x0000000056be0000)]
=>0x0000000056145800 JavaThread "C2 CompilerThread1" daemon [_thread_in_native, id=21808, stack(0x0000000056930000,0x0000000056a30000)]
  0x0000000054c90000 JavaThread "C2 CompilerThread0" daemon [_thread_blocked, id=22244, stack(0x00000000566a0000,0x00000000567a0000)]
  0x0000000054c9f800 JavaThread "Attach Listener" daemon [_thread_blocked, id=21520, stack(0x00000000567c0000,0x00000000568c0000)]
  0x000000005614c000 JavaThread "Signal Dispatcher" daemon [_thread_blocked, id=22052, stack(0x0000000056560000,0x0000000056660000)]
  0x0000000054c79800 JavaThread "Finalizer" daemon [_thread_blocked, id=22004, stack(0x0000000055cc0000,0x0000000055dc0000)]
  0x0000000054c32800 JavaThread "Reference Handler" daemon [_thread_blocked, id=16340, stack(0x0000000056040000,0x0000000056140000)]
  0x0000000001da8000 JavaThread "main" [_thread_in_native, id=20812, stack(0x0000000001f40000,0x0000000002040000)]

Other Threads:
  0x0000000054c2a800 VMThread [stack: 0x0000000055dd0000,0x0000000055ed0000] [id=20952]
  0x00000000561b6800 WatcherThread [stack: 0x0000000056be0000,0x0000000056ce0000] [id=21648]

VM state:not at safepoint (normal execution)

VM Mutex/Monitor currently owned by a thread: None

Heap:
 PSYoungGen      total 35328K, used 5280K [0x00000000eab00000, 0x00000000ef000000, 0x0000000100000000)
  eden space 32768K, 8% used [0x00000000eab00000,0x00000000eadabda8,0x00000000ecb00000)
  from space 2560K, 99% used [0x00000000ecb00000,0x00000000ecd7c2d8,0x00000000ecd80000)
  to   space 2560K, 0% used [0x00000000eed80000,0x00000000eed80000,0x00000000ef000000)
 ParOldGen       total 44032K, used 8702K [0x00000000c0000000, 0x00000000c2b00000, 0x00000000eab00000)
  object space 44032K, 19% used [0x00000000c0000000,0x00000000c087fb60,0x00000000c2b00000)
 Metaspace       used 6645K, capacity 7480K, committed 7680K, reserved 1056768K
  class space    used 629K, capacity 688K, committed 768K, reserved 1048576K

Card table byte_map: [0x00000000117d0000,0x00000000119e0000] byte_map_base: 0x00000000111d0000

Marking Bits: (ParMarkBitMap*) 0x0000000073cf2f70
 Begin Bits: [0x00000000120a0000, 0x00000000130a0000)
 End Bits:   [0x00000000130a0000, 0x00000000140a0000)

Polling page: 0x00000000000a0000

CodeCache: size=245760Kb used=8132Kb max_used=8132Kb free=237627Kb
 bounds [0x0000000002410000, 0x0000000002c10000, 0x0000000011410000]
 total_blobs=2203 nmethods=1935 adapters=181
 compilation: enabled

Compilation events (10 events):
Event: 7.315 Thread 0x0000000056146800 nmethod 1953 0x0000000002c02790 code [0x0000000002c02940, 0x0000000002c02e08]
Event: 7.315 Thread 0x0000000054c90000 nmethod 1944 0x0000000002c047d0 code [0x0000000002c04900, 0x0000000002c049b8]
Event: 7.316 Thread 0x0000000054c90000 1954       4       com.android.dx.util.ByteArrayAnnotatedOutput::alignTo (69 bytes)
Event: 7.316 Thread 0x0000000056146800 1955       3       com.android.dx.util.ByteArrayAnnotatedOutput::write (9 bytes)
Event: 7.316 Thread 0x0000000056146800 nmethod 1955 0x0000000002c02350 code [0x0000000002c024c0, 0x0000000002c026c8]
Event: 7.316 Thread 0x0000000056146800 1956       3       com.android.dx.util.ByteArrayAnnotatedOutput::write (129 bytes)
Event: 7.317 Thread 0x0000000054c90000 nmethod 1954 0x0000000002c01fd0 code [0x0000000002c02120, 0x0000000002c02218]
Event: 7.317 Thread 0x0000000056146800 nmethod 1956 0x0000000002c062d0 code [0x0000000002c06560, 0x0000000002c07568]
Event: 7.317 Thread 0x0000000056146800 1957       3       com.android.dx.dex.file.DebugInfoItem::writeTo0 (58 bytes)
Event: 7.319 Thread 0x0000000056146800 nmethod 1957 0x0000000002c07dd0 code [0x0000000002c08120, 0x0000000002c09c48]

GC Heap History (6 events):
Event: 3.462 GC heap before
{Heap before GC invocations=1 (full 0):
 PSYoungGen      total 18944K, used 16384K [0x00000000eab00000, 0x00000000ec000000, 0x0000000100000000)
  eden space 16384K, 100% used [0x00000000eab00000,0x00000000ebb00000,0x00000000ebb00000)
  from space 2560K, 0% used [0x00000000ebd80000,0x00000000ebd80000,0x00000000ec000000)
  to   space 2560K, 0% used [0x00000000ebb00000,0x00000000ebb00000,0x00000000ebd80000)
 ParOldGen       total 44032K, used 0K [0x00000000c0000000, 0x00000000c2b00000, 0x00000000eab00000)
  object space 44032K, 0% used [0x00000000c0000000,0x00000000c0000000,0x00000000c2b00000)
 Metaspace       used 5889K, capacity 6768K, committed 7040K, reserved 1056768K
  class space    used 597K, capacity 616K, committed 640K, reserved 1048576K
Event: 3.700 GC heap after
Heap after GC invocations=1 (full 0):
 PSYoungGen      total 18944K, used 2535K [0x00000000eab00000, 0x00000000ed000000, 0x0000000100000000)
  eden space 16384K, 0% used [0x00000000eab00000,0x00000000eab00000,0x00000000ebb00000)
  from space 2560K, 99% used [0x00000000ebb00000,0x00000000ebd79c90,0x00000000ebd80000)
  to   space 2560K, 0% used [0x00000000ecd80000,0x00000000ecd80000,0x00000000ed000000)
 ParOldGen       total 44032K, used 1843K [0x00000000c0000000, 0x00000000c2b00000, 0x00000000eab00000)
  object space 44032K, 4% used [0x00000000c0000000,0x00000000c01ccfd8,0x00000000c2b00000)
 Metaspace       used 5889K, capacity 6768K, committed 7040K, reserved 1056768K
  class space    used 597K, capacity 616K, committed 640K, reserved 1048576K
}
Event: 4.580 GC heap before
{Heap before GC invocations=2 (full 0):
 PSYoungGen      total 18944K, used 18919K [0x00000000eab00000, 0x00000000ed000000, 0x0000000100000000)
  eden space 16384K, 100% used [0x00000000eab00000,0x00000000ebb00000,0x00000000ebb00000)
  from space 2560K, 99% used [0x00000000ebb00000,0x00000000ebd79c90,0x00000000ebd80000)
  to   space 2560K, 0% used [0x00000000ecd80000,0x00000000ecd80000,0x00000000ed000000)
 ParOldGen       total 44032K, used 1843K [0x00000000c0000000, 0x00000000c2b00000, 0x00000000eab00000)
  object space 44032K, 4% used [0x00000000c0000000,0x00000000c01ccfd8,0x00000000c2b00000)
 Metaspace       used 6017K, capacity 6898K, committed 7040K, reserved 1056768K
  class space    used 600K, capacity 618K, committed 640K, reserved 1048576K
Event: 4.674 GC heap after
Heap after GC invocations=2 (full 0):
 PSYoungGen      total 35328K, used 2529K [0x00000000eab00000, 0x00000000ed000000, 0x0000000100000000)
  eden space 32768K, 0% used [0x00000000eab00000,0x00000000eab00000,0x00000000ecb00000)
  from space 2560K, 98% used [0x00000000ecd80000,0x00000000ecff8440,0x00000000ed000000)
  to   space 2560K, 0% used [0x00000000ecb00000,0x00000000ecb00000,0x00000000ecd80000)
 ParOldGen       total 44032K, used 3795K [0x00000000c0000000, 0x00000000c2b00000, 0x00000000eab00000)
  object space 44032K, 8% used [0x00000000c0000000,0x00000000c03b4da8,0x00000000c2b00000)
 Metaspace       used 6017K, capacity 6898K, committed 7040K, reserved 1056768K
  class space    used 600K, capacity 618K, committed 640K, reserved 1048576K
}
Event: 6.899 GC heap before
{Heap before GC invocations=3 (full 0):
 PSYoungGen      total 35328K, used 35297K [0x00000000eab00000, 0x00000000ed000000, 0x0000000100000000)
  eden space 32768K, 100% used [0x00000000eab00000,0x00000000ecb00000,0x00000000ecb00000)
  from space 2560K, 98% used [0x00000000ecd80000,0x00000000ecff8440,0x00000000ed000000)
  to   space 2560K, 0% used [0x00000000ecb00000,0x00000000ecb00000,0x00000000ecd80000)
 ParOldGen       total 44032K, used 3795K [0x00000000c0000000, 0x00000000c2b00000, 0x00000000eab00000)
  object space 44032K, 8% used [0x00000000c0000000,0x00000000c03b4da8,0x00000000c2b00000)
 Metaspace       used 6386K, capacity 7256K, committed 7424K, reserved 1056768K
  class space    used 621K, capacity 656K, committed 768K, reserved 1048576K
Event: 7.014 GC heap after
Heap after GC invocations=3 (full 0):
 PSYoungGen      total 35328K, used 2544K [0x00000000eab00000, 0x00000000ef000000, 0x0000000100000000)
  eden space 32768K, 0% used [0x00000000eab00000,0x00000000eab00000,0x00000000ecb00000)
  from space 2560K, 99% used [0x00000000ecb00000,0x00000000ecd7c2d8,0x00000000ecd80000)
  to   space 2560K, 0% used [0x00000000eed80000,0x00000000eed80000,0x00000000ef000000)
 ParOldGen       total 44032K, used 8702K [0x00000000c0000000, 0x00000000c2b00000, 0x00000000eab00000)
  object space 44032K, 19% used [0x00000000c0000000,0x00000000c087fb60,0x00000000c2b00000)
 Metaspace       used 6386K, capacity 7256K, committed 7424K, reserved 1056768K
  class space    used 621K, capacity 656K, committed 768K, reserved 1048576K
}

Deoptimization events (10 events):
Event: 6.738 Thread 0x0000000001da8000 Uncommon trap: reason=bimorphic action=maybe_recompile pc=0x00000000027f8b1c method=java.util.HashMap.getNode(ILjava/lang/Object;)Ljava/util/HashMap$Node; @ 126
Event: 6.738 Thread 0x0000000001da8000 Uncommon trap: reason=class_check action=maybe_recompile pc=0x0000000002865a14 method=java.util.HashMap.putVal(ILjava/lang/Object;Ljava/lang/Object;ZZ)Ljava/lang/Object; @ 203
Event: 6.738 Thread 0x0000000001da8000 Uncommon trap: reason=class_check action=maybe_recompile pc=0x0000000002865a14 method=java.util.HashMap.putVal(ILjava/lang/Object;Ljava/lang/Object;ZZ)Ljava/lang/Object; @ 203
Event: 6.744 Thread 0x0000000001da8000 Uncommon trap: reason=unstable_if action=reinterpret pc=0x00000000028659e8 method=java.util.HashMap.putVal(ILjava/lang/Object;Ljava/lang/Object;ZZ)Ljava/lang/Object; @ 94
Event: 6.883 Thread 0x0000000001da8000 Uncommon trap: reason=speculate_class_check action=maybe_recompile pc=0x00000000027cb5c0 method=com.android.dx.util.FixedSizeList.equals(Ljava/lang/Object;)Z @ 25
Event: 7.026 Thread 0x0000000001da8000 Uncommon trap: reason=speculate_class_check action=maybe_recompile pc=0x00000000027cb5c0 method=com.android.dx.util.FixedSizeList.equals(Ljava/lang/Object;)Z @ 25
Event: 7.026 Thread 0x0000000001da8000 Uncommon trap: reason=speculate_class_check action=maybe_recompile pc=0x00000000027cb5c0 method=com.android.dx.util.FixedSizeList.equals(Ljava/lang/Object;)Z @ 25
Event: 7.026 Thread 0x0000000001da8000 Uncommon trap: reason=speculate_class_check action=maybe_recompile pc=0x00000000027cb5c0 method=com.android.dx.util.FixedSizeList.equals(Ljava/lang/Object;)Z @ 25
Event: 7.248 Thread 0x0000000001da8000 Uncommon trap: reason=unstable_if action=reinterpret pc=0x0000000002b96334 method=com.android.dx.util.ByteArrayAnnotatedOutput.writeByte(I)V @ 13
Event: 7.311 Thread 0x0000000001da8000 Uncommon trap: reason=unstable_if action=reinterpret pc=0x0000000002bbd388 method=com.android.dx.util.ByteArrayAnnotatedOutput.writeByte(I)V @ 13

Internal exceptions (3 events):
Event: 0.463 Thread 0x0000000001da8000 Exception <a 'java/lang/NoSuchMethodError': Method sun.misc.Unsafe.defineClass(Ljava/lang/String;[BII)Ljava/lang/Class; name or signature does not match> (0x00000000eab07cc0) thrown at [C:\re\workspace\8-2-build-windows-amd64-cygwin\jdk8u91\7017\hotspot\srJ⁄ü€°›?
Event: 0.463 Thread 0x0000000001da8000 Exception <a 'java/lang/NoSuchMethodError': Method sun.misc.Unsafe.prefetchRead(Ljava/lang/Object;J)V name or signature does not match> (0x00000000eab07fa8) thrown at [C:\re\workspace\8-2-build-windows-amd64-cygwin\jdk8u91\7017\hotspot\src\share\vm\prims\jƒªXÅë4@
Event: 3.776 Thread 0x00000000563af800 Implicit null exception at 0x00000000027949e2 to 0x0000000002796131

Events (10 events):
Event: 7.320 loading class java/security/MessageDigest
Event: 7.320 loading class java/security/MessageDigestSpi
Event: 7.320 loading class java/security/MessageDigestSpi done
Event: 7.320 loading class java/security/MessageDigest done
Event: 7.321 loading class java/security/Security
Event: 7.321 loading class java/security/Security done
Event: 7.321 loading class java/security/Security$1
Event: 7.321 loading class java/security/Security$1 done
Event: 7.321 loading class java/util/Properties$LineReader
Event: 7.321 loading class java/util/Properties$LineReader done


Dynamic libraries:
0x000000013f970000 - 0x000000013f9a7000 	C:\Program Files\Java\jdk1.8.0_91\bin\java.exe
0x0000000077290000 - 0x000000007743a000 	C:\Windows\SYSTEM32\ntdll.dll
0x0000000077070000 - 0x000000007718f000 	C:\Windows\system32\kernel32.dll
0x000007fefd310000 - 0x000007fefd37a000 	C:\Windows\system32\KERNELBASE.dll
0x000007fefea70000 - 0x000007fefeb4b000 	C:\Windows\system32\ADVAPI32.dll
0x000007fefefc0000 - 0x000007feff05f000 	C:\Windows\system32\msvcrt.dll
0x000007fefeca0000 - 0x000007fefecbf000 	C:\Windows\SYSTEM32\sechost.dll
0x000007fefd750000 - 0x000007fefd87d000 	C:\Windows\system32\RPCRT4.dll
0x0000000077190000 - 0x000000007728a000 	C:\Windows\system32\USER32.dll
0x000007fefef50000 - 0x000007fefefb7000 	C:\Windows\system32\GDI32.dll
0x000007fefeb50000 - 0x000007fefeb5e000 	C:\Windows\system32\LPK.dll
0x000007feff150000 - 0x000007feff21a000 	C:\Windows\system32\USP10.dll
0x000007fefc030000 - 0x000007fefc224000 	C:\Windows\WinSxS\amd64_microsoft.windows.common-controls_6595b64144ccf1df_6.0.7601.17514_none_fa396087175ac9ac\COMCTL32.dll
0x000007feff0b0000 - 0x000007feff121000 	C:\Windows\system32\SHLWAPI.dll
0x000007fefebc0000 - 0x000007fefebee000 	C:\Windows\system32\IMM32.DLL
0x000007fefd460000 - 0x000007fefd569000 	C:\Windows\system32\MSCTF.dll
0x0000000072ab0000 - 0x0000000072b82000 	C:\Program Files\Java\jdk1.8.0_91\jre\bin\msvcr100.dll
0x00000000734e0000 - 0x0000000073d73000 	C:\Program Files\Java\jdk1.8.0_91\jre\bin\server\jvm.dll
0x000007feefe70000 - 0x000007feefe79000 	C:\Windows\system32\WSOCK32.dll
0x000007feff060000 - 0x000007feff0ad000 	C:\Windows\system32\WS2_32.dll
0x000007fefec90000 - 0x000007fefec98000 	C:\Windows\system32\NSI.dll
0x000007fefb040000 - 0x000007fefb07b000 	C:\Windows\system32\WINMM.dll
0x000007fefbd20000 - 0x000007fefbd2c000 	C:\Windows\system32\VERSION.dll
0x0000000077450000 - 0x0000000077457000 	C:\Windows\system32\PSAPI.DLL
0x00000000743f0000 - 0x00000000743ff000 	C:\Program Files\Java\jdk1.8.0_91\jre\bin\verify.dll
0x00000000743c0000 - 0x00000000743e9000 	C:\Program Files\Java\jdk1.8.0_91\jre\bin\java.dll
0x00000000743a0000 - 0x00000000743b6000 	C:\Program Files\Java\jdk1.8.0_91\jre\bin\zip.dll
0x000007fefdce0000 - 0x000007fefea68000 	C:\Windows\system32\SHELL32.dll
0x000007fefecc0000 - 0x000007fefeec3000 	C:\Windows\system32\ole32.dll
0x000007fefcfc0000 - 0x000007fefcfcf000 	C:\Windows\system32\profapi.dll

VM Arguments:
jvm_args: -Djava.awt.headless=true -Xmx1024M -Dfile.encoding=windows-1256 -Duser.country=US -Duser.language=en -Duser.variant 
java_command: com.android.dx.command.Main --dex --force-jumbo --num-threads=4 --output E:\User\AndroidStudioProjects\SimpleFlickrClient\app\build\intermediates\pre-dexed\debug\picasso-2.5.2_a69735fb31405abb6c5b972e1b2bb4f918f620e8.jar C:\Users\user\.gradle\caches\modules-2\files-2.1\com.squareup.picasso\picasso\2.5.2\7446d06ec8d4f7ffcc53f1da37c95f200dcb9387\picasso-2.5.2.jar
java_class_path (initial): E:\User\AppData\Local\Android\sdk\build-tools\24.0.0\lib\dx.jar
Launcher Type: SUN_STANDARD

Environment Variables:
PATH=C:\oracle\product\10.2.0\db_2\bin;C:\oracle\product\10.2.0\db_1\bin;C:\ProgramData\Oracle\Java\javapath;C:\Windows\System32;C:\Windows\SysWOW64;C:\opencv248\build\x86\vc10\bin;C:\Python27;C:\Program Files (x86)\CodeBlocks\MinGW\bin;E:\programs\Matlab\R2013a\bin;C:\Program Files\IVI Foundation\VISA\Win64\Bin\;C:\Program Files (x86)\IVI Foundation\VISA\WinNT\Bin\;C:\Program Files (x86)\IVI Foundation\VISA\WinNT\Bin;C:\Program Files (x86)\Tesseract-OCR;E:\User\AppData\Local\Android\sdk\tools\lib;E:\Program Files\Git\cmd;E:\User\AppData\Local\Android\sdk\platform-tools;E:\Program Files\nodejs\;C:\Program Files\Canopy\User;C:\Program Files\Canopy\User\Scripts;C:\Users\user\AppData\Roaming\npm
USERNAME=user
OS=Windows_NT
PROCESSOR_IDENTIFIER=Intel64 Family 6 Model 58 Stepping 9, GenuineIntel



---------------  S Y S T E M  ---------------

OS: Windows 7 , 64 bit Build 7601 (6.1.7601.23572)

CPU:total 4 (2 cores per cpu, 2 threads per core) family 6 model 58 stepping 9, cmov, cx8, fxsr, mmx, sse, sse2, sse3, ssse3, sse4.1, sse4.2, popcnt, avx, aes, clmul, erms, ht, tsc, tscinvbit, tscinv

Memory: 4k page, physical 4094316k(340152k free), swap 5628456k(6192k free)

vm_info: Java HotSpot(TM) 64-Bit Server VM (25.91-b15) for windows-amd64 JRE (1.8.0_91-b15), built on May 20 2016 17:43:15 by "java_re" with MS VC++ 10.0 (VS2010)

time: Sun Aug 06 18:42:31 2017
elapsed time: 7 seconds (0d 0h 0m 7s)

