#
# There is insufficient memory for the Java Runtime Environment to continue.
# Native memory allocation (malloc) failed to allocate 32744 bytes for ChunkPool::allocate
# Possible reasons:
#   The system is out of physical RAM or swap space
#   In 32 bit mode, the process size limit was hit
# Possible solutions:
#   Reduce memory load on the system
#   Increase physical memory or swap space
#   Check if swap backing store is full
#   Use 64 bit Java on a 64 bit OS
#   Decrease Java heap size (-Xmx/-Xms)
#   Decrease number of Java threads
#   Decrease Java thread stack sizes (-Xss)
#   Set larger code cache with -XX:ReservedCodeCacheSize=
# This output file may be truncated or incomplete.
#
#  Out of Memory Error (allocation.cpp:273), pid=4996, tid=4376
#
# JRE version: Java(TM) SE Runtime Environment (8.0_91-b15) (build 1.8.0_91-b15)
# Java VM: Java HotSpot(TM) 64-Bit Server VM (25.91-b15 mixed mode windows-amd64 compressed oops)
# Failed to write core dump. Minidumps are not enabled by default on client versions of Windows
#

---------------  T H R E A D  ---------------

Current thread (0x0000000056184800):  JavaThread "C2 CompilerThread0" daemon [_thread_in_native, id=4376, stack(0x0000000056980000,0x0000000056a80000)]

Stack: [0x0000000056980000,0x0000000056a80000]
[error occurred during error reporting (printing stack bounds), id 0xc0000005]

Native frames: (J=compiled Java code, j=interpreted, Vv=VM code, C=native code)


Current CompileTask:
C2:  16100  883 %     4       com.android.dx.cf.code.LineNumberList::pcToLine @ 13 (73 bytes)


---------------  P R O C E S S  ---------------

Java Threads: ( => current thread )
  0x00000000562f2800 JavaThread "pool-1-thread-4" [_thread_in_vm, id=6140, stack(0x00000000574b0000,0x00000000575b0000)]
  0x00000000562ee000 JavaThread "pool-1-thread-2" [_thread_in_vm, id=5916, stack(0x0000000057390000,0x0000000057490000)]
  0x00000000562ed000 JavaThread "pool-2-thread-1" [_thread_blocked, id=5972, stack(0x0000000057250000,0x0000000057350000)]
  0x00000000562ec800 JavaThread "pool-1-thread-1" [_thread_in_vm, id=5436, stack(0x00000000570e0000,0x00000000571e0000)]
  0x0000000056205800 JavaThread "Service Thread" daemon [_thread_blocked, id=4664, stack(0x0000000056fe0000,0x00000000570e0000)]
  0x000000005618b800 JavaThread "C1 CompilerThread2" daemon [_thread_in_native_trans, id=1252, stack(0x0000000056db0000,0x0000000056eb0000)]
  0x000000005618a000 JavaThread "C2 CompilerThread1" daemon [_thread_blocked, id=4272, stack(0x0000000056c10000,0x0000000056d10000)]
=>0x0000000056184800 JavaThread "C2 CompilerThread0" daemon [_thread_in_native, id=4376, stack(0x0000000056980000,0x0000000056a80000)]
  0x0000000054f8e000 JavaThread "Attach Listener" daemon [_thread_blocked, id=5824, stack(0x00000000567a0000,0x00000000568a0000)]
  0x0000000054f9f000 JavaThread "Signal Dispatcher" daemon [_thread_blocked, id=5096, stack(0x00000000565a0000,0x00000000566a0000)]
  0x0000000054f79800 JavaThread "Finalizer" daemon [_thread_blocked, id=6020, stack(0x0000000056080000,0x0000000056180000)]
  0x0000000054f32800 JavaThread "Reference Handler" daemon [_thread_blocked, id=1076, stack(0x0000000055e80000,0x0000000055f80000)]
  0x0000000001d68000 JavaThread "main" [_thread_blocked, id=4964, stack(0x0000000002150000,0x0000000002250000)]

Other Threads:
  0x0000000054f2a800 VMThread [stack: 0x0000000055d80000,0x0000000055e80000] [id=5212]
  0x000000005620f800 WatcherThread [stack: 0x0000000056ed0000,0x0000000056fd0000] [id=1960]

VM state:synchronizing (normal execution)

VM Mutex/Monitor currently owned by a thread:  ([mutex/lock_event])
[0x000000000044c960] Safepoint_lock - owner thread: 0x0000000054f2a800
[0x000000000044c9e0] Threads_lock - owner thread: 0x0000000054f2a800

Heap:
 PSYoungGen      total 18944K, used 18398K [0x00000000eab00000, 0x00000000ec000000, 0x0000000100000000)
  eden space 16384K, 96% used [0x00000000eab00000,0x00000000eba7baf0,0x00000000ebb00000)
  from space 2560K, 99% used [0x00000000ebb00000,0x00000000ebd7c010,0x00000000ebd80000)
  to   space 2560K, 0% used [0x00000000ebd80000,0x00000000ebd80000,0x00000000ec000000)
 ParOldGen       total 44032K, used 2261K [0x00000000c0000000, 0x00000000c2b00000, 0x00000000eab00000)
  object space 44032K, 5% used [0x00000000c0000000,0x00000000c02356a8,0x00000000c2b00000)
 Metaspace       used 5967K, capacity 6900K, committed 7040K, reserved 1056768K
  class space    used 606K, capacity 620K, committed 640K, reserved 1048576K

Card table byte_map: [0x00000000118e0000,0x0000000011af0000] byte_map_base: 0x00000000112e0000

Marking Bits: (ParMarkBitMap*) 0x000000006ec72f70
 Begin Bits: [0x00000000123a0000, 0x00000000133a0000)
 End Bits:   [0x00000000133a0000, 0x00000000143a0000)

Polling page: 0x0000000000420000

CodeCache: size=245760Kb used=4266Kb max_used=4274Kb free=241493Kb
 bounds [0x0000000002520000, 0x0000000002950000, 0x0000000011520000]
 total_blobs=1328 nmethods=1060 adapters=180
 compilation: enabled

Compilation events (10 events):
Event: 14.554 Thread 0x000000005618b800  819       3       java.util.BitSet::checkRange (104 bytes)
Event: 14.555 Thread 0x000000005618b800 nmethod 819 0x00000000028729d0 code [0x0000000002872ce0, 0x00000000028744b8]
Event: 14.555 Thread 0x000000005618b800  880   !   3       com.android.dx.cf.code.Simulator::simulate (74 bytes)
Event: 14.556 Thread 0x000000005618b800 nmethod 880 0x0000000002874fd0 code [0x00000000028751a0, 0x0000000002875a38]
Event: 14.556 Thread 0x000000005618b800  837       3       com.android.dx.rop.code.RegisterSpec::<init> (8 bytes)
Event: 14.556 Thread 0x000000005618b800 nmethod 837 0x0000000002875e90 code [0x0000000002876000, 0x0000000002876188]
Event: 14.556 Thread 0x000000005618b800  881       3       com.android.dx.cf.code.Simulator$SimVisitor::visitLocal (329 bytes)
Event: 14.559 Thread 0x000000005618b800 nmethod 881 0x0000000002876250 code [0x0000000002876680, 0x0000000002879218]
Event: 14.560 Thread 0x000000005618b800  890   !   3       com.android.dx.cf.code.Ropper::processBlock (1101 bytes)
Event: 14.577 Thread 0x0000000056184800  883 %     4       com.android.dx.cf.code.LineNumberList::pcToLine @ 13 (73 bytes)

GC Heap History (2 events):
Event: 14.422 GC heap before
{Heap before GC invocations=1 (full 0):
 PSYoungGen      total 18944K, used 16384K [0x00000000eab00000, 0x00000000ec000000, 0x0000000100000000)
  eden space 16384K, 100% used [0x00000000eab00000,0x00000000ebb00000,0x00000000ebb00000)
  from space 2560K, 0% used [0x00000000ebd80000,0x00000000ebd80000,0x00000000ec000000)
  to   space 2560K, 0% used [0x00000000ebb00000,0x00000000ebb00000,0x00000000ebd80000)
 ParOldGen       total 44032K, used 0K [0x00000000c0000000, 0x00000000c2b00000, 0x00000000eab00000)
  object space 44032K, 0% used [0x00000000c0000000,0x00000000c0000000,0x00000000c2b00000)
 Metaspace       used 5825K, capacity 6768K, committed 7040K, reserved 1056768K
  class space    used 601K, capacity 616K, committed 640K, reserved 1048576K
Event: 14.448 GC heap after
Heap after GC invocations=1 (full 0):
 PSYoungGen      total 18944K, used 2544K [0x00000000eab00000, 0x00000000ec000000, 0x0000000100000000)
  eden space 16384K, 0% used [0x00000000eab00000,0x00000000eab00000,0x00000000ebb00000)
  from space 2560K, 99% used [0x00000000ebb00000,0x00000000ebd7c010,0x00000000ebd80000)
  to   space 2560K, 0% used [0x00000000ebd80000,0x00000000ebd80000,0x00000000ec000000)
 ParOldGen       total 44032K, used 2261K [0x00000000c0000000, 0x00000000c2b00000, 0x00000000eab00000)
  object space 44032K, 5% used [0x00000000c0000000,0x00000000c02356a8,0x00000000c2b00000)
 Metaspace       used 5825K, capacity 6768K, committed 7040K, reserved 1056768K
  class space    used 601K, capacity 616K, committed 640K, reserved 1048576K
}

Deoptimization events (2 events):
Event: 12.121 Thread 0x0000000001d68000 Uncommon trap: reason=unstable_if action=reinterpret pc=0x00000000026fc388 method=java.util.HashMap.getNode(ILjava/lang/Object;)Ljava/util/HashMap$Node; @ 129
Event: 14.508 Thread 0x00000000562f2800 Uncommon trap: reason=unstable_if action=reinterpret pc=0x0000000002775640 method=java.util.HashMap.getNode(ILjava/lang/Object;)Ljava/util/HashMap$Node; @ 129

Internal exceptions (2 events):
Event: 0.733 Thread 0x0000000001d68000 Exception <a 'java/lang/NoSuchMethodError': Method sun.misc.Unsafe.defineClass(Ljava/lang/String;[BII)Ljava/lang/Class; name or signature does not match> (0x00000000eab07cc0) thrown at [C:\re\workspace\8-2-build-windows-amd64-cygwin\jdk8u91\7017\hotspot\sr.Ç`Lsç?
Event: 0.733 Thread 0x0000000001d68000 Exception <a 'java/lang/NoSuchMethodError': Method sun.misc.Unsafe.prefetchRead(Ljava/lang/Object;J)V name or signature does not match> (0x00000000eab07fa8) thrown at [C:\re\workspace\8-2-build-windows-amd64-cygwin\jdk8u91\7017\hotspot\src\share\vm\prims\j

Events (10 events):
Event: 14.329 Executing VM operation: ParallelGCFailedAllocation
Event: 14.448 Executing VM operation: ParallelGCFailedAllocation done
Event: 14.449 loading class java/util/HashMap$KeySet done
Event: 14.451 loading class java/util/HashMap$KeyIterator
Event: 14.451 loading class java/util/HashMap$KeyIterator done
Event: 14.497 Executing VM operation: RevokeBias
Event: 14.498 Executing VM operation: RevokeBias done
Event: 14.508 Thread 0x00000000562f2800 Uncommon trap: trap_request=0xffffff65 fr.pc=0x0000000002775640
Event: 14.508 Thread 0x00000000562f2800 DEOPT PACKING pc=0x0000000002775640 sp=0x00000000575aea50
Event: 14.508 Thread 0x00000000562f2800 DEOPT UNPACKING pc=0x000000000256582a sp=0x00000000575ae970 mode 2


Dynamic libraries:
0x000000013ff40000 - 0x000000013ff77000 	C:\Program Files\Java\jdk1.8.0_91\bin\java.exe
0x0000000076d70000 - 0x0000000076f1a000 	C:\Windows\SYSTEM32\ntdll.dll
0x0000000076b50000 - 0x0000000076c6f000 	C:\Windows\system32\kernel32.dll
0x000007fefccd0000 - 0x000007fefcd3a000 	C:\Windows\system32\KERNELBASE.dll
0x000007fefdf40000 - 0x000007fefe01b000 	C:\Windows\system32\ADVAPI32.dll
0x000007fefe020000 - 0x000007fefe0bf000 	C:\Windows\system32\msvcrt.dll
0x000007fefe530000 - 0x000007fefe54f000 	C:\Windows\SYSTEM32\sechost.dll
0x000007fefeb20000 - 0x000007fefec4d000 	C:\Windows\system32\RPCRT4.dll
0x0000000076c70000 - 0x0000000076d6a000 	C:\Windows\system32\USER32.dll
0x000007fefe550000 - 0x000007fefe5b7000 	C:\Windows\system32\GDI32.dll
0x000007fefeb10000 - 0x000007fefeb1e000 	C:\Windows\system32\LPK.dll
0x000007fefee60000 - 0x000007fefef2a000 	C:\Windows\system32\USP10.dll
0x000007fefbb10000 - 0x000007fefbd04000 	C:\Windows\WinSxS\amd64_microsoft.windows.common-controls_6595b64144ccf1df_6.0.7601.17514_none_fa396087175ac9ac\COMCTL32.dll
0x000007fefddd0000 - 0x000007fefde41000 	C:\Windows\system32\SHLWAPI.dll
0x000007feff050000 - 0x000007feff07e000 	C:\Windows\system32\IMM32.DLL
0x000007fefe6b0000 - 0x000007fefe7b9000 	C:\Windows\system32\MSCTF.dll
0x0000000071f50000 - 0x0000000072022000 	C:\Program Files\Java\jdk1.8.0_91\jre\bin\msvcr100.dll
0x000000006e460000 - 0x000000006ecf3000 	C:\Program Files\Java\jdk1.8.0_91\jre\bin\server\jvm.dll
0x000007fef0350000 - 0x000007fef0359000 	C:\Windows\system32\WSOCK32.dll
0x000007fefde50000 - 0x000007fefde9d000 	C:\Windows\system32\WS2_32.dll
0x000007fefe5c0000 - 0x000007fefe5c8000 	C:\Windows\system32\NSI.dll
0x000007fefab20000 - 0x000007fefab5b000 	C:\Windows\system32\WINMM.dll
0x000007fefb800000 - 0x000007fefb80c000 	C:\Windows\system32\VERSION.dll
0x0000000076f30000 - 0x0000000076f37000 	C:\Windows\system32\PSAPI.DLL
0x00000000732d0000 - 0x00000000732df000 	C:\Program Files\Java\jdk1.8.0_91\jre\bin\verify.dll
0x00000000732a0000 - 0x00000000732c9000 	C:\Program Files\Java\jdk1.8.0_91\jre\bin\java.dll
0x0000000073280000 - 0x0000000073296000 	C:\Program Files\Java\jdk1.8.0_91\jre\bin\zip.dll
0x000007fefce60000 - 0x000007fefdbe8000 	C:\Windows\system32\SHELL32.dll
0x000007fefec50000 - 0x000007fefee53000 	C:\Windows\system32\ole32.dll
0x000007fefcab0000 - 0x000007fefcabf000 	C:\Windows\system32\profapi.dll

VM Arguments:
jvm_args: -Djava.awt.headless=true -Xmx1024M -Dfile.encoding=windows-1256 -Duser.country=US -Duser.language=en -Duser.variant 
java_command: com.android.dx.command.Main --dex --force-jumbo --num-threads=4 --output E:\User\AndroidStudioProjects\SimpleFlickrClient\app\build\intermediates\pre-dexed\debug\com.android.support-support-vector-drawable-24.0.0_32adcfff970fe5ffb1b74c53db7979c047ebe2eb.jar E:\User\AndroidStudioProjects\SimpleFlickrClient\app\build\intermediates\exploded-aar\com.android.support\support-vector-drawable\24.0.0\jars\classes.jar
java_class_path (initial): E:\User\AppData\Local\Android\sdk\build-tools\24.0.0\lib\dx.jar
Launcher Type: SUN_STANDARD

Environment Variables:
PATH=C:\oracle\product\10.2.0\db_2\bin;C:\oracle\product\10.2.0\db_1\bin;C:\ProgramData\Oracle\Java\javapath;C:\Windows\System32;C:\Windows\SysWOW64;C:\opencv248\build\x86\vc10\bin;C:\Python27;C:\Program Files (x86)\CodeBlocks\MinGW\bin;E:\programs\Matlab\R2013a\bin;C:\Program Files\IVI Foundation\VISA\Win64\Bin\;C:\Program Files (x86)\IVI Foundation\VISA\WinNT\Bin\;C:\Program Files (x86)\IVI Foundation\VISA\WinNT\Bin;C:\Program Files (x86)\Tesseract-OCR;E:\User\AppData\Local\Android\sdk\tools\lib;E:\Program Files\Git\cmd;E:\User\AppData\Local\Android\sdk\platform-tools;E:\Program Files\nodejs\;C:\Program Files\Canopy\User;C:\Program Files\Canopy\User\Scripts;C:\Users\user\AppData\Roaming\npm
USERNAME=user
OS=Windows_NT
PROCESSOR_IDENTIFIER=Intel64 Family 6 Model 58 Stepping 9, GenuineIntel



---------------  S Y S T E M  ---------------

OS: Windows 7 , 64 bit Build 7601 (6.1.7601.23572)

CPU:total 4 (2 cores per cpu, 2 threads per core) family 6 model 58 stepping 9, cmov, cx8, fxsr, mmx, sse, sse2, sse3, ssse3, sse4.1, sse4.2, popcnt, avx, aes, clmul, erms, ht, tsc, tscinvbit, tscinv

Memory: 4k page, physical 4094316k(39248k free), swap 5398084k(6144k free)

vm_info: Java HotSpot(TM) 64-Bit Server VM (25.91-b15) for windows-amd64 JRE (1.8.0_91-b15), built on May 20 2016 17:43:15 by "java_re" with MS VC++ 10.0 (VS2010)

time: Sat Aug 05 19:46:30 2017
elapsed time: 17 seconds (0d 0h 0m 17s)

