#
# There is insufficient memory for the Java Runtime Environment to continue.
# Native memory allocation (malloc) failed to allocate 1245232 bytes for Chunk::new
# Possible reasons:
#   The system is out of physical RAM or swap space
#   In 32 bit mode, the process size limit was hit
# Possible solutions:
#   Reduce memory load on the system
#   Increase physical memory or swap space
#   Check if swap backing store is full
#   Use 64 bit Java on a 64 bit OS
#   Decrease Java heap size (-Xmx/-Xms)
#   Decrease number of Java threads
#   Decrease Java thread stack sizes (-Xss)
#   Set larger code cache with -XX:ReservedCodeCacheSize=
# This output file may be truncated or incomplete.
#
#  Out of Memory Error (allocation.cpp:390), pid=22436, tid=20684
#
# JRE version: Java(TM) SE Runtime Environment (8.0_91-b15) (build 1.8.0_91-b15)
# Java VM: Java HotSpot(TM) 64-Bit Server VM (25.91-b15 mixed mode windows-amd64 compressed oops)
# Failed to write core dump. Minidumps are not enabled by default on client versions of Windows
#

---------------  T H R E A D  ---------------

Current thread (0x0000000054d5f000):  JavaThread "C2 CompilerThread1" daemon [_thread_in_native, id=20684, stack(0x0000000056b40000,0x0000000056c40000)]

Stack: [0x0000000056b40000,0x0000000056c40000]
[error occurred during error reporting (printing stack bounds), id 0xc0000005]

Native frames: (J=compiled Java code, j=interpreted, Vv=VM code, C=native code)


Current CompileTask:
C2:  16925 1893       4       com.android.dx.cf.code.Simulator$SimVisitor::visitConstant (332 bytes)


---------------  P R O C E S S  ---------------

Java Threads: ( => current thread )
  0x0000000056350800 JavaThread "pool-1-thread-4" [_thread_blocked, id=21036, stack(0x0000000057450000,0x0000000057550000)]
  0x0000000056350000 JavaThread "pool-1-thread-3" [_thread_blocked, id=16724, stack(0x0000000057280000,0x0000000057380000)]
  0x000000005634d000 JavaThread "pool-1-thread-2" [_thread_blocked, id=21196, stack(0x0000000056760000,0x0000000056860000)]
  0x0000000056349000 JavaThread "pool-2-thread-1" [_thread_blocked, id=21188, stack(0x0000000056d90000,0x0000000056e90000)]
  0x0000000056348800 JavaThread "pool-1-thread-1" [_thread_blocked, id=20176, stack(0x0000000056520000,0x0000000056620000)]
  0x0000000056163000 JavaThread "Service Thread" daemon [_thread_blocked, id=21428, stack(0x0000000056e90000,0x0000000056f90000)]
  0x000000005612c800 JavaThread "C1 CompilerThread2" daemon [_thread_blocked, id=21296, stack(0x0000000056c70000,0x0000000056d70000)]
=>0x0000000054d5f000 JavaThread "C2 CompilerThread1" daemon [_thread_in_native, id=20684, stack(0x0000000056b40000,0x0000000056c40000)]
  0x00000000560d7800 JavaThread "C2 CompilerThread0" daemon [_thread_blocked, id=20892, stack(0x0000000056a20000,0x0000000056b20000)]
  0x00000000560d4800 JavaThread "Attach Listener" daemon [_thread_blocked, id=22520, stack(0x0000000056860000,0x0000000056960000)]
  0x0000000054d4d800 JavaThread "Signal Dispatcher" daemon [_thread_blocked, id=20948, stack(0x0000000056640000,0x0000000056740000)]
  0x0000000054d39000 JavaThread "Finalizer" daemon [_thread_blocked, id=22480, stack(0x0000000055e80000,0x0000000055f80000)]
  0x0000000054cf2000 JavaThread "Reference Handler" daemon [_thread_blocked, id=22476, stack(0x0000000055fd0000,0x00000000560d0000)]
  0x0000000001df8000 JavaThread "main" [_thread_blocked, id=20436, stack(0x00000000021a0000,0x00000000022a0000)]

Other Threads:
  0x0000000054cea800 VMThread [stack: 0x0000000055d40000,0x0000000055e40000] [id=21608]
  0x00000000561ad000 WatcherThread [stack: 0x0000000057050000,0x0000000057150000] [id=21176]

VM state:not at safepoint (normal execution)

VM Mutex/Monitor currently owned by a thread: None

Heap:
 PSYoungGen      total 68096K, used 12086K [0x00000000eab00000, 0x00000000ef000000, 0x0000000100000000)
  eden space 65536K, 14% used [0x00000000eab00000,0x00000000eb455898,0x00000000eeb00000)
  from space 2560K, 98% used [0x00000000eed80000,0x00000000eeff8018,0x00000000ef000000)
  to   space 2560K, 0% used [0x00000000eeb00000,0x00000000eeb00000,0x00000000eed80000)
 ParOldGen       total 44032K, used 12922K [0x00000000c0000000, 0x00000000c2b00000, 0x00000000eab00000)
  object space 44032K, 29% used [0x00000000c0000000,0x00000000c0c9eb48,0x00000000c2b00000)
 Metaspace       used 6345K, capacity 7154K, committed 7296K, reserved 1056768K
  class space    used 604K, capacity 618K, committed 640K, reserved 1048576K

Card table byte_map: [0x0000000011930000,0x0000000011b40000] byte_map_base: 0x0000000011330000

Marking Bits: (ParMarkBitMap*) 0x0000000073cf2f70
 Begin Bits: [0x0000000012160000, 0x0000000013160000)
 End Bits:   [0x0000000013160000, 0x0000000014160000)

Polling page: 0x0000000000110000

CodeCache: size=245760Kb used=8336Kb max_used=8339Kb free=237423Kb
 bounds [0x0000000002570000, 0x0000000002da0000, 0x0000000011570000]
 total_blobs=2156 nmethods=1888 adapters=180
 compilation: enabled

Compilation events (10 events):
Event: 16.225 Thread 0x000000005612c800 nmethod 1890 0x0000000002d99010 code [0x0000000002d99480, 0x0000000002d9bd08]
Event: 16.228 Thread 0x00000000560d7800 1891       4       java.lang.StringBuilder::toString (17 bytes)
Event: 16.232 Thread 0x00000000560d7800 nmethod 1891 0x0000000002d8ba10 code [0x0000000002d8bb60, 0x0000000002d8be78]
Event: 16.233 Thread 0x000000005612c800 1892   !   3       java.util.concurrent.locks.AbstractQueuedSynchronizer::doAcquireInterruptibly (97 bytes)
Event: 16.234 Thread 0x000000005612c800 nmethod 1892 0x0000000002d76b90 code [0x0000000002d76de0, 0x0000000002d779b8]
Event: 16.429 Thread 0x0000000054d5f000 1893       4       com.android.dx.cf.code.Simulator$SimVisitor::visitConstant (332 bytes)
Event: 16.462 Thread 0x000000005612c800 1894       3       com.android.dx.cf.code.Ropper::getFirstTempStackReg (20 bytes)
Event: 16.462 Thread 0x000000005612c800 nmethod 1894 0x0000000002d73e90 code [0x0000000002d74020, 0x0000000002d74608]
Event: 16.462 Thread 0x000000005612c800 1895       3       com.android.dx.cf.code.Ropper::getNormalRegCount (13 bytes)
Event: 16.462 Thread 0x000000005612c800 nmethod 1895 0x0000000002d76650 code [0x0000000002d767c0, 0x0000000002d76a90]

GC Heap History (8 events):
Event: 1.108 GC heap before
{Heap before GC invocations=1 (full 0):
 PSYoungGen      total 18944K, used 16384K [0x00000000eab00000, 0x00000000ec000000, 0x0000000100000000)
  eden space 16384K, 100% used [0x00000000eab00000,0x00000000ebb00000,0x00000000ebb00000)
  from space 2560K, 0% used [0x00000000ebd80000,0x00000000ebd80000,0x00000000ec000000)
  to   space 2560K, 0% used [0x00000000ebb00000,0x00000000ebb00000,0x00000000ebd80000)
 ParOldGen       total 44032K, used 0K [0x00000000c0000000, 0x00000000c2b00000, 0x00000000eab00000)
  object space 44032K, 0% used [0x00000000c0000000,0x00000000c0000000,0x00000000c2b00000)
 Metaspace       used 5453K, capacity 6384K, committed 6528K, reserved 1056768K
  class space    used 591K, capacity 616K, committed 640K, reserved 1048576K
Event: 1.206 GC heap after
Heap after GC invocations=1 (full 0):
 PSYoungGen      total 18944K, used 2536K [0x00000000eab00000, 0x00000000ed000000, 0x0000000100000000)
  eden space 16384K, 0% used [0x00000000eab00000,0x00000000eab00000,0x00000000ebb00000)
  from space 2560K, 99% used [0x00000000ebb00000,0x00000000ebd7a098,0x00000000ebd80000)
  to   space 2560K, 0% used [0x00000000ecd80000,0x00000000ecd80000,0x00000000ed000000)
 ParOldGen       total 44032K, used 825K [0x00000000c0000000, 0x00000000c2b00000, 0x00000000eab00000)
  object space 44032K, 1% used [0x00000000c0000000,0x00000000c00ce5a0,0x00000000c2b00000)
 Metaspace       used 5453K, capacity 6384K, committed 6528K, reserved 1056768K
  class space    used 591K, capacity 616K, committed 640K, reserved 1048576K
}
Event: 4.667 GC heap before
{Heap before GC invocations=2 (full 0):
 PSYoungGen      total 18944K, used 18920K [0x00000000eab00000, 0x00000000ed000000, 0x0000000100000000)
  eden space 16384K, 100% used [0x00000000eab00000,0x00000000ebb00000,0x00000000ebb00000)
  from space 2560K, 99% used [0x00000000ebb00000,0x00000000ebd7a098,0x00000000ebd80000)
  to   space 2560K, 0% used [0x00000000ecd80000,0x00000000ecd80000,0x00000000ed000000)
 ParOldGen       total 44032K, used 825K [0x00000000c0000000, 0x00000000c2b00000, 0x00000000eab00000)
  object space 44032K, 1% used [0x00000000c0000000,0x00000000c00ce5a0,0x00000000c2b00000)
 Metaspace       used 6020K, capacity 6898K, committed 7040K, reserved 1056768K
  class space    used 601K, capacity 618K, committed 640K, reserved 1048576K
Event: 4.789 GC heap after
Heap after GC invocations=2 (full 0):
 PSYoungGen      total 35328K, used 2528K [0x00000000eab00000, 0x00000000ed000000, 0x0000000100000000)
  eden space 32768K, 0% used [0x00000000eab00000,0x00000000eab00000,0x00000000ecb00000)
  from space 2560K, 98% used [0x00000000ecd80000,0x00000000ecff8018,0x00000000ed000000)
  to   space 2560K, 0% used [0x00000000ecb00000,0x00000000ecb00000,0x00000000ecd80000)
 ParOldGen       total 44032K, used 2439K [0x00000000c0000000, 0x00000000c2b00000, 0x00000000eab00000)
  object space 44032K, 5% used [0x00000000c0000000,0x00000000c0261d80,0x00000000c2b00000)
 Metaspace       used 6020K, capacity 6898K, committed 7040K, reserved 1056768K
  class space    used 601K, capacity 618K, committed 640K, reserved 1048576K
}
Event: 5.538 GC heap before
{Heap before GC invocations=3 (full 0):
 PSYoungGen      total 35328K, used 35296K [0x00000000eab00000, 0x00000000ed000000, 0x0000000100000000)
  eden space 32768K, 100% used [0x00000000eab00000,0x00000000ecb00000,0x00000000ecb00000)
  from space 2560K, 98% used [0x00000000ecd80000,0x00000000ecff8018,0x00000000ed000000)
  to   space 2560K, 0% used [0x00000000ecb00000,0x00000000ecb00000,0x00000000ecd80000)
 ParOldGen       total 44032K, used 2439K [0x00000000c0000000, 0x00000000c2b00000, 0x00000000eab00000)
  object space 44032K, 5% used [0x00000000c0000000,0x00000000c0261d80,0x00000000c2b00000)
 Metaspace       used 6257K, capacity 7090K, committed 7296K, reserved 1056768K
  class space    used 603K, capacity 618K, committed 640K, reserved 1048576K
Event: 5.590 GC heap after
Heap after GC invocations=3 (full 0):
 PSYoungGen      total 35328K, used 2528K [0x00000000eab00000, 0x00000000ef000000, 0x0000000100000000)
  eden space 32768K, 0% used [0x00000000eab00000,0x00000000eab00000,0x00000000ecb00000)
  from space 2560K, 98% used [0x00000000ecb00000,0x00000000ecd78038,0x00000000ecd80000)
  to   space 2560K, 0% used [0x00000000eed80000,0x00000000eed80000,0x00000000ef000000)
 ParOldGen       total 44032K, used 7490K [0x00000000c0000000, 0x00000000c2b00000, 0x00000000eab00000)
  object space 44032K, 17% used [0x00000000c0000000,0x00000000c07509d8,0x00000000c2b00000)
 Metaspace       used 6257K, capacity 7090K, committed 7296K, reserved 1056768K
  class space    used 603K, capacity 618K, committed 640K, reserved 1048576K
}
Event: 15.219 GC heap before
{Heap before GC invocations=4 (full 0):
 PSYoungGen      total 35328K, used 35296K [0x00000000eab00000, 0x00000000ef000000, 0x0000000100000000)
  eden space 32768K, 100% used [0x00000000eab00000,0x00000000ecb00000,0x00000000ecb00000)
  from space 2560K, 98% used [0x00000000ecb00000,0x00000000ecd78038,0x00000000ecd80000)
  to   space 2560K, 0% used [0x00000000eed80000,0x00000000eed80000,0x00000000ef000000)
 ParOldGen       total 44032K, used 7490K [0x00000000c0000000, 0x00000000c2b00000, 0x00000000eab00000)
  object space 44032K, 17% used [0x00000000c0000000,0x00000000c07509d8,0x00000000c2b00000)
 Metaspace       used 6345K, capacity 7154K, committed 7296K, reserved 1056768K
  class space    used 604K, capacity 618K, committed 640K, reserved 1048576K
Event: 15.326 GC heap after
Heap after GC invocations=4 (full 0):
 PSYoungGen      total 68096K, used 2528K [0x00000000eab00000, 0x00000000ef000000, 0x0000000100000000)
  eden space 65536K, 0% used [0x00000000eab00000,0x00000000eab00000,0x00000000eeb00000)
  from space 2560K, 98% used [0x00000000eed80000,0x00000000eeff8018,0x00000000ef000000)
  to   space 2560K, 0% used [0x00000000eeb00000,0x00000000eeb00000,0x00000000eed80000)
 ParOldGen       total 44032K, used 12922K [0x00000000c0000000, 0x00000000c2b00000, 0x00000000eab00000)
  object space 44032K, 29% used [0x00000000c0000000,0x00000000c0c9eb48,0x00000000c2b00000)
 Metaspace       used 6345K, capacity 7154K, committed 7296K, reserved 1056768K
  class space    used 604K, capacity 618K, committed 640K, reserved 1048576K
}

Deoptimization events (10 events):
Event: 10.797 Thread 0x0000000056348800 Uncommon trap: reason=unstable_if action=reinterpret pc=0x0000000002ca74f8 method=com.android.dx.rop.code.RegisterSpecSet.<init>(I)V @ 2
Event: 10.797 Thread 0x0000000056348800 Uncommon trap: reason=unstable_if action=reinterpret pc=0x0000000002947874 method=com.android.dx.rop.code.RegisterSpecSet.<init>(I)V @ 2
Event: 11.802 Thread 0x0000000056350000 Uncommon trap: reason=bimorphic action=maybe_recompile pc=0x0000000002cd89fc method=com.android.dx.cf.code.RopperMachine.run(Lcom/android/dx/cf/code/Frame;II)V @ 988
Event: 11.803 Thread 0x0000000056350000 Uncommon trap: reason=unstable_if action=reinterpret pc=0x0000000002bcde80 method=com.android.dx.ssa.LiteralOpUpgrader$1.visitNonMoveInsn(Lcom/android/dx/ssa/NormalSsaInsn;)V @ 55
Event: 11.804 Thread 0x0000000056350000 Uncommon trap: reason=unstable_if action=reinterpret pc=0x000000000296124c method=com.android.dx.ssa.SsaMethod.updateOneDefinition(Lcom/android/dx/ssa/SsaInsn;Lcom/android/dx/rop/code/RegisterSpec;)V @ 4
Event: 11.812 Thread 0x0000000056350000 Uncommon trap: reason=bimorphic action=maybe_recompile pc=0x0000000002bc63e4 method=com.android.dx.ssa.SCCP.setLatticeValueTo(IILcom/android/dx/rop/cst/Constant;)Z @ 43
Event: 11.812 Thread 0x0000000056350000 Uncommon trap: reason=bimorphic action=maybe_recompile pc=0x0000000002bc63e4 method=com.android.dx.ssa.SCCP.setLatticeValueTo(IILcom/android/dx/rop/cst/Constant;)Z @ 43
Event: 11.812 Thread 0x0000000056350000 Uncommon trap: reason=bimorphic action=maybe_recompile pc=0x0000000002bc63e4 method=com.android.dx.ssa.SCCP.setLatticeValueTo(IILcom/android/dx/rop/cst/Constant;)Z @ 43
Event: 11.812 Thread 0x0000000056350000 Uncommon trap: reason=bimorphic action=maybe_recompile pc=0x0000000002bc63e4 method=com.android.dx.ssa.SCCP.setLatticeValueTo(IILcom/android/dx/rop/cst/Constant;)Z @ 43
Event: 16.331 Thread 0x0000000056348800 Uncommon trap: reason=unstable_if action=reinterpret pc=0x0000000002cf6330 method=com.android.dx.cf.code.Merger.mergeType(Lcom/android/dx/rop/type/TypeBearer;Lcom/android/dx/rop/type/TypeBearer;)Lcom/android/dx/rop/type/TypeBearer; @ 45

Internal exceptions (3 events):
Event: 0.049 Thread 0x0000000001df8000 Exception <a 'java/lang/NoSuchMethodError': Method sun.misc.Unsafe.defineClass(Ljava/lang/String;[BII)Ljava/lang/Class; name or signature does not match> (0x00000000eab07cc0) thrown at [C:\re\workspace\8-2-build-windows-amd64-cygwin\jdk8u91\7017\hotspot\sr¤Y·g÷à¨?
Event: 0.049 Thread 0x0000000001df8000 Exception <a 'java/lang/NoSuchMethodError': Method sun.misc.Unsafe.prefetchRead(Ljava/lang/Object;J)V name or signature does not match> (0x00000000eab07fa8) thrown at [C:\re\workspace\8-2-build-windows-amd64-cygwin\jdk8u91\7017\hotspot\src\share\vm\prims\j7ý…·x@
Event: 5.118 Thread 0x0000000056350000 Implicit null exception at 0x00000000028798de to 0x000000000287b149

Events (10 events):
Event: 11.812 Thread 0x0000000056350000 Uncommon trap: trap_request=0xffffffc6 fr.pc=0x0000000002bc63e4
Event: 11.812 Thread 0x0000000056350000 DEOPT PACKING pc=0x0000000002bc63e4 sp=0x000000005737eae0
Event: 11.812 Thread 0x0000000056350000 DEOPT UNPACKING pc=0x00000000025b582a sp=0x000000005737ea38 mode 2
Event: 12.175 Thread 0x0000000056350000 DEOPT PACKING pc=0x00000000029e80b0 sp=0x000000005737ead0
Event: 12.175 Thread 0x0000000056350000 DEOPT UNPACKING pc=0x00000000025b787f sp=0x000000005737e900 mode 0
Event: 15.219 Executing VM operation: ParallelGCFailedAllocation
Event: 15.326 Executing VM operation: ParallelGCFailedAllocation done
Event: 16.331 Thread 0x0000000056348800 Uncommon trap: trap_request=0xffffff65 fr.pc=0x0000000002cf6330
Event: 16.331 Thread 0x0000000056348800 DEOPT PACKING pc=0x0000000002cf6330 sp=0x000000005661ecb0
Event: 16.331 Thread 0x0000000056348800 DEOPT UNPACKING pc=0x00000000025b582a sp=0x000000005661ec40 mode 2


Dynamic libraries:
0x000000013f970000 - 0x000000013f9a7000 	C:\Program Files\Java\jdk1.8.0_91\bin\java.exe
0x0000000077290000 - 0x000000007743a000 	C:\Windows\SYSTEM32\ntdll.dll
0x0000000077070000 - 0x000000007718f000 	C:\Windows\system32\kernel32.dll
0x000007fefd310000 - 0x000007fefd37a000 	C:\Windows\system32\KERNELBASE.dll
0x000007fefea70000 - 0x000007fefeb4b000 	C:\Windows\system32\ADVAPI32.dll
0x000007fefefc0000 - 0x000007feff05f000 	C:\Windows\system32\msvcrt.dll
0x000007fefeca0000 - 0x000007fefecbf000 	C:\Windows\SYSTEM32\sechost.dll
0x000007fefd750000 - 0x000007fefd87d000 	C:\Windows\system32\RPCRT4.dll
0x0000000077190000 - 0x000000007728a000 	C:\Windows\system32\USER32.dll
0x000007fefef50000 - 0x000007fefefb7000 	C:\Windows\system32\GDI32.dll
0x000007fefeb50000 - 0x000007fefeb5e000 	C:\Windows\system32\LPK.dll
0x000007feff150000 - 0x000007feff21a000 	C:\Windows\system32\USP10.dll
0x000007fefc030000 - 0x000007fefc224000 	C:\Windows\WinSxS\amd64_microsoft.windows.common-controls_6595b64144ccf1df_6.0.7601.17514_none_fa396087175ac9ac\COMCTL32.dll
0x000007feff0b0000 - 0x000007feff121000 	C:\Windows\system32\SHLWAPI.dll
0x000007fefebc0000 - 0x000007fefebee000 	C:\Windows\system32\IMM32.DLL
0x000007fefd460000 - 0x000007fefd569000 	C:\Windows\system32\MSCTF.dll
0x0000000072ab0000 - 0x0000000072b82000 	C:\Program Files\Java\jdk1.8.0_91\jre\bin\msvcr100.dll
0x00000000734e0000 - 0x0000000073d73000 	C:\Program Files\Java\jdk1.8.0_91\jre\bin\server\jvm.dll
0x000007feefe70000 - 0x000007feefe79000 	C:\Windows\system32\WSOCK32.dll
0x000007feff060000 - 0x000007feff0ad000 	C:\Windows\system32\WS2_32.dll
0x000007fefec90000 - 0x000007fefec98000 	C:\Windows\system32\NSI.dll
0x000007fefb040000 - 0x000007fefb07b000 	C:\Windows\system32\WINMM.dll
0x000007fefbd20000 - 0x000007fefbd2c000 	C:\Windows\system32\VERSION.dll
0x0000000077450000 - 0x0000000077457000 	C:\Windows\system32\PSAPI.DLL
0x00000000743f0000 - 0x00000000743ff000 	C:\Program Files\Java\jdk1.8.0_91\jre\bin\verify.dll
0x00000000743c0000 - 0x00000000743e9000 	C:\Program Files\Java\jdk1.8.0_91\jre\bin\java.dll
0x00000000743a0000 - 0x00000000743b6000 	C:\Program Files\Java\jdk1.8.0_91\jre\bin\zip.dll
0x000007fefdce0000 - 0x000007fefea68000 	C:\Windows\system32\SHELL32.dll
0x000007fefecc0000 - 0x000007fefeec3000 	C:\Windows\system32\ole32.dll
0x000007fefcfc0000 - 0x000007fefcfcf000 	C:\Windows\system32\profapi.dll

VM Arguments:
jvm_args: -Djava.awt.headless=true -Xmx1024M -Dfile.encoding=windows-1256 -Duser.country=US -Duser.language=en -Duser.variant 
java_command: com.android.dx.command.Main --dex --force-jumbo --num-threads=4 --output E:\User\AndroidStudioProjects\SimpleFlickrClient\app\build\intermediates\pre-dexed\debug\internal_impl-24.0.0_e527b74ee5ac5b981af9b5f23f5af01e4cee1e5f.jar E:\User\AndroidStudioProjects\SimpleFlickrClient\app\build\intermediates\exploded-aar\com.android.support\support-v4\24.0.0\jars\libs\internal_impl-24.0.0.jar
java_class_path (initial): E:\User\AppData\Local\Android\sdk\build-tools\24.0.0\lib\dx.jar
Launcher Type: SUN_STANDARD

Environment Variables:
PATH=C:\oracle\product\10.2.0\db_2\bin;C:\oracle\product\10.2.0\db_1\bin;C:\ProgramData\Oracle\Java\javapath;C:\Windows\System32;C:\Windows\SysWOW64;C:\opencv248\build\x86\vc10\bin;C:\Python27;C:\Program Files (x86)\CodeBlocks\MinGW\bin;E:\programs\Matlab\R2013a\bin;C:\Program Files\IVI Foundation\VISA\Win64\Bin\;C:\Program Files (x86)\IVI Foundation\VISA\WinNT\Bin\;C:\Program Files (x86)\IVI Foundation\VISA\WinNT\Bin;C:\Program Files (x86)\Tesseract-OCR;E:\User\AppData\Local\Android\sdk\tools\lib;E:\Program Files\Git\cmd;E:\User\AppData\Local\Android\sdk\platform-tools;E:\Program Files\nodejs\;C:\Program Files\Canopy\User;C:\Program Files\Canopy\User\Scripts;C:\Users\user\AppData\Roaming\npm
USERNAME=user
OS=Windows_NT
PROCESSOR_IDENTIFIER=Intel64 Family 6 Model 58 Stepping 9, GenuineIntel



---------------  S Y S T E M  ---------------

OS: Windows 7 , 64 bit Build 7601 (6.1.7601.23572)

CPU:total 4 (2 cores per cpu, 2 threads per core) family 6 model 58 stepping 9, cmov, cx8, fxsr, mmx, sse, sse2, sse3, ssse3, sse4.1, sse4.2, popcnt, avx, aes, clmul, erms, ht, tsc, tscinvbit, tscinv

Memory: 4k page, physical 4094316k(340616k free), swap 5628456k(6200k free)

vm_info: Java HotSpot(TM) 64-Bit Server VM (25.91-b15) for windows-amd64 JRE (1.8.0_91-b15), built on May 20 2016 17:43:15 by "java_re" with MS VC++ 10.0 (VS2010)

time: Sun Aug 06 18:42:31 2017
elapsed time: 16 seconds (0d 0h 0m 16s)

