#
# There is insufficient memory for the Java Runtime Environment to continue.
# Native memory allocation (malloc) failed to allocate 74976 bytes for Chunk::new
# Possible reasons:
#   The system is out of physical RAM or swap space
#   In 32 bit mode, the process size limit was hit
# Possible solutions:
#   Reduce memory load on the system
#   Increase physical memory or swap space
#   Check if swap backing store is full
#   Use 64 bit Java on a 64 bit OS
#   Decrease Java heap size (-Xmx/-Xms)
#   Decrease number of Java threads
#   Decrease Java thread stack sizes (-Xss)
#   Set larger code cache with -XX:ReservedCodeCacheSize=
# This output file may be truncated or incomplete.
#
#  Out of Memory Error (allocation.cpp:390), pid=5500, tid=1484
#
# JRE version: Java(TM) SE Runtime Environment (8.0_91-b15) (build 1.8.0_91-b15)
# Java VM: Java HotSpot(TM) 64-Bit Server VM (25.91-b15 mixed mode windows-amd64 compressed oops)
# Failed to write core dump. Minidumps are not enabled by default on client versions of Windows
#

---------------  T H R E A D  ---------------

Current thread (0x0000000055fe5000):  JavaThread "C2 CompilerThread0" daemon [_thread_in_native, id=1484, stack(0x0000000056730000,0x0000000056830000)]

Stack: [0x0000000056730000,0x0000000056830000]
[error occurred during error reporting (printing stack bounds), id 0xc0000005]

Native frames: (J=compiled Java code, j=interpreted, Vv=VM code, C=native code)


Current CompileTask:
C2:  18636 1990   !   4       com.android.dx.cf.direct.AttributeFactory::parse (248 bytes)


---------------  P R O C E S S  ---------------

Java Threads: ( => current thread )
  0x0000000056046800 JavaThread "Service Thread" daemon [_thread_blocked, id=5364, stack(0x0000000056b20000,0x0000000056c20000)]
  0x0000000056040800 JavaThread "C1 CompilerThread2" daemon [_thread_in_native, id=3552, stack(0x00000000564f0000,0x00000000565f0000)]
  0x0000000055fe7000 JavaThread "C2 CompilerThread1" daemon [_thread_in_native, id=1408, stack(0x0000000056980000,0x0000000056a80000)]
=>0x0000000055fe5000 JavaThread "C2 CompilerThread0" daemon [_thread_in_native, id=1484, stack(0x0000000056730000,0x0000000056830000)]
  0x0000000055fe2800 JavaThread "Attach Listener" daemon [_thread_blocked, id=4236, stack(0x0000000056630000,0x0000000056730000)]
  0x0000000054b2f000 JavaThread "Signal Dispatcher" daemon [_thread_blocked, id=2816, stack(0x00000000563f0000,0x00000000564f0000)]
  0x0000000054b07000 JavaThread "Finalizer" daemon [_thread_blocked, id=4836, stack(0x0000000055b60000,0x0000000055c60000)]
  0x0000000054ac6000 JavaThread "Reference Handler" daemon [_thread_blocked, id=3144, stack(0x0000000055e20000,0x0000000055f20000)]
  0x0000000001d18000 JavaThread "main" [_thread_in_Java, id=5584, stack(0x0000000002030000,0x0000000002130000)]

Other Threads:
  0x0000000054aba800 VMThread [stack: 0x0000000055cb0000,0x0000000055db0000] [id=5404]
  0x000000005604d800 WatcherThread [stack: 0x0000000056da0000,0x0000000056ea0000] [id=6124]

VM state:not at safepoint (normal execution)

VM Mutex/Monitor currently owned by a thread: None

Heap:
 PSYoungGen      total 68096K, used 29435K [0x00000000eab00000, 0x00000000ef000000, 0x0000000100000000)
  eden space 65536K, 41% used [0x00000000eab00000,0x00000000ec542ed0,0x00000000eeb00000)
  from space 2560K, 99% used [0x00000000eed80000,0x00000000eeffc048,0x00000000ef000000)
  to   space 2560K, 0% used [0x00000000eeb00000,0x00000000eeb00000,0x00000000eed80000)
 ParOldGen       total 44032K, used 12693K [0x00000000c0000000, 0x00000000c2b00000, 0x00000000eab00000)
  object space 44032K, 28% used [0x00000000c0000000,0x00000000c0c65740,0x00000000c2b00000)
 Metaspace       used 6477K, capacity 7224K, committed 7296K, reserved 1056768K
  class space    used 611K, capacity 624K, committed 640K, reserved 1048576K

Card table byte_map: [0x00000000117c0000,0x00000000119d0000] byte_map_base: 0x00000000111c0000

Marking Bits: (ParMarkBitMap*) 0x000000006ec72f70
 Begin Bits: [0x0000000011f30000, 0x0000000012f30000)
 End Bits:   [0x0000000012f30000, 0x0000000013f30000)

Polling page: 0x0000000000320000

CodeCache: size=245760Kb used=8558Kb max_used=8558Kb free=237201Kb
 bounds [0x0000000002400000, 0x0000000002c70000, 0x0000000011400000]
 total_blobs=2241 nmethods=1973 adapters=180
 compilation: enabled

Compilation events (10 events):
Event: 15.343 Thread 0x0000000055fe7000 nmethod 1986 0x0000000002c0f2d0 code [0x0000000002c0f420, 0x0000000002c0f5b8]
Event: 17.266 Thread 0x0000000055fe5000 1987       4       com.android.dx.cf.code.Simulator$SimVisitor::visitConstant (332 bytes)
Event: 17.797 Thread 0x0000000055fe5000 nmethod 1987 0x0000000002c5a810 code [0x0000000002c5ae80, 0x0000000002c60db0]
Event: 18.118 Thread 0x0000000055fe7000 1988       4       com.android.dx.dex.code.CstInsn::<init> (39 bytes)
Event: 18.120 Thread 0x0000000055fe7000 nmethod 1988 0x0000000002c0eed0 code [0x0000000002c0f020, 0x0000000002c0f158]
Event: 18.179 Thread 0x0000000056040800 1989       3       com.android.dx.rop.code.Rops::opInvokeStatic (17 bytes)
Event: 18.179 Thread 0x0000000056040800 nmethod 1989 0x0000000002c28590 code [0x0000000002c28720, 0x0000000002c28a38]
Event: 18.180 Thread 0x0000000055fe5000 1990   !   4       com.android.dx.cf.direct.AttributeFactory::parse (248 bytes)
Event: 18.180 Thread 0x0000000055fe7000 1991       4       com.android.dx.cf.direct.StdAttributeFactory::parse0 (532 bytes)
Event: 18.180 Thread 0x0000000056040800 1992       3       com.android.dx.cf.direct.StdAttributeFactory::sourceFile (94 bytes)

GC Heap History (8 events):
Event: 0.852 GC heap before
{Heap before GC invocations=1 (full 0):
 PSYoungGen      total 18944K, used 16384K [0x00000000eab00000, 0x00000000ec000000, 0x0000000100000000)
  eden space 16384K, 100% used [0x00000000eab00000,0x00000000ebb00000,0x00000000ebb00000)
  from space 2560K, 0% used [0x00000000ebd80000,0x00000000ebd80000,0x00000000ec000000)
  to   space 2560K, 0% used [0x00000000ebb00000,0x00000000ebb00000,0x00000000ebd80000)
 ParOldGen       total 44032K, used 0K [0x00000000c0000000, 0x00000000c2b00000, 0x00000000eab00000)
  object space 44032K, 0% used [0x00000000c0000000,0x00000000c0000000,0x00000000c2b00000)
 Metaspace       used 5445K, capacity 6384K, committed 6528K, reserved 1056768K
  class space    used 590K, capacity 616K, committed 640K, reserved 1048576K
Event: 1.310 GC heap after
Heap after GC invocations=1 (full 0):
 PSYoungGen      total 18944K, used 2544K [0x00000000eab00000, 0x00000000ed000000, 0x0000000100000000)
  eden space 16384K, 0% used [0x00000000eab00000,0x00000000eab00000,0x00000000ebb00000)
  from space 2560K, 99% used [0x00000000ebb00000,0x00000000ebd7c068,0x00000000ebd80000)
  to   space 2560K, 0% used [0x00000000ecd80000,0x00000000ecd80000,0x00000000ed000000)
 ParOldGen       total 44032K, used 678K [0x00000000c0000000, 0x00000000c2b00000, 0x00000000eab00000)
  object space 44032K, 1% used [0x00000000c0000000,0x00000000c00a9af8,0x00000000c2b00000)
 Metaspace       used 5445K, capacity 6384K, committed 6528K, reserved 1056768K
  class space    used 590K, capacity 616K, committed 640K, reserved 1048576K
}
Event: 2.041 GC heap before
{Heap before GC invocations=2 (full 0):
 PSYoungGen      total 18944K, used 18928K [0x00000000eab00000, 0x00000000ed000000, 0x0000000100000000)
  eden space 16384K, 100% used [0x00000000eab00000,0x00000000ebb00000,0x00000000ebb00000)
  from space 2560K, 99% used [0x00000000ebb00000,0x00000000ebd7c068,0x00000000ebd80000)
  to   space 2560K, 0% used [0x00000000ecd80000,0x00000000ecd80000,0x00000000ed000000)
 ParOldGen       total 44032K, used 678K [0x00000000c0000000, 0x00000000c2b00000, 0x00000000eab00000)
  object space 44032K, 1% used [0x00000000c0000000,0x00000000c00a9af8,0x00000000c2b00000)
 Metaspace       used 5913K, capacity 6834K, committed 7040K, reserved 1056768K
  class space    used 601K, capacity 618K, committed 640K, reserved 1048576K
Event: 2.063 GC heap after
Heap after GC invocations=2 (full 0):
 PSYoungGen      total 35328K, used 2528K [0x00000000eab00000, 0x00000000ed000000, 0x0000000100000000)
  eden space 32768K, 0% used [0x00000000eab00000,0x00000000eab00000,0x00000000ecb00000)
  from space 2560K, 98% used [0x00000000ecd80000,0x00000000ecff8018,0x00000000ed000000)
  to   space 2560K, 0% used [0x00000000ecb00000,0x00000000ecb00000,0x00000000ecd80000)
 ParOldGen       total 44032K, used 2312K [0x00000000c0000000, 0x00000000c2b00000, 0x00000000eab00000)
  object space 44032K, 5% used [0x00000000c0000000,0x00000000c02422e8,0x00000000c2b00000)
 Metaspace       used 5913K, capacity 6834K, committed 7040K, reserved 1056768K
  class space    used 601K, capacity 618K, committed 640K, reserved 1048576K
}
Event: 6.674 GC heap before
{Heap before GC invocations=3 (full 0):
 PSYoungGen      total 35328K, used 35296K [0x00000000eab00000, 0x00000000ed000000, 0x0000000100000000)
  eden space 32768K, 100% used [0x00000000eab00000,0x00000000ecb00000,0x00000000ecb00000)
  from space 2560K, 98% used [0x00000000ecd80000,0x00000000ecff8018,0x00000000ed000000)
  to   space 2560K, 0% used [0x00000000ecb00000,0x00000000ecb00000,0x00000000ecd80000)
 ParOldGen       total 44032K, used 2312K [0x00000000c0000000, 0x00000000c2b00000, 0x00000000eab00000)
  object space 44032K, 5% used [0x00000000c0000000,0x00000000c02422e8,0x00000000c2b00000)
 Metaspace       used 6258K, capacity 7090K, committed 7296K, reserved 1056768K
  class space    used 603K, capacity 618K, committed 640K, reserved 1048576K
Event: 6.713 GC heap after
Heap after GC invocations=3 (full 0):
 PSYoungGen      total 35328K, used 2528K [0x00000000eab00000, 0x00000000ef000000, 0x0000000100000000)
  eden space 32768K, 0% used [0x00000000eab00000,0x00000000eab00000,0x00000000ecb00000)
  from space 2560K, 98% used [0x00000000ecb00000,0x00000000ecd78018,0x00000000ecd80000)
  to   space 2560K, 0% used [0x00000000eed80000,0x00000000eed80000,0x00000000ef000000)
 ParOldGen       total 44032K, used 7187K [0x00000000c0000000, 0x00000000c2b00000, 0x00000000eab00000)
  object space 44032K, 16% used [0x00000000c0000000,0x00000000c0704e70,0x00000000c2b00000)
 Metaspace       used 6258K, capacity 7090K, committed 7296K, reserved 1056768K
  class space    used 603K, capacity 618K, committed 640K, reserved 1048576K
}
Event: 11.484 GC heap before
{Heap before GC invocations=4 (full 0):
 PSYoungGen      total 35328K, used 35296K [0x00000000eab00000, 0x00000000ef000000, 0x0000000100000000)
  eden space 32768K, 100% used [0x00000000eab00000,0x00000000ecb00000,0x00000000ecb00000)
  from space 2560K, 98% used [0x00000000ecb00000,0x00000000ecd78018,0x00000000ecd80000)
  to   space 2560K, 0% used [0x00000000eed80000,0x00000000eed80000,0x00000000ef000000)
 ParOldGen       total 44032K, used 7187K [0x00000000c0000000, 0x00000000c2b00000, 0x00000000eab00000)
  object space 44032K, 16% used [0x00000000c0000000,0x00000000c0704e70,0x00000000c2b00000)
 Metaspace       used 6413K, capacity 7154K, committed 7296K, reserved 1056768K
  class space    used 604K, capacity 618K, committed 640K, reserved 1048576K
Event: 11.537 GC heap after
Heap after GC invocations=4 (full 0):
 PSYoungGen      total 68096K, used 2544K [0x00000000eab00000, 0x00000000ef000000, 0x0000000100000000)
  eden space 65536K, 0% used [0x00000000eab00000,0x00000000eab00000,0x00000000eeb00000)
  from space 2560K, 99% used [0x00000000eed80000,0x00000000eeffc048,0x00000000ef000000)
  to   space 2560K, 0% used [0x00000000eeb00000,0x00000000eeb00000,0x00000000eed80000)
 ParOldGen       total 44032K, used 12693K [0x00000000c0000000, 0x00000000c2b00000, 0x00000000eab00000)
  object space 44032K, 28% used [0x00000000c0000000,0x00000000c0c65740,0x00000000c2b00000)
 Metaspace       used 6413K, capacity 7154K, committed 7296K, reserved 1056768K
  class space    used 604K, capacity 618K, committed 640K, reserved 1048576K
}

Deoptimization events (10 events):
Event: 8.404 Thread 0x000000005637a800 Uncommon trap: reason=unstable_if action=reinterpret pc=0x0000000002afdf54 method=java.util.ArrayList.<init>(I)V @ 5
Event: 8.404 Thread 0x000000005637a800 Uncommon trap: reason=unstable_if action=reinterpret pc=0x0000000002a76f64 method=com.android.dx.rop.code.RegisterSpecSet.<init>(I)V @ 2
Event: 8.404 Thread 0x000000005637a800 Uncommon trap: reason=unstable_if action=reinterpret pc=0x000000000268f528 method=com.android.dx.rop.code.RegisterSpecSet.<init>(I)V @ 2
Event: 8.540 Thread 0x000000005637a000 Uncommon trap: reason=bimorphic action=maybe_recompile pc=0x0000000002b1248c method=com.android.dx.cf.code.RopperMachine.run(Lcom/android/dx/cf/code/Frame;II)V @ 988
Event: 8.541 Thread 0x000000005637a000 Uncommon trap: reason=unloaded action=reinterpret pc=0x00000000028f9560 method=com.android.dx.ssa.LiteralOpUpgrader$1.visitNonMoveInsn(Lcom/android/dx/ssa/NormalSsaInsn;)V @ 72
Event: 8.542 Thread 0x000000005637a000 Uncommon trap: reason=unstable_if action=reinterpret pc=0x000000000273b8cc method=com.android.dx.ssa.SsaMethod.updateOneDefinition(Lcom/android/dx/ssa/SsaInsn;Lcom/android/dx/rop/code/RegisterSpec;)V @ 4
Event: 8.545 Thread 0x000000005637a000 Uncommon trap: reason=bimorphic action=maybe_recompile pc=0x0000000002983cf8 method=com.android.dx.ssa.SCCP.setLatticeValueTo(IILcom/android/dx/rop/cst/Constant;)Z @ 43
Event: 8.545 Thread 0x000000005637a000 Uncommon trap: reason=bimorphic action=maybe_recompile pc=0x0000000002983cf8 method=com.android.dx.ssa.SCCP.setLatticeValueTo(IILcom/android/dx/rop/cst/Constant;)Z @ 43
Event: 8.545 Thread 0x000000005637a000 Uncommon trap: reason=bimorphic action=maybe_recompile pc=0x0000000002983cf8 method=com.android.dx.ssa.SCCP.setLatticeValueTo(IILcom/android/dx/rop/cst/Constant;)Z @ 43
Event: 8.545 Thread 0x000000005637a000 Uncommon trap: reason=bimorphic action=maybe_recompile pc=0x0000000002983cf8 method=com.android.dx.ssa.SCCP.setLatticeValueTo(IILcom/android/dx/rop/cst/Constant;)Z @ 43

Internal exceptions (3 events):
Event: 0.205 Thread 0x0000000001d18000 Exception <a 'java/lang/NoSuchMethodError': Method sun.misc.Unsafe.defineClass(Ljava/lang/String;[BII)Ljava/lang/Class; name or signature does not match> (0x00000000eab07cc0) thrown at [C:\re\workspace\8-2-build-windows-amd64-cygwin\jdk8u91\7017\hotspot\sr+8$@XF ?
Event: 0.205 Thread 0x0000000001d18000 Exception <a 'java/lang/NoSuchMethodError': Method sun.misc.Unsafe.prefetchRead(Ljava/lang/Object;J)V name or signature does not match> (0x00000000eab07fa8) thrown at [C:\re\workspace\8-2-build-windows-amd64-cygwin\jdk8u91\7017\hotspot\src\share\vm\prims\j—HK=r{@
Event: 4.371 Thread 0x000000005637a800 Implicit null exception at 0x000000000264a61f to 0x000000000264c629

Events (10 events):
Event: 8.545 Thread 0x000000005637a000 Uncommon trap: trap_request=0xffffffc6 fr.pc=0x0000000002983cf8
Event: 8.545 Thread 0x000000005637a000 DEOPT PACKING pc=0x0000000002983cf8 sp=0x000000005798ea80
Event: 8.545 Thread 0x000000005637a000 DEOPT UNPACKING pc=0x000000000244582a sp=0x000000005798e9d8 mode 2
Event: 8.545 Thread 0x000000005637a000 Uncommon trap: trap_request=0xffffffc6 fr.pc=0x0000000002983cf8
Event: 8.545 Thread 0x000000005637a000 DEOPT PACKING pc=0x0000000002983cf8 sp=0x000000005798ea80
Event: 8.545 Thread 0x000000005637a000 DEOPT UNPACKING pc=0x000000000244582a sp=0x000000005798e9d8 mode 2
Event: 11.484 Executing VM operation: ParallelGCFailedAllocation
Event: 11.537 Executing VM operation: ParallelGCFailedAllocation done
Event: 18.180 loading class com/android/dx/cf/iface/ParseObserver
Event: 18.180 loading class com/android/dx/cf/iface/ParseObserver done


Dynamic libraries:
0x000000013ff40000 - 0x000000013ff77000 	C:\Program Files\Java\jdk1.8.0_91\bin\java.exe
0x0000000076d70000 - 0x0000000076f1a000 	C:\Windows\SYSTEM32\ntdll.dll
0x0000000076b50000 - 0x0000000076c6f000 	C:\Windows\system32\kernel32.dll
0x000007fefccd0000 - 0x000007fefcd3a000 	C:\Windows\system32\KERNELBASE.dll
0x000007fefdf40000 - 0x000007fefe01b000 	C:\Windows\system32\ADVAPI32.dll
0x000007fefe020000 - 0x000007fefe0bf000 	C:\Windows\system32\msvcrt.dll
0x000007fefe530000 - 0x000007fefe54f000 	C:\Windows\SYSTEM32\sechost.dll
0x000007fefeb20000 - 0x000007fefec4d000 	C:\Windows\system32\RPCRT4.dll
0x0000000076c70000 - 0x0000000076d6a000 	C:\Windows\system32\USER32.dll
0x000007fefe550000 - 0x000007fefe5b7000 	C:\Windows\system32\GDI32.dll
0x000007fefeb10000 - 0x000007fefeb1e000 	C:\Windows\system32\LPK.dll
0x000007fefee60000 - 0x000007fefef2a000 	C:\Windows\system32\USP10.dll
0x000007fefbb10000 - 0x000007fefbd04000 	C:\Windows\WinSxS\amd64_microsoft.windows.common-controls_6595b64144ccf1df_6.0.7601.17514_none_fa396087175ac9ac\COMCTL32.dll
0x000007fefddd0000 - 0x000007fefde41000 	C:\Windows\system32\SHLWAPI.dll
0x000007feff050000 - 0x000007feff07e000 	C:\Windows\system32\IMM32.DLL
0x000007fefe6b0000 - 0x000007fefe7b9000 	C:\Windows\system32\MSCTF.dll
0x0000000071f50000 - 0x0000000072022000 	C:\Program Files\Java\jdk1.8.0_91\jre\bin\msvcr100.dll
0x000000006e460000 - 0x000000006ecf3000 	C:\Program Files\Java\jdk1.8.0_91\jre\bin\server\jvm.dll
0x000007fef0350000 - 0x000007fef0359000 	C:\Windows\system32\WSOCK32.dll
0x000007fefde50000 - 0x000007fefde9d000 	C:\Windows\system32\WS2_32.dll
0x000007fefe5c0000 - 0x000007fefe5c8000 	C:\Windows\system32\NSI.dll
0x000007fefab20000 - 0x000007fefab5b000 	C:\Windows\system32\WINMM.dll
0x000007fefb800000 - 0x000007fefb80c000 	C:\Windows\system32\VERSION.dll
0x0000000076f30000 - 0x0000000076f37000 	C:\Windows\system32\PSAPI.DLL
0x00000000732d0000 - 0x00000000732df000 	C:\Program Files\Java\jdk1.8.0_91\jre\bin\verify.dll
0x00000000732a0000 - 0x00000000732c9000 	C:\Program Files\Java\jdk1.8.0_91\jre\bin\java.dll
0x0000000073280000 - 0x0000000073296000 	C:\Program Files\Java\jdk1.8.0_91\jre\bin\zip.dll
0x000007fefce60000 - 0x000007fefdbe8000 	C:\Windows\system32\SHELL32.dll
0x000007fefec50000 - 0x000007fefee53000 	C:\Windows\system32\ole32.dll
0x000007fefcab0000 - 0x000007fefcabf000 	C:\Windows\system32\profapi.dll

VM Arguments:
jvm_args: -Djava.awt.headless=true -Xmx1024M -Dfile.encoding=windows-1256 -Duser.country=US -Duser.language=en -Duser.variant 
java_command: com.android.dx.command.Main --dex --force-jumbo --num-threads=4 --output E:\User\AndroidStudioProjects\SimpleFlickrClient\app\build\intermediates\pre-dexed\debug\internal_impl-24.0.0_e527b74ee5ac5b981af9b5f23f5af01e4cee1e5f.jar E:\User\AndroidStudioProjects\SimpleFlickrClient\app\build\intermediates\exploded-aar\com.android.support\support-v4\24.0.0\jars\libs\internal_impl-24.0.0.jar
java_class_path (initial): E:\User\AppData\Local\Android\sdk\build-tools\24.0.0\lib\dx.jar
Launcher Type: SUN_STANDARD

Environment Variables:
PATH=C:\oracle\product\10.2.0\db_2\bin;C:\oracle\product\10.2.0\db_1\bin;C:\ProgramData\Oracle\Java\javapath;C:\Windows\System32;C:\Windows\SysWOW64;C:\opencv248\build\x86\vc10\bin;C:\Python27;C:\Program Files (x86)\CodeBlocks\MinGW\bin;E:\programs\Matlab\R2013a\bin;C:\Program Files\IVI Foundation\VISA\Win64\Bin\;C:\Program Files (x86)\IVI Foundation\VISA\WinNT\Bin\;C:\Program Files (x86)\IVI Foundation\VISA\WinNT\Bin;C:\Program Files (x86)\Tesseract-OCR;E:\User\AppData\Local\Android\sdk\tools\lib;E:\Program Files\Git\cmd;E:\User\AppData\Local\Android\sdk\platform-tools;E:\Program Files\nodejs\;C:\Program Files\Canopy\User;C:\Program Files\Canopy\User\Scripts;C:\Users\user\AppData\Roaming\npm
USERNAME=user
OS=Windows_NT
PROCESSOR_IDENTIFIER=Intel64 Family 6 Model 58 Stepping 9, GenuineIntel



---------------  S Y S T E M  ---------------

OS: Windows 7 , 64 bit Build 7601 (6.1.7601.23572)

CPU:total 4 (2 cores per cpu, 2 threads per core) family 6 model 58 stepping 9, cmov, cx8, fxsr, mmx, sse, sse2, sse3, ssse3, sse4.1, sse4.2, popcnt, avx, aes, clmul, erms, ht, tsc, tscinvbit, tscinv

Memory: 4k page, physical 4094316k(127816k free), swap 5628456k(4800k free)

vm_info: Java HotSpot(TM) 64-Bit Server VM (25.91-b15) for windows-amd64 JRE (1.8.0_91-b15), built on May 20 2016 17:43:15 by "java_re" with MS VC++ 10.0 (VS2010)

time: Sat Aug 05 20:34:15 2017
elapsed time: 18 seconds (0d 0h 0m 18s)

