#
# There is insufficient memory for the Java Runtime Environment to continue.
# Native memory allocation (malloc) failed to allocate 969056 bytes for Chunk::new
# Possible reasons:
#   The system is out of physical RAM or swap space
#   In 32 bit mode, the process size limit was hit
# Possible solutions:
#   Reduce memory load on the system
#   Increase physical memory or swap space
#   Check if swap backing store is full
#   Use 64 bit Java on a 64 bit OS
#   Decrease Java heap size (-Xmx/-Xms)
#   Decrease number of Java threads
#   Decrease Java thread stack sizes (-Xss)
#   Set larger code cache with -XX:ReservedCodeCacheSize=
# This output file may be truncated or incomplete.
#
#  Out of Memory Error (allocation.cpp:390), pid=24084, tid=23944
#
# JRE version: Java(TM) SE Runtime Environment (8.0_91-b15) (build 1.8.0_91-b15)
# Java VM: Java HotSpot(TM) 64-Bit Server VM (25.91-b15 mixed mode windows-amd64 compressed oops)
# Failed to write core dump. Minidumps are not enabled by default on client versions of Windows
#

---------------  T H R E A D  ---------------

Current thread (0x0000000056277800):  JavaThread "C2 CompilerThread0" daemon [_thread_in_native, id=23944, stack(0x0000000056940000,0x0000000056a40000)]

Stack: [0x0000000056940000,0x0000000056a40000]
[error occurred during error reporting (printing stack bounds), id 0xc0000005]

Native frames: (J=compiled Java code, j=interpreted, Vv=VM code, C=native code)


Current CompileTask:
C2:  12311 2273       4       com.android.dx.dex.code.OutputFinisher::addConstants (93 bytes)


---------------  P R O C E S S  ---------------

Java Threads: ( => current thread )
  0x00000000562d5800 JavaThread "Service Thread" daemon [_thread_blocked, id=24028, stack(0x0000000056e80000,0x0000000056f80000)]
  0x00000000562d1800 JavaThread "C1 CompilerThread2" daemon [_thread_blocked, id=23868, stack(0x0000000056d60000,0x0000000056e60000)]
  0x00000000562d1000 JavaThread "C2 CompilerThread1" daemon [_thread_in_native, id=23904, stack(0x0000000056af0000,0x0000000056bf0000)]
=>0x0000000056277800 JavaThread "C2 CompilerThread0" daemon [_thread_in_native, id=23944, stack(0x0000000056940000,0x0000000056a40000)]
  0x0000000056274800 JavaThread "Attach Listener" daemon [_thread_blocked, id=19760, stack(0x0000000056750000,0x0000000056850000)]
  0x0000000054d8d800 JavaThread "Signal Dispatcher" daemon [_thread_blocked, id=22796, stack(0x0000000055d20000,0x0000000055e20000)]
  0x0000000054d79000 JavaThread "Finalizer" daemon [_thread_blocked, id=23932, stack(0x0000000056170000,0x0000000056270000)]
  0x0000000054d32000 JavaThread "Reference Handler" daemon [_thread_blocked, id=23200, stack(0x0000000055fb0000,0x00000000560b0000)]
  0x0000000001df8000 JavaThread "main" [_thread_in_native, id=23768, stack(0x00000000020e0000,0x00000000021e0000)]

Other Threads:
  0x0000000054d2a800 VMThread [stack: 0x0000000055e30000,0x0000000055f30000] [id=24164]
  0x0000000056325000 WatcherThread [stack: 0x0000000057040000,0x0000000057140000] [id=23832]

VM state:not at safepoint (normal execution)

VM Mutex/Monitor currently owned by a thread: None

Heap:
 PSYoungGen      total 144384K, used 27370K [0x00000000eab00000, 0x00000000fd800000, 0x0000000100000000)
  eden space 129536K, 17% used [0x00000000eab00000,0x00000000ec142418,0x00000000f2980000)
  from space 14848K, 30% used [0x00000000f2980000,0x00000000f2df8550,0x00000000f3800000)
  to   space 24576K, 0% used [0x00000000fc000000,0x00000000fc000000,0x00000000fd800000)
 ParOldGen       total 80384K, used 43721K [0x00000000c0000000, 0x00000000c4e80000, 0x00000000eab00000)
  object space 80384K, 54% used [0x00000000c0000000,0x00000000c2ab2760,0x00000000c4e80000)
 Metaspace       used 6997K, capacity 7672K, committed 7936K, reserved 1056768K
  class space    used 649K, capacity 688K, committed 768K, reserved 1048576K

Card table byte_map: [0x0000000011870000,0x0000000011a80000] byte_map_base: 0x0000000011270000

Marking Bits: (ParMarkBitMap*) 0x0000000073cf2f70
 Begin Bits: [0x00000000121a0000, 0x00000000131a0000)
 End Bits:   [0x00000000131a0000, 0x00000000141a0000)

Polling page: 0x0000000000410000

CodeCache: size=245760Kb used=10258Kb max_used=10258Kb free=235501Kb
 bounds [0x00000000024b0000, 0x0000000002ec0000, 0x00000000114b0000]
 total_blobs=2870 nmethods=2601 adapters=181
 compilation: enabled

Compilation events (10 events):
Event: 12.259 Thread 0x00000000562d1800 2749       1       com.android.dx.rop.annotation.Annotation::getVisibility (5 bytes)
Event: 12.259 Thread 0x00000000562d1800 nmethod 2749 0x0000000002ebab50 code [0x0000000002ebaca0, 0x0000000002ebadb0]
Event: 12.259 Thread 0x00000000562d1800 2745       2       java.lang.ReflectiveOperationException::<init> (7 bytes)
Event: 12.259 Thread 0x00000000562d1800 nmethod 2745 0x0000000002ebae10 code [0x0000000002ebaf80, 0x0000000002ebb0e8]
Event: 12.260 Thread 0x00000000562d1800 2746       2       java.lang.Exception::<init> (7 bytes)
Event: 12.260 Thread 0x00000000562d1800 nmethod 2746 0x0000000002ebb190 code [0x0000000002ebb300, 0x0000000002ebb468]
Event: 12.260 Thread 0x00000000562d1800 2747       2       java.lang.Throwable::<init> (39 bytes)
Event: 12.260 Thread 0x00000000562d1800 nmethod 2747 0x0000000002ebb510 code [0x0000000002ebb680, 0x0000000002ebba68]
Event: 12.260 Thread 0x00000000562d1800 2748       2       java.net.URL::<init> (8 bytes)
Event: 12.260 Thread 0x00000000562d1800 nmethod 2748 0x0000000002ebbb50 code [0x0000000002ebbcc0, 0x0000000002ebbe48]

GC Heap History (10 events):
Event: 5.790 GC heap before
{Heap before GC invocations=4 (full 0):
 PSYoungGen      total 35328K, used 35312K [0x00000000eab00000, 0x00000000ef000000, 0x0000000100000000)
  eden space 32768K, 100% used [0x00000000eab00000,0x00000000ecb00000,0x00000000ecb00000)
  from space 2560K, 99% used [0x00000000ecb00000,0x00000000ecd7c378,0x00000000ecd80000)
  to   space 2560K, 0% used [0x00000000eed80000,0x00000000eed80000,0x00000000ef000000)
 ParOldGen       total 44032K, used 8068K [0x00000000c0000000, 0x00000000c2b00000, 0x00000000eab00000)
  object space 44032K, 18% used [0x00000000c0000000,0x00000000c07e10d0,0x00000000c2b00000)
 Metaspace       used 6154K, capacity 7026K, committed 7296K, reserved 1056768K
  class space    used 603K, capacity 618K, committed 640K, reserved 1048576K
Event: 5.828 GC heap after
Heap after GC invocations=4 (full 0):
 PSYoungGen      total 68096K, used 2528K [0x00000000eab00000, 0x00000000ef000000, 0x0000000100000000)
  eden space 65536K, 0% used [0x00000000eab00000,0x00000000eab00000,0x00000000eeb00000)
  from space 2560K, 98% used [0x00000000eed80000,0x00000000eeff8368,0x00000000ef000000)
  to   space 2560K, 0% used [0x00000000eeb00000,0x00000000eeb00000,0x00000000eed80000)
 ParOldGen       total 44032K, used 12608K [0x00000000c0000000, 0x00000000c2b00000, 0x00000000eab00000)
  object space 44032K, 28% used [0x00000000c0000000,0x00000000c0c50068,0x00000000c2b00000)
 Metaspace       used 6154K, capacity 7026K, committed 7296K, reserved 1056768K
  class space    used 603K, capacity 618K, committed 640K, reserved 1048576K
}
Event: 6.435 GC heap before
{Heap before GC invocations=5 (full 0):
 PSYoungGen      total 68096K, used 68064K [0x00000000eab00000, 0x00000000ef000000, 0x0000000100000000)
  eden space 65536K, 100% used [0x00000000eab00000,0x00000000eeb00000,0x00000000eeb00000)
  from space 2560K, 98% used [0x00000000eed80000,0x00000000eeff8368,0x00000000ef000000)
  to   space 2560K, 0% used [0x00000000eeb00000,0x00000000eeb00000,0x00000000eed80000)
 ParOldGen       total 44032K, used 12608K [0x00000000c0000000, 0x00000000c2b00000, 0x00000000eab00000)
  object space 44032K, 28% used [0x00000000c0000000,0x00000000c0c50068,0x00000000c2b00000)
 Metaspace       used 6201K, capacity 7090K, committed 7296K, reserved 1056768K
  class space    used 604K, capacity 618K, committed 640K, reserved 1048576K
Event: 6.626 GC heap after
Heap after GC invocations=5 (full 0):
 PSYoungGen      total 68096K, used 2544K [0x00000000eab00000, 0x00000000f4500000, 0x0000000100000000)
  eden space 65536K, 0% used [0x00000000eab00000,0x00000000eab00000,0x00000000eeb00000)
  from space 2560K, 99% used [0x00000000eeb00000,0x00000000eed7c028,0x00000000eed80000)
  to   space 13312K, 0% used [0x00000000f3800000,0x00000000f3800000,0x00000000f4500000)
 ParOldGen       total 44032K, used 22442K [0x00000000c0000000, 0x00000000c2b00000, 0x00000000eab00000)
  object space 44032K, 50% used [0x00000000c0000000,0x00000000c15ea970,0x00000000c2b00000)
 Metaspace       used 6201K, capacity 7090K, committed 7296K, reserved 1056768K
  class space    used 604K, capacity 618K, committed 640K, reserved 1048576K
}
Event: 8.742 GC heap before
{Heap before GC invocations=6 (full 0):
 PSYoungGen      total 68096K, used 68080K [0x00000000eab00000, 0x00000000f4500000, 0x0000000100000000)
  eden space 65536K, 100% used [0x00000000eab00000,0x00000000eeb00000,0x00000000eeb00000)
  from space 2560K, 99% used [0x00000000eeb00000,0x00000000eed7c028,0x00000000eed80000)
  to   space 13312K, 0% used [0x00000000f3800000,0x00000000f3800000,0x00000000f4500000)
 ParOldGen       total 44032K, used 22442K [0x00000000c0000000, 0x00000000c2b00000, 0x00000000eab00000)
  object space 44032K, 50% used [0x00000000c0000000,0x00000000c15ea970,0x00000000c2b00000)
 Metaspace       used 6414K, capacity 7192K, committed 7424K, reserved 1056768K
  class space    used 624K, capacity 656K, committed 768K, reserved 1048576K
Event: 8.774 GC heap after
Heap after GC invocations=6 (full 0):
 PSYoungGen      total 142848K, used 11930K [0x00000000eab00000, 0x00000000f4800000, 0x0000000100000000)
  eden space 129536K, 0% used [0x00000000eab00000,0x00000000eab00000,0x00000000f2980000)
  from space 13312K, 89% used [0x00000000f3800000,0x00000000f43a6960,0x00000000f4500000)
  to   space 14848K, 0% used [0x00000000f2980000,0x00000000f2980000,0x00000000f3800000)
 ParOldGen       total 44032K, used 22442K [0x00000000c0000000, 0x00000000c2b00000, 0x00000000eab00000)
  object space 44032K, 50% used [0x00000000c0000000,0x00000000c15ea970,0x00000000c2b00000)
 Metaspace       used 6414K, capacity 7192K, committed 7424K, reserved 1056768K
  class space    used 624K, capacity 656K, committed 768K, reserved 1048576K
}
Event: 10.634 GC heap before
{Heap before GC invocations=7 (full 0):
 PSYoungGen      total 142848K, used 141466K [0x00000000eab00000, 0x00000000f4800000, 0x0000000100000000)
  eden space 129536K, 100% used [0x00000000eab00000,0x00000000f2980000,0x00000000f2980000)
  from space 13312K, 89% used [0x00000000f3800000,0x00000000f43a6960,0x00000000f4500000)
  to   space 14848K, 0% used [0x00000000f2980000,0x00000000f2980000,0x00000000f3800000)
 ParOldGen       total 44032K, used 22442K [0x00000000c0000000, 0x00000000c2b00000, 0x00000000eab00000)
  object space 44032K, 50% used [0x00000000c0000000,0x00000000c15ea970,0x00000000c2b00000)
 Metaspace       used 6483K, capacity 7192K, committed 7424K, reserved 1056768K
  class space    used 626K, capacity 656K, committed 768K, reserved 1048576K
Event: 10.740 GC heap after
Heap after GC invocations=7 (full 0):
 PSYoungGen      total 144384K, used 14828K [0x00000000eab00000, 0x00000000fd800000, 0x0000000100000000)
  eden space 129536K, 0% used [0x00000000eab00000,0x00000000eab00000,0x00000000f2980000)
  from space 14848K, 99% used [0x00000000f2980000,0x00000000f37fb228,0x00000000f3800000)
  to   space 24576K, 0% used [0x00000000fc000000,0x00000000fc000000,0x00000000fd800000)
 ParOldGen       total 44032K, used 35971K [0x00000000c0000000, 0x00000000c2b00000, 0x00000000eab00000)
  object space 44032K, 81% used [0x00000000c0000000,0x00000000c2320e88,0x00000000c2b00000)
 Metaspace       used 6483K, capacity 7192K, committed 7424K, reserved 1056768K
  class space    used 626K, capacity 656K, committed 768K, reserved 1048576K
}
Event: 10.740 GC heap before
{Heap before GC invocations=8 (full 1):
 PSYoungGen      total 144384K, used 14828K [0x00000000eab00000, 0x00000000fd800000, 0x0000000100000000)
  eden space 129536K, 0% used [0x00000000eab00000,0x00000000eab00000,0x00000000f2980000)
  from space 14848K, 99% used [0x00000000f2980000,0x00000000f37fb228,0x00000000f3800000)
  to   space 24576K, 0% used [0x00000000fc000000,0x00000000fc000000,0x00000000fd800000)
 ParOldGen       total 44032K, used 35971K [0x00000000c0000000, 0x00000000c2b00000, 0x00000000eab00000)
  object space 44032K, 81% used [0x00000000c0000000,0x00000000c2320e88,0x00000000c2b00000)
 Metaspace       used 6483K, capacity 7192K, committed 7424K, reserved 1056768K
  class space    used 626K, capacity 656K, committed 768K, reserved 1048576K
Event: 11.495 GC heap after
Heap after GC invocations=8 (full 1):
 PSYoungGen      total 144384K, used 4577K [0x00000000eab00000, 0x00000000fd800000, 0x0000000100000000)
  eden space 129536K, 0% used [0x00000000eab00000,0x00000000eab00000,0x00000000f2980000)
  from space 14848K, 30% used [0x00000000f2980000,0x00000000f2df8550,0x00000000f3800000)
  to   space 24576K, 0% used [0x00000000fc000000,0x00000000fc000000,0x00000000fd800000)
 ParOldGen       total 80384K, used 43721K [0x00000000c0000000, 0x00000000c4e80000, 0x00000000eab00000)
  object space 80384K, 54% used [0x00000000c0000000,0x00000000c2ab2760,0x00000000c4e80000)
 Metaspace       used 6483K, capacity 7192K, committed 7424K, reserved 1056768K
  class space    used 626K, capacity 656K, committed 768K, reserved 1048576K
}

Deoptimization events (10 events):
Event: 11.504 Thread 0x0000000001df8000 Uncommon trap: reason=class_check action=maybe_recompile pc=0x0000000002988478 method=java.util.Arrays.hashCode([Ljava/lang/Object;)I @ 43
Event: 11.504 Thread 0x0000000001df8000 Uncommon trap: reason=class_check action=maybe_recompile pc=0x0000000002988478 method=java.util.Arrays.hashCode([Ljava/lang/Object;)I @ 43
Event: 11.504 Thread 0x0000000001df8000 Uncommon trap: reason=class_check action=maybe_recompile pc=0x0000000002845b34 method=java.util.Arrays.hashCode([Ljava/lang/Object;)I @ 43
Event: 11.585 Thread 0x0000000001df8000 Uncommon trap: reason=unstable_if action=reinterpret pc=0x0000000002a0e924 method=java.util.HashMap.putVal(ILjava/lang/Object;Ljava/lang/Object;ZZ)Ljava/lang/Object; @ 162
Event: 11.709 Thread 0x0000000001df8000 Uncommon trap: reason=speculate_class_check action=maybe_recompile pc=0x0000000002828724 method=com.android.dx.util.FixedSizeList.equals(Ljava/lang/Object;)Z @ 25
Event: 11.760 Thread 0x0000000001df8000 Uncommon trap: reason=speculate_class_check action=maybe_recompile pc=0x0000000002828724 method=com.android.dx.util.FixedSizeList.equals(Ljava/lang/Object;)Z @ 25
Event: 11.760 Thread 0x0000000001df8000 Uncommon trap: reason=speculate_class_check action=maybe_recompile pc=0x0000000002828724 method=com.android.dx.util.FixedSizeList.equals(Ljava/lang/Object;)Z @ 25
Event: 11.760 Thread 0x0000000001df8000 Uncommon trap: reason=speculate_class_check action=maybe_recompile pc=0x0000000002828724 method=com.android.dx.util.FixedSizeList.equals(Ljava/lang/Object;)Z @ 25
Event: 11.848 Thread 0x0000000001df8000 Uncommon trap: reason=unstable_if action=reinterpret pc=0x0000000002b12d10 method=java.util.TreeMap.put(Ljava/lang/Object;Ljava/lang/Object;)Ljava/lang/Object; @ 163
Event: 12.139 Thread 0x0000000001df8000 Uncommon trap: reason=unstable_if action=reinterpret pc=0x0000000002b299f4 method=java.lang.Long.numberOfTrailingZeros(J)I @ 3

Internal exceptions (7 events):
Event: 0.114 Thread 0x0000000001df8000 Exception <a 'java/lang/NoSuchMethodError': Method sun.misc.Unsafe.defineClass(Ljava/lang/String;[BII)Ljava/lang/Class; name or signature does not match> (0x00000000eab07cc0) thrown at [C:\re\workspace\8-2-build-windows-amd64-cygwin\jdk8u91\7017\hotspot\sru‡ÌhΩ?
Event: 0.114 Thread 0x0000000001df8000 Exception <a 'java/lang/NoSuchMethodError': Method sun.misc.Unsafe.prefetchRead(Ljava/lang/Object;J)V name or signature does not match> (0x00000000eab07fa8) thrown at [C:\re\workspace\8-2-build-windows-amd64-cygwin\jdk8u91\7017\hotspot\src\share\vm\prims\jÅ*Î@
Event: 4.980 Thread 0x0000000056619000 Implicit null exception at 0x0000000002812319 to 0x0000000002814099
Event: 5.081 Thread 0x00000000565c5800 Implicit null exception at 0x00000000027afbd7 to 0x00000000027b1bd5
Event: 8.306 Thread 0x00000000565c9000 Exception <a 'java/lang/ArrayIndexOutOfBoundsException': 18> (0x00000000ec21e348) thrown at [C:\re\workspace\8-2-build-windows-amd64-cygwin\jdk8u91\7017\hotspot\src\share\vm\interpreter\interpreterRuntime.cpp, line 366]
Event: 8.306 Thread 0x00000000565c9000 Exception <a 'java/lang/ArrayIndexOutOfBoundsException': 145> (0x00000000ec21fec8) thrown at [C:\re\workspace\8-2-build-windows-amd64-cygwin\jdk8u91\7017\hotspot\src\share\vm\interpreter\interpreterRuntime.cpp, line 366]
Event: 8.307 Thread 0x00000000565c9000 Exception <a 'java/lang/ArrayIndexOutOfBoundsException': 40> (0x00000000ec2211b0) thrown at [C:\re\workspace\8-2-build-windows-amd64-cygwin\jdk8u91\7017\hotspot\src\share\vm\interpreter\interpreterRuntime.cpp, line 366]

Events (10 events):
Event: 12.256 loading class java/security/MessageDigest
Event: 12.256 loading class java/security/MessageDigestSpi
Event: 12.256 loading class java/security/MessageDigestSpi done
Event: 12.256 loading class java/security/MessageDigest done
Event: 12.256 loading class java/security/Security
Event: 12.256 loading class java/security/Security done
Event: 12.256 loading class java/security/Security$1
Event: 12.256 loading class java/security/Security$1 done
Event: 12.256 loading class java/util/Properties$LineReader
Event: 12.257 loading class java/util/Properties$LineReader done


Dynamic libraries:
0x000000013f970000 - 0x000000013f9a7000 	C:\Program Files\Java\jdk1.8.0_91\bin\java.exe
0x0000000077290000 - 0x000000007743a000 	C:\Windows\SYSTEM32\ntdll.dll
0x0000000077070000 - 0x000000007718f000 	C:\Windows\system32\kernel32.dll
0x000007fefd310000 - 0x000007fefd37a000 	C:\Windows\system32\KERNELBASE.dll
0x000007fefea70000 - 0x000007fefeb4b000 	C:\Windows\system32\ADVAPI32.dll
0x000007fefefc0000 - 0x000007feff05f000 	C:\Windows\system32\msvcrt.dll
0x000007fefeca0000 - 0x000007fefecbf000 	C:\Windows\SYSTEM32\sechost.dll
0x000007fefd750000 - 0x000007fefd87d000 	C:\Windows\system32\RPCRT4.dll
0x0000000077190000 - 0x000000007728a000 	C:\Windows\system32\USER32.dll
0x000007fefef50000 - 0x000007fefefb7000 	C:\Windows\system32\GDI32.dll
0x000007fefeb50000 - 0x000007fefeb5e000 	C:\Windows\system32\LPK.dll
0x000007feff150000 - 0x000007feff21a000 	C:\Windows\system32\USP10.dll
0x000007fefc030000 - 0x000007fefc224000 	C:\Windows\WinSxS\amd64_microsoft.windows.common-controls_6595b64144ccf1df_6.0.7601.17514_none_fa396087175ac9ac\COMCTL32.dll
0x000007feff0b0000 - 0x000007feff121000 	C:\Windows\system32\SHLWAPI.dll
0x000007fefebc0000 - 0x000007fefebee000 	C:\Windows\system32\IMM32.DLL
0x000007fefd460000 - 0x000007fefd569000 	C:\Windows\system32\MSCTF.dll
0x0000000072ab0000 - 0x0000000072b82000 	C:\Program Files\Java\jdk1.8.0_91\jre\bin\msvcr100.dll
0x00000000734e0000 - 0x0000000073d73000 	C:\Program Files\Java\jdk1.8.0_91\jre\bin\server\jvm.dll
0x000007feefe70000 - 0x000007feefe79000 	C:\Windows\system32\WSOCK32.dll
0x000007feff060000 - 0x000007feff0ad000 	C:\Windows\system32\WS2_32.dll
0x000007fefec90000 - 0x000007fefec98000 	C:\Windows\system32\NSI.dll
0x000007fefb040000 - 0x000007fefb07b000 	C:\Windows\system32\WINMM.dll
0x000007fefbd20000 - 0x000007fefbd2c000 	C:\Windows\system32\VERSION.dll
0x0000000077450000 - 0x0000000077457000 	C:\Windows\system32\PSAPI.DLL
0x00000000743f0000 - 0x00000000743ff000 	C:\Program Files\Java\jdk1.8.0_91\jre\bin\verify.dll
0x00000000743c0000 - 0x00000000743e9000 	C:\Program Files\Java\jdk1.8.0_91\jre\bin\java.dll
0x00000000743a0000 - 0x00000000743b6000 	C:\Program Files\Java\jdk1.8.0_91\jre\bin\zip.dll
0x000007fefdce0000 - 0x000007fefea68000 	C:\Windows\system32\SHELL32.dll
0x000007fefecc0000 - 0x000007fefeec3000 	C:\Windows\system32\ole32.dll
0x000007fefcfc0000 - 0x000007fefcfcf000 	C:\Windows\system32\profapi.dll

VM Arguments:
jvm_args: -Djava.awt.headless=true -Xmx1024M -Dfile.encoding=windows-1256 -Duser.country=US -Duser.language=en -Duser.variant 
java_command: com.android.dx.command.Main --dex --force-jumbo --num-threads=4 --output E:\User\AndroidStudioProjects\SimpleFlickrClient\app\build\intermediates\pre-dexed\debug\com.android.support-appcompat-v7-24.0.0_a3be1b6decfba4033cb89ed6a9a4aa57dd78d5dd.jar E:\User\AndroidStudioProjects\SimpleFlickrClient\app\build\intermediates\exploded-aar\com.android.support\appcompat-v7\24.0.0\jars\classes.jar
java_class_path (initial): E:\User\AppData\Local\Android\sdk\build-tools\24.0.0\lib\dx.jar
Launcher Type: SUN_STANDARD

Environment Variables:
PATH=C:\oracle\product\10.2.0\db_2\bin;C:\oracle\product\10.2.0\db_1\bin;C:\ProgramData\Oracle\Java\javapath;C:\Windows\System32;C:\Windows\SysWOW64;C:\opencv248\build\x86\vc10\bin;C:\Python27;C:\Program Files (x86)\CodeBlocks\MinGW\bin;E:\programs\Matlab\R2013a\bin;C:\Program Files\IVI Foundation\VISA\Win64\Bin\;C:\Program Files (x86)\IVI Foundation\VISA\WinNT\Bin\;C:\Program Files (x86)\IVI Foundation\VISA\WinNT\Bin;C:\Program Files (x86)\Tesseract-OCR;E:\User\AppData\Local\Android\sdk\tools\lib;E:\Program Files\Git\cmd;E:\User\AppData\Local\Android\sdk\platform-tools;E:\Program Files\nodejs\;C:\Program Files\Canopy\User;C:\Program Files\Canopy\User\Scripts;C:\Users\user\AppData\Roaming\npm
USERNAME=user
OS=Windows_NT
PROCESSOR_IDENTIFIER=Intel64 Family 6 Model 58 Stepping 9, GenuineIntel



---------------  S Y S T E M  ---------------

OS: Windows 7 , 64 bit Build 7601 (6.1.7601.23572)

CPU:total 4 (2 cores per cpu, 2 threads per core) family 6 model 58 stepping 9, cmov, cx8, fxsr, mmx, sse, sse2, sse3, ssse3, sse4.1, sse4.2, popcnt, avx, aes, clmul, erms, ht, tsc, tscinvbit, tscinv

Memory: 4k page, physical 4094316k(326064k free), swap 5628456k(5852k free)

vm_info: Java HotSpot(TM) 64-Bit Server VM (25.91-b15) for windows-amd64 JRE (1.8.0_91-b15), built on May 20 2016 17:43:15 by "java_re" with MS VC++ 10.0 (VS2010)

time: Sun Aug 06 19:21:21 2017
elapsed time: 12 seconds (0d 0h 0m 12s)

