#
# There is insufficient memory for the Java Runtime Environment to continue.
# Native memory allocation (malloc) failed to allocate 92496 bytes for Chunk::new
# Possible reasons:
#   The system is out of physical RAM or swap space
#   In 32 bit mode, the process size limit was hit
# Possible solutions:
#   Reduce memory load on the system
#   Increase physical memory or swap space
#   Check if swap backing store is full
#   Use 64 bit Java on a 64 bit OS
#   Decrease Java heap size (-Xmx/-Xms)
#   Decrease number of Java threads
#   Decrease Java thread stack sizes (-Xss)
#   Set larger code cache with -XX:ReservedCodeCacheSize=
# This output file may be truncated or incomplete.
#
#  Out of Memory Error (allocation.cpp:390), pid=3448, tid=5272
#
# JRE version: Java(TM) SE Runtime Environment (8.0_91-b15) (build 1.8.0_91-b15)
# Java VM: Java HotSpot(TM) 64-Bit Server VM (25.91-b15 mixed mode windows-amd64 compressed oops)
# Failed to write core dump. Minidumps are not enabled by default on client versions of Windows
#

---------------  T H R E A D  ---------------

Current thread (0x0000000054b80000):  JavaThread "C2 CompilerThread0" daemon [_thread_in_native, id=5272, stack(0x00000000567f0000,0x00000000568f0000)]

Stack: [0x00000000567f0000,0x00000000568f0000]
[error occurred during error reporting (printing stack bounds), id 0xc0000005]

Native frames: (J=compiled Java code, j=interpreted, Vv=VM code, C=native code)


Current CompileTask:
C2:  15171 1098       4       java.util.HashMap::getNode (148 bytes)


---------------  P R O C E S S  ---------------

Java Threads: ( => current thread )
  0x000000005638a000 JavaThread "pool-1-thread-4" [_thread_in_Java, id=5452, stack(0x0000000057410000,0x0000000057510000)]
  0x0000000056380800 JavaThread "pool-1-thread-3" [_thread_blocked, id=5304, stack(0x0000000057150000,0x0000000057250000)]
  0x000000005637d800 JavaThread "pool-1-thread-2" [_thread_blocked, id=4440, stack(0x0000000057020000,0x0000000057120000)]
  0x000000005626b000 JavaThread "pool-2-thread-1" [_thread_blocked, id=6008, stack(0x0000000056e60000,0x0000000056f60000)]
  0x000000005626a000 JavaThread "pool-1-thread-1" [_thread_blocked, id=5356, stack(0x0000000056aa0000,0x0000000056ba0000)]
  0x000000005613a000 JavaThread "Service Thread" daemon [_thread_blocked, id=6032, stack(0x0000000056bc0000,0x0000000056cc0000)]
  0x0000000056134000 JavaThread "C1 CompilerThread2" daemon [_thread_blocked, id=3344, stack(0x0000000056930000,0x0000000056a30000)]
  0x0000000056133000 JavaThread "C2 CompilerThread1" daemon [_thread_in_native, id=4328, stack(0x00000000564f0000,0x00000000565f0000)]
=>0x0000000054b80000 JavaThread "C2 CompilerThread0" daemon [_thread_in_native, id=5272, stack(0x00000000567f0000,0x00000000568f0000)]
  0x0000000054b8f800 JavaThread "Attach Listener" daemon [_thread_blocked, id=1908, stack(0x0000000056640000,0x0000000056740000)]
  0x00000000560dc000 JavaThread "Signal Dispatcher" daemon [_thread_blocked, id=4864, stack(0x0000000055cf0000,0x0000000055df0000)]
  0x0000000054b6b800 JavaThread "Finalizer" daemon [_thread_blocked, id=5736, stack(0x0000000055fd0000,0x00000000560d0000)]
  0x0000000054b22800 JavaThread "Reference Handler" daemon [_thread_blocked, id=5244, stack(0x0000000055e60000,0x0000000055f60000)]
  0x0000000001d78000 JavaThread "main" [_thread_in_native, id=4196, stack(0x0000000001e50000,0x0000000001f50000)]

Other Threads:
  0x0000000054b1a800 VMThread [stack: 0x0000000055bd0000,0x0000000055cd0000] [id=2464]
  0x0000000056181800 WatcherThread [stack: 0x0000000056d10000,0x0000000056e10000] [id=5844]

VM state:not at safepoint (normal execution)

VM Mutex/Monitor currently owned by a thread: None

Heap:
 PSYoungGen      total 18944K, used 14038K [0x00000000eab00000, 0x00000000ec000000, 0x0000000100000000)
  eden space 16384K, 70% used [0x00000000eab00000,0x00000000eb63bf88,0x00000000ebb00000)
  from space 2560K, 98% used [0x00000000ebd80000,0x00000000ebff98d0,0x00000000ec000000)
  to   space 2560K, 0% used [0x00000000ebb00000,0x00000000ebb00000,0x00000000ebd80000)
 ParOldGen       total 44032K, used 4020K [0x00000000c0000000, 0x00000000c2b00000, 0x00000000eab00000)
  object space 44032K, 9% used [0x00000000c0000000,0x00000000c03ed330,0x00000000c2b00000)
 Metaspace       used 5784K, capacity 6896K, committed 7040K, reserved 1056768K
  class space    used 585K, capacity 616K, committed 640K, reserved 1048576K

Card table byte_map: [0x0000000011660000,0x0000000011870000] byte_map_base: 0x0000000011060000

Marking Bits: (ParMarkBitMap*) 0x000000006ec72f70
 Begin Bits: [0x0000000011f90000, 0x0000000012f90000)
 End Bits:   [0x0000000012f90000, 0x0000000013f90000)

Polling page: 0x00000000005b0000

CodeCache: size=245760Kb used=4591Kb max_used=4591Kb free=241168Kb
 bounds [0x00000000022a0000, 0x0000000002720000, 0x00000000112a0000]
 total_blobs=1419 nmethods=1158 adapters=174
 compilation: enabled

Compilation events (10 events):
Event: 13.617 Thread 0x0000000056134000 nmethod 1073 0x00000000026bc710 code [0x00000000026bc880, 0x00000000026bcb48]
Event: 13.641 Thread 0x0000000056133000 1085       4       com.android.dx.ssa.SsaBasicBlock::forEachInsn (37 bytes)
Event: 13.652 Thread 0x0000000054b80000 1098       4       java.util.HashMap::getNode (148 bytes)
Event: 13.652 Thread 0x0000000056134000 1096       3       com.android.dx.ssa.SCCP::simulatePhi (169 bytes)
Event: 13.654 Thread 0x0000000056134000 nmethod 1096 0x00000000026c1190 code [0x00000000026c1400, 0x00000000026c2558]
Event: 13.654 Thread 0x0000000056134000 1084       3       com.android.dx.rop.cst.Constant::compareTo (33 bytes)
Event: 13.654 Thread 0x0000000056134000 nmethod 1084 0x00000000026bbc10 code [0x00000000026bbdc0, 0x00000000026bc4d8]
Event: 13.654 Thread 0x0000000056134000 1097       3       com.android.dx.ssa.SsaMethod::updateOneDefinition (70 bytes)
Event: 13.655 Thread 0x0000000056134000 nmethod 1097 0x00000000026b5650 code [0x00000000026b5800, 0x00000000026b6008]
Event: 13.655 Thread 0x0000000056134000 1082       3       com.android.dx.cf.code.LocalVariableList::pcAndIndexToLocal (51 bytes)

GC Heap History (2 events):
Event: 12.934 GC heap before
{Heap before GC invocations=1 (full 0):
 PSYoungGen      total 18944K, used 16384K [0x00000000eab00000, 0x00000000ec000000, 0x0000000100000000)
  eden space 16384K, 100% used [0x00000000eab00000,0x00000000ebb00000,0x00000000ebb00000)
  from space 2560K, 0% used [0x00000000ebd80000,0x00000000ebd80000,0x00000000ec000000)
  to   space 2560K, 0% used [0x00000000ebb00000,0x00000000ebb00000,0x00000000ebd80000)
 ParOldGen       total 44032K, used 0K [0x00000000c0000000, 0x00000000c2b00000, 0x00000000eab00000)
  object space 44032K, 0% used [0x00000000c0000000,0x00000000c0000000,0x00000000c2b00000)
 Metaspace       used 5658K, capacity 6768K, committed 7040K, reserved 1056768K
  class space    used 581K, capacity 616K, committed 640K, reserved 1048576K
Event: 13.012 GC heap after
Heap after GC invocations=1 (full 0):
 PSYoungGen      total 18944K, used 2550K [0x00000000eab00000, 0x00000000ec000000, 0x0000000100000000)
  eden space 16384K, 0% used [0x00000000eab00000,0x00000000eab00000,0x00000000ebb00000)
  from space 2560K, 99% used [0x00000000ebb00000,0x00000000ebd7d8e0,0x00000000ebd80000)
  to   space 2560K, 0% used [0x00000000ebd80000,0x00000000ebd80000,0x00000000ec000000)
 ParOldGen       total 44032K, used 1847K [0x00000000c0000000, 0x00000000c2b00000, 0x00000000eab00000)
  object space 44032K, 4% used [0x00000000c0000000,0x00000000c01cde40,0x00000000c2b00000)
 Metaspace       used 5658K, capacity 6768K, committed 7040K, reserved 1056768K
  class space    used 581K, capacity 616K, committed 640K, reserved 1048576K
}

Deoptimization events (10 events):
Event: 12.639 Thread 0x0000000001d78000 Uncommon trap: reason=unstable_if action=reinterpret pc=0x00000000025a2e60 method=com.android.dx.ssa.NormalSsaInsn.getLocalAssignment()Lcom/android/dx/rop/code/RegisterSpec; @ 12
Event: 12.641 Thread 0x0000000001d78000 Uncommon trap: reason=unstable_if action=reinterpret pc=0x000000000254f4b0 method=com.android.dx.rop.code.RegisterSpec.equals(ILcom/android/dx/rop/type/TypeBearer;Lcom/android/dx/rop/code/LocalItem;)Z @ 16
Event: 12.641 Thread 0x0000000001d78000 Uncommon trap: reason=class_check action=maybe_recompile pc=0x00000000025c9220 method=com.android.dx.rop.type.Type.equals(Ljava/lang/Object;)Z @ 8
Event: 12.641 Thread 0x0000000001d78000 Uncommon trap: reason=class_check action=maybe_recompile pc=0x00000000025c9220 method=com.android.dx.rop.type.Type.equals(Ljava/lang/Object;)Z @ 8
Event: 12.641 Thread 0x0000000001d78000 Uncommon trap: reason=class_check action=maybe_recompile pc=0x00000000025c9220 method=com.android.dx.rop.type.Type.equals(Ljava/lang/Object;)Z @ 8
Event: 12.648 Thread 0x0000000001d78000 Uncommon trap: reason=class_check action=maybe_recompile pc=0x00000000025c9220 method=com.android.dx.rop.type.Type.equals(Ljava/lang/Object;)Z @ 8
Event: 13.222 Thread 0x0000000001d78000 Uncommon trap: reason=unstable_if action=reinterpret pc=0x0000000002591ec4 method=com.android.dx.rop.cst.Constant.compareTo(Lcom/android/dx/rop/cst/Constant;)I @ 12
Event: 13.622 Thread 0x000000005626a000 Uncommon trap: reason=null_check action=make_not_entrant pc=0x000000000262fbd8 method=com.android.dx.ssa.SsaRenamer.getLocalForNewReg(I)Lcom/android/dx/rop/code/LocalItem; @ 19
Event: 13.623 Thread 0x000000005626a000 Uncommon trap: reason=unstable_if action=reinterpret pc=0x00000000026c5588 method=com.android.dx.rop.cst.CstLiteral32.equals(Ljava/lang/Object;)Z @ 12
Event: 13.635 Thread 0x000000005626a000 Uncommon trap: reason=unstable_if action=reinterpret pc=0x000000000269b88c method=com.android.dx.ssa.SsaMethod.updateOneDefinition(Lcom/android/dx/ssa/SsaInsn;Lcom/android/dx/rop/code/RegisterSpec;)V @ 4

Internal exceptions (3 events):
Event: 0.029 Thread 0x0000000001d78000 Exception <a 'java/lang/NoSuchMethodError': Method sun.misc.Unsafe.defineClass(Ljava/lang/String;[BII)Ljava/lang/Class; name or signature does not match> (0x00000000eab07cc0) thrown at [C:\re\workspace\8-2-build-windows-amd64-cygwin\jdk8u91\7017\hotspot\srgbáùy$ž?
Event: 0.029 Thread 0x0000000001d78000 Exception <a 'java/lang/NoSuchMethodError': Method sun.misc.Unsafe.prefetchRead(Ljava/lang/Object;J)V name or signature does not match> (0x00000000eab07fa8) thrown at [C:\re\workspace\8-2-build-windows-amd64-cygwin\jdk8u91\7017\hotspot\src\share\vm\prims\jû%º™>+@
Event: 13.622 Thread 0x000000005626a000 Implicit null exception at 0x000000000262ebdd to 0x000000000262fba5

Events (10 events):
Event: 13.623 Thread 0x000000005626a000 DEOPT PACKING pc=0x00000000026c5588 sp=0x0000000056b9e5a0
Event: 13.623 Thread 0x000000005626a000 DEOPT UNPACKING pc=0x00000000022e582a sp=0x0000000056b9e4f8 mode 2
Event: 13.626 loading class com/android/dx/dex/file/MethodAnnotationStruct
Event: 13.626 loading class com/android/dx/dex/file/MethodAnnotationStruct done
Event: 13.635 loading class com/android/dx/rop/code/RegOps
Event: 13.635 loading class com/android/dx/rop/code/RegOps done
Event: 13.635 Thread 0x000000005626a000 Uncommon trap: trap_request=0xffffff65 fr.pc=0x000000000269b88c
Event: 13.635 Thread 0x000000005626a000 DEOPT PACKING pc=0x000000000269b88c sp=0x0000000056b9e2b0
Event: 13.635 Thread 0x000000005626a000 DEOPT UNPACKING pc=0x00000000022e582a sp=0x0000000056b9e258 mode 2
Event: 13.700 loading class java/util/TreeMap$EntrySet done


Dynamic libraries:
0x000000013ff40000 - 0x000000013ff77000 	C:\Program Files\Java\jdk1.8.0_91\bin\java.exe
0x0000000076d70000 - 0x0000000076f1a000 	C:\Windows\SYSTEM32\ntdll.dll
0x0000000076b50000 - 0x0000000076c6f000 	C:\Windows\system32\kernel32.dll
0x000007fefccd0000 - 0x000007fefcd3a000 	C:\Windows\system32\KERNELBASE.dll
0x000007fefdf40000 - 0x000007fefe01b000 	C:\Windows\system32\ADVAPI32.dll
0x000007fefe020000 - 0x000007fefe0bf000 	C:\Windows\system32\msvcrt.dll
0x000007fefe530000 - 0x000007fefe54f000 	C:\Windows\SYSTEM32\sechost.dll
0x000007fefeb20000 - 0x000007fefec4d000 	C:\Windows\system32\RPCRT4.dll
0x0000000076c70000 - 0x0000000076d6a000 	C:\Windows\system32\USER32.dll
0x000007fefe550000 - 0x000007fefe5b7000 	C:\Windows\system32\GDI32.dll
0x000007fefeb10000 - 0x000007fefeb1e000 	C:\Windows\system32\LPK.dll
0x000007fefee60000 - 0x000007fefef2a000 	C:\Windows\system32\USP10.dll
0x000007fefbb10000 - 0x000007fefbd04000 	C:\Windows\WinSxS\amd64_microsoft.windows.common-controls_6595b64144ccf1df_6.0.7601.17514_none_fa396087175ac9ac\COMCTL32.dll
0x000007fefddd0000 - 0x000007fefde41000 	C:\Windows\system32\SHLWAPI.dll
0x000007feff050000 - 0x000007feff07e000 	C:\Windows\system32\IMM32.DLL
0x000007fefe6b0000 - 0x000007fefe7b9000 	C:\Windows\system32\MSCTF.dll
0x0000000071f50000 - 0x0000000072022000 	C:\Program Files\Java\jdk1.8.0_91\jre\bin\msvcr100.dll
0x000000006e460000 - 0x000000006ecf3000 	C:\Program Files\Java\jdk1.8.0_91\jre\bin\server\jvm.dll
0x000007fef0350000 - 0x000007fef0359000 	C:\Windows\system32\WSOCK32.dll
0x000007fefde50000 - 0x000007fefde9d000 	C:\Windows\system32\WS2_32.dll
0x000007fefe5c0000 - 0x000007fefe5c8000 	C:\Windows\system32\NSI.dll
0x000007fefab20000 - 0x000007fefab5b000 	C:\Windows\system32\WINMM.dll
0x000007fefb800000 - 0x000007fefb80c000 	C:\Windows\system32\VERSION.dll
0x0000000076f30000 - 0x0000000076f37000 	C:\Windows\system32\PSAPI.DLL
0x00000000732d0000 - 0x00000000732df000 	C:\Program Files\Java\jdk1.8.0_91\jre\bin\verify.dll
0x00000000732a0000 - 0x00000000732c9000 	C:\Program Files\Java\jdk1.8.0_91\jre\bin\java.dll
0x0000000073280000 - 0x0000000073296000 	C:\Program Files\Java\jdk1.8.0_91\jre\bin\zip.dll
0x000007fefce60000 - 0x000007fefdbe8000 	C:\Windows\system32\SHELL32.dll
0x000007fefec50000 - 0x000007fefee53000 	C:\Windows\system32\ole32.dll
0x000007fefcab0000 - 0x000007fefcabf000 	C:\Windows\system32\profapi.dll

VM Arguments:
jvm_args: -Djava.awt.headless=true -Xmx1024M -Dfile.encoding=windows-1256 -Duser.country=US -Duser.language=en -Duser.variant 
java_command: com.android.dx.command.Main --dex --force-jumbo --num-threads=4 --output E:\User\AndroidStudioProjects\SimpleFlickrClient\app\build\intermediates\pre-dexed\debug\main_c7c4182faa060f8c9080c2e989f4f60084d93661.jar E:\User\AndroidStudioProjects\SimpleFlickrClient\app\build\intermediates\transforms\instantRun\debug\folders\1\5\main
java_class_path (initial): E:\User\AppData\Local\Android\sdk\build-tools\24.0.0\lib\dx.jar
Launcher Type: SUN_STANDARD

Environment Variables:
PATH=C:\oracle\product\10.2.0\db_2\bin;C:\oracle\product\10.2.0\db_1\bin;C:\ProgramData\Oracle\Java\javapath;C:\Windows\System32;C:\Windows\SysWOW64;C:\opencv248\build\x86\vc10\bin;C:\Python27;C:\Program Files (x86)\CodeBlocks\MinGW\bin;E:\programs\Matlab\R2013a\bin;C:\Program Files\IVI Foundation\VISA\Win64\Bin\;C:\Program Files (x86)\IVI Foundation\VISA\WinNT\Bin\;C:\Program Files (x86)\IVI Foundation\VISA\WinNT\Bin;C:\Program Files (x86)\Tesseract-OCR;E:\User\AppData\Local\Android\sdk\tools\lib;E:\Program Files\Git\cmd;E:\User\AppData\Local\Android\sdk\platform-tools;E:\Program Files\nodejs\;C:\Program Files\Canopy\User;C:\Program Files\Canopy\User\Scripts;C:\Users\user\AppData\Roaming\npm
USERNAME=user
OS=Windows_NT
PROCESSOR_IDENTIFIER=Intel64 Family 6 Model 58 Stepping 9, GenuineIntel



---------------  S Y S T E M  ---------------

OS: Windows 7 , 64 bit Build 7601 (6.1.7601.23572)

CPU:total 4 (2 cores per cpu, 2 threads per core) family 6 model 58 stepping 9, cmov, cx8, fxsr, mmx, sse, sse2, sse3, ssse3, sse4.1, sse4.2, popcnt, avx, aes, clmul, erms, ht, tsc, tscinvbit, tscinv

Memory: 4k page, physical 4094316k(39476k free), swap 5398084k(5528k free)

vm_info: Java HotSpot(TM) 64-Bit Server VM (25.91-b15) for windows-amd64 JRE (1.8.0_91-b15), built on May 20 2016 17:43:15 by "java_re" with MS VC++ 10.0 (VS2010)

time: Sat Aug 05 19:46:30 2017
elapsed time: 16 seconds (0d 0h 0m 16s)

