#
# There is insufficient memory for the Java Runtime Environment to continue.
# Native memory allocation (malloc) failed to allocate 381712 bytes for Chunk::new
# Possible reasons:
#   The system is out of physical RAM or swap space
#   In 32 bit mode, the process size limit was hit
# Possible solutions:
#   Reduce memory load on the system
#   Increase physical memory or swap space
#   Check if swap backing store is full
#   Use 64 bit Java on a 64 bit OS
#   Decrease Java heap size (-Xmx/-Xms)
#   Decrease number of Java threads
#   Decrease Java thread stack sizes (-Xss)
#   Set larger code cache with -XX:ReservedCodeCacheSize=
# This output file may be truncated or incomplete.
#
#  Out of Memory Error (allocation.cpp:390), pid=692, tid=4132
#
# JRE version: Java(TM) SE Runtime Environment (8.0_91-b15) (build 1.8.0_91-b15)
# Java VM: Java HotSpot(TM) 64-Bit Server VM (25.91-b15 mixed mode windows-amd64 compressed oops)
# Failed to write core dump. Minidumps are not enabled by default on client versions of Windows
#

---------------  T H R E A D  ---------------

Current thread (0x00000000561c7800):  JavaThread "C2 CompilerThread0" daemon [_thread_in_native, id=4132, stack(0x0000000056830000,0x0000000056930000)]

Stack: [0x0000000056830000,0x0000000056930000]
[error occurred during error reporting (printing stack bounds), id 0xc0000005]

Native frames: (J=compiled Java code, j=interpreted, Vv=VM code, C=native code)


Current CompileTask:
C2:   5124 1238       4       com.android.dx.ssa.SCCP::simulateStmt (481 bytes)


---------------  P R O C E S S  ---------------

Java Threads: ( => current thread )
  0x00000000564d9800 JavaThread "pool-1-thread-4" [_thread_in_vm, id=168, stack(0x0000000057580000,0x0000000057680000)]
  0x00000000564d8000 JavaThread "pool-1-thread-3" [_thread_blocked, id=6936, stack(0x00000000573c0000,0x00000000574c0000)]
  0x000000005643c000 JavaThread "pool-1-thread-2" [_thread_blocked, id=3600, stack(0x0000000057180000,0x0000000057280000)]
  0x00000000564bf000 JavaThread "pool-2-thread-1" [_thread_blocked, id=6780, stack(0x00000000565d0000,0x00000000566d0000)]
  0x00000000564be800 JavaThread "pool-1-thread-1" [_thread_blocked, id=2596, stack(0x0000000056fd0000,0x00000000570d0000)]
  0x000000005622a800 JavaThread "Service Thread" daemon [_thread_blocked, id=6812, stack(0x0000000056a80000,0x0000000056b80000)]
  0x00000000561ca800 JavaThread "C1 CompilerThread2" daemon [_thread_in_native, id=4808, stack(0x0000000056be0000,0x0000000056ce0000)]
  0x00000000561c9800 JavaThread "C2 CompilerThread1" daemon [_thread_in_native, id=6076, stack(0x0000000056940000,0x0000000056a40000)]
=>0x00000000561c7800 JavaThread "C2 CompilerThread0" daemon [_thread_in_native, id=4132, stack(0x0000000056830000,0x0000000056930000)]
  0x00000000561c4800 JavaThread "Attach Listener" daemon [_thread_blocked, id=3536, stack(0x00000000566f0000,0x00000000567f0000)]
  0x0000000054cfd800 JavaThread "Signal Dispatcher" daemon [_thread_blocked, id=6204, stack(0x0000000055d70000,0x0000000055e70000)]
  0x0000000054ce9000 JavaThread "Finalizer" daemon [_thread_blocked, id=6260, stack(0x00000000560c0000,0x00000000561c0000)]
  0x0000000054ca2000 JavaThread "Reference Handler" daemon [_thread_blocked, id=1564, stack(0x0000000055ec0000,0x0000000055fc0000)]
  0x0000000001d18000 JavaThread "main" [_thread_in_Java, id=3740, stack(0x0000000001f30000,0x0000000002030000)]

Other Threads:
  0x0000000054c9a800 VMThread [stack: 0x0000000055c70000,0x0000000055d70000] [id=4472]
  0x0000000056285800 WatcherThread [stack: 0x0000000056e20000,0x0000000056f20000] [id=5296]

VM state:not at safepoint (normal execution)

VM Mutex/Monitor currently owned by a thread: None

Heap:
 PSYoungGen      total 18944K, used 11051K [0x00000000eab00000, 0x00000000eca00000, 0x0000000100000000)
  eden space 16384K, 51% used [0x00000000eab00000,0x00000000eb34ac80,0x00000000ebb00000)
  from space 2560K, 100% used [0x00000000ebd80000,0x00000000ec000000,0x00000000ec000000)
  to   space 2560K, 0% used [0x00000000ebb00000,0x00000000ebb00000,0x00000000ebd80000)
 ParOldGen       total 28672K, used 3409K [0x00000000c0000000, 0x00000000c1c00000, 0x00000000eab00000)
  object space 28672K, 11% used [0x00000000c0000000,0x00000000c03547a8,0x00000000c1c00000)
 Metaspace       used 6073K, capacity 6962K, committed 7040K, reserved 1058816K
  class space    used 603K, capacity 618K, committed 640K, reserved 1048576K

Card table byte_map: [0x0000000011740000,0x0000000011950000] byte_map_base: 0x0000000011140000

Marking Bits: (ParMarkBitMap*) 0x000000006b9b2f70
 Begin Bits: [0x0000000012110000, 0x0000000013110000)
 End Bits:   [0x0000000013110000, 0x0000000014110000)

Polling page: 0x0000000000110000

CodeCache: size=245760Kb used=5049Kb max_used=5049Kb free=240710Kb
 bounds [0x0000000002380000, 0x0000000002880000, 0x0000000011380000]
 total_blobs=1554 nmethods=1287 adapters=180
 compilation: enabled

Compilation events (10 events):
Event: 5.114 Thread 0x00000000561ca800 nmethod 1302 0x0000000002866710 code [0x00000000028668c0, 0x0000000002866e18]
Event: 5.114 Thread 0x00000000561ca800 1300       1       com.android.dx.ssa.back.FirstFitLocalCombiningAllocator$Multiset::getSize (5 bytes)
Event: 5.114 Thread 0x00000000561ca800 nmethod 1300 0x0000000002867090 code [0x00000000028671e0, 0x00000000028672f0]
Event: 5.115 Thread 0x00000000561ca800 1308       3       com.android.dx.cf.direct.StdAttributeFactory::lineNumberTable (204 bytes)
Event: 5.118 Thread 0x00000000561ca800 nmethod 1308 0x0000000002867350 code [0x0000000002867800, 0x000000000286a458]
Event: 5.118 Thread 0x00000000561ca800 1309       3       java.util.concurrent.locks.ReentrantLock$Sync::tryRelease (45 bytes)
Event: 5.118 Thread 0x00000000561ca800 nmethod 1309 0x000000000286c990 code [0x000000000286cb20, 0x000000000286d0a8]
Event: 5.119 Thread 0x00000000561ca800 1310       3       com.android.dx.ssa.SsaMethod::makeExitBlock (134 bytes)
Event: 5.120 Thread 0x00000000561ca800 nmethod 1310 0x000000000286d1d0 code [0x000000000286d460, 0x000000000286e3e8]
Event: 5.120 Thread 0x00000000561ca800 1311       3       com.android.dx.ssa.back.SsaToRop::convertBasicBlocks (151 bytes)

GC Heap History (6 events):
Event: 4.378 GC heap before
{Heap before GC invocations=1 (full 0):
 PSYoungGen      total 18944K, used 16033K [0x00000000eab00000, 0x00000000ec000000, 0x0000000100000000)
  eden space 16384K, 97% used [0x00000000eab00000,0x00000000ebaa8678,0x00000000ebb00000)
  from space 2560K, 0% used [0x00000000ebd80000,0x00000000ebd80000,0x00000000ec000000)
  to   space 2560K, 0% used [0x00000000ebb00000,0x00000000ebb00000,0x00000000ebd80000)
 ParOldGen       total 44032K, used 0K [0x00000000c0000000, 0x00000000c2b00000, 0x00000000eab00000)
  object space 44032K, 0% used [0x00000000c0000000,0x00000000c0000000,0x00000000c2b00000)
 Metaspace       used 5535K, capacity 6448K, committed 6528K, reserved 1060864K
  class space    used 599K, capacity 616K, committed 640K, reserved 1048576K
Event: 4.407 GC heap after
Heap after GC invocations=1 (full 0):
 PSYoungGen      total 18944K, used 2558K [0x00000000eab00000, 0x00000000ec000000, 0x0000000100000000)
  eden space 16384K, 0% used [0x00000000eab00000,0x00000000eab00000,0x00000000ebb00000)
  from space 2560K, 99% used [0x00000000ebb00000,0x00000000ebd7fb68,0x00000000ebd80000)
  to   space 2560K, 0% used [0x00000000ebd80000,0x00000000ebd80000,0x00000000ec000000)
 ParOldGen       total 44032K, used 859K [0x00000000c0000000, 0x00000000c2b00000, 0x00000000eab00000)
  object space 44032K, 1% used [0x00000000c0000000,0x00000000c00d6d18,0x00000000c2b00000)
 Metaspace       used 5535K, capacity 6448K, committed 6528K, reserved 1060864K
  class space    used 599K, capacity 616K, committed 640K, reserved 1048576K
}
Event: 4.407 GC heap before
{Heap before GC invocations=2 (full 1):
 PSYoungGen      total 18944K, used 2558K [0x00000000eab00000, 0x00000000ec000000, 0x0000000100000000)
  eden space 16384K, 0% used [0x00000000eab00000,0x00000000eab00000,0x00000000ebb00000)
  from space 2560K, 99% used [0x00000000ebb00000,0x00000000ebd7fb68,0x00000000ebd80000)
  to   space 2560K, 0% used [0x00000000ebd80000,0x00000000ebd80000,0x00000000ec000000)
 ParOldGen       total 44032K, used 859K [0x00000000c0000000, 0x00000000c2b00000, 0x00000000eab00000)
  object space 44032K, 1% used [0x00000000c0000000,0x00000000c00d6d18,0x00000000c2b00000)
 Metaspace       used 5535K, capacity 6448K, committed 6528K, reserved 1060864K
  class space    used 599K, capacity 616K, committed 640K, reserved 1048576K
Event: 4.431 GC heap after
Heap after GC invocations=2 (full 1):
 PSYoungGen      total 18944K, used 0K [0x00000000eab00000, 0x00000000ec000000, 0x0000000100000000)
  eden space 16384K, 0% used [0x00000000eab00000,0x00000000eab00000,0x00000000ebb00000)
  from space 2560K, 0% used [0x00000000ebb00000,0x00000000ebb00000,0x00000000ebd80000)
  to   space 2560K, 0% used [0x00000000ebd80000,0x00000000ebd80000,0x00000000ec000000)
 ParOldGen       total 28672K, used 3279K [0x00000000c0000000, 0x00000000c1c00000, 0x00000000eab00000)
  object space 28672K, 11% used [0x00000000c0000000,0x00000000c0333f28,0x00000000c1c00000)
 Metaspace       used 5535K, capacity 6448K, committed 6528K, reserved 1058816K
  class space    used 599K, capacity 616K, committed 640K, reserved 1048576K
}
Event: 4.908 GC heap before
{Heap before GC invocations=3 (full 1):
 PSYoungGen      total 18944K, used 16384K [0x00000000eab00000, 0x00000000ec000000, 0x0000000100000000)
  eden space 16384K, 100% used [0x00000000eab00000,0x00000000ebb00000,0x00000000ebb00000)
  from space 2560K, 0% used [0x00000000ebb00000,0x00000000ebb00000,0x00000000ebd80000)
  to   space 2560K, 0% used [0x00000000ebd80000,0x00000000ebd80000,0x00000000ec000000)
 ParOldGen       total 28672K, used 3279K [0x00000000c0000000, 0x00000000c1c00000, 0x00000000eab00000)
  object space 28672K, 11% used [0x00000000c0000000,0x00000000c0333f28,0x00000000c1c00000)
 Metaspace       used 5991K, capacity 6898K, committed 7040K, reserved 1058816K
  class space    used 603K, capacity 618K, committed 640K, reserved 1048576K
Event: 4.914 GC heap after
Heap after GC invocations=3 (full 1):
 PSYoungGen      total 18944K, used 2560K [0x00000000eab00000, 0x00000000eca00000, 0x0000000100000000)
  eden space 16384K, 0% used [0x00000000eab00000,0x00000000eab00000,0x00000000ebb00000)
  from space 2560K, 100% used [0x00000000ebd80000,0x00000000ec000000,0x00000000ec000000)
  to   space 2560K, 0% used [0x00000000ebb00000,0x00000000ebb00000,0x00000000ebd80000)
 ParOldGen       total 28672K, used 3409K [0x00000000c0000000, 0x00000000c1c00000, 0x00000000eab00000)
  object space 28672K, 11% used [0x00000000c0000000,0x00000000c03547a8,0x00000000c1c00000)
 Metaspace       used 5991K, capacity 6898K, committed 7040K, reserved 1058816K
  class space    used 603K, capacity 618K, committed 640K, reserved 1048576K
}

Deoptimization events (6 events):
Event: 3.363 Thread 0x0000000001d18000 Uncommon trap: reason=unstable_if action=reinterpret pc=0x00000000024d2c84 method=java.lang.String.compareTo(Ljava/lang/String;)I @ 38
Event: 4.452 Thread 0x000000005643c000 Uncommon trap: reason=unstable_if action=reinterpret pc=0x00000000025a7a2c method=java.util.HashMap.getNode(ILjava/lang/Object;)Ljava/util/HashMap$Node; @ 62
Event: 4.466 Thread 0x00000000564d9800 Uncommon trap: reason=unstable_if action=reinterpret pc=0x00000000025c16a0 method=java.util.BitSet.nextSetBit(I)I @ 87
Event: 4.728 Thread 0x00000000564d9800 Uncommon trap: reason=unstable_if action=reinterpret pc=0x000000000266a990 method=com.android.dx.rop.code.RegisterSpec.equals(ILcom/android/dx/rop/type/TypeBearer;Lcom/android/dx/rop/code/LocalItem;)Z @ 42
Event: 4.822 Thread 0x000000005643c000 Uncommon trap: reason=unstable_if action=reinterpret pc=0x000000000273101c method=com.android.dx.rop.code.RegisterSpecSet.put(Lcom/android/dx/rop/code/RegisterSpec;)V @ 77
Event: 4.823 Thread 0x000000005643c000 Uncommon trap: reason=unstable_if action=reinterpret pc=0x0000000002754258 method=com.android.dx.rop.code.RegisterSpecSet.put(Lcom/android/dx/rop/code/RegisterSpec;)V @ 77

Internal exceptions (2 events):
Event: 0.120 Thread 0x0000000001d18000 Exception <a 'java/lang/NoSuchMethodError': Method sun.misc.Unsafe.defineClass(Ljava/lang/String;[BII)Ljava/lang/Class; name or signature does not match> (0x00000000eab07cc0) thrown at [C:\re\workspace\8-2-build-windows-amd64-cygwin\jdk8u91\7017\hotspot\sr(‚·y¹Î¾?
Event: 0.120 Thread 0x0000000001d18000 Exception <a 'java/lang/NoSuchMethodError': Method sun.misc.Unsafe.prefetchRead(Ljava/lang/Object;J)V name or signature does not match> (0x00000000eab07fa8) thrown at [C:\re\workspace\8-2-build-windows-amd64-cygwin\jdk8u91\7017\hotspot\src\share\vm\prims\j

Events (10 events):
Event: 4.822 Thread 0x000000005643c000 Uncommon trap: trap_request=0xffffff65 fr.pc=0x000000000273101c
Event: 4.822 Thread 0x000000005643c000 DEOPT PACKING pc=0x000000000273101c sp=0x000000005727ea70
Event: 4.822 Thread 0x000000005643c000 DEOPT UNPACKING pc=0x00000000023c582a sp=0x000000005727e9f8 mode 2
Event: 4.822 Thread 0x000000005643c000 Uncommon trap: trap_request=0xffffff65 fr.pc=0x0000000002754258
Event: 4.823 Thread 0x000000005643c000 DEOPT PACKING pc=0x0000000002754258 sp=0x000000005727ea60
Event: 4.823 Thread 0x000000005643c000 DEOPT UNPACKING pc=0x00000000023c582a sp=0x000000005727e980 mode 2
Event: 4.908 Executing VM operation: ParallelGCFailedAllocation
Event: 4.914 Executing VM operation: ParallelGCFailedAllocation done
Event: 5.079 Executing VM operation: EnableBiasedLocking
Event: 5.079 Executing VM operation: EnableBiasedLocking done


Dynamic libraries:
0x000000013f2b0000 - 0x000000013f2e7000 	C:\Program Files\Java\jdk1.8.0_91\bin\java.exe
0x0000000076d70000 - 0x0000000076f1a000 	C:\Windows\SYSTEM32\ntdll.dll
0x0000000076b50000 - 0x0000000076c6f000 	C:\Windows\system32\kernel32.dll
0x000007fefccd0000 - 0x000007fefcd3a000 	C:\Windows\system32\KERNELBASE.dll
0x000007fefdf40000 - 0x000007fefe01b000 	C:\Windows\system32\ADVAPI32.dll
0x000007fefe020000 - 0x000007fefe0bf000 	C:\Windows\system32\msvcrt.dll
0x000007fefe530000 - 0x000007fefe54f000 	C:\Windows\SYSTEM32\sechost.dll
0x000007fefeb20000 - 0x000007fefec4d000 	C:\Windows\system32\RPCRT4.dll
0x0000000076c70000 - 0x0000000076d6a000 	C:\Windows\system32\USER32.dll
0x000007fefe550000 - 0x000007fefe5b7000 	C:\Windows\system32\GDI32.dll
0x000007fefeb10000 - 0x000007fefeb1e000 	C:\Windows\system32\LPK.dll
0x000007fefee60000 - 0x000007fefef2a000 	C:\Windows\system32\USP10.dll
0x000007fefbb10000 - 0x000007fefbd04000 	C:\Windows\WinSxS\amd64_microsoft.windows.common-controls_6595b64144ccf1df_6.0.7601.17514_none_fa396087175ac9ac\COMCTL32.dll
0x000007fefddd0000 - 0x000007fefde41000 	C:\Windows\system32\SHLWAPI.dll
0x000007feff050000 - 0x000007feff07e000 	C:\Windows\system32\IMM32.DLL
0x000007fefe6b0000 - 0x000007fefe7b9000 	C:\Windows\system32\MSCTF.dll
0x0000000071f50000 - 0x0000000072022000 	C:\Program Files\Java\jdk1.8.0_91\jre\bin\msvcr100.dll
0x000000006b1a0000 - 0x000000006ba33000 	C:\Program Files\Java\jdk1.8.0_91\jre\bin\server\jvm.dll
0x000007fef0350000 - 0x000007fef0359000 	C:\Windows\system32\WSOCK32.dll
0x000007fefde50000 - 0x000007fefde9d000 	C:\Windows\system32\WS2_32.dll
0x000007fefe5c0000 - 0x000007fefe5c8000 	C:\Windows\system32\NSI.dll
0x000007fefab20000 - 0x000007fefab5b000 	C:\Windows\system32\WINMM.dll
0x000007fefb800000 - 0x000007fefb80c000 	C:\Windows\system32\VERSION.dll
0x0000000076f30000 - 0x0000000076f37000 	C:\Windows\system32\PSAPI.DLL
0x00000000732c0000 - 0x00000000732cf000 	C:\Program Files\Java\jdk1.8.0_91\jre\bin\verify.dll
0x0000000073290000 - 0x00000000732b9000 	C:\Program Files\Java\jdk1.8.0_91\jre\bin\java.dll
0x0000000073270000 - 0x0000000073286000 	C:\Program Files\Java\jdk1.8.0_91\jre\bin\zip.dll
0x000007fefce60000 - 0x000007fefdbe8000 	C:\Windows\system32\SHELL32.dll
0x000007fefec50000 - 0x000007fefee53000 	C:\Windows\system32\ole32.dll
0x000007fefcab0000 - 0x000007fefcabf000 	C:\Windows\system32\profapi.dll

VM Arguments:
jvm_args: -Djava.awt.headless=true -Xmx1024M -Dfile.encoding=windows-1256 -Duser.country=US -Duser.language=en -Duser.variant 
java_command: com.android.dx.command.Main --dex --force-jumbo --num-threads=4 --output E:\User\AndroidStudioProjects\SimpleFlickrClient\app\build\intermediates\pre-dexed\debug\com.android.support-appcompat-v7-24.0.0_a3be1b6decfba4033cb89ed6a9a4aa57dd78d5dd.jar E:\User\AndroidStudioProjects\SimpleFlickrClient\app\build\intermediates\exploded-aar\com.android.support\appcompat-v7\24.0.0\jars\classes.jar
java_class_path (initial): E:\User\AppData\Local\Android\sdk\build-tools\24.0.0\lib\dx.jar
Launcher Type: SUN_STANDARD

Environment Variables:
PATH=C:\oracle\product\10.2.0\db_2\bin;C:\oracle\product\10.2.0\db_1\bin;C:\ProgramData\Oracle\Java\javapath;C:\Windows\System32;C:\Windows\SysWOW64;C:\opencv248\build\x86\vc10\bin;C:\Python27;C:\Program Files (x86)\CodeBlocks\MinGW\bin;E:\programs\Matlab\R2013a\bin;C:\Program Files\IVI Foundation\VISA\Win64\Bin\;C:\Program Files (x86)\IVI Foundation\VISA\WinNT\Bin\;C:\Program Files (x86)\IVI Foundation\VISA\WinNT\Bin;C:\Program Files (x86)\Tesseract-OCR;E:\User\AppData\Local\Android\sdk\tools\lib;E:\Program Files\Git\cmd;E:\User\AppData\Local\Android\sdk\platform-tools;E:\Program Files\nodejs\;C:\Program Files\Canopy\User;C:\Program Files\Canopy\User\Scripts;C:\Users\user\AppData\Roaming\npm
USERNAME=user
OS=Windows_NT
PROCESSOR_IDENTIFIER=Intel64 Family 6 Model 58 Stepping 9, GenuineIntel



---------------  S Y S T E M  ---------------

OS: Windows 7 , 64 bit Build 7601 (6.1.7601.23572)

CPU:total 4 (2 cores per cpu, 2 threads per core) family 6 model 58 stepping 9, cmov, cx8, fxsr, mmx, sse, sse2, sse3, ssse3, sse4.1, sse4.2, popcnt, avx, aes, clmul, erms, ht, tsc, tscinvbit, tscinv

Memory: 4k page, physical 4094316k(311640k free), swap 5628456k(5316k free)

vm_info: Java HotSpot(TM) 64-Bit Server VM (25.91-b15) for windows-amd64 JRE (1.8.0_91-b15), built on May 20 2016 17:43:15 by "java_re" with MS VC++ 10.0 (VS2010)

time: Sun Aug 06 01:37:38 2017
elapsed time: 5 seconds (0d 0h 0m 5s)

