#
# There is insufficient memory for the Java Runtime Environment to continue.
# Native memory allocation (malloc) failed to allocate 635616 bytes for Chunk::new
# Possible reasons:
#   The system is out of physical RAM or swap space
#   In 32 bit mode, the process size limit was hit
# Possible solutions:
#   Reduce memory load on the system
#   Increase physical memory or swap space
#   Check if swap backing store is full
#   Use 64 bit Java on a 64 bit OS
#   Decrease Java heap size (-Xmx/-Xms)
#   Decrease number of Java threads
#   Decrease Java thread stack sizes (-Xss)
#   Set larger code cache with -XX:ReservedCodeCacheSize=
# This output file may be truncated or incomplete.
#
#  Out of Memory Error (allocation.cpp:390), pid=23228, tid=23104
#
# JRE version: Java(TM) SE Runtime Environment (8.0_91-b15) (build 1.8.0_91-b15)
# Java VM: Java HotSpot(TM) 64-Bit Server VM (25.91-b15 mixed mode windows-amd64 compressed oops)
# Failed to write core dump. Minidumps are not enabled by default on client versions of Windows
#

---------------  T H R E A D  ---------------

Current thread (0x00000000562e7800):  JavaThread "C2 CompilerThread0" daemon [_thread_in_native, id=23104, stack(0x0000000056800000,0x0000000056900000)]

Stack: [0x0000000056800000,0x0000000056900000]
[error occurred during error reporting (printing stack bounds), id 0xc0000005]

Native frames: (J=compiled Java code, j=interpreted, Vv=VM code, C=native code)


Current CompileTask:
C2:   2263  780       4       com.android.dx.ssa.NormalSsaInsn::accept (25 bytes)


---------------  P R O C E S S  ---------------

Java Threads: ( => current thread )
  0x000000005664f000 JavaThread "pool-1-thread-4" [_thread_in_Java, id=22848, stack(0x0000000057630000,0x0000000057730000)]
  0x0000000056523800 JavaThread "pool-1-thread-3" [_thread_blocked, id=23420, stack(0x0000000056de0000,0x0000000056ee0000)]
  0x0000000056520000 JavaThread "pool-1-thread-2" [_thread_in_Java, id=21960, stack(0x0000000057430000,0x0000000057530000)]
  0x000000005651f000 JavaThread "pool-2-thread-1" [_thread_blocked, id=17124, stack(0x0000000057230000,0x0000000057330000)]
  0x0000000056515800 JavaThread "pool-1-thread-1" [_thread_blocked, id=23152, stack(0x00000000570f0000,0x00000000571f0000)]
  0x000000005634a800 JavaThread "Service Thread" daemon [_thread_blocked, id=23096, stack(0x0000000056990000,0x0000000056a90000)]
  0x00000000562ea800 JavaThread "C1 CompilerThread2" daemon [_thread_in_native, id=23048, stack(0x0000000056c90000,0x0000000056d90000)]
  0x00000000562e9800 JavaThread "C2 CompilerThread1" daemon [_thread_in_native, id=23100, stack(0x0000000056ad0000,0x0000000056bd0000)]
=>0x00000000562e7800 JavaThread "C2 CompilerThread0" daemon [_thread_in_native, id=23104, stack(0x0000000056800000,0x0000000056900000)]
  0x00000000562e2800 JavaThread "Attach Listener" daemon [_thread_blocked, id=23084, stack(0x0000000055c90000,0x0000000055d90000)]
  0x0000000054d8d800 JavaThread "Signal Dispatcher" daemon [_thread_blocked, id=23092, stack(0x00000000566e0000,0x00000000567e0000)]
  0x0000000054d79800 JavaThread "Finalizer" daemon [_thread_blocked, id=23028, stack(0x00000000561e0000,0x00000000562e0000)]
  0x0000000054d32800 JavaThread "Reference Handler" daemon [_thread_blocked, id=22996, stack(0x0000000056010000,0x0000000056110000)]
  0x0000000001db8000 JavaThread "main" [_thread_blocked, id=20164, stack(0x0000000001f70000,0x0000000002070000)]

Other Threads:
  0x0000000054d2a800 VMThread [stack: 0x0000000055e60000,0x0000000055f60000] [id=23116]
  0x000000005639d800 WatcherThread [stack: 0x0000000056f20000,0x0000000057020000] [id=16684]

VM state:not at safepoint (normal execution)

VM Mutex/Monitor currently owned by a thread: None

Heap:
 PSYoungGen      total 18944K, used 6956K [0x00000000eab00000, 0x00000000ed000000, 0x0000000100000000)
  eden space 16384K, 26% used [0x00000000eab00000,0x00000000eaf4d630,0x00000000ebb00000)
  from space 2560K, 99% used [0x00000000ebb00000,0x00000000ebd7dc80,0x00000000ebd80000)
  to   space 2560K, 0% used [0x00000000ecd80000,0x00000000ecd80000,0x00000000ed000000)
 ParOldGen       total 44032K, used 1882K [0x00000000c0000000, 0x00000000c2b00000, 0x00000000eab00000)
  object space 44032K, 4% used [0x00000000c0000000,0x00000000c01d68a8,0x00000000c2b00000)
 Metaspace       used 5802K, capacity 6706K, committed 6784K, reserved 1056768K
  class space    used 600K, capacity 618K, committed 640K, reserved 1048576K

Card table byte_map: [0x0000000011700000,0x0000000011910000] byte_map_base: 0x0000000011100000

Marking Bits: (ParMarkBitMap*) 0x0000000073cf2f70
 Begin Bits: [0x00000000121a0000, 0x00000000131a0000)
 End Bits:   [0x00000000131a0000, 0x00000000141a0000)

Polling page: 0x0000000000320000

CodeCache: size=245760Kb used=2916Kb max_used=2940Kb free=242843Kb
 bounds [0x0000000002340000, 0x0000000002630000, 0x0000000011340000]
 total_blobs=994 nmethods=727 adapters=180
 compilation: enabled

Compilation events (10 events):
Event: 2.218 Thread 0x00000000562ea800  765       3       com.android.dx.dex.code.RopToDop::dopFor (792 bytes)
Event: 2.220 Thread 0x00000000562ea800 nmethod 765 0x0000000002604f10 code [0x0000000002605380, 0x00000000026087e8]
Event: 2.220 Thread 0x00000000562ea800  768       3       com.android.dx.cf.code.BaseMachine::storeResults (90 bytes)
Event: 2.221 Thread 0x00000000562ea800 nmethod 768 0x00000000026099d0 code [0x0000000002609bc0, 0x000000000260a648]
Event: 2.221 Thread 0x00000000562ea800  771       3       com.android.dx.cf.code.RopperMachine::getSources (264 bytes)
Event: 2.225 Thread 0x00000000562ea800 nmethod 771 0x000000000260ab50 code [0x000000000260b160, 0x000000000260f998]
Event: 2.225 Thread 0x00000000562ea800  772   !   3       com.android.dx.cf.code.RopperMachine::run (1550 bytes)
Event: 2.231 Thread 0x00000000562e7800  780       4       com.android.dx.ssa.NormalSsaInsn::accept (25 bytes)
Event: 2.258 Thread 0x00000000562e9800 nmethod 750 0x0000000002618c90 code [0x0000000002619080, 0x000000000261c040]
Event: 2.259 Thread 0x00000000562e9800  786       4       java.util.HashMap::getNode (148 bytes)

GC Heap History (2 events):
Event: 1.820 GC heap before
{Heap before GC invocations=1 (full 0):
 PSYoungGen      total 18944K, used 16384K [0x00000000eab00000, 0x00000000ec000000, 0x0000000100000000)
  eden space 16384K, 100% used [0x00000000eab00000,0x00000000ebb00000,0x00000000ebb00000)
  from space 2560K, 0% used [0x00000000ebd80000,0x00000000ebd80000,0x00000000ec000000)
  to   space 2560K, 0% used [0x00000000ebb00000,0x00000000ebb00000,0x00000000ebd80000)
 ParOldGen       total 44032K, used 0K [0x00000000c0000000, 0x00000000c2b00000, 0x00000000eab00000)
  object space 44032K, 0% used [0x00000000c0000000,0x00000000c0000000,0x00000000c2b00000)
 Metaspace       used 5718K, capacity 6704K, committed 6784K, reserved 1056768K
  class space    used 597K, capacity 616K, committed 640K, reserved 1048576K
Event: 1.987 GC heap after
Heap after GC invocations=1 (full 0):
 PSYoungGen      total 18944K, used 2551K [0x00000000eab00000, 0x00000000ed000000, 0x0000000100000000)
  eden space 16384K, 0% used [0x00000000eab00000,0x00000000eab00000,0x00000000ebb00000)
  from space 2560K, 99% used [0x00000000ebb00000,0x00000000ebd7dc80,0x00000000ebd80000)
  to   space 2560K, 0% used [0x00000000ecd80000,0x00000000ecd80000,0x00000000ed000000)
 ParOldGen       total 44032K, used 1882K [0x00000000c0000000, 0x00000000c2b00000, 0x00000000eab00000)
  object space 44032K, 4% used [0x00000000c0000000,0x00000000c01d68a8,0x00000000c2b00000)
 Metaspace       used 5718K, capacity 6704K, committed 6784K, reserved 1056768K
  class space    used 597K, capacity 616K, committed 640K, reserved 1048576K
}

Deoptimization events (7 events):
Event: 1.423 Thread 0x0000000001db8000 Uncommon trap: reason=unstable_if action=reinterpret pc=0x000000000259f8cc method=java.lang.String.<init>([CII)V @ 18
Event: 1.435 Thread 0x0000000056523800 Uncommon trap: reason=unstable_if action=reinterpret pc=0x00000000025593a0 method=java.util.BitSet.nextSetBit(I)I @ 87
Event: 1.457 Thread 0x0000000001db8000 Uncommon trap: reason=unstable_if action=reinterpret pc=0x000000000254c078 method=java.util.HashMap.getNode(ILjava/lang/Object;)Ljava/util/HashMap$Node; @ 62
Event: 1.460 Thread 0x0000000001db8000 Uncommon trap: reason=class_check action=maybe_recompile pc=0x00000000025a24a0 method=com.android.dx.ssa.NormalSsaInsn.accept(Lcom/android/dx/ssa/SsaInsn$Visitor;)V @ 9
Event: 1.460 Thread 0x0000000001db8000 Uncommon trap: reason=class_check action=maybe_recompile pc=0x00000000025a24a0 method=com.android.dx.ssa.NormalSsaInsn.accept(Lcom/android/dx/ssa/SsaInsn$Visitor;)V @ 9
Event: 1.460 Thread 0x0000000001db8000 Uncommon trap: reason=class_check action=maybe_recompile pc=0x00000000025a24a0 method=com.android.dx.ssa.NormalSsaInsn.accept(Lcom/android/dx/ssa/SsaInsn$Visitor;)V @ 9
Event: 1.460 Thread 0x0000000001db8000 Uncommon trap: reason=class_check action=maybe_recompile pc=0x00000000025a24a0 method=com.android.dx.ssa.NormalSsaInsn.accept(Lcom/android/dx/ssa/SsaInsn$Visitor;)V @ 9

Internal exceptions (2 events):
Event: 0.268 Thread 0x0000000001db8000 Exception <a 'java/lang/NoSuchMethodError': Method sun.misc.Unsafe.defineClass(Ljava/lang/String;[BII)Ljava/lang/Class; name or signature does not match> (0x00000000eab07cc0) thrown at [C:\re\workspace\8-2-build-windows-amd64-cygwin\jdk8u91\7017\hotspot\srÅ·&Ñ?
Event: 0.268 Thread 0x0000000001db8000 Exception <a 'java/lang/NoSuchMethodError': Method sun.misc.Unsafe.prefetchRead(Ljava/lang/Object;J)V name or signature does not match> (0x00000000eab07fa8) thrown at [C:\re\workspace\8-2-build-windows-amd64-cygwin\jdk8u91\7017\hotspot\src\share\vm\prims\j

Events (10 events):
Event: 1.814 Executing VM operation: ParallelGCFailedAllocation
Event: 1.987 Executing VM operation: ParallelGCFailedAllocation done
Event: 2.219 loading class com/android/dx/cf/code/Ropper$ExceptionHandlerSetup
Event: 2.219 loading class com/android/dx/cf/code/Ropper$ExceptionHandlerSetup done
Event: 2.220 loading class java/util/HashMap$Values
Event: 2.220 loading class java/util/HashMap$Values done
Event: 2.220 loading class java/util/HashMap$ValueIterator
Event: 2.220 loading class java/util/HashMap$ValueIterator done
Event: 2.237 loading class java/util/DualPivotQuicksort
Event: 2.237 loading class java/util/DualPivotQuicksort done


Dynamic libraries:
0x000000013f970000 - 0x000000013f9a7000 	C:\Program Files\Java\jdk1.8.0_91\bin\java.exe
0x0000000077290000 - 0x000000007743a000 	C:\Windows\SYSTEM32\ntdll.dll
0x0000000077070000 - 0x000000007718f000 	C:\Windows\system32\kernel32.dll
0x000007fefd310000 - 0x000007fefd37a000 	C:\Windows\system32\KERNELBASE.dll
0x000007fefea70000 - 0x000007fefeb4b000 	C:\Windows\system32\ADVAPI32.dll
0x000007fefefc0000 - 0x000007feff05f000 	C:\Windows\system32\msvcrt.dll
0x000007fefeca0000 - 0x000007fefecbf000 	C:\Windows\SYSTEM32\sechost.dll
0x000007fefd750000 - 0x000007fefd87d000 	C:\Windows\system32\RPCRT4.dll
0x0000000077190000 - 0x000000007728a000 	C:\Windows\system32\USER32.dll
0x000007fefef50000 - 0x000007fefefb7000 	C:\Windows\system32\GDI32.dll
0x000007fefeb50000 - 0x000007fefeb5e000 	C:\Windows\system32\LPK.dll
0x000007feff150000 - 0x000007feff21a000 	C:\Windows\system32\USP10.dll
0x000007fefc030000 - 0x000007fefc224000 	C:\Windows\WinSxS\amd64_microsoft.windows.common-controls_6595b64144ccf1df_6.0.7601.17514_none_fa396087175ac9ac\COMCTL32.dll
0x000007feff0b0000 - 0x000007feff121000 	C:\Windows\system32\SHLWAPI.dll
0x000007fefebc0000 - 0x000007fefebee000 	C:\Windows\system32\IMM32.DLL
0x000007fefd460000 - 0x000007fefd569000 	C:\Windows\system32\MSCTF.dll
0x0000000072ab0000 - 0x0000000072b82000 	C:\Program Files\Java\jdk1.8.0_91\jre\bin\msvcr100.dll
0x00000000734e0000 - 0x0000000073d73000 	C:\Program Files\Java\jdk1.8.0_91\jre\bin\server\jvm.dll
0x000007feefe70000 - 0x000007feefe79000 	C:\Windows\system32\WSOCK32.dll
0x000007feff060000 - 0x000007feff0ad000 	C:\Windows\system32\WS2_32.dll
0x000007fefec90000 - 0x000007fefec98000 	C:\Windows\system32\NSI.dll
0x000007fefb040000 - 0x000007fefb07b000 	C:\Windows\system32\WINMM.dll
0x000007fefbd20000 - 0x000007fefbd2c000 	C:\Windows\system32\VERSION.dll
0x0000000077450000 - 0x0000000077457000 	C:\Windows\system32\PSAPI.DLL
0x00000000743f0000 - 0x00000000743ff000 	C:\Program Files\Java\jdk1.8.0_91\jre\bin\verify.dll
0x00000000743c0000 - 0x00000000743e9000 	C:\Program Files\Java\jdk1.8.0_91\jre\bin\java.dll
0x00000000743a0000 - 0x00000000743b6000 	C:\Program Files\Java\jdk1.8.0_91\jre\bin\zip.dll
0x000007fefdce0000 - 0x000007fefea68000 	C:\Windows\system32\SHELL32.dll
0x000007fefecc0000 - 0x000007fefeec3000 	C:\Windows\system32\ole32.dll
0x000007fefcfc0000 - 0x000007fefcfcf000 	C:\Windows\system32\profapi.dll

VM Arguments:
jvm_args: -Djava.awt.headless=true -Xmx1024M -Dfile.encoding=windows-1256 -Duser.country=US -Duser.language=en -Duser.variant 
java_command: com.android.dx.command.Main --dex --force-jumbo --num-threads=4 --output E:\User\AndroidStudioProjects\SimpleFlickrClient\app\build\intermediates\pre-dexed\debug\picasso-2.5.2_a69735fb31405abb6c5b972e1b2bb4f918f620e8.jar C:\Users\user\.gradle\caches\modules-2\files-2.1\com.squareup.picasso\picasso\2.5.2\7446d06ec8d4f7ffcc53f1da37c95f200dcb9387\picasso-2.5.2.jar
java_class_path (initial): E:\User\AppData\Local\Android\sdk\build-tools\24.0.0\lib\dx.jar
Launcher Type: SUN_STANDARD

Environment Variables:
PATH=C:\oracle\product\10.2.0\db_2\bin;C:\oracle\product\10.2.0\db_1\bin;C:\ProgramData\Oracle\Java\javapath;C:\Windows\System32;C:\Windows\SysWOW64;C:\opencv248\build\x86\vc10\bin;C:\Python27;C:\Program Files (x86)\CodeBlocks\MinGW\bin;E:\programs\Matlab\R2013a\bin;C:\Program Files\IVI Foundation\VISA\Win64\Bin\;C:\Program Files (x86)\IVI Foundation\VISA\WinNT\Bin\;C:\Program Files (x86)\IVI Foundation\VISA\WinNT\Bin;C:\Program Files (x86)\Tesseract-OCR;E:\User\AppData\Local\Android\sdk\tools\lib;E:\Program Files\Git\cmd;E:\User\AppData\Local\Android\sdk\platform-tools;E:\Program Files\nodejs\;C:\Program Files\Canopy\User;C:\Program Files\Canopy\User\Scripts;C:\Users\user\AppData\Roaming\npm
USERNAME=user
OS=Windows_NT
PROCESSOR_IDENTIFIER=Intel64 Family 6 Model 58 Stepping 9, GenuineIntel



---------------  S Y S T E M  ---------------

OS: Windows 7 , 64 bit Build 7601 (6.1.7601.23572)

CPU:total 4 (2 cores per cpu, 2 threads per core) family 6 model 58 stepping 9, cmov, cx8, fxsr, mmx, sse, sse2, sse3, ssse3, sse4.1, sse4.2, popcnt, avx, aes, clmul, erms, ht, tsc, tscinvbit, tscinv

Memory: 4k page, physical 4094316k(363364k free), swap 5628456k(5096k free)

vm_info: Java HotSpot(TM) 64-Bit Server VM (25.91-b15) for windows-amd64 JRE (1.8.0_91-b15), built on May 20 2016 17:43:15 by "java_re" with MS VC++ 10.0 (VS2010)

time: Sun Aug 06 18:59:03 2017
elapsed time: 2 seconds (0d 0h 0m 2s)

