#
# There is insufficient memory for the Java Runtime Environment to continue.
# Native memory allocation (malloc) failed to allocate 275200 bytes for Chunk::new
# Possible reasons:
#   The system is out of physical RAM or swap space
#   In 32 bit mode, the process size limit was hit
# Possible solutions:
#   Reduce memory load on the system
#   Increase physical memory or swap space
#   Check if swap backing store is full
#   Use 64 bit Java on a 64 bit OS
#   Decrease Java heap size (-Xmx/-Xms)
#   Decrease number of Java threads
#   Decrease Java thread stack sizes (-Xss)
#   Set larger code cache with -XX:ReservedCodeCacheSize=
# This output file may be truncated or incomplete.
#
#  Out of Memory Error (allocation.cpp:390), pid=6000, tid=4232
#
# JRE version: Java(TM) SE Runtime Environment (8.0_91-b15) (build 1.8.0_91-b15)
# Java VM: Java HotSpot(TM) 64-Bit Server VM (25.91-b15 mixed mode windows-amd64 compressed oops)
# Failed to write core dump. Minidumps are not enabled by default on client versions of Windows
#

---------------  T H R E A D  ---------------

Current thread (0x0000000056206800):  JavaThread "C2 CompilerThread0" daemon [_thread_in_native, id=4232, stack(0x0000000055e20000,0x0000000055f20000)]

Stack: [0x0000000055e20000,0x0000000055f20000]
[error occurred during error reporting (printing stack bounds), id 0xc0000005]

Native frames: (J=compiled Java code, j=interpreted, Vv=VM code, C=native code)


Current CompileTask:
C2:  13606 1970       4       com.android.dx.ssa.ConstCollector::updateConstUses (248 bytes)


---------------  P R O C E S S  ---------------

Java Threads: ( => current thread )
  0x00000000565ef800 JavaThread "pool-1-thread-4" [_thread_blocked, id=5080, stack(0x0000000057d70000,0x0000000057e70000)]
  0x00000000565d9800 JavaThread "pool-1-thread-3" [_thread_blocked, id=5848, stack(0x0000000057be0000,0x0000000057ce0000)]
  0x00000000565db800 JavaThread "pool-1-thread-2" [_thread_blocked, id=2208, stack(0x0000000057ae0000,0x0000000057be0000)]
  0x00000000565d4800 JavaThread "pool-2-thread-1" [_thread_blocked, id=6116, stack(0x00000000578d0000,0x00000000579d0000)]
  0x000000005656c800 JavaThread "pool-1-thread-1" [_thread_blocked, id=2228, stack(0x00000000577a0000,0x00000000578a0000)]
  0x0000000056264800 JavaThread "Service Thread" daemon [_thread_blocked, id=4112, stack(0x0000000056bd0000,0x0000000056cd0000)]
  0x000000005625e800 JavaThread "C1 CompilerThread2" daemon [_thread_blocked, id=4708, stack(0x00000000569a0000,0x0000000056aa0000)]
  0x000000005625e000 JavaThread "C2 CompilerThread1" daemon [_thread_blocked, id=5796, stack(0x0000000056820000,0x0000000056920000)]
=>0x0000000056206800 JavaThread "C2 CompilerThread0" daemon [_thread_in_native, id=4232, stack(0x0000000055e20000,0x0000000055f20000)]
  0x0000000054bee000 JavaThread "Attach Listener" daemon [_thread_blocked, id=5600, stack(0x0000000056700000,0x0000000056800000)]
  0x000000005620c000 JavaThread "Signal Dispatcher" daemon [_thread_blocked, id=5340, stack(0x0000000056600000,0x0000000056700000)]
  0x0000000054bd9000 JavaThread "Finalizer" daemon [_thread_blocked, id=4448, stack(0x0000000056100000,0x0000000056200000)]
  0x0000000054b92000 JavaThread "Reference Handler" daemon [_thread_blocked, id=4784, stack(0x0000000055fb0000,0x00000000560b0000)]
  0x0000000001e68000 JavaThread "main" [_thread_blocked, id=2676, stack(0x00000000021b0000,0x00000000022b0000)]

Other Threads:
  0x0000000054b8a800 VMThread [stack: 0x0000000055d20000,0x0000000055e20000] [id=6044]
  0x00000000562a5800 WatcherThread [stack: 0x0000000056dd0000,0x0000000056ed0000] [id=5356]

VM state:at safepoint (normal execution)

VM Mutex/Monitor currently owned by a thread:  ([mutex/lock_event])
[0x000000000022c9e0] Threads_lock - owner thread: 0x0000000054b8a800
[0x000000000022cee0] Heap_lock - owner thread: 0x00000000565ef800
[0x000000000022d1e0] MultiArray_lock - owner thread: 0x00000000565ef800
[0x000000000022d3e0] Compile_lock - owner thread: 0x00000000565ef800

Heap:
 PSYoungGen      total 68096K, used 17282K [0x00000000eab00000, 0x00000000f4600000, 0x0000000100000000)
  eden space 65536K, 22% used [0x00000000eab00000,0x00000000eb9666b0,0x00000000eeb00000)
  from space 2560K, 99% used [0x00000000eeb00000,0x00000000eed7a390,0x00000000eed80000)
  to   space 13824K, 20% used [0x00000000f3880000,0x00000000f3b3c200,0x00000000f4600000)
 ParOldGen       total 44032K, used 22905K [0x00000000c0000000, 0x00000000c2b00000, 0x00000000eab00000)
  object space 44032K, 52% used [0x00000000c0000000,0x00000000c165e470,0x00000000c2b00000)
 Metaspace       used 6372K, capacity 7160K, committed 7296K, reserved 1056768K
  class space    used 611K, capacity 624K, committed 640K, reserved 1048576K

Card table byte_map: [0x0000000011940000,0x0000000011b50000] byte_map_base: 0x0000000011340000

Marking Bits: (ParMarkBitMap*) 0x000000006f292f70
 Begin Bits: [0x0000000012000000, 0x0000000013000000)
 End Bits:   [0x0000000013000000, 0x0000000014000000)

Polling page: 0x0000000000210000

CodeCache: size=245760Kb used=9498Kb max_used=9522Kb free=236262Kb
 bounds [0x0000000002580000, 0x0000000002ee0000, 0x0000000011580000]
 total_blobs=2197 nmethods=1928 adapters=180
 compilation: disabled (not enough contiguous free space left)

Compilation events (10 events):
Event: 13.490 Thread 0x0000000056206800 1965       4       com.android.dx.ssa.SsaBasicBlock::isExitBlock (20 bytes)
Event: 13.490 Thread 0x0000000056206800 nmethod 1965 0x0000000002c6e750 code [0x0000000002c6e880, 0x0000000002c6e8f8]
Event: 13.490 Thread 0x0000000056206800 1952       4       com.android.dx.cf.code.BasicBlocker::visitLocal (34 bytes)
Event: 13.492 Thread 0x0000000056206800 nmethod 1952 0x0000000002e96750 code [0x0000000002e968a0, 0x0000000002e969f8]
Event: 13.492 Thread 0x0000000056206800 1969       4       java.lang.StringBuilder::<init> (7 bytes)
Event: 13.494 Thread 0x0000000056206800 nmethod 1969 0x0000000002e5f890 code [0x0000000002e5f9e0, 0x0000000002e5fad8]
Event: 13.494 Thread 0x0000000056206800 1957       4       com.android.dx.rop.code.RegisterSpec::equals (60 bytes)
Event: 13.502 Thread 0x0000000056206800 nmethod 1957 0x0000000002ebeb10 code [0x0000000002ebec60, 0x0000000002ebefd8]
Event: 13.516 Thread 0x0000000056206800 1970       4       com.android.dx.ssa.ConstCollector::updateConstUses (248 bytes)
Event: 13.523 Thread 0x000000005625e000 


GC Heap History (10 events):
Event: 1.271 GC heap after
Heap after GC invocations=1 (full 0):
 PSYoungGen      total 18944K, used 2555K [0x00000000eab00000, 0x00000000ed000000, 0x0000000100000000)
  eden space 16384K, 0% used [0x00000000eab00000,0x00000000eab00000,0x00000000ebb00000)
  from space 2560K, 99% used [0x00000000ebb00000,0x00000000ebd7eeb0,0x00000000ebd80000)
  to   space 2560K, 0% used [0x00000000ecd80000,0x00000000ecd80000,0x00000000ed000000)
 ParOldGen       total 44032K, used 882K [0x00000000c0000000, 0x00000000c2b00000, 0x00000000eab00000)
  object space 44032K, 2% used [0x00000000c0000000,0x00000000c00dc8e8,0x00000000c2b00000)
 Metaspace       used 5499K, capacity 6448K, committed 6528K, reserved 1056768K
  class space    used 600K, capacity 616K, committed 640K, reserved 1048576K
}
Event: 3.203 GC heap before
{Heap before GC invocations=2 (full 0):
 PSYoungGen      total 18944K, used 18939K [0x00000000eab00000, 0x00000000ed000000, 0x0000000100000000)
  eden space 16384K, 100% used [0x00000000eab00000,0x00000000ebb00000,0x00000000ebb00000)
  from space 2560K, 99% used [0x00000000ebb00000,0x00000000ebd7eeb0,0x00000000ebd80000)
  to   space 2560K, 0% used [0x00000000ecd80000,0x00000000ecd80000,0x00000000ed000000)
 ParOldGen       total 44032K, used 882K [0x00000000c0000000, 0x00000000c2b00000, 0x00000000eab00000)
  object space 44032K, 2% used [0x00000000c0000000,0x00000000c00dc8e8,0x00000000c2b00000)
 Metaspace       used 5986K, capacity 6898K, committed 7040K, reserved 1056768K
  class space    used 603K, capacity 618K, committed 640K, reserved 1048576K
Event: 3.721 GC heap after
Heap after GC invocations=2 (full 0):
 PSYoungGen      total 35328K, used 2540K [0x00000000eab00000, 0x00000000ed000000, 0x0000000100000000)
  eden space 32768K, 0% used [0x00000000eab00000,0x00000000eab00000,0x00000000ecb00000)
  from space 2560K, 99% used [0x00000000ecd80000,0x00000000ecffb218,0x00000000ed000000)
  to   space 2560K, 0% used [0x00000000ecb00000,0x00000000ecb00000,0x00000000ecd80000)
 ParOldGen       total 44032K, used 2528K [0x00000000c0000000, 0x00000000c2b00000, 0x00000000eab00000)
  object space 44032K, 5% used [0x00000000c0000000,0x00000000c0278028,0x00000000c2b00000)
 Metaspace       used 5986K, capacity 6898K, committed 7040K, reserved 1056768K
  class space    used 603K, capacity 618K, committed 640K, reserved 1048576K
}
Event: 6.665 GC heap before
{Heap before GC invocations=3 (full 0):
 PSYoungGen      total 35328K, used 35308K [0x00000000eab00000, 0x00000000ed000000, 0x0000000100000000)
  eden space 32768K, 100% used [0x00000000eab00000,0x00000000ecb00000,0x00000000ecb00000)
  from space 2560K, 99% used [0x00000000ecd80000,0x00000000ecffb218,0x00000000ed000000)
  to   space 2560K, 0% used [0x00000000ecb00000,0x00000000ecb00000,0x00000000ecd80000)
 ParOldGen       total 44032K, used 2528K [0x00000000c0000000, 0x00000000c2b00000, 0x00000000eab00000)
  object space 44032K, 5% used [0x00000000c0000000,0x00000000c0278028,0x00000000c2b00000)
 Metaspace       used 6214K, capacity 7090K, committed 7296K, reserved 1056768K
  class space    used 604K, capacity 618K, committed 640K, reserved 1048576K
Event: 6.999 GC heap after
Heap after GC invocations=3 (full 0):
 PSYoungGen      total 35328K, used 2553K [0x00000000eab00000, 0x00000000ef000000, 0x0000000100000000)
  eden space 32768K, 0% used [0x00000000eab00000,0x00000000eab00000,0x00000000ecb00000)
  from space 2560K, 99% used [0x00000000ecb00000,0x00000000ecd7e558,0x00000000ecd80000)
  to   space 2560K, 0% used [0x00000000eed80000,0x00000000eed80000,0x00000000ef000000)
 ParOldGen       total 44032K, used 7384K [0x00000000c0000000, 0x00000000c2b00000, 0x00000000eab00000)
  object space 44032K, 16% used [0x00000000c0000000,0x00000000c07360e8,0x00000000c2b00000)
 Metaspace       used 6214K, capacity 7090K, committed 7296K, reserved 1056768K
  class space    used 604K, capacity 618K, committed 640K, reserved 1048576K
}
Event: 9.614 GC heap before
{Heap before GC invocations=4 (full 0):
 PSYoungGen      total 35328K, used 35321K [0x00000000eab00000, 0x00000000ef000000, 0x0000000100000000)
  eden space 32768K, 100% used [0x00000000eab00000,0x00000000ecb00000,0x00000000ecb00000)
  from space 2560K, 99% used [0x00000000ecb00000,0x00000000ecd7e558,0x00000000ecd80000)
  to   space 2560K, 0% used [0x00000000eed80000,0x00000000eed80000,0x00000000ef000000)
 ParOldGen       total 44032K, used 7384K [0x00000000c0000000, 0x00000000c2b00000, 0x00000000eab00000)
  object space 44032K, 16% used [0x00000000c0000000,0x00000000c07360e8,0x00000000c2b00000)
 Metaspace       used 6259K, capacity 7090K, committed 7296K, reserved 1056768K
  class space    used 604K, capacity 618K, committed 640K, reserved 1048576K
Event: 9.693 GC heap after
Heap after GC invocations=4 (full 0):
 PSYoungGen      total 68096K, used 2538K [0x00000000eab00000, 0x00000000ef000000, 0x0000000100000000)
  eden space 65536K, 0% used [0x00000000eab00000,0x00000000eab00000,0x00000000eeb00000)
  from space 2560K, 99% used [0x00000000eed80000,0x00000000eeffa898,0x00000000ef000000)
  to   space 2560K, 0% used [0x00000000eeb00000,0x00000000eeb00000,0x00000000eed80000)
 ParOldGen       total 44032K, used 12214K [0x00000000c0000000, 0x00000000c2b00000, 0x00000000eab00000)
  object space 44032K, 27% used [0x00000000c0000000,0x00000000c0bed888,0x00000000c2b00000)
 Metaspace       used 6259K, capacity 7090K, committed 7296K, reserved 1056768K
  class space    used 604K, capacity 618K, committed 640K, reserved 1048576K
}
Event: 13.140 GC heap before
{Heap before GC invocations=5 (full 0):
 PSYoungGen      total 68096K, used 68074K [0x00000000eab00000, 0x00000000ef000000, 0x0000000100000000)
  eden space 65536K, 100% used [0x00000000eab00000,0x00000000eeb00000,0x00000000eeb00000)
  from space 2560K, 99% used [0x00000000eed80000,0x00000000eeffa898,0x00000000ef000000)
  to   space 2560K, 0% used [0x00000000eeb00000,0x00000000eeb00000,0x00000000eed80000)
 ParOldGen       total 44032K, used 12214K [0x00000000c0000000, 0x00000000c2b00000, 0x00000000eab00000)
  object space 44032K, 27% used [0x00000000c0000000,0x00000000c0bed888,0x00000000c2b00000)
 Metaspace       used 6331K, capacity 7154K, committed 7296K, reserved 1056768K
  class space    used 604K, capacity 618K, committed 640K, reserved 1048576K
Event: 13.274 GC heap after
Heap after GC invocations=5 (full 0):
 PSYoungGen      total 68096K, used 2536K [0x00000000eab00000, 0x00000000f4600000, 0x0000000100000000)
  eden space 65536K, 0% used [0x00000000eab00000,0x00000000eab00000,0x00000000eeb00000)
  from space 2560K, 99% used [0x00000000eeb00000,0x00000000eed7a390,0x00000000eed80000)
  to   space 13824K, 0% used [0x00000000f3880000,0x00000000f3880000,0x00000000f4600000)
 ParOldGen       total 44032K, used 22905K [0x00000000c0000000, 0x00000000c2b00000, 0x00000000eab00000)
  object space 44032K, 52% used [0x00000000c0000000,0x00000000c165e470,0x00000000c2b00000)
 Metaspace       used 6331K, capacity 7154K, committed 7296K, reserved 1056768K
  class space    used 604K, capacity 618K, committed 640K, reserved 1048576K
}
Event: 13.586 GC heap before
{Heap before GC invocations=6 (full 0):
 PSYoungGen      total 68096K, used 17282K [0x00000000eab00000, 0x00000000f4600000, 0x0000000100000000)
  eden space 65536K, 22% used [0x00000000eab00000,0x00000000eb9666b0,0x00000000eeb00000)
  from space 2560K, 99% used [0x00000000eeb00000,0x00000000eed7a390,0x00000000eed80000)
  to   space 13824K, 0% used [0x00000000f3880000,0x00000000f3880000,0x00000000f4600000)
 ParOldGen       total 44032K, used 22905K [0x00000000c0000000, 0x00000000c2b00000, 0x00000000eab00000)
  object space 44032K, 52% used [0x00000000c0000000,0x00000000c165e470,0x00000000c2b00000)
 Metaspace       used 6372K, capacity 7160K, committed 7296K, reserved 1056768K
  class space    used 611K, capacity 624K, committed 640K, reserved 1048576K

Deoptimization events (10 events):
Event: 11.765 Thread 0x00000000565d9800 Uncommon trap: reason=bimorphic action=maybe_recompile pc=0x0000000002d323ec method=com.android.dx.cf.code.BytecodeArray.parseInstruction(ILcom/android/dx/cf/code/BytecodeArray$Visitor;)I @ 971
Event: 11.765 Thread 0x00000000565d9800 Uncommon trap: reason=bimorphic action=maybe_recompile pc=0x0000000002d3236c method=com.android.dx.cf.code.BytecodeArray.parseInstruction(ILcom/android/dx/cf/code/BytecodeArray$Visitor;)I @ 955
Event: 11.765 Thread 0x00000000565d9800 Uncommon trap: reason=bimorphic action=maybe_recompile pc=0x0000000002d3236c method=com.android.dx.cf.code.BytecodeArray.parseInstruction(ILcom/android/dx/cf/code/BytecodeArray$Visitor;)I @ 955
Event: 12.531 Thread 0x000000005656c800 Uncommon trap: reason=class_check action=maybe_recompile pc=0x0000000002e69c24 method=com.android.dx.cf.code.BytecodeArray.parseInstruction(ILcom/android/dx/cf/code/BytecodeArray$Visitor;)I @ 987
Event: 12.531 Thread 0x000000005656c800 Uncommon trap: reason=class_check action=maybe_recompile pc=0x0000000002e69c24 method=com.android.dx.cf.code.BytecodeArray.parseInstruction(ILcom/android/dx/cf/code/BytecodeArray$Visitor;)I @ 987
Event: 12.986 Thread 0x000000005656c800 Uncommon trap: reason=unstable_if action=reinterpret pc=0x0000000002d020f8 method=com.android.dx.ssa.back.FirstFitLocalCombiningAllocator.findNextUnreservedRopReg(IILcom/android/dx/ssa/back/FirstFitLocalCombiningAllocator$Alignment;)I @ 32
Event: 13.525 Thread 0x00000000565db800 Uncommon trap: reason=unstable_if action=reinterpret pc=0x0000000002e03d84 method=com.android.dx.ssa.SCCP.simulateStmt(Lcom/android/dx/ssa/SsaInsn;)V @ 59
Event: 13.575 Thread 0x00000000565ef800 Uncommon trap: reason=bimorphic action=maybe_recompile pc=0x0000000002a11664 method=java.util.HashMap.putVal(ILjava/lang/Object;Ljava/lang/Object;ZZ)Ljava/lang/Object; @ 203
Event: 13.576 Thread 0x00000000565ef800 Uncommon trap: reason=bimorphic action=maybe_recompile pc=0x0000000002a11664 method=java.util.HashMap.putVal(ILjava/lang/Object;Ljava/lang/Object;ZZ)Ljava/lang/Object; @ 203
Event: 13.584 Thread 0x00000000565ef800 Uncommon trap: reason=unstable_if action=reinterpret pc=0x000000000289df44 method=java.util.HashMap.putVal(ILjava/lang/Object;Ljava/lang/Object;ZZ)Ljava/lang/Object; @ 162

Internal exceptions (4 events):
Event: 0.108 Thread 0x0000000001e68000 Exception <a 'java/lang/NoSuchMethodError': Method sun.misc.Unsafe.defineClass(Ljava/lang/String;[BII)Ljava/lang/Class; name or signature does not match> (0x00000000eab07cc0) thrown at [C:\re\workspace\8-2-build-windows-amd64-cygwin\jdk8u91\7017\hotspot\srH‰ä≤Ωª?
Event: 0.108 Thread 0x0000000001e68000 Exception <a 'java/lang/NoSuchMethodError': Method sun.misc.Unsafe.prefetchRead(Ljava/lang/Object;J)V name or signature does not match> (0x00000000eab07fa8) thrown at [C:\re\workspace\8-2-build-windows-amd64-cygwin\jdk8u91\7017\hotspot\src\share\vm\prims\jMçú•öÓ@
Event: 2.992 Thread 0x00000000565db800 Implicit null exception at 0x00000000028ed0d2 to 0x00000000028ed1c2
Event: 5.785 Thread 0x00000000565d9800 Implicit null exception at 0x0000000002b036a7 to 0x0000000002b061ad

Events (10 events):
Event: 13.585 loading class sun/reflect/generics/factory/CoreReflectionFactory done
Event: 13.585 loading class sun/reflect/generics/parser/SignatureParser
Event: 13.586 loading class sun/reflect/generics/parser/SignatureParser done
Event: 13.586 loading class sun/reflect/generics/tree/FormalTypeParameter
Event: 13.586 loading class sun/reflect/generics/tree/TypeTree
Event: 13.586 loading class sun/reflect/generics/tree/Tree
Event: 13.586 loading class sun/reflect/generics/tree/Tree done
Event: 13.586 loading class sun/reflect/generics/tree/TypeTree done
Event: 13.586 loading class sun/reflect/generics/tree/FormalTypeParameter done
Event: 13.586 Executing VM operation: CollectForMetadataAllocation


Dynamic libraries:
0x000000013f650000 - 0x000000013f687000 	C:\Program Files\Java\jdk1.8.0_91\bin\java.exe
0x0000000076d30000 - 0x0000000076eda000 	C:\Windows\SYSTEM32\ntdll.dll
0x0000000076b10000 - 0x0000000076c2f000 	C:\Windows\system32\kernel32.dll
0x000007fefcd40000 - 0x000007fefcdaa000 	C:\Windows\system32\KERNELBASE.dll
0x000007fefd340000 - 0x000007fefd41b000 	C:\Windows\system32\ADVAPI32.dll
0x000007fefec60000 - 0x000007fefecff000 	C:\Windows\system32\msvcrt.dll
0x000007fefe690000 - 0x000007fefe6af000 	C:\Windows\SYSTEM32\sechost.dll
0x000007fefce20000 - 0x000007fefcf4d000 	C:\Windows\system32\RPCRT4.dll
0x0000000076c30000 - 0x0000000076d2a000 	C:\Windows\system32\USER32.dll
0x000007fefed00000 - 0x000007fefed67000 	C:\Windows\system32\GDI32.dll
0x000007fefd420000 - 0x000007fefd42e000 	C:\Windows\system32\LPK.dll
0x000007fefe890000 - 0x000007fefe95a000 	C:\Windows\system32\USP10.dll
0x000007fefba90000 - 0x000007fefbc84000 	C:\Windows\WinSxS\amd64_microsoft.windows.common-controls_6595b64144ccf1df_6.0.7601.17514_none_fa396087175ac9ac\COMCTL32.dll
0x000007fefea50000 - 0x000007fefeac1000 	C:\Windows\system32\SHLWAPI.dll
0x000007fefead0000 - 0x000007fefeafe000 	C:\Windows\system32\IMM32.DLL
0x000007fefcf50000 - 0x000007fefd059000 	C:\Windows\system32\MSCTF.dll
0x0000000073660000 - 0x0000000073732000 	C:\Program Files\Java\jdk1.8.0_91\jre\bin\msvcr100.dll
0x000000006ea80000 - 0x000000006f313000 	C:\Program Files\Java\jdk1.8.0_91\jre\bin\server\jvm.dll
0x000007fef9240000 - 0x000007fef9249000 	C:\Windows\system32\WSOCK32.dll
0x000007fefea00000 - 0x000007fefea4d000 	C:\Windows\system32\WS2_32.dll
0x000007fefe680000 - 0x000007fefe688000 	C:\Windows\system32\NSI.dll
0x000007fefab90000 - 0x000007fefabcb000 	C:\Windows\system32\WINMM.dll
0x000007fefb790000 - 0x000007fefb79c000 	C:\Windows\system32\VERSION.dll
0x0000000076f00000 - 0x0000000076f07000 	C:\Windows\system32\PSAPI.DLL
0x0000000072c20000 - 0x0000000072c2f000 	C:\Program Files\Java\jdk1.8.0_91\jre\bin\verify.dll
0x0000000072bf0000 - 0x0000000072c19000 	C:\Program Files\Java\jdk1.8.0_91\jre\bin\java.dll
0x0000000072bd0000 - 0x0000000072be6000 	C:\Program Files\Java\jdk1.8.0_91\jre\bin\zip.dll
0x000007fefd8f0000 - 0x000007fefe678000 	C:\Windows\system32\SHELL32.dll
0x000007fefd6e0000 - 0x000007fefd8e3000 	C:\Windows\system32\ole32.dll
0x000007fefca60000 - 0x000007fefca6f000 	C:\Windows\system32\profapi.dll

VM Arguments:
jvm_args: -Djava.awt.headless=true -Xmx1024M -Dfile.encoding=windows-1256 -Duser.country=US -Duser.language=en -Duser.variant 
java_command: com.android.dx.command.Main --dex --force-jumbo --num-threads=4 --output E:\User\AndroidStudioProjects\SimpleFlickrClient\app\build\intermediates\pre-dexed\debug\com.android.support-appcompat-v7-24.0.0_a3be1b6decfba4033cb89ed6a9a4aa57dd78d5dd.jar E:\User\AndroidStudioProjects\SimpleFlickrClient\app\build\intermediates\exploded-aar\com.android.support\appcompat-v7\24.0.0\jars\classes.jar
java_class_path (initial): E:\User\AppData\Local\Android\sdk\build-tools\24.0.0\lib\dx.jar
Launcher Type: SUN_STANDARD

Environment Variables:
PATH=C:\oracle\product\10.2.0\db_2\bin;C:\oracle\product\10.2.0\db_1\bin;C:\ProgramData\Oracle\Java\javapath;C:\Windows\System32;C:\Windows\SysWOW64;C:\opencv248\build\x86\vc10\bin;C:\Python27;C:\Program Files (x86)\CodeBlocks\MinGW\bin;E:\programs\Matlab\R2013a\bin;C:\Program Files\IVI Foundation\VISA\Win64\Bin\;C:\Program Files (x86)\IVI Foundation\VISA\WinNT\Bin\;C:\Program Files (x86)\IVI Foundation\VISA\WinNT\Bin;C:\Program Files (x86)\Tesseract-OCR;E:\User\AppData\Local\Android\sdk\tools\lib;E:\Program Files\Git\cmd;E:\User\AppData\Local\Android\sdk\platform-tools;E:\Program Files\nodejs\;C:\Program Files\Canopy\User;C:\Program Files\Canopy\User\Scripts;C:\Users\user\AppData\Roaming\npm
USERNAME=user
OS=Windows_NT
PROCESSOR_IDENTIFIER=Intel64 Family 6 Model 58 Stepping 9, GenuineIntel



---------------  S Y S T E M  ---------------

OS: Windows 7 , 64 bit Build 7601 (6.1.7601.23572)

CPU:total 4 (2 cores per cpu, 2 threads per core) family 6 model 58 stepping 9, cmov, cx8, fxsr, mmx, sse, sse2, sse3, ssse3, sse4.1, sse4.2, popcnt, avx, aes, clmul, erms, ht, tsc, tscinvbit, tscinv

Memory: 4k page, physical 4094316k(203008k free), swap 5628456k(4812k free)

vm_info: Java HotSpot(TM) 64-Bit Server VM (25.91-b15) for windows-amd64 JRE (1.8.0_91-b15), built on May 20 2016 17:43:15 by "java_re" with MS VC++ 10.0 (VS2010)

time: Thu Aug 03 22:38:21 2017
elapsed time: 13 seconds (0d 0h 0m 13s)

