#
# There is insufficient memory for the Java Runtime Environment to continue.
# Native memory allocation (malloc) failed to allocate 661376 bytes for Chunk::new
# Possible reasons:
#   The system is out of physical RAM or swap space
#   In 32 bit mode, the process size limit was hit
# Possible solutions:
#   Reduce memory load on the system
#   Increase physical memory or swap space
#   Check if swap backing store is full
#   Use 64 bit Java on a 64 bit OS
#   Decrease Java heap size (-Xmx/-Xms)
#   Decrease number of Java threads
#   Decrease Java thread stack sizes (-Xss)
#   Set larger code cache with -XX:ReservedCodeCacheSize=
# This output file may be truncated or incomplete.
#
#  Out of Memory Error (allocation.cpp:390), pid=10104, tid=10268
#
# JRE version: Java(TM) SE Runtime Environment (8.0_91-b15) (build 1.8.0_91-b15)
# Java VM: Java HotSpot(TM) 64-Bit Server VM (25.91-b15 mixed mode windows-amd64 compressed oops)
# Failed to write core dump. Minidumps are not enabled by default on client versions of Windows
#

---------------  T H R E A D  ---------------

Current thread (0x00000000560b5800):  JavaThread "C2 CompilerThread0" daemon [_thread_in_native, id=10268, stack(0x0000000056990000,0x0000000056a90000)]

Stack: [0x0000000056990000,0x0000000056a90000]
[error occurred during error reporting (printing stack bounds), id 0xc0000005]

Native frames: (J=compiled Java code, j=interpreted, Vv=VM code, C=native code)


Current CompileTask:
C2:   4432 1247       4       com.android.dx.ssa.back.LivenessAnalyzer::run (231 bytes)


---------------  P R O C E S S  ---------------

Java Threads: ( => current thread )
  0x000000005636e800 JavaThread "pool-1-thread-4" [_thread_blocked, id=9564, stack(0x00000000576a0000,0x00000000577a0000)]
  0x0000000056369000 JavaThread "pool-1-thread-3" [_thread_blocked, id=9636, stack(0x0000000056dd0000,0x0000000056ed0000)]
  0x0000000056324800 JavaThread "pool-1-thread-2" [_thread_blocked, id=9924, stack(0x00000000574b0000,0x00000000575b0000)]
  0x0000000056322800 JavaThread "pool-2-thread-1" [_thread_blocked, id=9936, stack(0x0000000057370000,0x0000000057470000)]
  0x0000000056322000 JavaThread "pool-1-thread-1" [_thread_blocked, id=9956, stack(0x0000000057180000,0x0000000057280000)]
  0x00000000560bd800 JavaThread "Service Thread" daemon [_thread_blocked, id=10340, stack(0x00000000564e0000,0x00000000565e0000)]
  0x00000000560b8800 JavaThread "C1 CompilerThread2" daemon [_thread_blocked, id=10284, stack(0x0000000056cc0000,0x0000000056dc0000)]
  0x00000000560b7800 JavaThread "C2 CompilerThread1" daemon [_thread_in_native, id=10244, stack(0x0000000056b00000,0x0000000056c00000)]
=>0x00000000560b5800 JavaThread "C2 CompilerThread0" daemon [_thread_in_native, id=10268, stack(0x0000000056990000,0x0000000056a90000)]
  0x00000000560b0800 JavaThread "Attach Listener" daemon [_thread_blocked, id=10264, stack(0x0000000056820000,0x0000000056920000)]
  0x0000000054ddd800 JavaThread "Signal Dispatcher" daemon [_thread_blocked, id=10316, stack(0x0000000056630000,0x0000000056730000)]
  0x0000000054dc9800 JavaThread "Finalizer" daemon [_thread_blocked, id=10440, stack(0x0000000055ef0000,0x0000000055ff0000)]
  0x0000000054d82800 JavaThread "Reference Handler" daemon [_thread_blocked, id=10432, stack(0x0000000055c20000,0x0000000055d20000)]
  0x0000000001d38000 JavaThread "main" [_thread_blocked, id=10352, stack(0x0000000001f50000,0x0000000002050000)]

Other Threads:
  0x0000000054d7a800 VMThread [stack: 0x0000000055d80000,0x0000000055e80000] [id=10444]
  0x0000000056150800 WatcherThread [stack: 0x0000000056f50000,0x0000000057050000] [id=9396]

VM state:at safepoint (normal execution)

VM Mutex/Monitor currently owned by a thread:  ([mutex/lock_event])
[0x0000000001ecc960] Safepoint_lock - owner thread: 0x0000000054d7a800
[0x0000000001ecc9e0] Threads_lock - owner thread: 0x0000000054d7a800

Heap:
 PSYoungGen      total 18944K, used 17965K [0x00000000eab00000, 0x00000000ed000000, 0x0000000100000000)
  eden space 16384K, 94% used [0x00000000eab00000,0x00000000eba0db38,0x00000000ebb00000)
  from space 2560K, 99% used [0x00000000ebb00000,0x00000000ebd7dc78,0x00000000ebd80000)
  to   space 2560K, 0% used [0x00000000ecd80000,0x00000000ecd80000,0x00000000ed000000)
 ParOldGen       total 44032K, used 1640K [0x00000000c0000000, 0x00000000c2b00000, 0x00000000eab00000)
  object space 44032K, 3% used [0x00000000c0000000,0x00000000c019a2c0,0x00000000c2b00000)
 Metaspace       used 5975K, capacity 6898K, committed 7040K, reserved 1056768K
  class space    used 600K, capacity 618K, committed 640K, reserved 1048576K

Card table byte_map: [0x00000000116e0000,0x00000000118f0000] byte_map_base: 0x00000000110e0000

Marking Bits: (ParMarkBitMap*) 0x000000006ba52f70
 Begin Bits: [0x00000000121f0000, 0x00000000131f0000)
 End Bits:   [0x00000000131f0000, 0x00000000141f0000)

Polling page: 0x0000000000410000

CodeCache: size=245760Kb used=4841Kb max_used=4841Kb free=240918Kb
 bounds [0x0000000002320000, 0x00000000027e0000, 0x0000000011320000]
 total_blobs=1488 nmethods=1221 adapters=180
 compilation: enabled

Compilation events (10 events):
Event: 4.372 Thread 0x00000000560b8800 1252       3       com.android.dx.ssa.SCCP::replaceConstants (209 bytes)
Event: 4.374 Thread 0x00000000560b8800 nmethod 1252 0x00000000027d80d0 code [0x00000000027d83e0, 0x00000000027d9eb8]
Event: 4.374 Thread 0x00000000560b8800 1251       3       com.android.dx.ssa.SCCP::<init> (142 bytes)
Event: 4.376 Thread 0x00000000560b8800 nmethod 1251 0x00000000027dadd0 code [0x00000000027db040, 0x00000000027dc128]
Event: 4.376 Thread 0x00000000560b8800 1253       3       com.android.dx.ssa.back.InterferenceGraph::<init> (42 bytes)
Event: 4.377 Thread 0x00000000560b8800 nmethod 1253 0x00000000027dca10 code [0x00000000027dcc20, 0x00000000027dd6c8]
Event: 4.377 Thread 0x00000000560b8800 1250       3       com.android.dx.rop.cst.CstKnownNull::equals (5 bytes)
Event: 4.377 Thread 0x00000000560b8800 nmethod 1250 0x00000000027ddd50 code [0x00000000027ddea0, 0x00000000027de0f0]
Event: 4.377 Thread 0x00000000560b8800 1255       3       com.android.dx.rop.cst.CstBaseMethodRef::isInstanceInit (8 bytes)
Event: 4.377 Thread 0x00000000560b8800 nmethod 1255 0x00000000027de190 code [0x00000000027de300, 0x00000000027de728]

GC Heap History (2 events):
Event: 1.689 GC heap before
{Heap before GC invocations=1 (full 0):
 PSYoungGen      total 18944K, used 16384K [0x00000000eab00000, 0x00000000ec000000, 0x0000000100000000)
  eden space 16384K, 100% used [0x00000000eab00000,0x00000000ebb00000,0x00000000ebb00000)
  from space 2560K, 0% used [0x00000000ebd80000,0x00000000ebd80000,0x00000000ec000000)
  to   space 2560K, 0% used [0x00000000ebb00000,0x00000000ebb00000,0x00000000ebd80000)
 ParOldGen       total 44032K, used 0K [0x00000000c0000000, 0x00000000c2b00000, 0x00000000eab00000)
  object space 44032K, 0% used [0x00000000c0000000,0x00000000c0000000,0x00000000c2b00000)
 Metaspace       used 5729K, capacity 6704K, committed 6784K, reserved 1056768K
  class space    used 597K, capacity 616K, committed 640K, reserved 1048576K
Event: 1.774 GC heap after
Heap after GC invocations=1 (full 0):
 PSYoungGen      total 18944K, used 2551K [0x00000000eab00000, 0x00000000ed000000, 0x0000000100000000)
  eden space 16384K, 0% used [0x00000000eab00000,0x00000000eab00000,0x00000000ebb00000)
  from space 2560K, 99% used [0x00000000ebb00000,0x00000000ebd7dc78,0x00000000ebd80000)
  to   space 2560K, 0% used [0x00000000ecd80000,0x00000000ecd80000,0x00000000ed000000)
 ParOldGen       total 44032K, used 1640K [0x00000000c0000000, 0x00000000c2b00000, 0x00000000eab00000)
  object space 44032K, 3% used [0x00000000c0000000,0x00000000c019a2c0,0x00000000c2b00000)
 Metaspace       used 5729K, capacity 6704K, committed 6784K, reserved 1056768K
  class space    used 597K, capacity 616K, committed 640K, reserved 1048576K
}

Deoptimization events (5 events):
Event: 1.293 Thread 0x000000005636e800 Uncommon trap: reason=unstable_if action=reinterpret pc=0x00000000024fa7ac method=java.util.HashMap.getNode(ILjava/lang/Object;)Ljava/util/HashMap$Node; @ 62
Event: 1.624 Thread 0x000000005636e800 Uncommon trap: reason=null_check action=make_not_entrant pc=0x00000000025a57a4 method=com.android.dx.ssa.SsaRenamer.getLocalForNewReg(I)Lcom/android/dx/rop/code/LocalItem; @ 19
Event: 1.629 Thread 0x000000005636e800 Uncommon trap: reason=null_check action=make_not_entrant pc=0x0000000002598a70 method=com.android.dx.ssa.SsaRenamer.getLocalForNewReg(I)Lcom/android/dx/rop/code/LocalItem; @ 19
Event: 2.681 Thread 0x0000000056322000 Uncommon trap: reason=null_check action=make_not_entrant pc=0x0000000002616f50 method=com.android.dx.rop.type.Type.equals(Ljava/lang/Object;)Z @ 8
Event: 4.282 Thread 0x0000000056322000 Uncommon trap: reason=unstable_if action=reinterpret pc=0x00000000026cd72c method=com.android.dx.util.IntList.binarysearch(I)I @ 105

Internal exceptions (5 events):
Event: 0.089 Thread 0x0000000001d38000 Exception <a 'java/lang/NoSuchMethodError': Method sun.misc.Unsafe.defineClass(Ljava/lang/String;[BII)Ljava/lang/Class; name or signature does not match> (0x00000000eab07cc0) thrown at [C:\re\workspace\8-2-build-windows-amd64-cygwin\jdk8u91\7017\hotspot\sr·ÅX»»¶?
Event: 0.089 Thread 0x0000000001d38000 Exception <a 'java/lang/NoSuchMethodError': Method sun.misc.Unsafe.prefetchRead(Ljava/lang/Object;J)V name or signature does not match> (0x00000000eab07fa8) thrown at [C:\re\workspace\8-2-build-windows-amd64-cygwin\jdk8u91\7017\hotspot\src\share\vm\prims\jG!ÛFyüù?
Event: 1.624 Thread 0x000000005636e800 Implicit null exception at 0x00000000025a3f1e to 0x00000000025a575d
Event: 1.629 Thread 0x000000005636e800 Implicit null exception at 0x000000000259725e to 0x0000000002598a49
Event: 2.681 Thread 0x0000000056322000 Implicit null exception at 0x0000000002616e52 to 0x0000000002616f42

Events (10 events):
Event: 2.721 loading class com/android/dx/cf/attrib/AttDeprecated
Event: 2.721 loading class com/android/dx/cf/attrib/AttDeprecated done
Event: 2.721 loading class com/android/dx/cf/attrib/AttRuntimeVisibleAnnotations
Event: 2.721 loading class com/android/dx/cf/attrib/AttRuntimeVisibleAnnotations done
Event: 4.163 Thread 0x0000000056322000 DEOPT PACKING pc=0x000000000257c6c5 sp=0x000000005727edc0
Event: 4.163 Thread 0x0000000056322000 DEOPT UNPACKING pc=0x000000000236787f sp=0x000000005727eba0 mode 0
Event: 4.282 Thread 0x0000000056322000 Uncommon trap: trap_request=0xffffff65 fr.pc=0x00000000026cd72c
Event: 4.282 Thread 0x0000000056322000 DEOPT PACKING pc=0x00000000026cd72c sp=0x000000005727ed30
Event: 4.282 Thread 0x0000000056322000 DEOPT UNPACKING pc=0x000000000236582a sp=0x000000005727eca8 mode 2
Event: 4.410 Executing VM operation: EnableBiasedLocking


Dynamic libraries:
0x000000013f8f0000 - 0x000000013f927000 	C:\Program Files\Java\jdk1.8.0_91\bin\java.exe
0x0000000077130000 - 0x00000000772da000 	C:\Windows\SYSTEM32\ntdll.dll
0x0000000076f10000 - 0x000000007702f000 	C:\Windows\system32\kernel32.dll
0x000007fefce80000 - 0x000007fefceea000 	C:\Windows\system32\KERNELBASE.dll
0x000007fefe080000 - 0x000007fefe15b000 	C:\Windows\system32\ADVAPI32.dll
0x000007feff080000 - 0x000007feff11f000 	C:\Windows\system32\msvcrt.dll
0x000007fefe160000 - 0x000007fefe17f000 	C:\Windows\SYSTEM32\sechost.dll
0x000007feff310000 - 0x000007feff43d000 	C:\Windows\system32\RPCRT4.dll
0x0000000077030000 - 0x000000007712a000 	C:\Windows\system32\USER32.dll
0x000007fefec20000 - 0x000007fefec87000 	C:\Windows\system32\GDI32.dll
0x000007fefea00000 - 0x000007fefea0e000 	C:\Windows\system32\LPK.dll
0x000007fefdfb0000 - 0x000007fefe07a000 	C:\Windows\system32\USP10.dll
0x000007fefbed0000 - 0x000007fefc0c4000 	C:\Windows\WinSxS\amd64_microsoft.windows.common-controls_6595b64144ccf1df_6.0.7601.17514_none_fa396087175ac9ac\COMCTL32.dll
0x000007fefed70000 - 0x000007fefede1000 	C:\Windows\system32\SHLWAPI.dll
0x000007fefebf0000 - 0x000007fefec1e000 	C:\Windows\system32\IMM32.DLL
0x000007fefea90000 - 0x000007fefeb99000 	C:\Windows\system32\MSCTF.dll
0x0000000073d90000 - 0x0000000073e62000 	C:\Program Files\Java\jdk1.8.0_91\jre\bin\msvcr100.dll
0x000000006b240000 - 0x000000006bad3000 	C:\Program Files\Java\jdk1.8.0_91\jre\bin\server\jvm.dll
0x000007fef3750000 - 0x000007fef3759000 	C:\Windows\system32\WSOCK32.dll
0x000007fefeba0000 - 0x000007fefebed000 	C:\Windows\system32\WS2_32.dll
0x000007fefefd0000 - 0x000007fefefd8000 	C:\Windows\system32\NSI.dll
0x000007fefae40000 - 0x000007fefae7b000 	C:\Windows\system32\WINMM.dll
0x000007fefbb90000 - 0x000007fefbb9c000 	C:\Windows\system32\VERSION.dll
0x0000000077300000 - 0x0000000077307000 	C:\Windows\system32\PSAPI.DLL
0x0000000074260000 - 0x000000007426f000 	C:\Program Files\Java\jdk1.8.0_91\jre\bin\verify.dll
0x0000000074230000 - 0x0000000074259000 	C:\Program Files\Java\jdk1.8.0_91\jre\bin\java.dll
0x0000000074210000 - 0x0000000074226000 	C:\Program Files\Java\jdk1.8.0_91\jre\bin\zip.dll
0x000007fefd220000 - 0x000007fefdfa8000 	C:\Windows\system32\SHELL32.dll
0x000007fefe450000 - 0x000007fefe653000 	C:\Windows\system32\ole32.dll
0x000007fefce60000 - 0x000007fefce6f000 	C:\Windows\system32\profapi.dll

VM Arguments:
jvm_args: -Djava.awt.headless=true -Xmx1024M -Dfile.encoding=windows-1256 -Duser.country=US -Duser.language=en -Duser.variant 
java_command: com.android.dx.command.Main --dex --force-jumbo --num-threads=4 --output E:\User\AndroidStudioProjects\SimpleFlickrClient\app\build\intermediates\pre-dexed\debug\picasso-2.5.2_a69735fb31405abb6c5b972e1b2bb4f918f620e8.jar C:\Users\user\.gradle\caches\modules-2\files-2.1\com.squareup.picasso\picasso\2.5.2\7446d06ec8d4f7ffcc53f1da37c95f200dcb9387\picasso-2.5.2.jar
java_class_path (initial): E:\User\AppData\Local\Android\sdk\build-tools\24.0.0\lib\dx.jar
Launcher Type: SUN_STANDARD

Environment Variables:
PATH=C:\oracle\product\10.2.0\db_2\bin;C:\oracle\product\10.2.0\db_1\bin;C:\ProgramData\Oracle\Java\javapath;C:\Windows\System32;C:\Windows\SysWOW64;C:\opencv248\build\x86\vc10\bin;C:\Python27;C:\Program Files (x86)\CodeBlocks\MinGW\bin;E:\programs\Matlab\R2013a\bin;C:\Program Files\IVI Foundation\VISA\Win64\Bin\;C:\Program Files (x86)\IVI Foundation\VISA\WinNT\Bin\;C:\Program Files (x86)\IVI Foundation\VISA\WinNT\Bin;C:\Program Files (x86)\Tesseract-OCR;E:\User\AppData\Local\Android\sdk\tools\lib;E:\Program Files\Git\cmd;E:\User\AppData\Local\Android\sdk\platform-tools;E:\Program Files\nodejs\;C:\Program Files\Canopy\User;C:\Program Files\Canopy\User\Scripts;C:\Users\user\AppData\Roaming\npm
USERNAME=user
OS=Windows_NT
PROCESSOR_IDENTIFIER=Intel64 Family 6 Model 58 Stepping 9, GenuineIntel



---------------  S Y S T E M  ---------------

OS: Windows 7 , 64 bit Build 7601 (6.1.7601.23572)

CPU:total 4 (2 cores per cpu, 2 threads per core) family 6 model 58 stepping 9, cmov, cx8, fxsr, mmx, sse, sse2, sse3, ssse3, sse4.1, sse4.2, popcnt, avx, aes, clmul, erms, ht, tsc, tscinvbit, tscinv

Memory: 4k page, physical 4094316k(79420k free), swap 5628456k(5356k free)

vm_info: Java HotSpot(TM) 64-Bit Server VM (25.91-b15) for windows-amd64 JRE (1.8.0_91-b15), built on May 20 2016 17:43:15 by "java_re" with MS VC++ 10.0 (VS2010)

time: Fri Aug 04 22:19:51 2017
elapsed time: 4 seconds (0d 0h 0m 4s)

