#
# There is insufficient memory for the Java Runtime Environment to continue.
# Native memory allocation (malloc) failed to allocate 1510496 bytes for Chunk::new
# Possible reasons:
#   The system is out of physical RAM or swap space
#   In 32 bit mode, the process size limit was hit
# Possible solutions:
#   Reduce memory load on the system
#   Increase physical memory or swap space
#   Check if swap backing store is full
#   Use 64 bit Java on a 64 bit OS
#   Decrease Java heap size (-Xmx/-Xms)
#   Decrease number of Java threads
#   Decrease Java thread stack sizes (-Xss)
#   Set larger code cache with -XX:ReservedCodeCacheSize=
# This output file may be truncated or incomplete.
#
#  Out of Memory Error (allocation.cpp:390), pid=15024, tid=20176
#
# JRE version: Java(TM) SE Runtime Environment (8.0_91-b15) (build 1.8.0_91-b15)
# Java VM: Java HotSpot(TM) 64-Bit Server VM (25.91-b15 mixed mode windows-amd64 compressed oops)
# Failed to write core dump. Minidumps are not enabled by default on client versions of Windows
#

---------------  T H R E A D  ---------------

Current thread (0x000000005606b000):  JavaThread "C2 CompilerThread0" daemon [_thread_in_native, id=20176, stack(0x0000000056790000,0x0000000056890000)]

Stack: [0x0000000056790000,0x0000000056890000]
[error occurred during error reporting (printing stack bounds), id 0xc0000005]

Native frames: (J=compiled Java code, j=interpreted, Vv=VM code, C=native code)


Current CompileTask:
C2:  15638 2059       4       com.android.dx.cf.code.Simulator$SimVisitor::visitConstant (332 bytes)


---------------  P R O C E S S  ---------------

Java Threads: ( => current thread )
  0x0000000056312000 JavaThread "pool-1-thread-4" [_thread_blocked, id=19936, stack(0x0000000057500000,0x0000000057600000)]
  0x0000000056311000 JavaThread "pool-1-thread-3" [_thread_blocked, id=20212, stack(0x0000000057260000,0x0000000057360000)]
  0x0000000056308000 JavaThread "pool-1-thread-2" [_thread_blocked, id=17732, stack(0x0000000057370000,0x0000000057470000)]
  0x0000000056304800 JavaThread "pool-2-thread-1" [_thread_blocked, id=19180, stack(0x0000000057120000,0x0000000057220000)]
  0x0000000056304000 JavaThread "pool-1-thread-1" [_thread_blocked, id=17816, stack(0x0000000056ef0000,0x0000000056ff0000)]
  0x0000000054b9f800 JavaThread "Service Thread" daemon [_thread_blocked, id=19136, stack(0x0000000056b40000,0x0000000056c40000)]
  0x0000000056089000 JavaThread "C1 CompilerThread2" daemon [_thread_blocked, id=19536, stack(0x0000000056460000,0x0000000056560000)]
  0x0000000054b9c000 JavaThread "C2 CompilerThread1" daemon [_thread_in_native, id=19140, stack(0x0000000056940000,0x0000000056a40000)]
=>0x000000005606b000 JavaThread "C2 CompilerThread0" daemon [_thread_in_native, id=20176, stack(0x0000000056790000,0x0000000056890000)]
  0x0000000056064800 JavaThread "Attach Listener" daemon [_thread_blocked, id=20276, stack(0x0000000056650000,0x0000000056750000)]
  0x0000000054b8d800 JavaThread "Signal Dispatcher" daemon [_thread_blocked, id=20272, stack(0x0000000055dd0000,0x0000000055ed0000)]
  0x0000000054b79000 JavaThread "Finalizer" daemon [_thread_blocked, id=19828, stack(0x0000000055f60000,0x0000000056060000)]
  0x0000000054b32000 JavaThread "Reference Handler" daemon [_thread_blocked, id=19500, stack(0x0000000055c90000,0x0000000055d90000)]
  0x0000000001de8000 JavaThread "main" [_thread_blocked, id=19912, stack(0x0000000002000000,0x0000000002100000)]

Other Threads:
  0x0000000054b2a800 VMThread [stack: 0x0000000055b60000,0x0000000055c60000] [id=19804]
  0x00000000560fa000 WatcherThread [stack: 0x0000000056d30000,0x0000000056e30000] [id=19892]

VM state:not at safepoint (normal execution)

VM Mutex/Monitor currently owned by a thread: None

Heap:
 PSYoungGen      total 143360K, used 20728K [0x00000000eab00000, 0x00000000f4900000, 0x0000000100000000)
  eden space 129536K, 6% used [0x00000000eab00000,0x00000000eb3821a0,0x00000000f2980000)
  from space 13824K, 86% used [0x00000000f3880000,0x00000000f443c098,0x00000000f4600000)
  to   space 15360K, 0% used [0x00000000f2980000,0x00000000f2980000,0x00000000f3880000)
 ParOldGen       total 44032K, used 22830K [0x00000000c0000000, 0x00000000c2b00000, 0x00000000eab00000)
  object space 44032K, 51% used [0x00000000c0000000,0x00000000c164bbe8,0x00000000c2b00000)
 Metaspace       used 6497K, capacity 7192K, committed 7424K, reserved 1056768K
  class space    used 625K, capacity 656K, committed 768K, reserved 1048576K

Card table byte_map: [0x0000000011790000,0x00000000119a0000] byte_map_base: 0x0000000011190000

Marking Bits: (ParMarkBitMap*) 0x0000000073cf2f70
 Begin Bits: [0x0000000011fa0000, 0x0000000012fa0000)
 End Bits:   [0x0000000012fa0000, 0x0000000013fa0000)

Polling page: 0x00000000000b0000

CodeCache: size=245760Kb used=9209Kb max_used=9209Kb free=236550Kb
 bounds [0x00000000023d0000, 0x0000000002ce0000, 0x00000000113d0000]
 total_blobs=2227 nmethods=1959 adapters=180
 compilation: enabled

Compilation events (10 events):
Event: 15.545 Thread 0x0000000056089000 nmethod 2054 0x0000000002cb4190 code [0x0000000002cb4380, 0x0000000002cb4d38]
Event: 15.545 Thread 0x0000000056089000 2055       3       java.util.concurrent.ArrayBlockingQueue::checkNotNull (13 bytes)
Event: 15.546 Thread 0x0000000056089000 nmethod 2055 0x0000000002cb7890 code [0x0000000002cb7a00, 0x0000000002cb7c28]
Event: 15.564 Thread 0x000000005606b000 2056       4       com.android.dx.ssa.back.FirstFitLocalCombiningAllocator$Alignment$3::nextClearBit (6 bytes)
Event: 15.566 Thread 0x000000005606b000 nmethod 2056 0x0000000002cbdd90 code [0x0000000002cbdee0, 0x0000000002cbe018]
Event: 15.568 Thread 0x0000000056089000 2057       3       java.util.HashMap::resize (359 bytes)
Event: 15.569 Thread 0x0000000056089000 nmethod 2057 0x0000000002cd3990 code [0x0000000002cd3be0, 0x0000000002cd4dc8]
Event: 15.570 Thread 0x0000000056089000 2058 %     3       java.util.HashMap::resize @ 154 (359 bytes)
Event: 15.572 Thread 0x0000000056089000 nmethod 2058% 0x0000000002cd5510 code [0x0000000002cd5780, 0x0000000002cd6a28]
Event: 15.579 Thread 0x000000005606b000 2059       4       com.android.dx.cf.code.Simulator$SimVisitor::visitConstant (332 bytes)

GC Heap History (10 events):
Event: 5.896 GC heap before
{Heap before GC invocations=2 (full 0):
 PSYoungGen      total 18944K, used 18932K [0x00000000eab00000, 0x00000000ed000000, 0x0000000100000000)
  eden space 16384K, 100% used [0x00000000eab00000,0x00000000ebb00000,0x00000000ebb00000)
  from space 2560K, 99% used [0x00000000ebb00000,0x00000000ebd7d248,0x00000000ebd80000)
  to   space 2560K, 0% used [0x00000000ecd80000,0x00000000ecd80000,0x00000000ed000000)
 ParOldGen       total 44032K, used 897K [0x00000000c0000000, 0x00000000c2b00000, 0x00000000eab00000)
  object space 44032K, 2% used [0x00000000c0000000,0x00000000c00e04d0,0x00000000c2b00000)
 Metaspace       used 6004K, capacity 6898K, committed 7040K, reserved 1056768K
  class space    used 603K, capacity 618K, committed 640K, reserved 1048576K
Event: 6.355 GC heap after
Heap after GC invocations=2 (full 0):
 PSYoungGen      total 35328K, used 2535K [0x00000000eab00000, 0x00000000ed000000, 0x0000000100000000)
  eden space 32768K, 0% used [0x00000000eab00000,0x00000000eab00000,0x00000000ecb00000)
  from space 2560K, 99% used [0x00000000ecd80000,0x00000000ecff9c68,0x00000000ed000000)
  to   space 2560K, 0% used [0x00000000ecb00000,0x00000000ecb00000,0x00000000ecd80000)
 ParOldGen       total 44032K, used 2647K [0x00000000c0000000, 0x00000000c2b00000, 0x00000000eab00000)
  object space 44032K, 6% used [0x00000000c0000000,0x00000000c0295c20,0x00000000c2b00000)
 Metaspace       used 6004K, capacity 6898K, committed 7040K, reserved 1056768K
  class space    used 603K, capacity 618K, committed 640K, reserved 1048576K
}
Event: 8.779 GC heap before
{Heap before GC invocations=3 (full 0):
 PSYoungGen      total 35328K, used 35303K [0x00000000eab00000, 0x00000000ed000000, 0x0000000100000000)
  eden space 32768K, 100% used [0x00000000eab00000,0x00000000ecb00000,0x00000000ecb00000)
  from space 2560K, 99% used [0x00000000ecd80000,0x00000000ecff9c68,0x00000000ed000000)
  to   space 2560K, 0% used [0x00000000ecb00000,0x00000000ecb00000,0x00000000ecd80000)
 ParOldGen       total 44032K, used 2647K [0x00000000c0000000, 0x00000000c2b00000, 0x00000000eab00000)
  object space 44032K, 6% used [0x00000000c0000000,0x00000000c0295c20,0x00000000c2b00000)
 Metaspace       used 6212K, capacity 7090K, committed 7296K, reserved 1056768K
  class space    used 604K, capacity 618K, committed 640K, reserved 1048576K
Event: 8.823 GC heap after
Heap after GC invocations=3 (full 0):
 PSYoungGen      total 35328K, used 2553K [0x00000000eab00000, 0x00000000ef000000, 0x0000000100000000)
  eden space 32768K, 0% used [0x00000000eab00000,0x00000000eab00000,0x00000000ecb00000)
  from space 2560K, 99% used [0x00000000ecb00000,0x00000000ecd7e570,0x00000000ecd80000)
  to   space 2560K, 0% used [0x00000000eed80000,0x00000000eed80000,0x00000000ef000000)
 ParOldGen       total 44032K, used 7471K [0x00000000c0000000, 0x00000000c2b00000, 0x00000000eab00000)
  object space 44032K, 16% used [0x00000000c0000000,0x00000000c074bda8,0x00000000c2b00000)
 Metaspace       used 6212K, capacity 7090K, committed 7296K, reserved 1056768K
  class space    used 604K, capacity 618K, committed 640K, reserved 1048576K
}
Event: 9.135 GC heap before
{Heap before GC invocations=4 (full 0):
 PSYoungGen      total 35328K, used 35321K [0x00000000eab00000, 0x00000000ef000000, 0x0000000100000000)
  eden space 32768K, 100% used [0x00000000eab00000,0x00000000ecb00000,0x00000000ecb00000)
  from space 2560K, 99% used [0x00000000ecb00000,0x00000000ecd7e570,0x00000000ecd80000)
  to   space 2560K, 0% used [0x00000000eed80000,0x00000000eed80000,0x00000000ef000000)
 ParOldGen       total 44032K, used 7471K [0x00000000c0000000, 0x00000000c2b00000, 0x00000000eab00000)
  object space 44032K, 16% used [0x00000000c0000000,0x00000000c074bda8,0x00000000c2b00000)
 Metaspace       used 6290K, capacity 7154K, committed 7296K, reserved 1056768K
  class space    used 604K, capacity 618K, committed 640K, reserved 1048576K
Event: 9.204 GC heap after
Heap after GC invocations=4 (full 0):
 PSYoungGen      total 68096K, used 2538K [0x00000000eab00000, 0x00000000ef000000, 0x0000000100000000)
  eden space 65536K, 0% used [0x00000000eab00000,0x00000000eab00000,0x00000000eeb00000)
  from space 2560K, 99% used [0x00000000eed80000,0x00000000eeffa898,0x00000000ef000000)
  to   space 2560K, 0% used [0x00000000eeb00000,0x00000000eeb00000,0x00000000eed80000)
 ParOldGen       total 44032K, used 12455K [0x00000000c0000000, 0x00000000c2b00000, 0x00000000eab00000)
  object space 44032K, 28% used [0x00000000c0000000,0x00000000c0c29e38,0x00000000c2b00000)
 Metaspace       used 6290K, capacity 7154K, committed 7296K, reserved 1056768K
  class space    used 604K, capacity 618K, committed 640K, reserved 1048576K
}
Event: 11.019 GC heap before
{Heap before GC invocations=5 (full 0):
 PSYoungGen      total 68096K, used 68074K [0x00000000eab00000, 0x00000000ef000000, 0x0000000100000000)
  eden space 65536K, 100% used [0x00000000eab00000,0x00000000eeb00000,0x00000000eeb00000)
  from space 2560K, 99% used [0x00000000eed80000,0x00000000eeffa898,0x00000000ef000000)
  to   space 2560K, 0% used [0x00000000eeb00000,0x00000000eeb00000,0x00000000eed80000)
 ParOldGen       total 44032K, used 12455K [0x00000000c0000000, 0x00000000c2b00000, 0x00000000eab00000)
  object space 44032K, 28% used [0x00000000c0000000,0x00000000c0c29e38,0x00000000c2b00000)
 Metaspace       used 6350K, capacity 7154K, committed 7296K, reserved 1056768K
  class space    used 604K, capacity 618K, committed 640K, reserved 1048576K
Event: 11.198 GC heap after
Heap after GC invocations=5 (full 0):
 PSYoungGen      total 68096K, used 2538K [0x00000000eab00000, 0x00000000f4600000, 0x0000000100000000)
  eden space 65536K, 0% used [0x00000000eab00000,0x00000000eab00000,0x00000000eeb00000)
  from space 2560K, 99% used [0x00000000eeb00000,0x00000000eed7ab60,0x00000000eed80000)
  to   space 13824K, 0% used [0x00000000f3880000,0x00000000f3880000,0x00000000f4600000)
 ParOldGen       total 44032K, used 22830K [0x00000000c0000000, 0x00000000c2b00000, 0x00000000eab00000)
  object space 44032K, 51% used [0x00000000c0000000,0x00000000c164bbe8,0x00000000c2b00000)
 Metaspace       used 6350K, capacity 7154K, committed 7296K, reserved 1056768K
  class space    used 604K, capacity 618K, committed 640K, reserved 1048576K
}
Event: 15.076 GC heap before
{Heap before GC invocations=6 (full 0):
 PSYoungGen      total 68096K, used 68074K [0x00000000eab00000, 0x00000000f4600000, 0x0000000100000000)
  eden space 65536K, 100% used [0x00000000eab00000,0x00000000eeb00000,0x00000000eeb00000)
  from space 2560K, 99% used [0x00000000eeb00000,0x00000000eed7ab60,0x00000000eed80000)
  to   space 13824K, 0% used [0x00000000f3880000,0x00000000f3880000,0x00000000f4600000)
 ParOldGen       total 44032K, used 22830K [0x00000000c0000000, 0x00000000c2b00000, 0x00000000eab00000)
  object space 44032K, 51% used [0x00000000c0000000,0x00000000c164bbe8,0x00000000c2b00000)
 Metaspace       used 6466K, capacity 7192K, committed 7424K, reserved 1056768K
  class space    used 625K, capacity 656K, committed 768K, reserved 1048576K
Event: 15.280 GC heap after
Heap after GC invocations=6 (full 0):
 PSYoungGen      total 143360K, used 12016K [0x00000000eab00000, 0x00000000f4900000, 0x0000000100000000)
  eden space 129536K, 0% used [0x00000000eab00000,0x00000000eab00000,0x00000000f2980000)
  from space 13824K, 86% used [0x00000000f3880000,0x00000000f443c098,0x00000000f4600000)
  to   space 15360K, 0% used [0x00000000f2980000,0x00000000f2980000,0x00000000f3880000)
 ParOldGen       total 44032K, used 22830K [0x00000000c0000000, 0x00000000c2b00000, 0x00000000eab00000)
  object space 44032K, 51% used [0x00000000c0000000,0x00000000c164bbe8,0x00000000c2b00000)
 Metaspace       used 6466K, capacity 7192K, committed 7424K, reserved 1056768K
  class space    used 625K, capacity 656K, committed 768K, reserved 1048576K
}

Deoptimization events (10 events):
Event: 13.433 Thread 0x0000000056304000 Uncommon trap: reason=unstable_if action=reinterpret pc=0x00000000029aa364 method=java.util.HashMap.putVal(ILjava/lang/Object;Ljava/lang/Object;ZZ)Ljava/lang/Object; @ 109
Event: 13.871 Thread 0x0000000056304000 Uncommon trap: reason=bimorphic action=maybe_recompile pc=0x0000000002bc19e4 method=com.android.dx.cf.code.BytecodeArray.parseInstruction(ILcom/android/dx/cf/code/BytecodeArray$Visitor;)I @ 971
Event: 13.871 Thread 0x0000000056304000 Uncommon trap: reason=bimorphic action=maybe_recompile pc=0x0000000002bc19e4 method=com.android.dx.cf.code.BytecodeArray.parseInstruction(ILcom/android/dx/cf/code/BytecodeArray$Visitor;)I @ 971
Event: 13.875 Thread 0x0000000056304000 Uncommon trap: reason=bimorphic action=maybe_recompile pc=0x0000000002bc1964 method=com.android.dx.cf.code.BytecodeArray.parseInstruction(ILcom/android/dx/cf/code/BytecodeArray$Visitor;)I @ 955
Event: 13.875 Thread 0x0000000056304000 Uncommon trap: reason=bimorphic action=maybe_recompile pc=0x0000000002bc1df8 method=com.android.dx.cf.code.BytecodeArray.parseInstruction(ILcom/android/dx/cf/code/BytecodeArray$Visitor;)I @ 1130
Event: 13.875 Thread 0x0000000056304000 Uncommon trap: reason=bimorphic action=maybe_recompile pc=0x0000000002bc19e4 method=com.android.dx.cf.code.BytecodeArray.parseInstruction(ILcom/android/dx/cf/code/BytecodeArray$Visitor;)I @ 971
Event: 13.900 Thread 0x0000000056312000 Uncommon trap: reason=bimorphic action=maybe_recompile pc=0x0000000002bdb69c method=com.android.dx.ssa.LiteralOpUpgrader.tryReplacingWithConstant(Lcom/android/dx/ssa/NormalSsaInsn;)Z @ 62
Event: 14.410 Thread 0x0000000056312000 Uncommon trap: reason=unstable_if action=reinterpret pc=0x0000000002bac1e4 method=com.android.dx.cf.code.RopperMachine.run(Lcom/android/dx/cf/code/Frame;II)V @ 1500
Event: 14.458 Thread 0x0000000056312000 Uncommon trap: reason=unstable_if action=reinterpret pc=0x00000000029a7e30 method=com.android.dx.ssa.MoveParamCombiner$1.visitNonMoveInsn(Lcom/android/dx/ssa/NormalSsaInsn;)V @ 27
Event: 15.566 Thread 0x0000000056311000 Uncommon trap: reason=unstable_if action=reinterpret pc=0x00000000029dda04 method=java.util.HashMap.resize()[Ljava/util/HashMap$Node; @ 206

Internal exceptions (5 events):
Event: 1.145 Thread 0x0000000001de8000 Exception <a 'java/lang/NoSuchMethodError': Method sun.misc.Unsafe.defineClass(Ljava/lang/String;[BII)Ljava/lang/Class; name or signature does not match> (0x00000000eab07cc0) thrown at [C:\re\workspace\8-2-build-windows-amd64-cygwin\jdk8u91\7017\hotspot\sr»!tÙRÚ?
Event: 1.145 Thread 0x0000000001de8000 Exception <a 'java/lang/NoSuchMethodError': Method sun.misc.Unsafe.prefetchRead(Ljava/lang/Object;J)V name or signature does not match> (0x00000000eab07fa8) thrown at [C:\re\workspace\8-2-build-windows-amd64-cygwin\jdk8u91\7017\hotspot\src\share\vm\prims\j2≥@©s)@
Event: 12.726 Thread 0x0000000056312000 Exception <a 'java/lang/ArrayIndexOutOfBoundsException': 18> (0x00000000ebb2b4d8) thrown at [C:\re\workspace\8-2-build-windows-amd64-cygwin\jdk8u91\7017\hotspot\src\share\vm\interpreter\interpreterRuntime.cpp, line 366]
Event: 12.726 Thread 0x0000000056312000 Exception <a 'java/lang/ArrayIndexOutOfBoundsException': 145> (0x00000000ebb2d058) thrown at [C:\re\workspace\8-2-build-windows-amd64-cygwin\jdk8u91\7017\hotspot\src\share\vm\interpreter\interpreterRuntime.cpp, line 366]
Event: 12.975 Thread 0x0000000056312000 Exception <a 'java/lang/ArrayIndexOutOfBoundsException'> (0x00000000ebb2e340) thrown at [C:\re\workspace\8-2-build-windows-amd64-cygwin\jdk8u91\7017\hotspot\src\share\vm\runtime\sharedRuntime.cpp, line 605]

Events (10 events):
Event: 15.288 Thread 0x000000005606b000 flushing nmethod 0x000000000250dd90
Event: 15.288 Thread 0x000000005606b000 flushing nmethod 0x000000000250fa10
Event: 15.288 Thread 0x000000005606b000 flushing nmethod 0x0000000002510510
Event: 15.288 Thread 0x000000005606b000 flushing nmethod 0x0000000002515290
Event: 15.316 Thread 0x0000000056089000 flushing nmethod 0x000000000251db10
Event: 15.348 Thread 0x0000000056308000 DEOPT PACKING pc=0x0000000002835a1e sp=0x000000005746ea80
Event: 15.348 Thread 0x0000000056308000 DEOPT UNPACKING pc=0x000000000241787f sp=0x000000005746e860 mode 0
Event: 15.566 Thread 0x0000000056311000 Uncommon trap: trap_request=0xffffff65 fr.pc=0x00000000029dda04
Event: 15.566 Thread 0x0000000056311000 DEOPT PACKING pc=0x00000000029dda04 sp=0x000000005735e0d0
Event: 15.566 Thread 0x0000000056311000 DEOPT UNPACKING pc=0x000000000241582a sp=0x000000005735e038 mode 2


Dynamic libraries:
0x000000013f970000 - 0x000000013f9a7000 	C:\Program Files\Java\jdk1.8.0_91\bin\java.exe
0x0000000077290000 - 0x000000007743a000 	C:\Windows\SYSTEM32\ntdll.dll
0x0000000077070000 - 0x000000007718f000 	C:\Windows\system32\kernel32.dll
0x000007fefd310000 - 0x000007fefd37a000 	C:\Windows\system32\KERNELBASE.dll
0x000007fefea70000 - 0x000007fefeb4b000 	C:\Windows\system32\ADVAPI32.dll
0x000007fefefc0000 - 0x000007feff05f000 	C:\Windows\system32\msvcrt.dll
0x000007fefeca0000 - 0x000007fefecbf000 	C:\Windows\SYSTEM32\sechost.dll
0x000007fefd750000 - 0x000007fefd87d000 	C:\Windows\system32\RPCRT4.dll
0x0000000077190000 - 0x000000007728a000 	C:\Windows\system32\USER32.dll
0x000007fefef50000 - 0x000007fefefb7000 	C:\Windows\system32\GDI32.dll
0x000007fefeb50000 - 0x000007fefeb5e000 	C:\Windows\system32\LPK.dll
0x000007feff150000 - 0x000007feff21a000 	C:\Windows\system32\USP10.dll
0x000007fefc030000 - 0x000007fefc224000 	C:\Windows\WinSxS\amd64_microsoft.windows.common-controls_6595b64144ccf1df_6.0.7601.17514_none_fa396087175ac9ac\COMCTL32.dll
0x000007feff0b0000 - 0x000007feff121000 	C:\Windows\system32\SHLWAPI.dll
0x000007fefebc0000 - 0x000007fefebee000 	C:\Windows\system32\IMM32.DLL
0x000007fefd460000 - 0x000007fefd569000 	C:\Windows\system32\MSCTF.dll
0x0000000072ab0000 - 0x0000000072b82000 	C:\Program Files\Java\jdk1.8.0_91\jre\bin\msvcr100.dll
0x00000000734e0000 - 0x0000000073d73000 	C:\Program Files\Java\jdk1.8.0_91\jre\bin\server\jvm.dll
0x000007feefe70000 - 0x000007feefe79000 	C:\Windows\system32\WSOCK32.dll
0x000007feff060000 - 0x000007feff0ad000 	C:\Windows\system32\WS2_32.dll
0x000007fefec90000 - 0x000007fefec98000 	C:\Windows\system32\NSI.dll
0x000007fefb040000 - 0x000007fefb07b000 	C:\Windows\system32\WINMM.dll
0x000007fefbd20000 - 0x000007fefbd2c000 	C:\Windows\system32\VERSION.dll
0x0000000077450000 - 0x0000000077457000 	C:\Windows\system32\PSAPI.DLL
0x00000000743f0000 - 0x00000000743ff000 	C:\Program Files\Java\jdk1.8.0_91\jre\bin\verify.dll
0x00000000743c0000 - 0x00000000743e9000 	C:\Program Files\Java\jdk1.8.0_91\jre\bin\java.dll
0x00000000743a0000 - 0x00000000743b6000 	C:\Program Files\Java\jdk1.8.0_91\jre\bin\zip.dll
0x000007fefdce0000 - 0x000007fefea68000 	C:\Windows\system32\SHELL32.dll
0x000007fefecc0000 - 0x000007fefeec3000 	C:\Windows\system32\ole32.dll
0x000007fefcfc0000 - 0x000007fefcfcf000 	C:\Windows\system32\profapi.dll

VM Arguments:
jvm_args: -Djava.awt.headless=true -Xmx1024M -Dfile.encoding=windows-1256 -Duser.country=US -Duser.language=en -Duser.variant 
java_command: com.android.dx.command.Main --dex --force-jumbo --num-threads=4 --output E:\User\AndroidStudioProjects\SimpleFlickrClient\app\build\intermediates\pre-dexed\debug\com.android.support-appcompat-v7-24.0.0_a3be1b6decfba4033cb89ed6a9a4aa57dd78d5dd.jar E:\User\AndroidStudioProjects\SimpleFlickrClient\app\build\intermediates\exploded-aar\com.android.support\appcompat-v7\24.0.0\jars\classes.jar
java_class_path (initial): E:\User\AppData\Local\Android\sdk\build-tools\24.0.0\lib\dx.jar
Launcher Type: SUN_STANDARD

Environment Variables:
PATH=C:\oracle\product\10.2.0\db_2\bin;C:\oracle\product\10.2.0\db_1\bin;C:\ProgramData\Oracle\Java\javapath;C:\Windows\System32;C:\Windows\SysWOW64;C:\opencv248\build\x86\vc10\bin;C:\Python27;C:\Program Files (x86)\CodeBlocks\MinGW\bin;E:\programs\Matlab\R2013a\bin;C:\Program Files\IVI Foundation\VISA\Win64\Bin\;C:\Program Files (x86)\IVI Foundation\VISA\WinNT\Bin\;C:\Program Files (x86)\IVI Foundation\VISA\WinNT\Bin;C:\Program Files (x86)\Tesseract-OCR;E:\User\AppData\Local\Android\sdk\tools\lib;E:\Program Files\Git\cmd;E:\User\AppData\Local\Android\sdk\platform-tools;E:\Program Files\nodejs\;C:\Program Files\Canopy\User;C:\Program Files\Canopy\User\Scripts;C:\Users\user\AppData\Roaming\npm
USERNAME=user
OS=Windows_NT
PROCESSOR_IDENTIFIER=Intel64 Family 6 Model 58 Stepping 9, GenuineIntel



---------------  S Y S T E M  ---------------

OS: Windows 7 , 64 bit Build 7601 (6.1.7601.23572)

CPU:total 4 (2 cores per cpu, 2 threads per core) family 6 model 58 stepping 9, cmov, cx8, fxsr, mmx, sse, sse2, sse3, ssse3, sse4.1, sse4.2, popcnt, avx, aes, clmul, erms, ht, tsc, tscinvbit, tscinv

Memory: 4k page, physical 4094316k(444516k free), swap 5628456k(10656k free)

vm_info: Java HotSpot(TM) 64-Bit Server VM (25.91-b15) for windows-amd64 JRE (1.8.0_91-b15), built on May 20 2016 17:43:15 by "java_re" with MS VC++ 10.0 (VS2010)

time: Sun Aug 06 17:47:40 2017
elapsed time: 15 seconds (0d 0h 0m 15s)

