#
# There is insufficient memory for the Java Runtime Environment to continue.
# Native memory allocation (malloc) failed to allocate 1209136 bytes for Chunk::new
# Possible reasons:
#   The system is out of physical RAM or swap space
#   In 32 bit mode, the process size limit was hit
# Possible solutions:
#   Reduce memory load on the system
#   Increase physical memory or swap space
#   Check if swap backing store is full
#   Use 64 bit Java on a 64 bit OS
#   Decrease Java heap size (-Xmx/-Xms)
#   Decrease number of Java threads
#   Decrease Java thread stack sizes (-Xss)
#   Set larger code cache with -XX:ReservedCodeCacheSize=
# This output file may be truncated or incomplete.
#
#  Out of Memory Error (allocation.cpp:390), pid=20108, tid=20584
#
# JRE version: Java(TM) SE Runtime Environment (8.0_91-b15) (build 1.8.0_91-b15)
# Java VM: Java HotSpot(TM) 64-Bit Server VM (25.91-b15 mixed mode windows-amd64 compressed oops)
# Failed to write core dump. Minidumps are not enabled by default on client versions of Windows
#

---------------  T H R E A D  ---------------

Current thread (0x0000000056478000):  JavaThread "C2 CompilerThread1" daemon [_thread_in_native, id=20584, stack(0x0000000056cc0000,0x0000000056dc0000)]

Stack: [0x0000000056cc0000,0x0000000056dc0000]
[error occurred during error reporting (printing stack bounds), id 0xc0000005]

Native frames: (J=compiled Java code, j=interpreted, Vv=VM code, C=native code)


Current CompileTask:
C2:  19952 2176   !   4       com.android.dx.cf.code.Ropper::processBlock (1101 bytes)


---------------  P R O C E S S  ---------------

Java Threads: ( => current thread )
  0x0000000056828000 JavaThread "pool-1-thread-4" [_thread_blocked, id=6372, stack(0x0000000058000000,0x0000000058100000)]
  0x0000000056827000 JavaThread "pool-1-thread-3" [_thread_blocked, id=7268, stack(0x0000000056f10000,0x0000000057010000)]
  0x0000000056796800 JavaThread "pool-1-thread-2" [_thread_blocked, id=776, stack(0x0000000057df0000,0x0000000057ef0000)]
  0x000000005678d800 JavaThread "pool-2-thread-1" [_thread_blocked, id=17764, stack(0x0000000057c00000,0x0000000057d00000)]
  0x000000005678b000 JavaThread "pool-1-thread-1" [_thread_blocked, id=7380, stack(0x00000000579e0000,0x0000000057ae0000)]
  0x00000000564f9800 JavaThread "Service Thread" daemon [_thread_blocked, id=18332, stack(0x0000000055db0000,0x0000000055eb0000)]
  0x0000000056479000 JavaThread "C1 CompilerThread2" daemon [_thread_blocked, id=7264, stack(0x0000000056e10000,0x0000000056f10000)]
=>0x0000000056478000 JavaThread "C2 CompilerThread1" daemon [_thread_in_native, id=20584, stack(0x0000000056cc0000,0x0000000056dc0000)]
  0x0000000056472800 JavaThread "C2 CompilerThread0" daemon [_thread_in_native, id=10904, stack(0x0000000056b70000,0x0000000056c70000)]
  0x0000000054daf000 JavaThread "Attach Listener" daemon [_thread_blocked, id=16120, stack(0x00000000569e0000,0x0000000056ae0000)]
  0x0000000054d9e800 JavaThread "Signal Dispatcher" daemon [_thread_blocked, id=9588, stack(0x0000000056230000,0x0000000056330000)]
  0x0000000054d89000 JavaThread "Finalizer" daemon [_thread_blocked, id=5496, stack(0x0000000056370000,0x0000000056470000)]
  0x0000000054d42000 JavaThread "Reference Handler" daemon [_thread_blocked, id=7812, stack(0x00000000560f0000,0x00000000561f0000)]
  0x0000000001d78000 JavaThread "main" [_thread_blocked, id=9620, stack(0x0000000002090000,0x0000000002190000)]

Other Threads:
  0x0000000054d3a800 VMThread [stack: 0x0000000055ef0000,0x0000000055ff0000] [id=8804]
  0x0000000056537000 WatcherThread [stack: 0x0000000057020000,0x0000000057120000] [id=19948]

VM state:not at safepoint (normal execution)

VM Mutex/Monitor currently owned by a thread: None

Heap:
 PSYoungGen      total 143360K, used 57438K [0x00000000eab00000, 0x00000000f4900000, 0x0000000100000000)
  eden space 129536K, 35% used [0x00000000eab00000,0x00000000ed753268,0x00000000f2980000)
  from space 13824K, 87% used [0x00000000f3880000,0x00000000f4444850,0x00000000f4600000)
  to   space 15360K, 0% used [0x00000000f2980000,0x00000000f2980000,0x00000000f3880000)
 ParOldGen       total 44032K, used 23425K [0x00000000c0000000, 0x00000000c2b00000, 0x00000000eab00000)
  object space 44032K, 53% used [0x00000000c0000000,0x00000000c16e06d0,0x00000000c2b00000)
 Metaspace       used 6473K, capacity 7192K, committed 7424K, reserved 1056768K
  class space    used 625K, capacity 656K, committed 768K, reserved 1048576K

Card table byte_map: [0x0000000011820000,0x0000000011a30000] byte_map_base: 0x0000000011220000

Marking Bits: (ParMarkBitMap*) 0x0000000070362f70
 Begin Bits: [0x00000000121b0000, 0x00000000131b0000)
 End Bits:   [0x00000000131b0000, 0x00000000141b0000)

Polling page: 0x0000000000110000

CodeCache: size=245760Kb used=7819Kb max_used=9890Kb free=237940Kb
 bounds [0x0000000002460000, 0x0000000002e30000, 0x0000000011460000]
 total_blobs=1987 nmethods=1719 adapters=180
 compilation: enabled

Compilation events (10 events):
Event: 19.296 Thread 0x0000000056472800 2178       4       com.android.dx.rop.code.RegisterSpec::equals (60 bytes)
Event: 19.300 Thread 0x0000000056472800 nmethod 2178 0x00000000028858d0 code [0x0000000002885a20, 0x0000000002885d98]
Event: 19.309 Thread 0x0000000056472800 2179 %     4       com.android.dx.ssa.SsaConverter::edgeSplitMoveExceptionsAndResults @ 12 (157 bytes)
Event: 19.485 Thread 0x0000000056472800 nmethod 2179% 0x00000000028b31d0 code [0x00000000028b3520, 0x00000000028b6c08]
Event: 19.495 Thread 0x0000000056479000 2180       3       com.android.dx.ssa.NormalSsaInsn::changeOneSource (120 bytes)
Event: 19.497 Thread 0x0000000056479000 nmethod 2180 0x0000000002701b50 code [0x0000000002701de0, 0x00000000027034f8]
Event: 19.613 Thread 0x0000000056479000 2181       3       com.android.dx.rop.code.RegisterSpecList::indexOfRegister (38 bytes)
Event: 19.613 Thread 0x0000000056479000 nmethod 2181 0x0000000002deda10 code [0x0000000002dedba0, 0x0000000002dee1e8]
Event: 19.741 Thread 0x0000000056479000 2182       3       com.android.dx.rop.type.StdTypeList::equalContents (56 bytes)
Event: 19.742 Thread 0x0000000056479000 nmethod 2182 0x00000000026973d0 code [0x00000000026975a0, 0x0000000002697e48]

GC Heap History (10 events):
Event: 4.686 GC heap before
{Heap before GC invocations=2 (full 0):
 PSYoungGen      total 18944K, used 18920K [0x00000000eab00000, 0x00000000ed000000, 0x0000000100000000)
  eden space 16384K, 100% used [0x00000000eab00000,0x00000000ebb00000,0x00000000ebb00000)
  from space 2560K, 99% used [0x00000000ebb00000,0x00000000ebd7a078,0x00000000ebd80000)
  to   space 2560K, 0% used [0x00000000ecd80000,0x00000000ecd80000,0x00000000ed000000)
 ParOldGen       total 44032K, used 973K [0x00000000c0000000, 0x00000000c2b00000, 0x00000000eab00000)
  object space 44032K, 2% used [0x00000000c0000000,0x00000000c00f3580,0x00000000c2b00000)
 Metaspace       used 6002K, capacity 6898K, committed 7040K, reserved 1056768K
  class space    used 603K, capacity 618K, committed 640K, reserved 1048576K
Event: 5.018 GC heap after
Heap after GC invocations=2 (full 0):
 PSYoungGen      total 35328K, used 2545K [0x00000000eab00000, 0x00000000ed000000, 0x0000000100000000)
  eden space 32768K, 0% used [0x00000000eab00000,0x00000000eab00000,0x00000000ecb00000)
  from space 2560K, 99% used [0x00000000ecd80000,0x00000000ecffc758,0x00000000ed000000)
  to   space 2560K, 0% used [0x00000000ecb00000,0x00000000ecb00000,0x00000000ecd80000)
 ParOldGen       total 44032K, used 2849K [0x00000000c0000000, 0x00000000c2b00000, 0x00000000eab00000)
  object space 44032K, 6% used [0x00000000c0000000,0x00000000c02c8470,0x00000000c2b00000)
 Metaspace       used 6002K, capacity 6898K, committed 7040K, reserved 1056768K
  class space    used 603K, capacity 618K, committed 640K, reserved 1048576K
}
Event: 7.770 GC heap before
{Heap before GC invocations=3 (full 0):
 PSYoungGen      total 35328K, used 35313K [0x00000000eab00000, 0x00000000ed000000, 0x0000000100000000)
  eden space 32768K, 100% used [0x00000000eab00000,0x00000000ecb00000,0x00000000ecb00000)
  from space 2560K, 99% used [0x00000000ecd80000,0x00000000ecffc758,0x00000000ed000000)
  to   space 2560K, 0% used [0x00000000ecb00000,0x00000000ecb00000,0x00000000ecd80000)
 ParOldGen       total 44032K, used 2849K [0x00000000c0000000, 0x00000000c2b00000, 0x00000000eab00000)
  object space 44032K, 6% used [0x00000000c0000000,0x00000000c02c8470,0x00000000c2b00000)
 Metaspace       used 6212K, capacity 7090K, committed 7296K, reserved 1056768K
  class space    used 603K, capacity 618K, committed 640K, reserved 1048576K
Event: 8.384 GC heap after
Heap after GC invocations=3 (full 0):
 PSYoungGen      total 35328K, used 2551K [0x00000000eab00000, 0x00000000ef000000, 0x0000000100000000)
  eden space 32768K, 0% used [0x00000000eab00000,0x00000000eab00000,0x00000000ecb00000)
  from space 2560K, 99% used [0x00000000ecb00000,0x00000000ecd7de40,0x00000000ecd80000)
  to   space 2560K, 0% used [0x00000000eed80000,0x00000000eed80000,0x00000000ef000000)
 ParOldGen       total 44032K, used 7911K [0x00000000c0000000, 0x00000000c2b00000, 0x00000000eab00000)
  object space 44032K, 17% used [0x00000000c0000000,0x00000000c07b9de8,0x00000000c2b00000)
 Metaspace       used 6212K, capacity 7090K, committed 7296K, reserved 1056768K
  class space    used 603K, capacity 618K, committed 640K, reserved 1048576K
}
Event: 10.657 GC heap before
{Heap before GC invocations=4 (full 0):
 PSYoungGen      total 35328K, used 35319K [0x00000000eab00000, 0x00000000ef000000, 0x0000000100000000)
  eden space 32768K, 100% used [0x00000000eab00000,0x00000000ecb00000,0x00000000ecb00000)
  from space 2560K, 99% used [0x00000000ecb00000,0x00000000ecd7de40,0x00000000ecd80000)
  to   space 2560K, 0% used [0x00000000eed80000,0x00000000eed80000,0x00000000ef000000)
 ParOldGen       total 44032K, used 7911K [0x00000000c0000000, 0x00000000c2b00000, 0x00000000eab00000)
  object space 44032K, 17% used [0x00000000c0000000,0x00000000c07b9de8,0x00000000c2b00000)
 Metaspace       used 6266K, capacity 7090K, committed 7296K, reserved 1056768K
  class space    used 604K, capacity 618K, committed 640K, reserved 1048576K
Event: 10.793 GC heap after
Heap after GC invocations=4 (full 0):
 PSYoungGen      total 68096K, used 2554K [0x00000000eab00000, 0x00000000ef000000, 0x0000000100000000)
  eden space 65536K, 0% used [0x00000000eab00000,0x00000000eab00000,0x00000000eeb00000)
  from space 2560K, 99% used [0x00000000eed80000,0x00000000eeffe8c0,0x00000000ef000000)
  to   space 2560K, 0% used [0x00000000eeb00000,0x00000000eeb00000,0x00000000eed80000)
 ParOldGen       total 44032K, used 12781K [0x00000000c0000000, 0x00000000c2b00000, 0x00000000eab00000)
  object space 44032K, 29% used [0x00000000c0000000,0x00000000c0c7b5e0,0x00000000c2b00000)
 Metaspace       used 6266K, capacity 7090K, committed 7296K, reserved 1056768K
  class space    used 604K, capacity 618K, committed 640K, reserved 1048576K
}
Event: 14.622 GC heap before
{Heap before GC invocations=5 (full 0):
 PSYoungGen      total 68096K, used 68090K [0x00000000eab00000, 0x00000000ef000000, 0x0000000100000000)
  eden space 65536K, 100% used [0x00000000eab00000,0x00000000eeb00000,0x00000000eeb00000)
  from space 2560K, 99% used [0x00000000eed80000,0x00000000eeffe8c0,0x00000000ef000000)
  to   space 2560K, 0% used [0x00000000eeb00000,0x00000000eeb00000,0x00000000eed80000)
 ParOldGen       total 44032K, used 12781K [0x00000000c0000000, 0x00000000c2b00000, 0x00000000eab00000)
  object space 44032K, 29% used [0x00000000c0000000,0x00000000c0c7b5e0,0x00000000c2b00000)
 Metaspace       used 6316K, capacity 7154K, committed 7296K, reserved 1056768K
  class space    used 604K, capacity 618K, committed 640K, reserved 1048576K
Event: 14.969 GC heap after
Heap after GC invocations=5 (full 0):
 PSYoungGen      total 68096K, used 2537K [0x00000000eab00000, 0x00000000f4600000, 0x0000000100000000)
  eden space 65536K, 0% used [0x00000000eab00000,0x00000000eab00000,0x00000000eeb00000)
  from space 2560K, 99% used [0x00000000eeb00000,0x00000000eed7a6b8,0x00000000eed80000)
  to   space 13824K, 0% used [0x00000000f3880000,0x00000000f3880000,0x00000000f4600000)
 ParOldGen       total 44032K, used 23425K [0x00000000c0000000, 0x00000000c2b00000, 0x00000000eab00000)
  object space 44032K, 53% used [0x00000000c0000000,0x00000000c16e06d0,0x00000000c2b00000)
 Metaspace       used 6316K, capacity 7154K, committed 7296K, reserved 1056768K
  class space    used 604K, capacity 618K, committed 640K, reserved 1048576K
}
Event: 18.960 GC heap before
{Heap before GC invocations=6 (full 0):
 PSYoungGen      total 68096K, used 68073K [0x00000000eab00000, 0x00000000f4600000, 0x0000000100000000)
  eden space 65536K, 100% used [0x00000000eab00000,0x00000000eeb00000,0x00000000eeb00000)
  from space 2560K, 99% used [0x00000000eeb00000,0x00000000eed7a6b8,0x00000000eed80000)
  to   space 13824K, 0% used [0x00000000f3880000,0x00000000f3880000,0x00000000f4600000)
 ParOldGen       total 44032K, used 23425K [0x00000000c0000000, 0x00000000c2b00000, 0x00000000eab00000)
  object space 44032K, 53% used [0x00000000c0000000,0x00000000c16e06d0,0x00000000c2b00000)
 Metaspace       used 6442K, capacity 7192K, committed 7424K, reserved 1056768K
  class space    used 625K, capacity 656K, committed 768K, reserved 1048576K
Event: 19.010 GC heap after
Heap after GC invocations=6 (full 0):
 PSYoungGen      total 143360K, used 12050K [0x00000000eab00000, 0x00000000f4900000, 0x0000000100000000)
  eden space 129536K, 0% used [0x00000000eab00000,0x00000000eab00000,0x00000000f2980000)
  from space 13824K, 87% used [0x00000000f3880000,0x00000000f4444850,0x00000000f4600000)
  to   space 15360K, 0% used [0x00000000f2980000,0x00000000f2980000,0x00000000f3880000)
 ParOldGen       total 44032K, used 23425K [0x00000000c0000000, 0x00000000c2b00000, 0x00000000eab00000)
  object space 44032K, 53% used [0x00000000c0000000,0x00000000c16e06d0,0x00000000c2b00000)
 Metaspace       used 6442K, capacity 7192K, committed 7424K, reserved 1056768K
  class space    used 625K, capacity 656K, committed 768K, reserved 1048576K
}

Deoptimization events (10 events):
Event: 17.189 Thread 0x000000005678b000 Uncommon trap: reason=class_check action=maybe_recompile pc=0x0000000002d15d58 method=com.android.dx.cf.code.BytecodeArray.parseInstruction(ILcom/android/dx/cf/code/BytecodeArray$Visitor;)I @ 987
Event: 17.189 Thread 0x000000005678b000 Uncommon trap: reason=class_check action=maybe_recompile pc=0x0000000002d15d58 method=com.android.dx.cf.code.BytecodeArray.parseInstruction(ILcom/android/dx/cf/code/BytecodeArray$Visitor;)I @ 987
Event: 17.474 Thread 0x0000000056796800 Uncommon trap: reason=bimorphic action=maybe_recompile pc=0x0000000002ce4cf4 method=com.android.dx.ssa.LiteralOpUpgrader.tryReplacingWithConstant(Lcom/android/dx/ssa/NormalSsaInsn;)Z @ 62
Event: 18.138 Thread 0x0000000056796800 Uncommon trap: reason=unstable_if action=reinterpret pc=0x0000000002cb7800 method=com.android.dx.cf.code.Ropper.isSynchronized()Z @ 12
Event: 18.138 Thread 0x0000000056796800 Uncommon trap: reason=unstable_if action=reinterpret pc=0x0000000002df2ef4 method=com.android.dx.cf.code.Ropper.isSynchronized()Z @ 12
Event: 18.139 Thread 0x0000000056796800 Uncommon trap: reason=unstable_if action=reinterpret pc=0x00000000029ebfb0 method=com.android.dx.ssa.MoveParamCombiner$1.visitNonMoveInsn(Lcom/android/dx/ssa/NormalSsaInsn;)V @ 27
Event: 18.735 Thread 0x0000000056796800 Uncommon trap: reason=class_check action=maybe_recompile pc=0x0000000002be93c0 method=com.android.dx.cf.code.RopperMachine.run(Lcom/android/dx/cf/code/Frame;II)V @ 1024
Event: 19.044 Thread 0x000000005678b000 Uncommon trap: reason=unstable_if action=reinterpret pc=0x0000000002b30704 method=java.util.HashMap.resize()[Ljava/util/HashMap$Node; @ 206
Event: 19.159 Thread 0x0000000056827000 Uncommon trap: reason=bimorphic action=maybe_recompile pc=0x0000000002abdc70 method=com.android.dx.ssa.SCCP.simulatePhi(Lcom/android/dx/ssa/PhiInsn;)V @ 124
Event: 19.193 Thread 0x0000000056796800 Uncommon trap: reason=unstable_if action=reinterpret pc=0x0000000002c7a75c method=com.android.dx.dex.code.OutputFinisher.hasLocalInfo(Lcom/android/dx/dex/code/DalvInsn;)Z @ 24

Internal exceptions (7 events):
Event: 0.088 Thread 0x0000000001d78000 Exception <a 'java/lang/NoSuchMethodError': Method sun.misc.Unsafe.defineClass(Ljava/lang/String;[BII)Ljava/lang/Class; name or signature does not match> (0x00000000eab07cc0) thrown at [C:\re\workspace\8-2-build-windows-amd64-cygwin\jdk8u91\7017\hotspot\sr=nb—W†¶?
Event: 0.088 Thread 0x0000000001d78000 Exception <a 'java/lang/NoSuchMethodError': Method sun.misc.Unsafe.prefetchRead(Ljava/lang/Object;J)V name or signature does not match> (0x00000000eab07fa8) thrown at [C:\re\workspace\8-2-build-windows-amd64-cygwin\jdk8u91\7017\hotspot\src\share\vm\prims\j	´TÃ˜¦@
Event: 7.663 Thread 0x000000005678b000 Implicit null exception at 0x000000000278d833 to 0x000000000278f865
Event: 7.753 Thread 0x000000005678b000 Implicit null exception at 0x00000000027b865a to 0x00000000027ba1f9
Event: 15.935 Thread 0x0000000056828000 Exception <a 'java/lang/ArrayIndexOutOfBoundsException': 18> (0x00000000eb9e15d0) thrown at [C:\re\workspace\8-2-build-windows-amd64-cygwin\jdk8u91\7017\hotspot\src\share\vm\interpreter\interpreterRuntime.cpp, line 366]
Event: 15.936 Thread 0x0000000056828000 Exception <a 'java/lang/ArrayIndexOutOfBoundsException': 145> (0x00000000eb9e3150) thrown at [C:\re\workspace\8-2-build-windows-amd64-cygwin\jdk8u91\7017\hotspot\src\share\vm\interpreter\interpreterRuntime.cpp, line 366]
Event: 15.939 Thread 0x0000000056828000 Exception <a 'java/lang/ArrayIndexOutOfBoundsException'> (0x00000000eb9e4438) thrown at [C:\re\workspace\8-2-build-windows-amd64-cygwin\jdk8u91\7017\hotspot\src\share\vm\runtime\sharedRuntime.cpp, line 605]

Events (10 events):
Event: 19.044 Thread 0x000000005678b000 DEOPT PACKING pc=0x0000000002b30704 sp=0x0000000057ade480
Event: 19.044 Thread 0x000000005678b000 DEOPT UNPACKING pc=0x00000000024a582a sp=0x0000000057ade3e8 mode 2
Event: 19.083 Thread 0x0000000001d78000 DEOPT PACKING pc=0x00000000025c1cfb sp=0x000000000218f1c0
Event: 19.083 Thread 0x0000000001d78000 DEOPT UNPACKING pc=0x00000000024a787f sp=0x000000000218eef0 mode 0
Event: 19.159 Thread 0x0000000056827000 Uncommon trap: trap_request=0xffffffc6 fr.pc=0x0000000002abdc70
Event: 19.159 Thread 0x0000000056827000 DEOPT PACKING pc=0x0000000002abdc70 sp=0x000000005700ea30
Event: 19.159 Thread 0x0000000056827000 DEOPT UNPACKING pc=0x00000000024a582a sp=0x000000005700e9b8 mode 2
Event: 19.193 Thread 0x0000000056796800 Uncommon trap: trap_request=0xffffff65 fr.pc=0x0000000002c7a75c
Event: 19.193 Thread 0x0000000056796800 DEOPT PACKING pc=0x0000000002c7a75c sp=0x0000000057eeeb70
Event: 19.193 Thread 0x0000000056796800 DEOPT UNPACKING pc=0x00000000024a582a sp=0x0000000057eee9a8 mode 2


Dynamic libraries:
0x000000013f5b0000 - 0x000000013f5e7000 	C:\Program Files\Java\jdk1.8.0_91\bin\java.exe
0x0000000076db0000 - 0x0000000076f5a000 	C:\Windows\SYSTEM32\ntdll.dll
0x0000000076b90000 - 0x0000000076caf000 	C:\Windows\system32\kernel32.dll
0x000007fefcb00000 - 0x000007fefcb6a000 	C:\Windows\system32\KERNELBASE.dll
0x000007fefdff0000 - 0x000007fefe0cb000 	C:\Windows\system32\ADVAPI32.dll
0x000007fefd420000 - 0x000007fefd4bf000 	C:\Windows\system32\msvcrt.dll
0x000007fefe0d0000 - 0x000007fefe0ef000 	C:\Windows\SYSTEM32\sechost.dll
0x000007fefceb0000 - 0x000007fefcfdd000 	C:\Windows\system32\RPCRT4.dll
0x0000000076cb0000 - 0x0000000076daa000 	C:\Windows\system32\USER32.dll
0x000007fefdbe0000 - 0x000007fefdc47000 	C:\Windows\system32\GDI32.dll
0x000007fefd9a0000 - 0x000007fefd9ae000 	C:\Windows\system32\LPK.dll
0x000007fefde50000 - 0x000007fefdf1a000 	C:\Windows\system32\USP10.dll
0x000007fefbb50000 - 0x000007fefbd44000 	C:\Windows\WinSxS\amd64_microsoft.windows.common-controls_6595b64144ccf1df_6.0.7601.17514_none_fa396087175ac9ac\COMCTL32.dll
0x000007fefdf70000 - 0x000007fefdfe1000 	C:\Windows\system32\SHLWAPI.dll
0x000007fefdf20000 - 0x000007fefdf4e000 	C:\Windows\system32\IMM32.DLL
0x000007fefcfe0000 - 0x000007fefd0e9000 	C:\Windows\system32\MSCTF.dll
0x0000000073720000 - 0x00000000737f2000 	C:\Program Files\Java\jdk1.8.0_91\jre\bin\msvcr100.dll
0x000000006fb50000 - 0x00000000703e3000 	C:\Program Files\Java\jdk1.8.0_91\jre\bin\server\jvm.dll
0x000007fef06d0000 - 0x000007fef06d9000 	C:\Windows\system32\WSOCK32.dll
0x000007fefd3d0000 - 0x000007fefd41d000 	C:\Windows\system32\WS2_32.dll
0x000007fefcea0000 - 0x000007fefcea8000 	C:\Windows\system32\NSI.dll
0x000007fefa400000 - 0x000007fefa43b000 	C:\Windows\system32\WINMM.dll
0x000007fefb840000 - 0x000007fefb84c000 	C:\Windows\system32\VERSION.dll
0x0000000076f80000 - 0x0000000076f87000 	C:\Windows\system32\PSAPI.DLL
0x0000000073dd0000 - 0x0000000073ddf000 	C:\Program Files\Java\jdk1.8.0_91\jre\bin\verify.dll
0x0000000073c40000 - 0x0000000073c69000 	C:\Program Files\Java\jdk1.8.0_91\jre\bin\java.dll
0x0000000073db0000 - 0x0000000073dc6000 	C:\Program Files\Java\jdk1.8.0_91\jre\bin\zip.dll
0x000007fefe330000 - 0x000007feff0b8000 	C:\Windows\system32\SHELL32.dll
0x000007fefd790000 - 0x000007fefd993000 	C:\Windows\system32\ole32.dll
0x000007fefcaf0000 - 0x000007fefcaff000 	C:\Windows\system32\profapi.dll

VM Arguments:
jvm_args: -Djava.awt.headless=true -Xmx1024M -Dfile.encoding=windows-1256 -Duser.country=US -Duser.language=en -Duser.variant 
java_command: com.android.dx.command.Main --dex --force-jumbo --num-threads=4 --output E:\User\AndroidStudioProjects\SimpleFlickrClient\app\build\intermediates\pre-dexed\debug\com.android.support-appcompat-v7-24.0.0_a3be1b6decfba4033cb89ed6a9a4aa57dd78d5dd.jar E:\User\AndroidStudioProjects\SimpleFlickrClient\app\build\intermediates\exploded-aar\com.android.support\appcompat-v7\24.0.0\jars\classes.jar
java_class_path (initial): E:\User\AppData\Local\Android\sdk\build-tools\24.0.0\lib\dx.jar
Launcher Type: SUN_STANDARD

Environment Variables:
PATH=C:\oracle\product\10.2.0\db_2\bin;C:\oracle\product\10.2.0\db_1\bin;C:\ProgramData\Oracle\Java\javapath;C:\Windows\System32;C:\Windows\SysWOW64;C:\opencv248\build\x86\vc10\bin;C:\Python27;C:\Program Files (x86)\CodeBlocks\MinGW\bin;E:\programs\Matlab\R2013a\bin;C:\Program Files\IVI Foundation\VISA\Win64\Bin\;C:\Program Files (x86)\IVI Foundation\VISA\WinNT\Bin\;C:\Program Files (x86)\IVI Foundation\VISA\WinNT\Bin;C:\Program Files (x86)\Tesseract-OCR;E:\User\AppData\Local\Android\sdk\tools\lib;E:\Program Files\Git\cmd;E:\User\AppData\Local\Android\sdk\platform-tools;E:\Program Files\nodejs\;C:\Program Files\Canopy\User;C:\Program Files\Canopy\User\Scripts;C:\Users\user\AppData\Roaming\npm
USERNAME=user
OS=Windows_NT
PROCESSOR_IDENTIFIER=Intel64 Family 6 Model 58 Stepping 9, GenuineIntel



---------------  S Y S T E M  ---------------

OS: Windows 7 , 64 bit Build 7601 (6.1.7601.23572)

CPU:total 4 (2 cores per cpu, 2 threads per core) family 6 model 58 stepping 9, cmov, cx8, fxsr, mmx, sse, sse2, sse3, ssse3, sse4.1, sse4.2, popcnt, avx, aes, clmul, erms, ht, tsc, tscinvbit, tscinv

Memory: 4k page, physical 4094316k(221724k free), swap 5628456k(229276k free)

vm_info: Java HotSpot(TM) 64-Bit Server VM (25.91-b15) for windows-amd64 JRE (1.8.0_91-b15), built on May 20 2016 17:43:15 by "java_re" with MS VC++ 10.0 (VS2010)

time: Wed Aug 09 03:17:53 2017
elapsed time: 20 seconds (0d 0h 0m 20s)

