#
# There is insufficient memory for the Java Runtime Environment to continue.
# Native memory allocation (malloc) failed to allocate 268624 bytes for Chunk::new
# Possible reasons:
#   The system is out of physical RAM or swap space
#   In 32 bit mode, the process size limit was hit
# Possible solutions:
#   Reduce memory load on the system
#   Increase physical memory or swap space
#   Check if swap backing store is full
#   Use 64 bit Java on a 64 bit OS
#   Decrease Java heap size (-Xmx/-Xms)
#   Decrease number of Java threads
#   Decrease Java thread stack sizes (-Xss)
#   Set larger code cache with -XX:ReservedCodeCacheSize=
# This output file may be truncated or incomplete.
#
#  Out of Memory Error (allocation.cpp:390), pid=23320, tid=22596
#
# JRE version: Java(TM) SE Runtime Environment (8.0_91-b15) (build 1.8.0_91-b15)
# Java VM: Java HotSpot(TM) 64-Bit Server VM (25.91-b15 mixed mode windows-amd64 compressed oops)
# Failed to write core dump. Minidumps are not enabled by default on client versions of Windows
#

---------------  T H R E A D  ---------------

Current thread (0x0000000056167800):  JavaThread "C2 CompilerThread0" daemon [_thread_in_native, id=22596, stack(0x0000000056900000,0x0000000056a00000)]

Stack: [0x0000000056900000,0x0000000056a00000]
[error occurred during error reporting (printing stack bounds), id 0xc0000005]

Native frames: (J=compiled Java code, j=interpreted, Vv=VM code, C=native code)


Current CompileTask:
C2:  18216 2124       4       com.android.dx.ssa.SsaConverter::edgeSplitPredecessors (44 bytes)


---------------  P R O C E S S  ---------------

Java Threads: ( => current thread )
  0x00000000563e7000 JavaThread "pool-1-thread-4" [_thread_blocked, id=23980, stack(0x0000000057430000,0x0000000057530000)]
  0x00000000563e6000 JavaThread "pool-1-thread-3" [_thread_blocked, id=13044, stack(0x00000000571c0000,0x00000000572c0000)]
  0x00000000563e3000 JavaThread "pool-1-thread-2" [_thread_blocked, id=23828, stack(0x0000000056680000,0x0000000056780000)]
  0x00000000563e2800 JavaThread "pool-2-thread-1" [_thread_blocked, id=23380, stack(0x0000000055f50000,0x0000000056050000)]
  0x00000000563e2000 JavaThread "pool-1-thread-1" [_thread_blocked, id=23028, stack(0x0000000056b50000,0x0000000056c50000)]
  0x00000000561d7800 JavaThread "Service Thread" daemon [_thread_blocked, id=24172, stack(0x0000000056e60000,0x0000000056f60000)]
  0x00000000561b9800 JavaThread "C1 CompilerThread2" daemon [_thread_blocked, id=24520, stack(0x0000000056c80000,0x0000000056d80000)]
  0x00000000561b5800 JavaThread "C2 CompilerThread1" daemon [_thread_in_native, id=5116, stack(0x0000000056a30000,0x0000000056b30000)]
=>0x0000000056167800 JavaThread "C2 CompilerThread0" daemon [_thread_in_native, id=22596, stack(0x0000000056900000,0x0000000056a00000)]
  0x0000000056164800 JavaThread "Attach Listener" daemon [_thread_blocked, id=22948, stack(0x00000000567c0000,0x00000000568c0000)]
  0x0000000054d8d800 JavaThread "Signal Dispatcher" daemon [_thread_blocked, id=24268, stack(0x0000000056570000,0x0000000056670000)]
  0x0000000054d79000 JavaThread "Finalizer" daemon [_thread_blocked, id=23756, stack(0x0000000056060000,0x0000000056160000)]
  0x0000000054d32000 JavaThread "Reference Handler" daemon [_thread_blocked, id=22940, stack(0x0000000055e50000,0x0000000055f50000)]
  0x0000000001d78000 JavaThread "main" [_thread_blocked, id=24492, stack(0x00000000020d0000,0x00000000021d0000)]

Other Threads:
  0x0000000054d2a800 VMThread [stack: 0x0000000055d20000,0x0000000055e20000] [id=23796]
  0x00000000561f3800 WatcherThread [stack: 0x0000000057040000,0x0000000057140000] [id=23968]

VM state:not at safepoint (normal execution)

VM Mutex/Monitor currently owned by a thread: None

Heap:
 PSYoungGen      total 68096K, used 53836K [0x00000000eab00000, 0x00000000ef000000, 0x0000000100000000)
  eden space 65536K, 78% used [0x00000000eab00000,0x00000000edd184a0,0x00000000eeb00000)
  from space 2560K, 99% used [0x00000000eeb00000,0x00000000eed7acf8,0x00000000eed80000)
  to   space 2560K, 0% used [0x00000000eed80000,0x00000000eed80000,0x00000000ef000000)
 ParOldGen       total 44032K, used 23184K [0x00000000c0000000, 0x00000000c2b00000, 0x00000000eab00000)
  object space 44032K, 52% used [0x00000000c0000000,0x00000000c16a4320,0x00000000c2b00000)
 Metaspace       used 6433K, capacity 7192K, committed 7424K, reserved 1056768K
  class space    used 625K, capacity 656K, committed 768K, reserved 1048576K

Card table byte_map: [0x0000000011860000,0x0000000011a70000] byte_map_base: 0x0000000011260000

Marking Bits: (ParMarkBitMap*) 0x00000000741e2f70
 Begin Bits: [0x00000000121a0000, 0x00000000131a0000)
 End Bits:   [0x00000000131a0000, 0x00000000141a0000)

Polling page: 0x0000000001c40000

CodeCache: size=245760Kb used=10815Kb max_used=10828Kb free=234944Kb
 bounds [0x00000000024a0000, 0x0000000002f40000, 0x00000000114a0000]
 total_blobs=2365 nmethods=2097 adapters=180
 compilation: enabled

Compilation events (10 events):
Event: 18.115 Thread 0x00000000561b9800 nmethod 2132 0x0000000002f236d0 code [0x0000000002f238e0, 0x0000000002f243e8]
Event: 18.116 Thread 0x0000000056167800 nmethod 2126 0x0000000002f33a50 code [0x0000000002f33c00, 0x0000000002f34410]
Event: 18.116 Thread 0x0000000056167800 2124       4       com.android.dx.ssa.SsaConverter::edgeSplitPredecessors (44 bytes)
Event: 18.124 Thread 0x00000000561b5800 nmethod 2118 0x0000000002f38290 code [0x0000000002f38580, 0x0000000002f3a4f0]
Event: 18.124 Thread 0x00000000561b5800 2131       4       com.android.dx.cf.code.LocalVariableList$Item::getType (11 bytes)
Event: 18.125 Thread 0x00000000561b5800 nmethod 2131 0x0000000002e43d90 code [0x0000000002e43ee0, 0x0000000002e43f68]
Event: 18.125 Thread 0x00000000561b5800 2127       4       com.android.dx.cf.code.BaseMachine::localArg (29 bytes)
Event: 18.127 Thread 0x00000000561b5800 nmethod 2127 0x0000000002f31ad0 code [0x0000000002f31c20, 0x0000000002f31e18]
Event: 18.127 Thread 0x00000000561b5800 2130       4       com.android.dx.cf.code.BaseMachine::localInfo (6 bytes)
Event: 18.127 Thread 0x00000000561b5800 nmethod 2130 0x0000000002d44150 code [0x0000000002d44280, 0x0000000002d442d8]

GC Heap History (10 events):
Event: 2.356 GC heap before
{Heap before GC invocations=1 (full 0):
 PSYoungGen      total 18944K, used 16384K [0x00000000eab00000, 0x00000000ec000000, 0x0000000100000000)
  eden space 16384K, 100% used [0x00000000eab00000,0x00000000ebb00000,0x00000000ebb00000)
  from space 2560K, 0% used [0x00000000ebd80000,0x00000000ebd80000,0x00000000ec000000)
  to   space 2560K, 0% used [0x00000000ebb00000,0x00000000ebb00000,0x00000000ebd80000)
 ParOldGen       total 44032K, used 0K [0x00000000c0000000, 0x00000000c2b00000, 0x00000000eab00000)
  object space 44032K, 0% used [0x00000000c0000000,0x00000000c0000000,0x00000000c2b00000)
 Metaspace       used 5499K, capacity 6448K, committed 6528K, reserved 1056768K
  class space    used 598K, capacity 616K, committed 640K, reserved 1048576K
Event: 2.599 GC heap after
Heap after GC invocations=1 (full 0):
 PSYoungGen      total 18944K, used 2539K [0x00000000eab00000, 0x00000000ed000000, 0x0000000100000000)
  eden space 16384K, 0% used [0x00000000eab00000,0x00000000eab00000,0x00000000ebb00000)
  from space 2560K, 99% used [0x00000000ebb00000,0x00000000ebd7ad50,0x00000000ebd80000)
  to   space 2560K, 0% used [0x00000000ecd80000,0x00000000ecd80000,0x00000000ed000000)
 ParOldGen       total 44032K, used 859K [0x00000000c0000000, 0x00000000c2b00000, 0x00000000eab00000)
  object space 44032K, 1% used [0x00000000c0000000,0x00000000c00d6f88,0x00000000c2b00000)
 Metaspace       used 5499K, capacity 6448K, committed 6528K, reserved 1056768K
  class space    used 598K, capacity 616K, committed 640K, reserved 1048576K
}
Event: 3.688 GC heap before
{Heap before GC invocations=2 (full 0):
 PSYoungGen      total 18944K, used 18923K [0x00000000eab00000, 0x00000000ed000000, 0x0000000100000000)
  eden space 16384K, 100% used [0x00000000eab00000,0x00000000ebb00000,0x00000000ebb00000)
  from space 2560K, 99% used [0x00000000ebb00000,0x00000000ebd7ad50,0x00000000ebd80000)
  to   space 2560K, 0% used [0x00000000ecd80000,0x00000000ecd80000,0x00000000ed000000)
 ParOldGen       total 44032K, used 859K [0x00000000c0000000, 0x00000000c2b00000, 0x00000000eab00000)
  object space 44032K, 1% used [0x00000000c0000000,0x00000000c00d6f88,0x00000000c2b00000)
 Metaspace       used 5979K, capacity 6834K, committed 7040K, reserved 1056768K
  class space    used 603K, capacity 618K, committed 640K, reserved 1048576K
Event: 4.209 GC heap after
Heap after GC invocations=2 (full 0):
 PSYoungGen      total 35328K, used 2544K [0x00000000eab00000, 0x00000000ed000000, 0x0000000100000000)
  eden space 32768K, 0% used [0x00000000eab00000,0x00000000eab00000,0x00000000ecb00000)
  from space 2560K, 99% used [0x00000000ecd80000,0x00000000ecffc028,0x00000000ed000000)
  to   space 2560K, 0% used [0x00000000ecb00000,0x00000000ecb00000,0x00000000ecd80000)
 ParOldGen       total 44032K, used 2779K [0x00000000c0000000, 0x00000000c2b00000, 0x00000000eab00000)
  object space 44032K, 6% used [0x00000000c0000000,0x00000000c02b6f38,0x00000000c2b00000)
 Metaspace       used 5979K, capacity 6834K, committed 7040K, reserved 1056768K
  class space    used 603K, capacity 618K, committed 640K, reserved 1048576K
}
Event: 8.457 GC heap before
{Heap before GC invocations=3 (full 0):
 PSYoungGen      total 35328K, used 35312K [0x00000000eab00000, 0x00000000ed000000, 0x0000000100000000)
  eden space 32768K, 100% used [0x00000000eab00000,0x00000000ecb00000,0x00000000ecb00000)
  from space 2560K, 99% used [0x00000000ecd80000,0x00000000ecffc028,0x00000000ed000000)
  to   space 2560K, 0% used [0x00000000ecb00000,0x00000000ecb00000,0x00000000ecd80000)
 ParOldGen       total 44032K, used 2779K [0x00000000c0000000, 0x00000000c2b00000, 0x00000000eab00000)
  object space 44032K, 6% used [0x00000000c0000000,0x00000000c02b6f38,0x00000000c2b00000)
 Metaspace       used 6205K, capacity 7090K, committed 7296K, reserved 1056768K
  class space    used 603K, capacity 618K, committed 640K, reserved 1048576K
Event: 8.514 GC heap after
Heap after GC invocations=3 (full 0):
 PSYoungGen      total 35328K, used 2551K [0x00000000eab00000, 0x00000000ef000000, 0x0000000100000000)
  eden space 32768K, 0% used [0x00000000eab00000,0x00000000eab00000,0x00000000ecb00000)
  from space 2560K, 99% used [0x00000000ecb00000,0x00000000ecd7de20,0x00000000ecd80000)
  to   space 2560K, 0% used [0x00000000eed80000,0x00000000eed80000,0x00000000ef000000)
 ParOldGen       total 44032K, used 7809K [0x00000000c0000000, 0x00000000c2b00000, 0x00000000eab00000)
  object space 44032K, 17% used [0x00000000c0000000,0x00000000c07a0440,0x00000000c2b00000)
 Metaspace       used 6205K, capacity 7090K, committed 7296K, reserved 1056768K
  class space    used 603K, capacity 618K, committed 640K, reserved 1048576K
}
Event: 11.376 GC heap before
{Heap before GC invocations=4 (full 0):
 PSYoungGen      total 35328K, used 35319K [0x00000000eab00000, 0x00000000ef000000, 0x0000000100000000)
  eden space 32768K, 100% used [0x00000000eab00000,0x00000000ecb00000,0x00000000ecb00000)
  from space 2560K, 99% used [0x00000000ecb00000,0x00000000ecd7de20,0x00000000ecd80000)
  to   space 2560K, 0% used [0x00000000eed80000,0x00000000eed80000,0x00000000ef000000)
 ParOldGen       total 44032K, used 7809K [0x00000000c0000000, 0x00000000c2b00000, 0x00000000eab00000)
  object space 44032K, 17% used [0x00000000c0000000,0x00000000c07a0440,0x00000000c2b00000)
 Metaspace       used 6252K, capacity 7090K, committed 7296K, reserved 1056768K
  class space    used 604K, capacity 618K, committed 640K, reserved 1048576K
Event: 11.408 GC heap after
Heap after GC invocations=4 (full 0):
 PSYoungGen      total 68096K, used 2554K [0x00000000eab00000, 0x00000000ef000000, 0x0000000100000000)
  eden space 65536K, 0% used [0x00000000eab00000,0x00000000eab00000,0x00000000eeb00000)
  from space 2560K, 99% used [0x00000000eed80000,0x00000000eeffe8d0,0x00000000ef000000)
  to   space 2560K, 0% used [0x00000000eeb00000,0x00000000eeb00000,0x00000000eed80000)
 ParOldGen       total 44032K, used 12720K [0x00000000c0000000, 0x00000000c2b00000, 0x00000000eab00000)
  object space 44032K, 28% used [0x00000000c0000000,0x00000000c0c6c198,0x00000000c2b00000)
 Metaspace       used 6252K, capacity 7090K, committed 7296K, reserved 1056768K
  class space    used 604K, capacity 618K, committed 640K, reserved 1048576K
}
Event: 16.233 GC heap before
{Heap before GC invocations=5 (full 0):
 PSYoungGen      total 68096K, used 68090K [0x00000000eab00000, 0x00000000ef000000, 0x0000000100000000)
  eden space 65536K, 100% used [0x00000000eab00000,0x00000000eeb00000,0x00000000eeb00000)
  from space 2560K, 99% used [0x00000000eed80000,0x00000000eeffe8d0,0x00000000ef000000)
  to   space 2560K, 0% used [0x00000000eeb00000,0x00000000eeb00000,0x00000000eed80000)
 ParOldGen       total 44032K, used 12720K [0x00000000c0000000, 0x00000000c2b00000, 0x00000000eab00000)
  object space 44032K, 28% used [0x00000000c0000000,0x00000000c0c6c198,0x00000000c2b00000)
 Metaspace       used 6319K, capacity 7154K, committed 7296K, reserved 1056768K
  class space    used 605K, capacity 618K, committed 640K, reserved 1048576K
Event: 16.513 GC heap after
Heap after GC invocations=5 (full 0):
 PSYoungGen      total 68096K, used 2539K [0x00000000eab00000, 0x00000000ef000000, 0x0000000100000000)
  eden space 65536K, 0% used [0x00000000eab00000,0x00000000eab00000,0x00000000eeb00000)
  from space 2560K, 99% used [0x00000000eeb00000,0x00000000eed7acf8,0x00000000eed80000)
  to   space 2560K, 0% used [0x00000000eed80000,0x00000000eed80000,0x00000000ef000000)
 ParOldGen       total 44032K, used 23184K [0x00000000c0000000, 0x00000000c2b00000, 0x00000000eab00000)
  object space 44032K, 52% used [0x00000000c0000000,0x00000000c16a4320,0x00000000c2b00000)
 Metaspace       used 6319K, capacity 7154K, committed 7296K, reserved 1056768K
  class space    used 605K, capacity 618K, committed 640K, reserved 1048576K
}

Deoptimization events (10 events):
Event: 17.825 Thread 0x00000000563e2000 Uncommon trap: reason=bimorphic action=maybe_recompile pc=0x0000000002ad3be4 method=com.android.dx.ssa.SCCP.simulatePhi(Lcom/android/dx/ssa/PhiInsn;)V @ 124
Event: 17.869 Thread 0x00000000563e2000 Uncommon trap: reason=unstable_if action=reinterpret pc=0x0000000002ef708c method=com.android.dx.cf.code.Merger.mergeLocals(Lcom/android/dx/cf/code/OneLocalsArray;Lcom/android/dx/cf/code/OneLocalsArray;)Lcom/android/dx/cf/code/OneLocalsArray; @ 84
Event: 17.880 Thread 0x00000000563e2000 Uncommon trap: reason=unstable_if action=reinterpret pc=0x0000000002efdb74 method=com.android.dx.rop.code.BasicBlockList.preferredSuccessorOf(Lcom/android/dx/rop/code/BasicBlock;)Lcom/android/dx/rop/code/BasicBlock; @ 58
Event: 17.880 Thread 0x00000000563e2000 Uncommon trap: reason=unstable_if action=reinterpret pc=0x0000000002ac4424 method=com.android.dx.rop.code.BasicBlockList.preferredSuccessorOf(Lcom/android/dx/rop/code/BasicBlock;)Lcom/android/dx/rop/code/BasicBlock; @ 58
Event: 17.908 Thread 0x00000000563e2000 Uncommon trap: reason=bimorphic action=maybe_recompile pc=0x0000000002dd13a0 method=com.android.dx.ssa.LiteralOpUpgrader.tryReplacingWithConstant(Lcom/android/dx/ssa/NormalSsaInsn;)Z @ 62
Event: 17.908 Thread 0x00000000563e2000 Uncommon trap: reason=unstable_if action=reinterpret pc=0x0000000002dfb3e8 method=com.android.dx.ssa.LiteralOpUpgrader$1.visitNonMoveInsn(Lcom/android/dx/ssa/NormalSsaInsn;)V @ 24
Event: 17.909 Thread 0x00000000563e2000 Uncommon trap: reason=unstable_if action=reinterpret pc=0x00000000028ce3bc method=java.util.HashMap.putVal(ILjava/lang/Object;Ljava/lang/Object;ZZ)Ljava/lang/Object; @ 162
Event: 17.932 Thread 0x00000000563e2000 Uncommon trap: reason=unstable_if action=reinterpret pc=0x0000000002e0cb7c method=java.util.HashMap.putVal(ILjava/lang/Object;Ljava/lang/Object;ZZ)Ljava/lang/Object; @ 109
Event: 18.106 Thread 0x00000000563e6000 Uncommon trap: reason=unstable_if action=reinterpret pc=0x0000000002e095d4 method=com.android.dx.cf.code.Simulator$SimVisitor.visitLocal(IIIILcom/android/dx/rop/type/Type;I)V @ 222
Event: 18.179 Thread 0x00000000563e6000 Uncommon trap: reason=bimorphic action=maybe_recompile pc=0x0000000002dd13a0 method=com.android.dx.ssa.LiteralOpUpgrader.tryReplacingWithConstant(Lcom/android/dx/ssa/NormalSsaInsn;)Z @ 62

Internal exceptions (8 events):
Event: 0.078 Thread 0x0000000001d78000 Exception <a 'java/lang/NoSuchMethodError': Method sun.misc.Unsafe.defineClass(Ljava/lang/String;[BII)Ljava/lang/Class; name or signature does not match> (0x00000000eab07cc0) thrown at [C:\re\workspace\8-2-build-windows-amd64-cygwin\jdk8u91\7017\hotspot\srigžBç³?
Event: 0.078 Thread 0x0000000001d78000 Exception <a 'java/lang/NoSuchMethodError': Method sun.misc.Unsafe.prefetchRead(Ljava/lang/Object;J)V name or signature does not match> (0x00000000eab07fa8) thrown at [C:\re\workspace\8-2-build-windows-amd64-cygwin\jdk8u91\7017\hotspot\src\share\vm\prims\jî¨%MÞ	@
Event: 7.510 Thread 0x00000000563e7000 Implicit null exception at 0x00000000027b6673 to 0x00000000027b86b1
Event: 8.316 Thread 0x00000000563e6000 Implicit null exception at 0x0000000002789a1a to 0x000000000278b5a9
Event: 17.395 Thread 0x00000000563e2000 Exception <a 'java/lang/ArrayIndexOutOfBoundsException': 18> (0x00000000eba098a8) thrown at [C:\re\workspace\8-2-build-windows-amd64-cygwin\jdk8u91\7017\hotspot\src\share\vm\interpreter\interpreterRuntime.cpp, line 366]
Event: 17.396 Thread 0x00000000563e2000 Exception <a 'java/lang/ArrayIndexOutOfBoundsException': 145> (0x00000000eba0b428) thrown at [C:\re\workspace\8-2-build-windows-amd64-cygwin\jdk8u91\7017\hotspot\src\share\vm\interpreter\interpreterRuntime.cpp, line 366]
Event: 17.455 Thread 0x00000000563e2000 Exception <a 'java/lang/ArrayIndexOutOfBoundsException'> (0x00000000eba0c710) thrown at [C:\re\workspace\8-2-build-windows-amd64-cygwin\jdk8u91\7017\hotspot\src\share\vm\runtime\sharedRuntime.cpp, line 605]
Event: 18.106 Thread 0x00000000563e6000 Implicit null exception at 0x0000000002e07d07 to 0x0000000002e09599

Events (10 events):
Event: 17.912 Thread 0x00000000563e2000 DEOPT UNPACKING pc=0x00000000024e787f sp=0x0000000056c4e830 mode 0
Event: 17.932 Thread 0x00000000563e2000 Uncommon trap: trap_request=0xffffff65 fr.pc=0x0000000002e0cb7c
Event: 17.932 Thread 0x00000000563e2000 DEOPT PACKING pc=0x0000000002e0cb7c sp=0x0000000056c4e7d0
Event: 17.933 Thread 0x00000000563e2000 DEOPT UNPACKING pc=0x00000000024e582a sp=0x0000000056c4e760 mode 2
Event: 18.106 Thread 0x00000000563e6000 Uncommon trap: trap_request=0xffffff65 fr.pc=0x0000000002e095d4
Event: 18.106 Thread 0x00000000563e6000 DEOPT PACKING pc=0x0000000002e095d4 sp=0x00000000572bea80
Event: 18.106 Thread 0x00000000563e6000 DEOPT UNPACKING pc=0x00000000024e582a sp=0x00000000572bea30 mode 2
Event: 18.179 Thread 0x00000000563e6000 Uncommon trap: trap_request=0xffffffc6 fr.pc=0x0000000002dd13a0
Event: 18.179 Thread 0x00000000563e6000 DEOPT PACKING pc=0x0000000002dd13a0 sp=0x00000000572be930
Event: 18.179 Thread 0x00000000563e6000 DEOPT UNPACKING pc=0x00000000024e582a sp=0x00000000572be900 mode 2


Dynamic libraries:
0x000000013ff60000 - 0x000000013ff97000 	C:\Program Files\Java\jdk1.8.0_91\bin\java.exe
0x0000000077130000 - 0x00000000772da000 	C:\Windows\SYSTEM32\ntdll.dll
0x0000000076f10000 - 0x000000007702f000 	C:\Windows\system32\kernel32.dll
0x000007fefce80000 - 0x000007fefceea000 	C:\Windows\system32\KERNELBASE.dll
0x000007fefe080000 - 0x000007fefe15b000 	C:\Windows\system32\ADVAPI32.dll
0x000007feff080000 - 0x000007feff11f000 	C:\Windows\system32\msvcrt.dll
0x000007fefe160000 - 0x000007fefe17f000 	C:\Windows\SYSTEM32\sechost.dll
0x000007feff310000 - 0x000007feff43d000 	C:\Windows\system32\RPCRT4.dll
0x0000000077030000 - 0x000000007712a000 	C:\Windows\system32\USER32.dll
0x000007fefec20000 - 0x000007fefec87000 	C:\Windows\system32\GDI32.dll
0x000007fefea00000 - 0x000007fefea0e000 	C:\Windows\system32\LPK.dll
0x000007fefdfb0000 - 0x000007fefe07a000 	C:\Windows\system32\USP10.dll
0x000007fefbed0000 - 0x000007fefc0c4000 	C:\Windows\WinSxS\amd64_microsoft.windows.common-controls_6595b64144ccf1df_6.0.7601.17514_none_fa396087175ac9ac\COMCTL32.dll
0x000007fefed70000 - 0x000007fefede1000 	C:\Windows\system32\SHLWAPI.dll
0x000007fefebf0000 - 0x000007fefec1e000 	C:\Windows\system32\IMM32.DLL
0x000007fefea90000 - 0x000007fefeb99000 	C:\Windows\system32\MSCTF.dll
0x000000006f4f0000 - 0x000000006f5c2000 	C:\Program Files\Java\jdk1.8.0_91\jre\bin\msvcr100.dll
0x00000000739d0000 - 0x0000000074263000 	C:\Program Files\Java\jdk1.8.0_91\jre\bin\server\jvm.dll
0x000007fef3750000 - 0x000007fef3759000 	C:\Windows\system32\WSOCK32.dll
0x000007fefeba0000 - 0x000007fefebed000 	C:\Windows\system32\WS2_32.dll
0x000007fefefd0000 - 0x000007fefefd8000 	C:\Windows\system32\NSI.dll
0x000007fefae40000 - 0x000007fefae7b000 	C:\Windows\system32\WINMM.dll
0x000007fefbb90000 - 0x000007fefbb9c000 	C:\Windows\system32\VERSION.dll
0x0000000077300000 - 0x0000000077307000 	C:\Windows\system32\PSAPI.DLL
0x00000000739c0000 - 0x00000000739cf000 	C:\Program Files\Java\jdk1.8.0_91\jre\bin\verify.dll
0x0000000073990000 - 0x00000000739b9000 	C:\Program Files\Java\jdk1.8.0_91\jre\bin\java.dll
0x0000000073970000 - 0x0000000073986000 	C:\Program Files\Java\jdk1.8.0_91\jre\bin\zip.dll
0x000007fefd220000 - 0x000007fefdfa8000 	C:\Windows\system32\SHELL32.dll
0x000007fefe450000 - 0x000007fefe653000 	C:\Windows\system32\ole32.dll
0x000007fefce60000 - 0x000007fefce6f000 	C:\Windows\system32\profapi.dll

VM Arguments:
jvm_args: -Djava.awt.headless=true -Xmx1024M -Dfile.encoding=windows-1256 -Duser.country=US -Duser.language=en -Duser.variant 
java_command: com.android.dx.command.Main --dex --force-jumbo --num-threads=4 --output E:\User\AndroidStudioProjects\SimpleFlickrClient\app\build\intermediates\pre-dexed\debug\com.android.support-appcompat-v7-24.0.0_a3be1b6decfba4033cb89ed6a9a4aa57dd78d5dd.jar E:\User\AndroidStudioProjects\SimpleFlickrClient\app\build\intermediates\exploded-aar\com.android.support\appcompat-v7\24.0.0\jars\classes.jar
java_class_path (initial): E:\User\AppData\Local\Android\sdk\build-tools\24.0.0\lib\dx.jar
Launcher Type: SUN_STANDARD

Environment Variables:
PATH=C:\oracle\product\10.2.0\db_2\bin;C:\oracle\product\10.2.0\db_1\bin;C:\ProgramData\Oracle\Java\javapath;C:\Windows\System32;C:\Windows\SysWOW64;C:\opencv248\build\x86\vc10\bin;C:\Python27;C:\Program Files (x86)\CodeBlocks\MinGW\bin;E:\programs\Matlab\R2013a\bin;C:\Program Files\IVI Foundation\VISA\Win64\Bin\;C:\Program Files (x86)\IVI Foundation\VISA\WinNT\Bin\;C:\Program Files (x86)\IVI Foundation\VISA\WinNT\Bin;C:\Program Files (x86)\Tesseract-OCR;E:\User\AppData\Local\Android\sdk\tools\lib;E:\Program Files\Git\cmd;E:\User\AppData\Local\Android\sdk\platform-tools;E:\Program Files\nodejs\;C:\Program Files\Canopy\User;C:\Program Files\Canopy\User\Scripts;C:\Users\user\AppData\Roaming\npm
USERNAME=user
OS=Windows_NT
PROCESSOR_IDENTIFIER=Intel64 Family 6 Model 58 Stepping 9, GenuineIntel



---------------  S Y S T E M  ---------------

OS: Windows 7 , 64 bit Build 7601 (6.1.7601.23572)

CPU:total 4 (2 cores per cpu, 2 threads per core) family 6 model 58 stepping 9, cmov, cx8, fxsr, mmx, sse, sse2, sse3, ssse3, sse4.1, sse4.2, popcnt, avx, aes, clmul, erms, ht, tsc, tscinvbit, tscinv

Memory: 4k page, physical 4094316k(39180k free), swap 5628456k(5076k free)

vm_info: Java HotSpot(TM) 64-Bit Server VM (25.91-b15) for windows-amd64 JRE (1.8.0_91-b15), built on May 20 2016 17:43:15 by "java_re" with MS VC++ 10.0 (VS2010)

time: Fri Aug 04 21:39:18 2017
elapsed time: 18 seconds (0d 0h 0m 18s)

