#
# There is insufficient memory for the Java Runtime Environment to continue.
# Native memory allocation (malloc) failed to allocate 236096 bytes for Chunk::new
# Possible reasons:
#   The system is out of physical RAM or swap space
#   In 32 bit mode, the process size limit was hit
# Possible solutions:
#   Reduce memory load on the system
#   Increase physical memory or swap space
#   Check if swap backing store is full
#   Use 64 bit Java on a 64 bit OS
#   Decrease Java heap size (-Xmx/-Xms)
#   Decrease number of Java threads
#   Decrease Java thread stack sizes (-Xss)
#   Set larger code cache with -XX:ReservedCodeCacheSize=
# This output file may be truncated or incomplete.
#
#  Out of Memory Error (allocation.cpp:390), pid=4312, tid=20060
#
# JRE version: Java(TM) SE Runtime Environment (8.0_91-b15) (build 1.8.0_91-b15)
# Java VM: Java HotSpot(TM) 64-Bit Server VM (25.91-b15 mixed mode windows-amd64 compressed oops)
# Failed to write core dump. Minidumps are not enabled by default on client versions of Windows
#

---------------  T H R E A D  ---------------

Current thread (0x0000000054fab000):  JavaThread "C2 CompilerThread1" daemon [_thread_in_native, id=20060, stack(0x0000000056a80000,0x0000000056b80000)]

Stack: [0x0000000056a80000,0x0000000056b80000]
[error occurred during error reporting (printing stack bounds), id 0xc0000005]

Native frames: (J=compiled Java code, j=interpreted, Vv=VM code, C=native code)


Current CompileTask:
C2:  17792 2149       4       com.android.dx.ssa.MoveParamCombiner$1::visitNonMoveInsn (213 bytes)


---------------  P R O C E S S  ---------------

Java Threads: ( => current thread )
  0x00000000565ca000 JavaThread "pool-1-thread-4" [_thread_blocked, id=21064, stack(0x0000000057670000,0x0000000057770000)]
  0x00000000565c9800 JavaThread "pool-1-thread-3" [_thread_blocked, id=14396, stack(0x0000000057530000,0x0000000057630000)]
  0x0000000056569800 JavaThread "pool-1-thread-2" [_thread_blocked, id=20720, stack(0x0000000057340000,0x0000000057440000)]
  0x0000000056566800 JavaThread "pool-2-thread-1" [_thread_blocked, id=20644, stack(0x00000000571a0000,0x00000000572a0000)]
  0x0000000056563800 JavaThread "pool-1-thread-1" [_thread_in_vm, id=21204, stack(0x0000000056f80000,0x0000000057080000)]
  0x0000000054faf000 JavaThread "Service Thread" daemon [_thread_blocked, id=4992, stack(0x0000000056df0000,0x0000000056ef0000)]
  0x0000000054fac000 JavaThread "C1 CompilerThread2" daemon [_thread_in_native, id=5348, stack(0x0000000056c90000,0x0000000056d90000)]
=>0x0000000054fab000 JavaThread "C2 CompilerThread1" daemon [_thread_in_native, id=20060, stack(0x0000000056a80000,0x0000000056b80000)]
  0x00000000562e7800 JavaThread "C2 CompilerThread0" daemon [_thread_in_native, id=20196, stack(0x0000000056930000,0x0000000056a30000)]
  0x00000000562e4800 JavaThread "Attach Listener" daemon [_thread_blocked, id=21184, stack(0x0000000055db0000,0x0000000055eb0000)]
  0x0000000054f9d800 JavaThread "Signal Dispatcher" daemon [_thread_blocked, id=20600, stack(0x0000000056720000,0x0000000056820000)]
  0x0000000054f89000 JavaThread "Finalizer" daemon [_thread_blocked, id=20112, stack(0x00000000561e0000,0x00000000562e0000)]
  0x0000000054f42000 JavaThread "Reference Handler" daemon [_thread_blocked, id=20096, stack(0x00000000560e0000,0x00000000561e0000)]
  0x0000000001d08000 JavaThread "main" [_thread_in_vm, id=14448, stack(0x00000000020a0000,0x00000000021a0000)]

Other Threads:
  0x0000000054f3a800 VMThread [stack: 0x0000000055f00000,0x0000000056000000] [id=14568]
  0x0000000056314800 WatcherThread [stack: 0x0000000056830000,0x0000000056930000] [id=21284]

VM state:not at safepoint (normal execution)

VM Mutex/Monitor currently owned by a thread: None

Heap:
 PSYoungGen      total 55296K, used 3320K [0x00000000eab00000, 0x00000000f4900000, 0x0000000100000000)
  eden space 52736K, 6% used [0x00000000eab00000,0x00000000eae3e350,0x00000000ede80000)
  from space 2560K, 0% used [0x00000000eed80000,0x00000000eed80000,0x00000000ef000000)
  to   space 15360K, 0% used [0x00000000ede80000,0x00000000ede80000,0x00000000eed80000)
 ParOldGen       total 67072K, used 33226K [0x00000000c0000000, 0x00000000c4180000, 0x00000000eab00000)
  object space 67072K, 49% used [0x00000000c0000000,0x00000000c2072940,0x00000000c4180000)
 Metaspace       used 6487K, capacity 7192K, committed 7424K, reserved 1056768K
  class space    used 625K, capacity 656K, committed 768K, reserved 1048576K

Card table byte_map: [0x0000000011830000,0x0000000011a40000] byte_map_base: 0x0000000011230000

Marking Bits: (ParMarkBitMap*) 0x0000000073b02f70
 Begin Bits: [0x00000000123b0000, 0x00000000133b0000)
 End Bits:   [0x00000000133b0000, 0x00000000143b0000)

Polling page: 0x0000000001c40000

CodeCache: size=245760Kb used=10575Kb max_used=10575Kb free=235184Kb
 bounds [0x0000000002470000, 0x0000000002ed0000, 0x0000000011470000]
 total_blobs=2383 nmethods=2115 adapters=180
 compilation: enabled

Compilation events (10 events):
Event: 17.770 Thread 0x0000000054fac000 nmethod 2143 0x0000000002ec9750 code [0x0000000002ec98a0, 0x0000000002ec9a10]
Event: 17.770 Thread 0x0000000054fac000 2130       3       com.android.dx.command.dexer.Main::checkClassName (124 bytes)
Event: 17.771 Thread 0x0000000054fac000 nmethod 2130 0x0000000002ec9a90 code [0x0000000002ec9d60, 0x0000000002ecb248]
Event: 17.772 Thread 0x0000000054fac000 2144       3       com.android.dx.command.dexer.Main::access$1500 (6 bytes)
Event: 17.772 Thread 0x0000000054fac000 nmethod 2144 0x0000000002ecbb10 code [0x0000000002ecbd00, 0x0000000002ecc3f8]
Event: 17.772 Thread 0x0000000054fac000 2145       3       com.android.dx.cf.direct.DirectClassFile::<init> (15 bytes)
Event: 17.773 Thread 0x0000000054fac000 nmethod 2145 0x0000000002ecc910 code [0x0000000002eccaa0, 0x0000000002eccd38]
Event: 17.773 Thread 0x0000000054fac000 2146       3       com.android.dx.cf.direct.DirectClassFile::parse0 (920 bytes)
Event: 17.773 Thread 0x00000000562e7800 2148       4       com.android.dx.ssa.back.FirstFitLocalCombiningAllocator::handleLocalAssociatedOther (151 bytes)
Event: 17.777 Thread 0x0000000054fab000 2149       4       com.android.dx.ssa.MoveParamCombiner$1::visitNonMoveInsn (213 bytes)

GC Heap History (10 events):
Event: 6.084 GC heap before
{Heap before GC invocations=3 (full 0):
 PSYoungGen      total 35328K, used 35313K [0x00000000eab00000, 0x00000000ed000000, 0x0000000100000000)
  eden space 32768K, 100% used [0x00000000eab00000,0x00000000ecb00000,0x00000000ecb00000)
  from space 2560K, 99% used [0x00000000ecd80000,0x00000000ecffc758,0x00000000ed000000)
  to   space 2560K, 0% used [0x00000000ecb00000,0x00000000ecb00000,0x00000000ecd80000)
 ParOldGen       total 44032K, used 2681K [0x00000000c0000000, 0x00000000c2b00000, 0x00000000eab00000)
  object space 44032K, 6% used [0x00000000c0000000,0x00000000c029e640,0x00000000c2b00000)
 Metaspace       used 6171K, capacity 7026K, committed 7296K, reserved 1056768K
  class space    used 604K, capacity 618K, committed 640K, reserved 1048576K
Event: 6.158 GC heap after
Heap after GC invocations=3 (full 0):
 PSYoungGen      total 35328K, used 2535K [0x00000000eab00000, 0x00000000ef000000, 0x0000000100000000)
  eden space 32768K, 0% used [0x00000000eab00000,0x00000000eab00000,0x00000000ecb00000)
  from space 2560K, 99% used [0x00000000ecb00000,0x00000000ecd79e40,0x00000000ecd80000)
  to   space 2560K, 0% used [0x00000000eed80000,0x00000000eed80000,0x00000000ef000000)
 ParOldGen       total 44032K, used 7823K [0x00000000c0000000, 0x00000000c2b00000, 0x00000000eab00000)
  object space 44032K, 17% used [0x00000000c0000000,0x00000000c07a3fb8,0x00000000c2b00000)
 Metaspace       used 6171K, capacity 7026K, committed 7296K, reserved 1056768K
  class space    used 604K, capacity 618K, committed 640K, reserved 1048576K
}
Event: 8.129 GC heap before
{Heap before GC invocations=4 (full 0):
 PSYoungGen      total 35328K, used 35303K [0x00000000eab00000, 0x00000000ef000000, 0x0000000100000000)
  eden space 32768K, 100% used [0x00000000eab00000,0x00000000ecb00000,0x00000000ecb00000)
  from space 2560K, 99% used [0x00000000ecb00000,0x00000000ecd79e40,0x00000000ecd80000)
  to   space 2560K, 0% used [0x00000000eed80000,0x00000000eed80000,0x00000000ef000000)
 ParOldGen       total 44032K, used 7823K [0x00000000c0000000, 0x00000000c2b00000, 0x00000000eab00000)
  object space 44032K, 17% used [0x00000000c0000000,0x00000000c07a3fb8,0x00000000c2b00000)
 Metaspace       used 6276K, capacity 7090K, committed 7296K, reserved 1056768K
  class space    used 604K, capacity 618K, committed 640K, reserved 1048576K
Event: 8.854 GC heap after
Heap after GC invocations=4 (full 0):
 PSYoungGen      total 68096K, used 2534K [0x00000000eab00000, 0x00000000ef000000, 0x0000000100000000)
  eden space 65536K, 0% used [0x00000000eab00000,0x00000000eab00000,0x00000000eeb00000)
  from space 2560K, 98% used [0x00000000eed80000,0x00000000eeff9810,0x00000000ef000000)
  to   space 2560K, 0% used [0x00000000eeb00000,0x00000000eeb00000,0x00000000eed80000)
 ParOldGen       total 44032K, used 12615K [0x00000000c0000000, 0x00000000c2b00000, 0x00000000eab00000)
  object space 44032K, 28% used [0x00000000c0000000,0x00000000c0c51d18,0x00000000c2b00000)
 Metaspace       used 6276K, capacity 7090K, committed 7296K, reserved 1056768K
  class space    used 604K, capacity 618K, committed 640K, reserved 1048576K
}
Event: 13.705 GC heap before
{Heap before GC invocations=5 (full 0):
 PSYoungGen      total 68096K, used 68070K [0x00000000eab00000, 0x00000000ef000000, 0x0000000100000000)
  eden space 65536K, 100% used [0x00000000eab00000,0x00000000eeb00000,0x00000000eeb00000)
  from space 2560K, 98% used [0x00000000eed80000,0x00000000eeff9810,0x00000000ef000000)
  to   space 2560K, 0% used [0x00000000eeb00000,0x00000000eeb00000,0x00000000eed80000)
 ParOldGen       total 44032K, used 12615K [0x00000000c0000000, 0x00000000c2b00000, 0x00000000eab00000)
  object space 44032K, 28% used [0x00000000c0000000,0x00000000c0c51d18,0x00000000c2b00000)
 Metaspace       used 6340K, capacity 7154K, committed 7296K, reserved 1056768K
  class space    used 605K, capacity 618K, committed 640K, reserved 1048576K
Event: 13.748 GC heap after
Heap after GC invocations=5 (full 0):
 PSYoungGen      total 68096K, used 2550K [0x00000000eab00000, 0x00000000ef000000, 0x0000000100000000)
  eden space 65536K, 0% used [0x00000000eab00000,0x00000000eab00000,0x00000000eeb00000)
  from space 2560K, 99% used [0x00000000eeb00000,0x00000000eed7d8b0,0x00000000eed80000)
  to   space 2560K, 0% used [0x00000000eed80000,0x00000000eed80000,0x00000000ef000000)
 ParOldGen       total 44032K, used 23106K [0x00000000c0000000, 0x00000000c2b00000, 0x00000000eab00000)
  object space 44032K, 52% used [0x00000000c0000000,0x00000000c1690af0,0x00000000c2b00000)
 Metaspace       used 6340K, capacity 7154K, committed 7296K, reserved 1056768K
  class space    used 605K, capacity 618K, committed 640K, reserved 1048576K
}
Event: 17.165 GC heap before
{Heap before GC invocations=6 (full 0):
 PSYoungGen      total 68096K, used 68086K [0x00000000eab00000, 0x00000000ef000000, 0x0000000100000000)
  eden space 65536K, 100% used [0x00000000eab00000,0x00000000eeb00000,0x00000000eeb00000)
  from space 2560K, 99% used [0x00000000eeb00000,0x00000000eed7d8b0,0x00000000eed80000)
  to   space 2560K, 0% used [0x00000000eed80000,0x00000000eed80000,0x00000000ef000000)
 ParOldGen       total 44032K, used 23106K [0x00000000c0000000, 0x00000000c2b00000, 0x00000000eab00000)
  object space 44032K, 52% used [0x00000000c0000000,0x00000000c1690af0,0x00000000c2b00000)
 Metaspace       used 6461K, capacity 7192K, committed 7424K, reserved 1056768K
  class space    used 625K, capacity 656K, committed 768K, reserved 1048576K
Event: 17.248 GC heap after
Heap after GC invocations=6 (full 0):
 PSYoungGen      total 55296K, used 2535K [0x00000000eab00000, 0x00000000f4900000, 0x0000000100000000)
  eden space 52736K, 0% used [0x00000000eab00000,0x00000000eab00000,0x00000000ede80000)
  from space 2560K, 99% used [0x00000000eed80000,0x00000000eeff9eb8,0x00000000ef000000)
  to   space 15360K, 0% used [0x00000000ede80000,0x00000000ede80000,0x00000000eed80000)
 ParOldGen       total 44032K, used 32634K [0x00000000c0000000, 0x00000000c2b00000, 0x00000000eab00000)
  object space 44032K, 74% used [0x00000000c0000000,0x00000000c1fdeab0,0x00000000c2b00000)
 Metaspace       used 6461K, capacity 7192K, committed 7424K, reserved 1056768K
  class space    used 625K, capacity 656K, committed 768K, reserved 1048576K
}
Event: 17.248 GC heap before
{Heap before GC invocations=7 (full 1):
 PSYoungGen      total 55296K, used 2535K [0x00000000eab00000, 0x00000000f4900000, 0x0000000100000000)
  eden space 52736K, 0% used [0x00000000eab00000,0x00000000eab00000,0x00000000ede80000)
  from space 2560K, 99% used [0x00000000eed80000,0x00000000eeff9eb8,0x00000000ef000000)
  to   space 15360K, 0% used [0x00000000ede80000,0x00000000ede80000,0x00000000eed80000)
 ParOldGen       total 44032K, used 32634K [0x00000000c0000000, 0x00000000c2b00000, 0x00000000eab00000)
  object space 44032K, 74% used [0x00000000c0000000,0x00000000c1fdeab0,0x00000000c2b00000)
 Metaspace       used 6461K, capacity 7192K, committed 7424K, reserved 1056768K
  class space    used 625K, capacity 656K, committed 768K, reserved 1048576K
Event: 17.717 GC heap after
Heap after GC invocations=7 (full 1):
 PSYoungGen      total 55296K, used 0K [0x00000000eab00000, 0x00000000f4900000, 0x0000000100000000)
  eden space 52736K, 0% used [0x00000000eab00000,0x00000000eab00000,0x00000000ede80000)
  from space 2560K, 0% used [0x00000000eed80000,0x00000000eed80000,0x00000000ef000000)
  to   space 15360K, 0% used [0x00000000ede80000,0x00000000ede80000,0x00000000eed80000)
 ParOldGen       total 67072K, used 33226K [0x00000000c0000000, 0x00000000c4180000, 0x00000000eab00000)
  object space 67072K, 49% used [0x00000000c0000000,0x00000000c2072940,0x00000000c4180000)
 Metaspace       used 6461K, capacity 7192K, committed 7424K, reserved 1056768K
  class space    used 625K, capacity 656K, committed 768K, reserved 1048576K
}

Deoptimization events (10 events):
Event: 15.302 Thread 0x0000000001d08000 Uncommon trap: reason=class_check action=maybe_recompile pc=0x0000000002cc05d8 method=com.android.dx.ssa.SCCP.replaceConstants()V @ 182
Event: 15.321 Thread 0x0000000001d08000 Uncommon trap: reason=class_check action=maybe_recompile pc=0x0000000002cc05d8 method=com.android.dx.ssa.SCCP.replaceConstants()V @ 182
Event: 15.661 Thread 0x00000000565c9800 Uncommon trap: reason=unstable_if action=reinterpret pc=0x0000000002dd3a10 method=java.util.HashMap.putVal(ILjava/lang/Object;Ljava/lang/Object;ZZ)Ljava/lang/Object; @ 109
Event: 15.661 Thread 0x00000000565c9800 Uncommon trap: reason=unstable_if action=reinterpret pc=0x00000000026ace7c method=java.util.HashMap.getNode(ILjava/lang/Object;)Ljava/util/HashMap$Node; @ 84
Event: 16.174 Thread 0x0000000056563800 Uncommon trap: reason=unstable_if action=reinterpret pc=0x0000000002dc7b84 method=com.android.dx.cf.code.Simulator$SimVisitor.visitLocal(IIIILcom/android/dx/rop/type/Type;I)V @ 222
Event: 16.311 Thread 0x0000000056563800 Uncommon trap: reason=bimorphic action=maybe_recompile pc=0x00000000029808bc method=com.android.dx.ssa.LiteralOpUpgrader.tryReplacingWithConstant(Lcom/android/dx/ssa/NormalSsaInsn;)Z @ 62
Event: 16.580 Thread 0x00000000565ca000 Uncommon trap: reason=unstable_if action=reinterpret pc=0x0000000002d8f914 method=com.android.dx.cf.code.Ropper.isSynchronized()Z @ 12
Event: 16.580 Thread 0x00000000565ca000 Uncommon trap: reason=unstable_if action=reinterpret pc=0x0000000002e2a2e0 method=com.android.dx.cf.code.Ropper.isSynchronized()Z @ 12
Event: 16.581 Thread 0x00000000565ca000 Uncommon trap: reason=unstable_if action=reinterpret pc=0x0000000002977630 method=com.android.dx.ssa.MoveParamCombiner$1.visitNonMoveInsn(Lcom/android/dx/ssa/NormalSsaInsn;)V @ 27
Event: 16.737 Thread 0x0000000056563800 Uncommon trap: reason=unstable_if action=reinterpret pc=0x0000000002d73cc4 method=com.android.dx.rop.code.DexTranslationAdvice.hasConstantOperation(Lcom/android/dx/rop/code/Rop;Lcom/android/dx/rop/code/RegisterSpec;Lcom/android/dx/rop/code/RegisterSpec;)Z øUI·ö.@

Internal exceptions (6 events):
Event: 0.106 Thread 0x0000000001d08000 Exception <a 'java/lang/NoSuchMethodError': Method sun.misc.Unsafe.defineClass(Ljava/lang/String;[BII)Ljava/lang/Class; name or signature does not match> (0x00000000eab07cc0) thrown at [C:\re\workspace\8-2-build-windows-amd64-cygwin\jdk8u91\7017\hotspot\srÆaêN8ª?
Event: 0.106 Thread 0x0000000001d08000 Exception <a 'java/lang/NoSuchMethodError': Method sun.misc.Unsafe.prefetchRead(Ljava/lang/Object;J)V name or signature does not match> (0x00000000eab07fa8) thrown at [C:\re\workspace\8-2-build-windows-amd64-cygwin\jdk8u91\7017\hotspot\src\share\vm\prims\j◊Œƒïùˇ-@
Event: 14.999 Thread 0x00000000565c9800 Exception <a 'java/lang/ArrayIndexOutOfBoundsException': 18> (0x00000000ebb862d0) thrown at [C:\re\workspace\8-2-build-windows-amd64-cygwin\jdk8u91\7017\hotspot\src\share\vm\interpreter\interpreterRuntime.cpp, line 366]
Event: 15.000 Thread 0x00000000565c9800 Exception <a 'java/lang/ArrayIndexOutOfBoundsException': 145> (0x00000000ebb87e50) thrown at [C:\re\workspace\8-2-build-windows-amd64-cygwin\jdk8u91\7017\hotspot\src\share\vm\interpreter\interpreterRuntime.cpp, line 366]
Event: 15.000 Thread 0x00000000565c9800 Exception <a 'java/lang/ArrayIndexOutOfBoundsException'> (0x00000000ebb89138) thrown at [C:\re\workspace\8-2-build-windows-amd64-cygwin\jdk8u91\7017\hotspot\src\share\vm\runtime\sharedRuntime.cpp, line 605]
Event: 16.174 Thread 0x0000000056563800 Implicit null exception at 0x0000000002dc4033 to 0x0000000002dc7b65

Events (10 events):
Event: 16.580 Thread 0x00000000565ca000 DEOPT PACKING pc=0x0000000002e2a2e0 sp=0x000000005776eec0
Event: 16.581 Thread 0x00000000565ca000 DEOPT UNPACKING pc=0x00000000024b582a sp=0x000000005776edc0 mode 2
Event: 16.581 Thread 0x00000000565ca000 Uncommon trap: trap_request=0xffffff65 fr.pc=0x0000000002977630
Event: 16.581 Thread 0x00000000565ca000 DEOPT PACKING pc=0x0000000002977630 sp=0x000000005776ecb0
Event: 16.581 Thread 0x00000000565ca000 DEOPT UNPACKING pc=0x00000000024b582a sp=0x000000005776ec08 mode 2
Event: 16.737 Thread 0x0000000056563800 Uncommon trap: trap_request=0xffffff65 fr.pc=0x0000000002d73cc4
Event: 16.737 Thread 0x0000000056563800 DEOPT PACKING pc=0x0000000002d73cc4 sp=0x000000005707e2a0
Event: 16.737 Thread 0x0000000056563800 DEOPT UNPACKING pc=0x00000000024b582a sp=0x000000005707e1c0 mode 2
Event: 17.165 Executing VM operation: ParallelGCFailedAllocation
Event: 17.717 Executing VM operation: ParallelGCFailedAllocation done


Dynamic libraries:
0x000000013f4e0000 - 0x000000013f517000 	C:\Program Files\Java\jdk1.8.0_91\bin\java.exe
0x0000000076db0000 - 0x0000000076f5a000 	C:\Windows\SYSTEM32\ntdll.dll
0x0000000076b90000 - 0x0000000076caf000 	C:\Windows\system32\kernel32.dll
0x000007fefcb00000 - 0x000007fefcb6a000 	C:\Windows\system32\KERNELBASE.dll
0x000007fefdff0000 - 0x000007fefe0cb000 	C:\Windows\system32\ADVAPI32.dll
0x000007fefd420000 - 0x000007fefd4bf000 	C:\Windows\system32\msvcrt.dll
0x000007fefe0d0000 - 0x000007fefe0ef000 	C:\Windows\SYSTEM32\sechost.dll
0x000007fefceb0000 - 0x000007fefcfdd000 	C:\Windows\system32\RPCRT4.dll
0x0000000076cb0000 - 0x0000000076daa000 	C:\Windows\system32\USER32.dll
0x000007fefdbe0000 - 0x000007fefdc47000 	C:\Windows\system32\GDI32.dll
0x000007fefd9a0000 - 0x000007fefd9ae000 	C:\Windows\system32\LPK.dll
0x000007fefde50000 - 0x000007fefdf1a000 	C:\Windows\system32\USP10.dll
0x000007fefbb50000 - 0x000007fefbd44000 	C:\Windows\WinSxS\amd64_microsoft.windows.common-controls_6595b64144ccf1df_6.0.7601.17514_none_fa396087175ac9ac\COMCTL32.dll
0x000007fefdf70000 - 0x000007fefdfe1000 	C:\Windows\system32\SHLWAPI.dll
0x000007fefdf20000 - 0x000007fefdf4e000 	C:\Windows\system32\IMM32.DLL
0x000007fefcfe0000 - 0x000007fefd0e9000 	C:\Windows\system32\MSCTF.dll
0x0000000071aa0000 - 0x0000000071b72000 	C:\Program Files\Java\jdk1.8.0_91\jre\bin\msvcr100.dll
0x00000000732f0000 - 0x0000000073b83000 	C:\Program Files\Java\jdk1.8.0_91\jre\bin\server\jvm.dll
0x000007fef06d0000 - 0x000007fef06d9000 	C:\Windows\system32\WSOCK32.dll
0x000007fefd3d0000 - 0x000007fefd41d000 	C:\Windows\system32\WS2_32.dll
0x000007fefcea0000 - 0x000007fefcea8000 	C:\Windows\system32\NSI.dll
0x000007fefa400000 - 0x000007fefa43b000 	C:\Windows\system32\WINMM.dll
0x000007fefb840000 - 0x000007fefb84c000 	C:\Windows\system32\VERSION.dll
0x0000000076f80000 - 0x0000000076f87000 	C:\Windows\system32\PSAPI.DLL
0x0000000073dd0000 - 0x0000000073ddf000 	C:\Program Files\Java\jdk1.8.0_91\jre\bin\verify.dll
0x0000000073c40000 - 0x0000000073c69000 	C:\Program Files\Java\jdk1.8.0_91\jre\bin\java.dll
0x0000000073db0000 - 0x0000000073dc6000 	C:\Program Files\Java\jdk1.8.0_91\jre\bin\zip.dll
0x000007fefe330000 - 0x000007feff0b8000 	C:\Windows\system32\SHELL32.dll
0x000007fefd790000 - 0x000007fefd993000 	C:\Windows\system32\ole32.dll
0x000007fefcaf0000 - 0x000007fefcaff000 	C:\Windows\system32\profapi.dll

VM Arguments:
jvm_args: -Djava.awt.headless=true -Xmx1024M -Dfile.encoding=windows-1256 -Duser.country=US -Duser.language=en -Duser.variant 
java_command: com.android.dx.command.Main --dex --force-jumbo --num-threads=4 --output E:\User\AndroidStudioProjects\SimpleFlickrClient\app\build\intermediates\pre-dexed\debug\com.android.support-appcompat-v7-24.0.0_a3be1b6decfba4033cb89ed6a9a4aa57dd78d5dd.jar E:\User\AndroidStudioProjects\SimpleFlickrClient\app\build\intermediates\exploded-aar\com.android.support\appcompat-v7\24.0.0\jars\classes.jar
java_class_path (initial): E:\User\AppData\Local\Android\sdk\build-tools\24.0.0\lib\dx.jar
Launcher Type: SUN_STANDARD

Environment Variables:
PATH=C:\oracle\product\10.2.0\db_2\bin;C:\oracle\product\10.2.0\db_1\bin;C:\ProgramData\Oracle\Java\javapath;C:\Windows\System32;C:\Windows\SysWOW64;C:\opencv248\build\x86\vc10\bin;C:\Python27;C:\Program Files (x86)\CodeBlocks\MinGW\bin;E:\programs\Matlab\R2013a\bin;C:\Program Files\IVI Foundation\VISA\Win64\Bin\;C:\Program Files (x86)\IVI Foundation\VISA\WinNT\Bin\;C:\Program Files (x86)\IVI Foundation\VISA\WinNT\Bin;C:\Program Files (x86)\Tesseract-OCR;E:\User\AppData\Local\Android\sdk\tools\lib;E:\Program Files\Git\cmd;E:\User\AppData\Local\Android\sdk\platform-tools;E:\Program Files\nodejs\;C:\Program Files\Canopy\User;C:\Program Files\Canopy\User\Scripts;C:\Users\user\AppData\Roaming\npm
USERNAME=user
OS=Windows_NT
PROCESSOR_IDENTIFIER=Intel64 Family 6 Model 58 Stepping 9, GenuineIntel



---------------  S Y S T E M  ---------------

OS: Windows 7 , 64 bit Build 7601 (6.1.7601.23572)

CPU:total 4 (2 cores per cpu, 2 threads per core) family 6 model 58 stepping 9, cmov, cx8, fxsr, mmx, sse, sse2, sse3, ssse3, sse4.1, sse4.2, popcnt, avx, aes, clmul, erms, ht, tsc, tscinvbit, tscinv

Memory: 4k page, physical 4094316k(316796k free), swap 5628456k(5148k free)

vm_info: Java HotSpot(TM) 64-Bit Server VM (25.91-b15) for windows-amd64 JRE (1.8.0_91-b15), built on May 20 2016 17:43:15 by "java_re" with MS VC++ 10.0 (VS2010)

time: Tue Aug 08 19:06:54 2017
elapsed time: 17 seconds (0d 0h 0m 17s)

