#
# There is insufficient memory for the Java Runtime Environment to continue.
# Native memory allocation (malloc) failed to allocate 32784 bytes for Chunk::new
# Possible reasons:
#   The system is out of physical RAM or swap space
#   In 32 bit mode, the process size limit was hit
# Possible solutions:
#   Reduce memory load on the system
#   Increase physical memory or swap space
#   Check if swap backing store is full
#   Use 64 bit Java on a 64 bit OS
#   Decrease Java heap size (-Xmx/-Xms)
#   Decrease number of Java threads
#   Decrease Java thread stack sizes (-Xss)
#   Set larger code cache with -XX:ReservedCodeCacheSize=
# This output file may be truncated or incomplete.
#
#  Out of Memory Error (allocation.cpp:390), pid=23232, tid=22740
#
# JRE version: Java(TM) SE Runtime Environment (8.0_91-b15) (build 1.8.0_91-b15)
# Java VM: Java HotSpot(TM) 64-Bit Server VM (25.91-b15 mixed mode windows-amd64 compressed oops)
# Failed to write core dump. Minidumps are not enabled by default on client versions of Windows
#

---------------  T H R E A D  ---------------

Current thread (0x0000000056137800):  JavaThread "C2 CompilerThread0" daemon [_thread_in_native, id=22740, stack(0x0000000056840000,0x0000000056940000)]

Stack: [0x0000000056840000,0x0000000056940000]
[error occurred during error reporting (printing stack bounds), id 0xc0000005]

Native frames: (J=compiled Java code, j=interpreted, Vv=VM code, C=native code)


Current CompileTask:
C2:   3853 1507       4       com.android.dx.ssa.SCCP::simulateBlock (54 bytes)


---------------  P R O C E S S  ---------------

Java Threads: ( => current thread )
  0x000000005613d000 JavaThread "Service Thread" daemon [_thread_blocked, id=22664, stack(0x0000000056d70000,0x0000000056e70000)]
  0x000000005613a800 JavaThread "C1 CompilerThread2" daemon [_thread_blocked, id=22644, stack(0x0000000056c00000,0x0000000056d00000)]
  0x0000000056139800 JavaThread "C2 CompilerThread1" daemon [_thread_in_native, id=19152, stack(0x00000000569b0000,0x0000000056ab0000)]
=>0x0000000056137800 JavaThread "C2 CompilerThread0" daemon [_thread_in_native, id=22740, stack(0x0000000056840000,0x0000000056940000)]
  0x0000000056132800 JavaThread "Attach Listener" daemon [_thread_blocked, id=22596, stack(0x0000000055f00000,0x0000000056000000)]
  0x0000000054bdd800 JavaThread "Signal Dispatcher" daemon [_thread_blocked, id=22140, stack(0x0000000056680000,0x0000000056780000)]
  0x0000000054bc9800 JavaThread "Finalizer" daemon [_thread_blocked, id=20736, stack(0x0000000056030000,0x0000000056130000)]
  0x0000000054b82800 JavaThread "Reference Handler" daemon [_thread_blocked, id=12872, stack(0x0000000055d40000,0x0000000055e40000)]
  0x0000000001d58000 JavaThread "main" [_thread_in_Java, id=4948, stack(0x0000000001ed0000,0x0000000001fd0000)]

Other Threads:
  0x0000000054b7a800 VMThread [stack: 0x0000000055c30000,0x0000000055d30000] [id=22524]
  0x00000000561f2800 WatcherThread [stack: 0x0000000056f40000,0x0000000057040000] [id=22668]

VM state:not at safepoint (normal execution)

VM Mutex/Monitor currently owned by a thread: None

Heap:
 PSYoungGen      total 35328K, used 4764K [0x00000000eab00000, 0x00000000ef000000, 0x0000000100000000)
  eden space 32768K, 6% used [0x00000000eab00000,0x00000000ead2eae0,0x00000000ecb00000)
  from space 2560K, 98% used [0x00000000ecb00000,0x00000000ecd78720,0x00000000ecd80000)
  to   space 2560K, 0% used [0x00000000eed80000,0x00000000eed80000,0x00000000ef000000)
 ParOldGen       total 44032K, used 9106K [0x00000000c0000000, 0x00000000c2b00000, 0x00000000eab00000)
  object space 44032K, 20% used [0x00000000c0000000,0x00000000c08e4bd0,0x00000000c2b00000)
 Metaspace       used 6448K, capacity 7320K, committed 7680K, reserved 1056768K
  class space    used 624K, capacity 656K, committed 768K, reserved 1048576K

Card table byte_map: [0x0000000011720000,0x0000000011930000] byte_map_base: 0x0000000011120000

Marking Bits: (ParMarkBitMap*) 0x0000000073cf2f70
 Begin Bits: [0x0000000011ff0000, 0x0000000012ff0000)
 End Bits:   [0x0000000012ff0000, 0x0000000013ff0000)

Polling page: 0x0000000000410000

CodeCache: size=245760Kb used=7136Kb max_used=7136Kb free=238623Kb
 bounds [0x0000000002360000, 0x0000000002a60000, 0x0000000011360000]
 total_blobs=2014 nmethods=1746 adapters=181
 compilation: enabled

Compilation events (10 events):
Event: 3.848 Thread 0x000000005613a800 nmethod 1779 0x0000000002a5b950 code [0x0000000002a5baa0, 0x0000000002a5bbb0]
Event: 3.848 Thread 0x000000005613a800 1780       1       com.android.dx.dex.code.DalvInsnList::getRegistersSize (5 bytes)
Event: 3.848 Thread 0x000000005613a800 nmethod 1780 0x0000000002a5bc10 code [0x0000000002a5bd60, 0x0000000002a5be70]
Event: 3.848 Thread 0x000000005613a800 1781       2       com.android.dx.dex.file.DebugInfoEncoder::getParamBase (29 bytes)
Event: 3.849 Thread 0x000000005613a800 nmethod 1781 0x0000000002a5bed0 code [0x0000000002a5c060, 0x0000000002a5c318]
Event: 3.849 Thread 0x000000005613a800 1782       2       java.util.TimSort::countRunAndMakeAscending (128 bytes)
Event: 3.850 Thread 0x000000005613a800 nmethod 1782 0x0000000002a5c590 code [0x0000000002a5c740, 0x0000000002a5cca8]
Event: 3.850 Thread 0x000000005613a800 1783       2       com.android.dx.dex.code.LocalList$Entry::getName (11 bytes)
Event: 3.850 Thread 0x000000005613a800 nmethod 1783 0x0000000002a5d110 code [0x0000000002a5d260, 0x0000000002a5d3b0]
Event: 3.850 Thread 0x000000005613a800 1784       2       java.util.TimSort::binarySort (223 bytes)

GC Heap History (6 events):
Event: 0.861 GC heap before
{Heap before GC invocations=1 (full 0):
 PSYoungGen      total 18944K, used 16384K [0x00000000eab00000, 0x00000000ec000000, 0x0000000100000000)
  eden space 16384K, 100% used [0x00000000eab00000,0x00000000ebb00000,0x00000000ebb00000)
  from space 2560K, 0% used [0x00000000ebd80000,0x00000000ebd80000,0x00000000ec000000)
  to   space 2560K, 0% used [0x00000000ebb00000,0x00000000ebb00000,0x00000000ebd80000)
 ParOldGen       total 44032K, used 0K [0x00000000c0000000, 0x00000000c2b00000, 0x00000000eab00000)
  object space 44032K, 0% used [0x00000000c0000000,0x00000000c0000000,0x00000000c2b00000)
 Metaspace       used 5774K, capacity 6704K, committed 6784K, reserved 1056768K
  class space    used 599K, capacity 616K, committed 640K, reserved 1048576K
Event: 0.882 GC heap after
Heap after GC invocations=1 (full 0):
 PSYoungGen      total 18944K, used 2535K [0x00000000eab00000, 0x00000000ed000000, 0x0000000100000000)
  eden space 16384K, 0% used [0x00000000eab00000,0x00000000eab00000,0x00000000ebb00000)
  from space 2560K, 99% used [0x00000000ebb00000,0x00000000ebd79c88,0x00000000ebd80000)
  to   space 2560K, 0% used [0x00000000ecd80000,0x00000000ecd80000,0x00000000ed000000)
 ParOldGen       total 44032K, used 1911K [0x00000000c0000000, 0x00000000c2b00000, 0x00000000eab00000)
  object space 44032K, 4% used [0x00000000c0000000,0x00000000c01ddc28,0x00000000c2b00000)
 Metaspace       used 5774K, capacity 6704K, committed 6784K, reserved 1056768K
  class space    used 599K, capacity 616K, committed 640K, reserved 1048576K
}
Event: 1.224 GC heap before
{Heap before GC invocations=2 (full 0):
 PSYoungGen      total 18944K, used 18919K [0x00000000eab00000, 0x00000000ed000000, 0x0000000100000000)
  eden space 16384K, 100% used [0x00000000eab00000,0x00000000ebb00000,0x00000000ebb00000)
  from space 2560K, 99% used [0x00000000ebb00000,0x00000000ebd79c88,0x00000000ebd80000)
  to   space 2560K, 0% used [0x00000000ecd80000,0x00000000ecd80000,0x00000000ed000000)
 ParOldGen       total 44032K, used 1911K [0x00000000c0000000, 0x00000000c2b00000, 0x00000000eab00000)
  object space 44032K, 4% used [0x00000000c0000000,0x00000000c01ddc28,0x00000000c2b00000)
 Metaspace       used 5953K, capacity 6834K, committed 7040K, reserved 1056768K
  class space    used 601K, capacity 618K, committed 640K, reserved 1048576K
Event: 1.456 GC heap after
Heap after GC invocations=2 (full 0):
 PSYoungGen      total 35328K, used 2545K [0x00000000eab00000, 0x00000000ed000000, 0x0000000100000000)
  eden space 32768K, 0% used [0x00000000eab00000,0x00000000eab00000,0x00000000ecb00000)
  from space 2560K, 99% used [0x00000000ecd80000,0x00000000ecffc468,0x00000000ed000000)
  to   space 2560K, 0% used [0x00000000ecb00000,0x00000000ecb00000,0x00000000ecd80000)
 ParOldGen       total 44032K, used 4058K [0x00000000c0000000, 0x00000000c2b00000, 0x00000000eab00000)
  object space 44032K, 9% used [0x00000000c0000000,0x00000000c03f6be0,0x00000000c2b00000)
 Metaspace       used 5953K, capacity 6834K, committed 7040K, reserved 1056768K
  class space    used 601K, capacity 618K, committed 640K, reserved 1048576K
}
Event: 3.724 GC heap before
{Heap before GC invocations=3 (full 0):
 PSYoungGen      total 35328K, used 35313K [0x00000000eab00000, 0x00000000ed000000, 0x0000000100000000)
  eden space 32768K, 100% used [0x00000000eab00000,0x00000000ecb00000,0x00000000ecb00000)
  from space 2560K, 99% used [0x00000000ecd80000,0x00000000ecffc468,0x00000000ed000000)
  to   space 2560K, 0% used [0x00000000ecb00000,0x00000000ecb00000,0x00000000ecd80000)
 ParOldGen       total 44032K, used 4058K [0x00000000c0000000, 0x00000000c2b00000, 0x00000000eab00000)
  object space 44032K, 9% used [0x00000000c0000000,0x00000000c03f6be0,0x00000000c2b00000)
 Metaspace       used 6294K, capacity 7192K, committed 7424K, reserved 1056768K
  class space    used 618K, capacity 656K, committed 768K, reserved 1048576K
Event: 3.740 GC heap after
Heap after GC invocations=3 (full 0):
 PSYoungGen      total 35328K, used 2529K [0x00000000eab00000, 0x00000000ef000000, 0x0000000100000000)
  eden space 32768K, 0% used [0x00000000eab00000,0x00000000eab00000,0x00000000ecb00000)
  from space 2560K, 98% used [0x00000000ecb00000,0x00000000ecd78720,0x00000000ecd80000)
  to   space 2560K, 0% used [0x00000000eed80000,0x00000000eed80000,0x00000000ef000000)
 ParOldGen       total 44032K, used 9106K [0x00000000c0000000, 0x00000000c2b00000, 0x00000000eab00000)
  object space 44032K, 20% used [0x00000000c0000000,0x00000000c08e4bd0,0x00000000c2b00000)
 Metaspace       used 6294K, capacity 7192K, committed 7424K, reserved 1056768K
  class space    used 618K, capacity 656K, committed 768K, reserved 1048576K
}

Deoptimization events (10 events):
Event: 3.674 Thread 0x0000000001d58000 Uncommon trap: reason=class_check action=maybe_recompile pc=0x00000000027c6180 method=java.util.HashMap.putVal(ILjava/lang/Object;Ljava/lang/Object;ZZ)Ljava/lang/Object; @ 203
Event: 3.674 Thread 0x0000000001d58000 Uncommon trap: reason=bimorphic action=maybe_recompile pc=0x00000000025ac4ec method=java.util.HashMap.getNode(ILjava/lang/Object;)Ljava/util/HashMap$Node; @ 126
Event: 3.674 Thread 0x0000000001d58000 Uncommon trap: reason=bimorphic action=maybe_recompile pc=0x00000000025c91a0 method=java.util.HashMap.getNode(ILjava/lang/Object;)Ljava/util/HashMap$Node; @ 126
Event: 3.674 Thread 0x0000000001d58000 Uncommon trap: reason=class_check action=maybe_recompile pc=0x00000000027c6180 method=java.util.HashMap.putVal(ILjava/lang/Object;Ljava/lang/Object;ZZ)Ljava/lang/Object; @ 203
Event: 3.674 Thread 0x0000000001d58000 Uncommon trap: reason=class_check action=maybe_recompile pc=0x00000000027c6180 method=java.util.HashMap.putVal(ILjava/lang/Object;Ljava/lang/Object;ZZ)Ljava/lang/Object; @ 203
Event: 3.675 Thread 0x0000000001d58000 Uncommon trap: reason=class_check action=maybe_recompile pc=0x00000000027a56d0 method=java.util.HashMap.putVal(ILjava/lang/Object;Ljava/lang/Object;ZZ)Ljava/lang/Object; @ 203
Event: 3.748 Thread 0x0000000001d58000 Uncommon trap: reason=speculate_class_check action=maybe_recompile pc=0x00000000026e7e20 method=com.android.dx.util.FixedSizeList.equals(Ljava/lang/Object;)Z @ 25
Event: 3.763 Thread 0x0000000001d58000 Uncommon trap: reason=speculate_class_check action=maybe_recompile pc=0x00000000026e7e20 method=com.android.dx.util.FixedSizeList.equals(Ljava/lang/Object;)Z @ 25
Event: 3.763 Thread 0x0000000001d58000 Uncommon trap: reason=speculate_class_check action=maybe_recompile pc=0x00000000026e7e20 method=com.android.dx.util.FixedSizeList.equals(Ljava/lang/Object;)Z @ 25
Event: 3.763 Thread 0x0000000001d58000 Uncommon trap: reason=speculate_class_check action=maybe_recompile pc=0x00000000026e7e20 method=com.android.dx.util.FixedSizeList.equals(Ljava/lang/Object;)Z @ 25

Internal exceptions (5 events):
Event: 0.032 Thread 0x0000000001d58000 Exception <a 'java/lang/NoSuchMethodError': Method sun.misc.Unsafe.defineClass(Ljava/lang/String;[BII)Ljava/lang/Class; name or signature does not match> (0x00000000eab07cc0) thrown at [C:\re\workspace\8-2-build-windows-amd64-cygwin\jdk8u91\7017\hotspot\sr"ÉËB‹C ?
Event: 0.032 Thread 0x0000000001d58000 Exception <a 'java/lang/NoSuchMethodError': Method sun.misc.Unsafe.prefetchRead(Ljava/lang/Object;J)V name or signature does not match> (0x00000000eab07fa8) thrown at [C:\re\workspace\8-2-build-windows-amd64-cygwin\jdk8u91\7017\hotspot\src\share\vm\prims\j­>9Àécë?
Event: 0.856 Thread 0x0000000056371800 Implicit null exception at 0x0000000002619bd2 to 0x0000000002619cc2
Event: 0.905 Thread 0x0000000056406800 Implicit null exception at 0x000000000260c3a1 to 0x000000000260d745
Event: 1.183 Thread 0x0000000001d58000 Implicit null exception at 0x000000000266161b to 0x0000000002662d71

Events (10 events):
Event: 3.814 Thread 0x0000000001d58000 DEOPT PACKING pc=0x0000000002a19b61 sp=0x0000000001fceb80
Event: 3.814 Thread 0x0000000001d58000 DEOPT UNPACKING pc=0x00000000023a787f sp=0x0000000001fce900 mode 0
Event: 3.814 Thread 0x0000000001d58000 DEOPT PACKING pc=0x0000000002a16f59 sp=0x0000000001fcea80
Event: 3.814 Thread 0x0000000001d58000 DEOPT UNPACKING pc=0x00000000023a787f sp=0x0000000001fce848 mode 0
Event: 3.830 loading class com/android/dx/dex/file/DebugInfoEncoder
Event: 3.830 loading class com/android/dx/dex/file/DebugInfoEncoder done
Event: 3.831 loading class com/android/dx/dex/file/DebugInfoEncoder$1
Event: 3.831 loading class com/android/dx/dex/file/DebugInfoEncoder$1 done
Event: 3.832 loading class com/android/dx/dex/file/DebugInfoEncoder$2
Event: 3.832 loading class com/android/dx/dex/file/DebugInfoEncoder$2 done


Dynamic libraries:
0x000000013f970000 - 0x000000013f9a7000 	C:\Program Files\Java\jdk1.8.0_91\bin\java.exe
0x0000000077290000 - 0x000000007743a000 	C:\Windows\SYSTEM32\ntdll.dll
0x0000000077070000 - 0x000000007718f000 	C:\Windows\system32\kernel32.dll
0x000007fefd310000 - 0x000007fefd37a000 	C:\Windows\system32\KERNELBASE.dll
0x000007fefea70000 - 0x000007fefeb4b000 	C:\Windows\system32\ADVAPI32.dll
0x000007fefefc0000 - 0x000007feff05f000 	C:\Windows\system32\msvcrt.dll
0x000007fefeca0000 - 0x000007fefecbf000 	C:\Windows\SYSTEM32\sechost.dll
0x000007fefd750000 - 0x000007fefd87d000 	C:\Windows\system32\RPCRT4.dll
0x0000000077190000 - 0x000000007728a000 	C:\Windows\system32\USER32.dll
0x000007fefef50000 - 0x000007fefefb7000 	C:\Windows\system32\GDI32.dll
0x000007fefeb50000 - 0x000007fefeb5e000 	C:\Windows\system32\LPK.dll
0x000007feff150000 - 0x000007feff21a000 	C:\Windows\system32\USP10.dll
0x000007fefc030000 - 0x000007fefc224000 	C:\Windows\WinSxS\amd64_microsoft.windows.common-controls_6595b64144ccf1df_6.0.7601.17514_none_fa396087175ac9ac\COMCTL32.dll
0x000007feff0b0000 - 0x000007feff121000 	C:\Windows\system32\SHLWAPI.dll
0x000007fefebc0000 - 0x000007fefebee000 	C:\Windows\system32\IMM32.DLL
0x000007fefd460000 - 0x000007fefd569000 	C:\Windows\system32\MSCTF.dll
0x0000000072ab0000 - 0x0000000072b82000 	C:\Program Files\Java\jdk1.8.0_91\jre\bin\msvcr100.dll
0x00000000734e0000 - 0x0000000073d73000 	C:\Program Files\Java\jdk1.8.0_91\jre\bin\server\jvm.dll
0x000007feefe70000 - 0x000007feefe79000 	C:\Windows\system32\WSOCK32.dll
0x000007feff060000 - 0x000007feff0ad000 	C:\Windows\system32\WS2_32.dll
0x000007fefec90000 - 0x000007fefec98000 	C:\Windows\system32\NSI.dll
0x000007fefb040000 - 0x000007fefb07b000 	C:\Windows\system32\WINMM.dll
0x000007fefbd20000 - 0x000007fefbd2c000 	C:\Windows\system32\VERSION.dll
0x0000000077450000 - 0x0000000077457000 	C:\Windows\system32\PSAPI.DLL
0x00000000743f0000 - 0x00000000743ff000 	C:\Program Files\Java\jdk1.8.0_91\jre\bin\verify.dll
0x00000000743c0000 - 0x00000000743e9000 	C:\Program Files\Java\jdk1.8.0_91\jre\bin\java.dll
0x00000000743a0000 - 0x00000000743b6000 	C:\Program Files\Java\jdk1.8.0_91\jre\bin\zip.dll
0x000007fefdce0000 - 0x000007fefea68000 	C:\Windows\system32\SHELL32.dll
0x000007fefecc0000 - 0x000007fefeec3000 	C:\Windows\system32\ole32.dll
0x000007fefcfc0000 - 0x000007fefcfcf000 	C:\Windows\system32\profapi.dll

VM Arguments:
jvm_args: -Djava.awt.headless=true -Xmx1024M -Dfile.encoding=windows-1256 -Duser.country=US -Duser.language=en -Duser.variant 
java_command: com.android.dx.command.Main --dex --force-jumbo --num-threads=4 --output E:\User\AndroidStudioProjects\SimpleFlickrClient\app\build\intermediates\pre-dexed\debug\picasso-2.5.2_a69735fb31405abb6c5b972e1b2bb4f918f620e8.jar C:\Users\user\.gradle\caches\modules-2\files-2.1\com.squareup.picasso\picasso\2.5.2\7446d06ec8d4f7ffcc53f1da37c95f200dcb9387\picasso-2.5.2.jar
java_class_path (initial): E:\User\AppData\Local\Android\sdk\build-tools\24.0.0\lib\dx.jar
Launcher Type: SUN_STANDARD

Environment Variables:
PATH=C:\oracle\product\10.2.0\db_2\bin;C:\oracle\product\10.2.0\db_1\bin;C:\ProgramData\Oracle\Java\javapath;C:\Windows\System32;C:\Windows\SysWOW64;C:\opencv248\build\x86\vc10\bin;C:\Python27;C:\Program Files (x86)\CodeBlocks\MinGW\bin;E:\programs\Matlab\R2013a\bin;C:\Program Files\IVI Foundation\VISA\Win64\Bin\;C:\Program Files (x86)\IVI Foundation\VISA\WinNT\Bin\;C:\Program Files (x86)\IVI Foundation\VISA\WinNT\Bin;C:\Program Files (x86)\Tesseract-OCR;E:\User\AppData\Local\Android\sdk\tools\lib;E:\Program Files\Git\cmd;E:\User\AppData\Local\Android\sdk\platform-tools;E:\Program Files\nodejs\;C:\Program Files\Canopy\User;C:\Program Files\Canopy\User\Scripts;C:\Users\user\AppData\Roaming\npm
USERNAME=user
OS=Windows_NT
PROCESSOR_IDENTIFIER=Intel64 Family 6 Model 58 Stepping 9, GenuineIntel



---------------  S Y S T E M  ---------------

OS: Windows 7 , 64 bit Build 7601 (6.1.7601.23572)

CPU:total 4 (2 cores per cpu, 2 threads per core) family 6 model 58 stepping 9, cmov, cx8, fxsr, mmx, sse, sse2, sse3, ssse3, sse4.1, sse4.2, popcnt, avx, aes, clmul, erms, ht, tsc, tscinvbit, tscinv

Memory: 4k page, physical 4094316k(323188k free), swap 5628456k(30716k free)

vm_info: Java HotSpot(TM) 64-Bit Server VM (25.91-b15) for windows-amd64 JRE (1.8.0_91-b15), built on May 20 2016 17:43:15 by "java_re" with MS VC++ 10.0 (VS2010)

time: Sun Aug 06 18:57:59 2017
elapsed time: 3 seconds (0d 0h 0m 3s)

