#
# There is insufficient memory for the Java Runtime Environment to continue.
# Native memory allocation (malloc) failed to allocate 837056 bytes for Chunk::new
# Possible reasons:
#   The system is out of physical RAM or swap space
#   In 32 bit mode, the process size limit was hit
# Possible solutions:
#   Reduce memory load on the system
#   Increase physical memory or swap space
#   Check if swap backing store is full
#   Use 64 bit Java on a 64 bit OS
#   Decrease Java heap size (-Xmx/-Xms)
#   Decrease number of Java threads
#   Decrease Java thread stack sizes (-Xss)
#   Set larger code cache with -XX:ReservedCodeCacheSize=
# This output file may be truncated or incomplete.
#
#  Out of Memory Error (allocation.cpp:390), pid=6936, tid=7440
#
# JRE version: Java(TM) SE Runtime Environment (8.0_91-b15) (build 1.8.0_91-b15)
# Java VM: Java HotSpot(TM) 64-Bit Server VM (25.91-b15 mixed mode windows-amd64 compressed oops)
# Failed to write core dump. Minidumps are not enabled by default on client versions of Windows
#

---------------  T H R E A D  ---------------

Current thread (0x0000000056266800):  JavaThread "C2 CompilerThread1" daemon [_thread_in_native, id=7440, stack(0x0000000056c40000,0x0000000056d40000)]

Stack: [0x0000000056c40000,0x0000000056d40000]
[error occurred during error reporting (printing stack bounds), id 0xc0000005]

Native frames: (J=compiled Java code, j=interpreted, Vv=VM code, C=native code)


Current CompileTask:
C2:  20763 1946       4       com.android.dx.ssa.SsaConverter::edgeSplitPredecessors (44 bytes)


---------------  P R O C E S S  ---------------

Java Threads: ( => current thread )
  0x00000000570b1800 JavaThread "pool-1-thread-4" [_thread_blocked, id=12280, stack(0x0000000057d50000,0x0000000057e50000)]
  0x00000000565c7800 JavaThread "pool-1-thread-3" [_thread_blocked, id=12248, stack(0x0000000056060000,0x0000000056160000)]
  0x000000005650c800 JavaThread "pool-1-thread-2" [_thread_in_native, id=12216, stack(0x0000000056e60000,0x0000000056f60000)]
  0x000000005650b800 JavaThread "pool-2-thread-1" [_thread_blocked, id=12240, stack(0x0000000057af0000,0x0000000057bf0000)]
  0x000000005650a800 JavaThread "pool-1-thread-1" [_thread_blocked, id=12272, stack(0x0000000057930000,0x0000000057a30000)]
  0x00000000562cc800 JavaThread "Service Thread" daemon [_thread_blocked, id=12136, stack(0x0000000056d40000,0x0000000056e40000)]
  0x0000000056267800 JavaThread "C1 CompilerThread2" daemon [_thread_blocked, id=12100, stack(0x0000000056b30000,0x0000000056c30000)]
=>0x0000000056266800 JavaThread "C2 CompilerThread1" daemon [_thread_in_native, id=7440, stack(0x0000000056c40000,0x0000000056d40000)]
  0x0000000056264800 JavaThread "C2 CompilerThread0" daemon [_thread_blocked, id=11916, stack(0x0000000056a00000,0x0000000056b00000)]
  0x0000000054ebe000 JavaThread "Attach Listener" daemon [_thread_blocked, id=5168, stack(0x00000000568b0000,0x00000000569b0000)]
  0x0000000054ecf000 JavaThread "Signal Dispatcher" daemon [_thread_blocked, id=12172, stack(0x0000000056770000,0x0000000056870000)]
  0x0000000054ea9000 JavaThread "Finalizer" daemon [_thread_blocked, id=11828, stack(0x0000000056160000,0x0000000056260000)]
  0x0000000054e62000 JavaThread "Reference Handler" daemon [_thread_blocked, id=1936, stack(0x0000000055f40000,0x0000000056040000)]
  0x0000000001da8000 JavaThread "main" [_thread_blocked, id=7048, stack(0x0000000001fe0000,0x00000000020e0000)]

Other Threads:
  0x0000000054e5a800 VMThread [stack: 0x0000000055da0000,0x0000000055ea0000] [id=7384]
  0x000000005633f800 WatcherThread [stack: 0x0000000056fb0000,0x00000000570b0000] [id=11512]

VM state:not at safepoint (normal execution)

VM Mutex/Monitor currently owned by a thread: None

Heap:
 PSYoungGen      total 68096K, used 17618K [0x00000000eab00000, 0x00000000ef000000, 0x0000000100000000)
  eden space 65536K, 22% used [0x00000000eab00000,0x00000000eb9b73a8,0x00000000eeb00000)
  from space 2560K, 99% used [0x00000000eeb00000,0x00000000eed7d458,0x00000000eed80000)
  to   space 2560K, 0% used [0x00000000eed80000,0x00000000eed80000,0x00000000ef000000)
 ParOldGen       total 44032K, used 23126K [0x00000000c0000000, 0x00000000c2b00000, 0x00000000eab00000)
  object space 44032K, 52% used [0x00000000c0000000,0x00000000c1695930,0x00000000c2b00000)
 Metaspace       used 6339K, capacity 7156K, committed 7296K, reserved 1056768K
  class space    used 607K, capacity 620K, committed 640K, reserved 1048576K

Card table byte_map: [0x0000000011770000,0x0000000011980000] byte_map_base: 0x0000000011170000

Marking Bits: (ParMarkBitMap*) 0x000000006f282f70
 Begin Bits: [0x00000000122d0000, 0x00000000132d0000)
 End Bits:   [0x00000000132d0000, 0x00000000142d0000)

Polling page: 0x0000000000210000

CodeCache: size=245760Kb used=9625Kb max_used=9640Kb free=236134Kb
 bounds [0x00000000023b0000, 0x0000000002d30000, 0x00000000113b0000]
 total_blobs=2201 nmethods=1933 adapters=180
 compilation: enabled

Compilation events (10 events):
Event: 20.398 Thread 0x0000000056267800 1963       3       java.util.concurrent.FutureTask::set (36 bytes)
Event: 20.398 Thread 0x0000000056267800 nmethod 1963 0x00000000024eed10 code [0x00000000024eee80, 0x00000000024ef0a8]
Event: 20.400 Thread 0x0000000056267800 1964       3       com.android.dx.rop.type.Type::<init> (8 bytes)
Event: 20.400 Thread 0x0000000056267800 nmethod 1964 0x00000000024f0210 code [0x00000000024f0380, 0x00000000024f0508]
Event: 20.428 Thread 0x0000000056267800 1968       1       com.android.dx.rop.cst.CstLiteral32::fitsInInt (2 bytes)
Event: 20.428 Thread 0x0000000056267800 nmethod 1968 0x00000000024eff50 code [0x00000000024f00a0, 0x00000000024f01b0]
Event: 20.431 Thread 0x0000000056267800 1969       3       java.util.concurrent.ThreadPoolExecutor::beforeExecute (1 bytes)
Event: 20.431 Thread 0x0000000056267800 nmethod 1969 0x00000000024b9310 code [0x00000000024b9460, 0x00000000024b95b0]
Event: 20.432 Thread 0x0000000056267800 1970       3       com.android.dx.cf.direct.DirectClassFile::getAccessFlags (9 bytes)
Event: 20.432 Thread 0x0000000056267800 nmethod 1970 0x00000000024b8dd0 code [0x00000000024b8f40, 0x00000000024b9188]

GC Heap History (10 events):
Event: 4.410 GC heap before
{Heap before GC invocations=1 (full 0):
 PSYoungGen      total 18944K, used 16384K [0x00000000eab00000, 0x00000000ec000000, 0x0000000100000000)
  eden space 16384K, 100% used [0x00000000eab00000,0x00000000ebb00000,0x00000000ebb00000)
  from space 2560K, 0% used [0x00000000ebd80000,0x00000000ebd80000,0x00000000ec000000)
  to   space 2560K, 0% used [0x00000000ebb00000,0x00000000ebb00000,0x00000000ebd80000)
 ParOldGen       total 44032K, used 0K [0x00000000c0000000, 0x00000000c2b00000, 0x00000000eab00000)
  object space 44032K, 0% used [0x00000000c0000000,0x00000000c0000000,0x00000000c2b00000)
 Metaspace       used 5500K, capacity 6448K, committed 6528K, reserved 1056768K
  class space    used 598K, capacity 616K, committed 640K, reserved 1048576K
Event: 4.478 GC heap after
Heap after GC invocations=1 (full 0):
 PSYoungGen      total 18944K, used 2536K [0x00000000eab00000, 0x00000000ed000000, 0x0000000100000000)
  eden space 16384K, 0% used [0x00000000eab00000,0x00000000eab00000,0x00000000ebb00000)
  from space 2560K, 99% used [0x00000000ebb00000,0x00000000ebd7a098,0x00000000ebd80000)
  to   space 2560K, 0% used [0x00000000ecd80000,0x00000000ecd80000,0x00000000ed000000)
 ParOldGen       total 44032K, used 988K [0x00000000c0000000, 0x00000000c2b00000, 0x00000000eab00000)
  object space 44032K, 2% used [0x00000000c0000000,0x00000000c00f7300,0x00000000c2b00000)
 Metaspace       used 5500K, capacity 6448K, committed 6528K, reserved 1056768K
  class space    used 598K, capacity 616K, committed 640K, reserved 1048576K
}
Event: 7.015 GC heap before
{Heap before GC invocations=2 (full 0):
 PSYoungGen      total 18944K, used 18920K [0x00000000eab00000, 0x00000000ed000000, 0x0000000100000000)
  eden space 16384K, 100% used [0x00000000eab00000,0x00000000ebb00000,0x00000000ebb00000)
  from space 2560K, 99% used [0x00000000ebb00000,0x00000000ebd7a098,0x00000000ebd80000)
  to   space 2560K, 0% used [0x00000000ecd80000,0x00000000ecd80000,0x00000000ed000000)
 ParOldGen       total 44032K, used 988K [0x00000000c0000000, 0x00000000c2b00000, 0x00000000eab00000)
  object space 44032K, 2% used [0x00000000c0000000,0x00000000c00f7300,0x00000000c2b00000)
 Metaspace       used 6008K, capacity 6898K, committed 7040K, reserved 1056768K
  class space    used 603K, capacity 618K, committed 640K, reserved 1048576K
Event: 7.233 GC heap after
Heap after GC invocations=2 (full 0):
 PSYoungGen      total 35328K, used 2552K [0x00000000eab00000, 0x00000000ed000000, 0x0000000100000000)
  eden space 32768K, 0% used [0x00000000eab00000,0x00000000eab00000,0x00000000ecb00000)
  from space 2560K, 99% used [0x00000000ecd80000,0x00000000ecffe3c8,0x00000000ed000000)
  to   space 2560K, 0% used [0x00000000ecb00000,0x00000000ecb00000,0x00000000ecd80000)
 ParOldGen       total 44032K, used 2708K [0x00000000c0000000, 0x00000000c2b00000, 0x00000000eab00000)
  object space 44032K, 6% used [0x00000000c0000000,0x00000000c02a50e8,0x00000000c2b00000)
 Metaspace       used 6008K, capacity 6898K, committed 7040K, reserved 1056768K
  class space    used 603K, capacity 618K, committed 640K, reserved 1048576K
}
Event: 12.894 GC heap before
{Heap before GC invocations=3 (full 0):
 PSYoungGen      total 35328K, used 35320K [0x00000000eab00000, 0x00000000ed000000, 0x0000000100000000)
  eden space 32768K, 100% used [0x00000000eab00000,0x00000000ecb00000,0x00000000ecb00000)
  from space 2560K, 99% used [0x00000000ecd80000,0x00000000ecffe3c8,0x00000000ed000000)
  to   space 2560K, 0% used [0x00000000ecb00000,0x00000000ecb00000,0x00000000ecd80000)
 ParOldGen       total 44032K, used 2708K [0x00000000c0000000, 0x00000000c2b00000, 0x00000000eab00000)
  object space 44032K, 6% used [0x00000000c0000000,0x00000000c02a50e8,0x00000000c2b00000)
 Metaspace       used 6221K, capacity 7090K, committed 7296K, reserved 1056768K
  class space    used 604K, capacity 618K, committed 640K, reserved 1048576K
Event: 13.556 GC heap after
Heap after GC invocations=3 (full 0):
 PSYoungGen      total 35328K, used 2553K [0x00000000eab00000, 0x00000000ef000000, 0x0000000100000000)
  eden space 32768K, 0% used [0x00000000eab00000,0x00000000eab00000,0x00000000ecb00000)
  from space 2560K, 99% used [0x00000000ecb00000,0x00000000ecd7e558,0x00000000ecd80000)
  to   space 2560K, 0% used [0x00000000eed80000,0x00000000eed80000,0x00000000ef000000)
 ParOldGen       total 44032K, used 7572K [0x00000000c0000000, 0x00000000c2b00000, 0x00000000eab00000)
  object space 44032K, 17% used [0x00000000c0000000,0x00000000c0765330,0x00000000c2b00000)
 Metaspace       used 6221K, capacity 7090K, committed 7296K, reserved 1056768K
  class space    used 604K, capacity 618K, committed 640K, reserved 1048576K
}
Event: 16.783 GC heap before
{Heap before GC invocations=4 (full 0):
 PSYoungGen      total 35328K, used 35321K [0x00000000eab00000, 0x00000000ef000000, 0x0000000100000000)
  eden space 32768K, 100% used [0x00000000eab00000,0x00000000ecb00000,0x00000000ecb00000)
  from space 2560K, 99% used [0x00000000ecb00000,0x00000000ecd7e558,0x00000000ecd80000)
  to   space 2560K, 0% used [0x00000000eed80000,0x00000000eed80000,0x00000000ef000000)
 ParOldGen       total 44032K, used 7572K [0x00000000c0000000, 0x00000000c2b00000, 0x00000000eab00000)
  object space 44032K, 17% used [0x00000000c0000000,0x00000000c0765330,0x00000000c2b00000)
 Metaspace       used 6273K, capacity 7090K, committed 7296K, reserved 1056768K
  class space    used 604K, capacity 618K, committed 640K, reserved 1048576K
Event: 16.860 GC heap after
Heap after GC invocations=4 (full 0):
 PSYoungGen      total 68096K, used 2553K [0x00000000eab00000, 0x00000000ef000000, 0x0000000100000000)
  eden space 65536K, 0% used [0x00000000eab00000,0x00000000eab00000,0x00000000eeb00000)
  from space 2560K, 99% used [0x00000000eed80000,0x00000000eeffe558,0x00000000ef000000)
  to   space 2560K, 0% used [0x00000000eeb00000,0x00000000eeb00000,0x00000000eed80000)
 ParOldGen       total 44032K, used 12535K [0x00000000c0000000, 0x00000000c2b00000, 0x00000000eab00000)
  object space 44032K, 28% used [0x00000000c0000000,0x00000000c0c3dc58,0x00000000c2b00000)
 Metaspace       used 6273K, capacity 7090K, committed 7296K, reserved 1056768K
  class space    used 604K, capacity 618K, committed 640K, reserved 1048576K
}
Event: 19.845 GC heap before
{Heap before GC invocations=5 (full 0):
 PSYoungGen      total 68096K, used 68089K [0x00000000eab00000, 0x00000000ef000000, 0x0000000100000000)
  eden space 65536K, 100% used [0x00000000eab00000,0x00000000eeb00000,0x00000000eeb00000)
  from space 2560K, 99% used [0x00000000eed80000,0x00000000eeffe558,0x00000000ef000000)
  to   space 2560K, 0% used [0x00000000eeb00000,0x00000000eeb00000,0x00000000eed80000)
 ParOldGen       total 44032K, used 12535K [0x00000000c0000000, 0x00000000c2b00000, 0x00000000eab00000)
  object space 44032K, 28% used [0x00000000c0000000,0x00000000c0c3dc58,0x00000000c2b00000)
 Metaspace       used 6322K, capacity 7154K, committed 7296K, reserved 1056768K
  class space    used 604K, capacity 618K, committed 640K, reserved 1048576K
Event: 19.972 GC heap after
Heap after GC invocations=5 (full 0):
 PSYoungGen      total 68096K, used 2549K [0x00000000eab00000, 0x00000000ef000000, 0x0000000100000000)
  eden space 65536K, 0% used [0x00000000eab00000,0x00000000eab00000,0x00000000eeb00000)
  from space 2560K, 99% used [0x00000000eeb00000,0x00000000eed7d458,0x00000000eed80000)
  to   space 2560K, 0% used [0x00000000eed80000,0x00000000eed80000,0x00000000ef000000)
 ParOldGen       total 44032K, used 23126K [0x00000000c0000000, 0x00000000c2b00000, 0x00000000eab00000)
  object space 44032K, 52% used [0x00000000c0000000,0x00000000c1695930,0x00000000c2b00000)
 Metaspace       used 6322K, capacity 7154K, committed 7296K, reserved 1056768K
  class space    used 604K, capacity 618K, committed 640K, reserved 1048576K
}

Deoptimization events (10 events):
Event: 18.400 Thread 0x000000005650a800 Uncommon trap: reason=unstable_if action=reinterpret pc=0x0000000002783ecc method=com.android.dx.ssa.SsaMethod.updateOneDefinition(Lcom/android/dx/ssa/SsaInsn;Lcom/android/dx/rop/code/RegisterSpec;)V @ 4
Event: 18.848 Thread 0x00000000565c7800 Uncommon trap: reason=unstable_if action=reinterpret pc=0x0000000002b335a4 method=com.android.dx.cf.code.RopperMachine.run(Lcom/android/dx/cf/code/Frame;II)V @ 1500
Event: 18.990 Thread 0x000000005650a800 Uncommon trap: reason=bimorphic action=maybe_recompile pc=0x0000000002b80ee4 method=com.android.dx.cf.code.BytecodeArray.parseInstruction(ILcom/android/dx/cf/code/BytecodeArray$Visitor;)I @ 1130
Event: 18.990 Thread 0x000000005650a800 Uncommon trap: reason=bimorphic action=maybe_recompile pc=0x0000000002b80b10 method=com.android.dx.cf.code.BytecodeArray.parseInstruction(ILcom/android/dx/cf/code/BytecodeArray$Visitor;)I @ 971
Event: 18.990 Thread 0x000000005650a800 Uncommon trap: reason=bimorphic action=maybe_recompile pc=0x0000000002b80a90 method=com.android.dx.cf.code.BytecodeArray.parseInstruction(ILcom/android/dx/cf/code/BytecodeArray$Visitor;)I @ 955
Event: 18.990 Thread 0x000000005650a800 Uncommon trap: reason=bimorphic action=maybe_recompile pc=0x0000000002b80a90 method=com.android.dx.cf.code.BytecodeArray.parseInstruction(ILcom/android/dx/cf/code/BytecodeArray$Visitor;)I @ 955
Event: 19.976 Thread 0x000000005650c800 Uncommon trap: reason=unstable_if action=reinterpret pc=0x0000000002b7d138 method=com.android.dx.ssa.back.FirstFitLocalCombiningAllocator.findNextUnreservedRopReg(IILcom/android/dx/ssa/back/FirstFitLocalCombiningAllocator$Alignment;)I @ 32
Event: 20.290 Thread 0x000000005650c800 Uncommon trap: reason=unstable_if action=reinterpret pc=0x0000000002c4df48 method=com.android.dx.ssa.SCCP.simulateStmt(Lcom/android/dx/ssa/SsaInsn;)V @ 59
Event: 20.433 Thread 0x000000005650c800 Uncommon trap: reason=bimorphic action=maybe_recompile pc=0x00000000029c5bac method=java.util.HashMap.putVal(ILjava/lang/Object;Ljava/lang/Object;ZZ)Ljava/lang/Object; @ 203
Event: 20.433 Thread 0x000000005650c800 Uncommon trap: reason=bimorphic action=maybe_recompile pc=0x00000000029c5bac method=java.util.HashMap.putVal(ILjava/lang/Object;Ljava/lang/Object;ZZ)Ljava/lang/Object; @ 203

Internal exceptions (3 events):
Event: 0.097 Thread 0x0000000001da8000 Exception <a 'java/lang/NoSuchMethodError': Method sun.misc.Unsafe.defineClass(Ljava/lang/String;[BII)Ljava/lang/Class; name or signature does not match> (0x00000000eab07cc0) thrown at [C:\re\workspace\8-2-build-windows-amd64-cygwin\jdk8u91\7017\hotspot\srw*øï7Ç¸?
Event: 0.097 Thread 0x0000000001da8000 Exception <a 'java/lang/NoSuchMethodError': Method sun.misc.Unsafe.prefetchRead(Ljava/lang/Object;J)V name or signature does not match> (0x00000000eab07fa8) thrown at [C:\re\workspace\8-2-build-windows-amd64-cygwin\jdk8u91\7017\hotspot\src\share\vm\prims\j *h÷ýí&@
Event: 11.465 Thread 0x00000000565c7800 Implicit null exception at 0x000000000290f950 to 0x0000000002911f85

Events (10 events):
Event: 19.992 Thread 0x0000000056267800 flushing nmethod 0x00000000025099d0
Event: 20.290 Thread 0x000000005650c800 Uncommon trap: trap_request=0xffffff65 fr.pc=0x0000000002c4df48
Event: 20.290 Thread 0x000000005650c800 DEOPT PACKING pc=0x0000000002c4df48 sp=0x0000000056f5e4b0
Event: 20.290 Thread 0x000000005650c800 DEOPT UNPACKING pc=0x00000000023f582a sp=0x0000000056f5e488 mode 2
Event: 20.433 Thread 0x000000005650c800 Uncommon trap: trap_request=0xffffffc6 fr.pc=0x00000000029c5bac
Event: 20.433 Thread 0x000000005650c800 DEOPT PACKING pc=0x00000000029c5bac sp=0x0000000056f5e2c0
Event: 20.433 Thread 0x000000005650c800 DEOPT UNPACKING pc=0x00000000023f582a sp=0x0000000056f5e248 mode 2
Event: 20.433 Thread 0x000000005650c800 Uncommon trap: trap_request=0xffffffc6 fr.pc=0x00000000029c5bac
Event: 20.433 Thread 0x000000005650c800 DEOPT PACKING pc=0x00000000029c5bac sp=0x0000000056f5e2c0
Event: 20.433 Thread 0x000000005650c800 DEOPT UNPACKING pc=0x00000000023f582a sp=0x0000000056f5e248 mode 2


Dynamic libraries:
0x000000013f8d0000 - 0x000000013f907000 	C:\Program Files\Java\jdk1.8.0_91\bin\java.exe
0x0000000076db0000 - 0x0000000076f5a000 	C:\Windows\SYSTEM32\ntdll.dll
0x0000000076b90000 - 0x0000000076caf000 	C:\Windows\system32\kernel32.dll
0x000007fefcb00000 - 0x000007fefcb6a000 	C:\Windows\system32\KERNELBASE.dll
0x000007fefdff0000 - 0x000007fefe0cb000 	C:\Windows\system32\ADVAPI32.dll
0x000007fefd420000 - 0x000007fefd4bf000 	C:\Windows\system32\msvcrt.dll
0x000007fefe0d0000 - 0x000007fefe0ef000 	C:\Windows\SYSTEM32\sechost.dll
0x000007fefceb0000 - 0x000007fefcfdd000 	C:\Windows\system32\RPCRT4.dll
0x0000000076cb0000 - 0x0000000076daa000 	C:\Windows\system32\USER32.dll
0x000007fefdbe0000 - 0x000007fefdc47000 	C:\Windows\system32\GDI32.dll
0x000007fefd9a0000 - 0x000007fefd9ae000 	C:\Windows\system32\LPK.dll
0x000007fefde50000 - 0x000007fefdf1a000 	C:\Windows\system32\USP10.dll
0x000007fefbb50000 - 0x000007fefbd44000 	C:\Windows\WinSxS\amd64_microsoft.windows.common-controls_6595b64144ccf1df_6.0.7601.17514_none_fa396087175ac9ac\COMCTL32.dll
0x000007fefdf70000 - 0x000007fefdfe1000 	C:\Windows\system32\SHLWAPI.dll
0x000007fefdf20000 - 0x000007fefdf4e000 	C:\Windows\system32\IMM32.DLL
0x000007fefcfe0000 - 0x000007fefd0e9000 	C:\Windows\system32\MSCTF.dll
0x0000000073700000 - 0x00000000737d2000 	C:\Program Files\Java\jdk1.8.0_91\jre\bin\msvcr100.dll
0x000000006ea70000 - 0x000000006f303000 	C:\Program Files\Java\jdk1.8.0_91\jre\bin\server\jvm.dll
0x000007fef06d0000 - 0x000007fef06d9000 	C:\Windows\system32\WSOCK32.dll
0x000007fefd3d0000 - 0x000007fefd41d000 	C:\Windows\system32\WS2_32.dll
0x000007fefcea0000 - 0x000007fefcea8000 	C:\Windows\system32\NSI.dll
0x000007fefa400000 - 0x000007fefa43b000 	C:\Windows\system32\WINMM.dll
0x000007fefb840000 - 0x000007fefb84c000 	C:\Windows\system32\VERSION.dll
0x0000000076f80000 - 0x0000000076f87000 	C:\Windows\system32\PSAPI.DLL
0x0000000073dc0000 - 0x0000000073dcf000 	C:\Program Files\Java\jdk1.8.0_91\jre\bin\verify.dll
0x0000000073b60000 - 0x0000000073b89000 	C:\Program Files\Java\jdk1.8.0_91\jre\bin\java.dll
0x0000000073b40000 - 0x0000000073b56000 	C:\Program Files\Java\jdk1.8.0_91\jre\bin\zip.dll
0x000007fefe330000 - 0x000007feff0b8000 	C:\Windows\system32\SHELL32.dll
0x000007fefd790000 - 0x000007fefd993000 	C:\Windows\system32\ole32.dll
0x000007fefcaf0000 - 0x000007fefcaff000 	C:\Windows\system32\profapi.dll

VM Arguments:
jvm_args: -Djava.awt.headless=true -Xmx1024M -Dfile.encoding=windows-1256 -Duser.country=US -Duser.language=en -Duser.variant 
java_command: com.android.dx.command.Main --dex --force-jumbo --num-threads=4 --output E:\User\AndroidStudioProjects\SimpleFlickrClient\app\build\intermediates\pre-dexed\debug\com.android.support-appcompat-v7-24.0.0_a3be1b6decfba4033cb89ed6a9a4aa57dd78d5dd.jar E:\User\AndroidStudioProjects\SimpleFlickrClient\app\build\intermediates\exploded-aar\com.android.support\appcompat-v7\24.0.0\jars\classes.jar
java_class_path (initial): E:\User\AppData\Local\Android\sdk\build-tools\24.0.0\lib\dx.jar
Launcher Type: SUN_STANDARD

Environment Variables:
PATH=C:\oracle\product\10.2.0\db_2\bin;C:\oracle\product\10.2.0\db_1\bin;C:\ProgramData\Oracle\Java\javapath;C:\Windows\System32;C:\Windows\SysWOW64;C:\opencv248\build\x86\vc10\bin;C:\Python27;C:\Program Files (x86)\CodeBlocks\MinGW\bin;E:\programs\Matlab\R2013a\bin;C:\Program Files\IVI Foundation\VISA\Win64\Bin\;C:\Program Files (x86)\IVI Foundation\VISA\WinNT\Bin\;C:\Program Files (x86)\IVI Foundation\VISA\WinNT\Bin;C:\Program Files (x86)\Tesseract-OCR;E:\User\AppData\Local\Android\sdk\tools\lib;E:\Program Files\Git\cmd;E:\User\AppData\Local\Android\sdk\platform-tools;E:\Program Files\nodejs\;C:\Program Files\Canopy\User;C:\Program Files\Canopy\User\Scripts;C:\Users\user\AppData\Roaming\npm
USERNAME=user
OS=Windows_NT
PROCESSOR_IDENTIFIER=Intel64 Family 6 Model 58 Stepping 9, GenuineIntel



---------------  S Y S T E M  ---------------

OS: Windows 7 , 64 bit Build 7601 (6.1.7601.23572)

CPU:total 4 (2 cores per cpu, 2 threads per core) family 6 model 58 stepping 9, cmov, cx8, fxsr, mmx, sse, sse2, sse3, ssse3, sse4.1, sse4.2, popcnt, avx, aes, clmul, erms, ht, tsc, tscinvbit, tscinv

Memory: 4k page, physical 4094316k(24956k free), swap 5628456k(9404k free)

vm_info: Java HotSpot(TM) 64-Bit Server VM (25.91-b15) for windows-amd64 JRE (1.8.0_91-b15), built on May 20 2016 17:43:15 by "java_re" with MS VC++ 10.0 (VS2010)

time: Tue Aug 08 20:34:48 2017
elapsed time: 20 seconds (0d 0h 0m 20s)

