#
# There is insufficient memory for the Java Runtime Environment to continue.
# Native memory allocation (malloc) failed to allocate 1763616 bytes for Chunk::new
# Possible reasons:
#   The system is out of physical RAM or swap space
#   In 32 bit mode, the process size limit was hit
# Possible solutions:
#   Reduce memory load on the system
#   Increase physical memory or swap space
#   Check if swap backing store is full
#   Use 64 bit Java on a 64 bit OS
#   Decrease Java heap size (-Xmx/-Xms)
#   Decrease number of Java threads
#   Decrease Java thread stack sizes (-Xss)
#   Set larger code cache with -XX:ReservedCodeCacheSize=
# This output file may be truncated or incomplete.
#
#  Out of Memory Error (allocation.cpp:390), pid=21024, tid=21424
#
# JRE version: Java(TM) SE Runtime Environment (8.0_91-b15) (build 1.8.0_91-b15)
# Java VM: Java HotSpot(TM) 64-Bit Server VM (25.91-b15 mixed mode windows-amd64 compressed oops)
# Failed to write core dump. Minidumps are not enabled by default on client versions of Windows
#

---------------  T H R E A D  ---------------

Current thread (0x0000000055f65800):  JavaThread "C2 CompilerThread1" daemon [_thread_in_native, id=21424, stack(0x0000000056a40000,0x0000000056b40000)]

Stack: [0x0000000056a40000,0x0000000056b40000]
[error occurred during error reporting (printing stack bounds), id 0xc0000005]

Native frames: (J=compiled Java code, j=interpreted, Vv=VM code, C=native code)


Current CompileTask:
C2:   8326 1824       4       com.android.dx.ssa.SCCP::replaceConstants (209 bytes)


---------------  P R O C E S S  ---------------

Java Threads: ( => current thread )
  0x000000005627a800 JavaThread "pool-1-thread-4" [_thread_blocked, id=21164, stack(0x0000000057310000,0x0000000057410000)]
  0x0000000056274000 JavaThread "pool-1-thread-3" [_thread_blocked, id=21052, stack(0x0000000056e70000,0x0000000056f70000)]
  0x0000000056273800 JavaThread "pool-1-thread-2" [_thread_blocked, id=20952, stack(0x0000000057180000,0x0000000057280000)]
  0x000000005620d000 JavaThread "pool-2-thread-1" [_thread_blocked, id=21028, stack(0x0000000056fe0000,0x00000000570e0000)]
  0x00000000561ef000 JavaThread "pool-1-thread-1" [_thread_blocked, id=21012, stack(0x0000000056d70000,0x0000000056e70000)]
  0x0000000055ff2000 JavaThread "Service Thread" daemon [_thread_blocked, id=20908, stack(0x0000000056c40000,0x0000000056d40000)]
  0x0000000055f6a800 JavaThread "C1 CompilerThread2" daemon [_thread_blocked, id=21472, stack(0x0000000056360000,0x0000000056460000)]
=>0x0000000055f65800 JavaThread "C2 CompilerThread1" daemon [_thread_in_native, id=21424, stack(0x0000000056a40000,0x0000000056b40000)]
  0x0000000054d50000 JavaThread "C2 CompilerThread0" daemon [_thread_in_native, id=21060, stack(0x0000000056820000,0x0000000056920000)]
  0x0000000054d5f800 JavaThread "Attach Listener" daemon [_thread_blocked, id=21404, stack(0x00000000565e0000,0x00000000566e0000)]
  0x0000000055f6c000 JavaThread "Signal Dispatcher" daemon [_thread_blocked, id=18540, stack(0x0000000056470000,0x0000000056570000)]
  0x0000000054d3b800 JavaThread "Finalizer" daemon [_thread_blocked, id=20220, stack(0x0000000055d60000,0x0000000055e60000)]
  0x0000000054cf4800 JavaThread "Reference Handler" daemon [_thread_blocked, id=4576, stack(0x0000000055e60000,0x0000000055f60000)]
  0x0000000001d38000 JavaThread "main" [_thread_blocked, id=6716, stack(0x0000000001fd0000,0x00000000020d0000)]

Other Threads:
  0x0000000054cea800 VMThread [stack: 0x0000000055be0000,0x0000000055ce0000] [id=19944]
  0x000000005601b800 WatcherThread [stack: 0x0000000056920000,0x0000000056a20000] [id=20492]

VM state:not at safepoint (normal execution)

VM Mutex/Monitor currently owned by a thread: None

Heap:
 PSYoungGen      total 68096K, used 67543K [0x00000000eab00000, 0x00000000ef000000, 0x0000000100000000)
  eden space 65536K, 99% used [0x00000000eab00000,0x00000000eea77ca8,0x00000000eeb00000)
  from space 2560K, 99% used [0x00000000eed80000,0x00000000eeffdf60,0x00000000ef000000)
  to   space 2560K, 0% used [0x00000000eeb00000,0x00000000eeb00000,0x00000000eed80000)
 ParOldGen       total 44032K, used 13935K [0x00000000c0000000, 0x00000000c2b00000, 0x00000000eab00000)
  object space 44032K, 31% used [0x00000000c0000000,0x00000000c0d9bd30,0x00000000c2b00000)
 Metaspace       used 6460K, capacity 7192K, committed 7424K, reserved 1056768K
  class space    used 621K, capacity 656K, committed 768K, reserved 1048576K

Card table byte_map: [0x0000000011760000,0x0000000011970000] byte_map_base: 0x0000000011160000

Marking Bits: (ParMarkBitMap*) 0x0000000073b02f70
 Begin Bits: [0x0000000012160000, 0x0000000013160000)
 End Bits:   [0x0000000013160000, 0x0000000014160000)

Polling page: 0x0000000000120000

CodeCache: size=245760Kb used=7272Kb max_used=7305Kb free=238487Kb
 bounds [0x00000000023a0000, 0x0000000002ae0000, 0x00000000113a0000]
 total_blobs=2065 nmethods=1797 adapters=180
 compilation: enabled

Compilation events (10 events):
Event: 8.068 Thread 0x0000000055f65800 nmethod 1821 0x0000000002a960d0 code [0x0000000002a96220, 0x0000000002a96318]
Event: 8.068 Thread 0x0000000055f65800 1463       4       java.util.ArrayList$SubList::removeRange (47 bytes)
Event: 8.072 Thread 0x0000000055f65800 nmethod 1463 0x0000000002a93590 code [0x0000000002a936e0, 0x0000000002a93938]
Event: 8.072 Thread 0x0000000055f65800 1822       4       com.android.dx.rop.code.PlainCstInsn::accept (8 bytes)
Event: 8.073 Thread 0x0000000055f65800 nmethod 1822 0x0000000002a4ae90 code [0x0000000002a4afc0, 0x0000000002a4b038]
Event: 8.073 Thread 0x0000000055f65800 1567       4       com.android.dx.ssa.SsaInsn::<init> (29 bytes)
Event: 8.075 Thread 0x0000000055f65800 nmethod 1567 0x0000000002a4c1d0 code [0x0000000002a4c300, 0x0000000002a4c398]
Event: 8.075 Thread 0x0000000055f65800 1823   !   4       com.android.dx.cf.cst.ConstantPoolParser::parseUtf8 (47 bytes)
Event: 8.082 Thread 0x0000000055f65800 nmethod 1823 0x0000000002aa5550 code [0x0000000002aa56e0, 0x0000000002aa5b78]
Event: 8.100 Thread 0x0000000055f65800 1824       4       com.android.dx.ssa.SCCP::replaceConstants (209 bytes)

GC Heap History (8 events):
Event: 1.375 GC heap before
{Heap before GC invocations=1 (full 0):
 PSYoungGen      total 18944K, used 16384K [0x00000000eab00000, 0x00000000ec000000, 0x0000000100000000)
  eden space 16384K, 100% used [0x00000000eab00000,0x00000000ebb00000,0x00000000ebb00000)
  from space 2560K, 0% used [0x00000000ebd80000,0x00000000ebd80000,0x00000000ec000000)
  to   space 2560K, 0% used [0x00000000ebb00000,0x00000000ebb00000,0x00000000ebd80000)
 ParOldGen       total 44032K, used 0K [0x00000000c0000000, 0x00000000c2b00000, 0x00000000eab00000)
  object space 44032K, 0% used [0x00000000c0000000,0x00000000c0000000,0x00000000c2b00000)
 Metaspace       used 5614K, capacity 6576K, committed 6784K, reserved 1056768K
  class space    used 596K, capacity 616K, committed 640K, reserved 1048576K
Event: 1.637 GC heap after
Heap after GC invocations=1 (full 0):
 PSYoungGen      total 18944K, used 2558K [0x00000000eab00000, 0x00000000ed000000, 0x0000000100000000)
  eden space 16384K, 0% used [0x00000000eab00000,0x00000000eab00000,0x00000000ebb00000)
  from space 2560K, 99% used [0x00000000ebb00000,0x00000000ebd7fab8,0x00000000ebd80000)
  to   space 2560K, 0% used [0x00000000ecd80000,0x00000000ecd80000,0x00000000ed000000)
 ParOldGen       total 44032K, used 1729K [0x00000000c0000000, 0x00000000c2b00000, 0x00000000eab00000)
  object space 44032K, 3% used [0x00000000c0000000,0x00000000c01b07f8,0x00000000c2b00000)
 Metaspace       used 5614K, capacity 6576K, committed 6784K, reserved 1056768K
  class space    used 596K, capacity 616K, committed 640K, reserved 1048576K
}
Event: 2.641 GC heap before
{Heap before GC invocations=2 (full 0):
 PSYoungGen      total 18944K, used 18942K [0x00000000eab00000, 0x00000000ed000000, 0x0000000100000000)
  eden space 16384K, 100% used [0x00000000eab00000,0x00000000ebb00000,0x00000000ebb00000)
  from space 2560K, 99% used [0x00000000ebb00000,0x00000000ebd7fab8,0x00000000ebd80000)
  to   space 2560K, 0% used [0x00000000ecd80000,0x00000000ecd80000,0x00000000ed000000)
 ParOldGen       total 44032K, used 1729K [0x00000000c0000000, 0x00000000c2b00000, 0x00000000eab00000)
  object space 44032K, 3% used [0x00000000c0000000,0x00000000c01b07f8,0x00000000c2b00000)
 Metaspace       used 5993K, capacity 6898K, committed 7040K, reserved 1056768K
  class space    used 599K, capacity 618K, committed 640K, reserved 1048576K
Event: 2.928 GC heap after
Heap after GC invocations=2 (full 0):
 PSYoungGen      total 35328K, used 2532K [0x00000000eab00000, 0x00000000ed000000, 0x0000000100000000)
  eden space 32768K, 0% used [0x00000000eab00000,0x00000000eab00000,0x00000000ecb00000)
  from space 2560K, 98% used [0x00000000ecd80000,0x00000000ecff9050,0x00000000ed000000)
  to   space 2560K, 0% used [0x00000000ecb00000,0x00000000ecb00000,0x00000000ecd80000)
 ParOldGen       total 44032K, used 4106K [0x00000000c0000000, 0x00000000c2b00000, 0x00000000eab00000)
  object space 44032K, 9% used [0x00000000c0000000,0x00000000c0402b58,0x00000000c2b00000)
 Metaspace       used 5993K, capacity 6898K, committed 7040K, reserved 1056768K
  class space    used 599K, capacity 618K, committed 640K, reserved 1048576K
}
Event: 5.162 GC heap before
{Heap before GC invocations=3 (full 0):
 PSYoungGen      total 35328K, used 35300K [0x00000000eab00000, 0x00000000ed000000, 0x0000000100000000)
  eden space 32768K, 100% used [0x00000000eab00000,0x00000000ecb00000,0x00000000ecb00000)
  from space 2560K, 98% used [0x00000000ecd80000,0x00000000ecff9050,0x00000000ed000000)
  to   space 2560K, 0% used [0x00000000ecb00000,0x00000000ecb00000,0x00000000ecd80000)
 ParOldGen       total 44032K, used 4106K [0x00000000c0000000, 0x00000000c2b00000, 0x00000000eab00000)
  object space 44032K, 9% used [0x00000000c0000000,0x00000000c0402b58,0x00000000c2b00000)
 Metaspace       used 6322K, capacity 7128K, committed 7424K, reserved 1056768K
  class space    used 621K, capacity 656K, committed 768K, reserved 1048576K
Event: 5.777 GC heap after
Heap after GC invocations=3 (full 0):
 PSYoungGen      total 35328K, used 2551K [0x00000000eab00000, 0x00000000ef000000, 0x0000000100000000)
  eden space 32768K, 0% used [0x00000000eab00000,0x00000000eab00000,0x00000000ecb00000)
  from space 2560K, 99% used [0x00000000ecb00000,0x00000000ecd7df08,0x00000000ecd80000)
  to   space 2560K, 0% used [0x00000000eed80000,0x00000000eed80000,0x00000000ef000000)
 ParOldGen       total 44032K, used 9299K [0x00000000c0000000, 0x00000000c2b00000, 0x00000000eab00000)
  object space 44032K, 21% used [0x00000000c0000000,0x00000000c0914da0,0x00000000c2b00000)
 Metaspace       used 6322K, capacity 7128K, committed 7424K, reserved 1056768K
  class space    used 621K, capacity 656K, committed 768K, reserved 1048576K
}
Event: 6.037 GC heap before
{Heap before GC invocations=4 (full 0):
 PSYoungGen      total 35328K, used 35319K [0x00000000eab00000, 0x00000000ef000000, 0x0000000100000000)
  eden space 32768K, 100% used [0x00000000eab00000,0x00000000ecb00000,0x00000000ecb00000)
  from space 2560K, 99% used [0x00000000ecb00000,0x00000000ecd7df08,0x00000000ecd80000)
  to   space 2560K, 0% used [0x00000000eed80000,0x00000000eed80000,0x00000000ef000000)
 ParOldGen       total 44032K, used 9299K [0x00000000c0000000, 0x00000000c2b00000, 0x00000000eab00000)
  object space 44032K, 21% used [0x00000000c0000000,0x00000000c0914da0,0x00000000c2b00000)
 Metaspace       used 6364K, capacity 7128K, committed 7424K, reserved 1056768K
  class space    used 621K, capacity 656K, committed 768K, reserved 1048576K
Event: 6.475 GC heap after
Heap after GC invocations=4 (full 0):
 PSYoungGen      total 68096K, used 2551K [0x00000000eab00000, 0x00000000ef000000, 0x0000000100000000)
  eden space 65536K, 0% used [0x00000000eab00000,0x00000000eab00000,0x00000000eeb00000)
  from space 2560K, 99% used [0x00000000eed80000,0x00000000eeffdf60,0x00000000ef000000)
  to   space 2560K, 0% used [0x00000000eeb00000,0x00000000eeb00000,0x00000000eed80000)
 ParOldGen       total 44032K, used 13935K [0x00000000c0000000, 0x00000000c2b00000, 0x00000000eab00000)
  object space 44032K, 31% used [0x00000000c0000000,0x00000000c0d9bd30,0x00000000c2b00000)
 Metaspace       used 6364K, capacity 7128K, committed 7424K, reserved 1056768K
  class space    used 621K, capacity 656K, committed 768K, reserved 1048576K
}

Deoptimization events (10 events):
Event: 3.298 Thread 0x0000000001d38000 Uncommon trap: reason=unstable_if action=reinterpret pc=0x00000000027cee1c method=com.android.dx.rop.code.RegisterSpecSet.put(Lcom/android/dx/rop/code/RegisterSpec;)V @ 77
Event: 3.298 Thread 0x0000000001d38000 Uncommon trap: reason=unstable_if action=reinterpret pc=0x000000000282e798 method=com.android.dx.rop.code.RegisterSpecSet.put(Lcom/android/dx/rop/code/RegisterSpec;)V @ 77
Event: 4.349 Thread 0x00000000561ef000 Uncommon trap: reason=unstable_if action=reinterpret pc=0x0000000002622f1c method=java.util.HashMap.getNode(ILjava/lang/Object;)Ljava/util/HashMap$Node; @ 62
Event: 4.365 Thread 0x00000000561ef000 Uncommon trap: reason=null_check action=make_not_entrant pc=0x0000000002708990 method=com.android.dx.rop.type.Type.equals(Ljava/lang/Object;)Z @ 8
Event: 4.368 Thread 0x00000000561ef000 Uncommon trap: reason=bimorphic action=maybe_recompile pc=0x0000000002722198 method=java.util.HashMap.getNode(ILjava/lang/Object;)Ljava/util/HashMap$Node; @ 126
Event: 4.623 Thread 0x0000000056273800 Uncommon trap: reason=unstable_if action=reinterpret pc=0x00000000028de5d8 method=com.android.dx.ssa.SCCP.simulateStmt(Lcom/android/dx/ssa/SsaInsn;)V @ 59
Event: 4.721 Thread 0x0000000001d38000 Uncommon trap: reason=unstable_if action=reinterpret pc=0x000000000276f654 method=java.util.HashMap.putVal(ILjava/lang/Object;Ljava/lang/Object;ZZ)Ljava/lang/Object; @ 162
Event: 4.725 Thread 0x0000000001d38000 Uncommon trap: reason=unstable_if action=reinterpret pc=0x0000000002722178 method=java.util.HashMap.getNode(ILjava/lang/Object;)Ljava/util/HashMap$Node; @ 84
Event: 5.818 Thread 0x0000000056273800 Uncommon trap: reason=unstable_if action=reinterpret pc=0x000000000271fdc8 method=com.android.dx.rop.code.RegisterSpec.equals(ILcom/android/dx/rop/type/TypeBearer;Lcom/android/dx/rop/code/LocalItem;)Z @ 42
Event: 5.975 Thread 0x0000000056273800 Uncommon trap: reason=unstable_if action=reinterpret pc=0x00000000028e6480 method=com.android.dx.ssa.SCCP.simulateBranch(Lcom/android/dx/ssa/SsaInsn;)V @ 64

Internal exceptions (8 events):
Event: 0.061 Thread 0x0000000001d38000 Exception <a 'java/lang/NoSuchMethodError': Method sun.misc.Unsafe.defineClass(Ljava/lang/String;[BII)Ljava/lang/Class; name or signature does not match> (0x00000000eab07cc0) thrown at [C:\re\workspace\8-2-build-windows-amd64-cygwin\jdk8u91\7017\hotspot\srD/ÒO¯?
Event: 0.061 Thread 0x0000000001d38000 Exception <a 'java/lang/NoSuchMethodError': Method sun.misc.Unsafe.prefetchRead(Ljava/lang/Object;J)V name or signature does not match> (0x00000000eab07fa8) thrown at [C:\re\workspace\8-2-build-windows-amd64-cygwin\jdk8u91\7017\hotspot\src\share\vm\prims\jªÄk=­ÿ?
Event: 1.944 Thread 0x0000000001d38000 Implicit null exception at 0x00000000026e2cf7 to 0x00000000026e4f39
Event: 1.944 Thread 0x0000000001d38000 Implicit null exception at 0x00000000026da801 to 0x00000000026dc701
Event: 4.365 Thread 0x00000000561ef000 Implicit null exception at 0x0000000002708892 to 0x0000000002708982
Event: 4.723 Thread 0x0000000001d38000 Exception <a 'java/lang/ArrayIndexOutOfBoundsException': 18> (0x00000000ec77f410) thrown at [C:\re\workspace\8-2-build-windows-amd64-cygwin\jdk8u91\7017\hotspot\src\share\vm\interpreter\interpreterRuntime.cpp, line 366]
Event: 4.724 Thread 0x0000000001d38000 Exception <a 'java/lang/ArrayIndexOutOfBoundsException'> (0x00000000ec780f90) thrown at [C:\re\workspace\8-2-build-windows-amd64-cygwin\jdk8u91\7017\hotspot\src\share\vm\runtime\sharedRuntime.cpp, line 605]
Event: 4.725 Thread 0x0000000001d38000 Exception <a 'java/lang/ArrayIndexOutOfBoundsException'> (0x00000000ec782278) thrown at [C:\re\workspace\8-2-build-windows-amd64-cygwin\jdk8u91\7017\hotspot\src\share\vm\runtime\sharedRuntime.cpp, line 605]

Events (10 events):
Event: 5.818 Thread 0x0000000056273800 Uncommon trap: trap_request=0xffffff65 fr.pc=0x000000000271fdc8
Event: 5.818 Thread 0x0000000056273800 DEOPT PACKING pc=0x000000000271fdc8 sp=0x000000005727ed30
Event: 5.818 Thread 0x0000000056273800 DEOPT UNPACKING pc=0x00000000023e582a sp=0x000000005727ecb8 mode 2
Event: 5.975 Thread 0x0000000056273800 Uncommon trap: trap_request=0xffffff65 fr.pc=0x00000000028e6480
Event: 5.975 Thread 0x0000000056273800 DEOPT PACKING pc=0x00000000028e6480 sp=0x000000005727ebf0
Event: 5.975 Thread 0x0000000056273800 DEOPT UNPACKING pc=0x00000000023e582a sp=0x000000005727ebc0 mode 2
Event: 6.023 Executing VM operation: ParallelGCFailedAllocation
Event: 6.475 Executing VM operation: ParallelGCFailedAllocation done
Event: 7.349 Thread 0x0000000001d38000 DEOPT PACKING pc=0x00000000029daa28 sp=0x00000000020cf160
Event: 7.349 Thread 0x0000000001d38000 DEOPT UNPACKING pc=0x00000000023e787f sp=0x00000000020cee60 mode 0


Dynamic libraries:
0x000000013f4e0000 - 0x000000013f517000 	C:\Program Files\Java\jdk1.8.0_91\bin\java.exe
0x0000000076db0000 - 0x0000000076f5a000 	C:\Windows\SYSTEM32\ntdll.dll
0x0000000076b90000 - 0x0000000076caf000 	C:\Windows\system32\kernel32.dll
0x000007fefcb00000 - 0x000007fefcb6a000 	C:\Windows\system32\KERNELBASE.dll
0x000007fefdff0000 - 0x000007fefe0cb000 	C:\Windows\system32\ADVAPI32.dll
0x000007fefd420000 - 0x000007fefd4bf000 	C:\Windows\system32\msvcrt.dll
0x000007fefe0d0000 - 0x000007fefe0ef000 	C:\Windows\SYSTEM32\sechost.dll
0x000007fefceb0000 - 0x000007fefcfdd000 	C:\Windows\system32\RPCRT4.dll
0x0000000076cb0000 - 0x0000000076daa000 	C:\Windows\system32\USER32.dll
0x000007fefdbe0000 - 0x000007fefdc47000 	C:\Windows\system32\GDI32.dll
0x000007fefd9a0000 - 0x000007fefd9ae000 	C:\Windows\system32\LPK.dll
0x000007fefde50000 - 0x000007fefdf1a000 	C:\Windows\system32\USP10.dll
0x000007fefbb50000 - 0x000007fefbd44000 	C:\Windows\WinSxS\amd64_microsoft.windows.common-controls_6595b64144ccf1df_6.0.7601.17514_none_fa396087175ac9ac\COMCTL32.dll
0x000007fefdf70000 - 0x000007fefdfe1000 	C:\Windows\system32\SHLWAPI.dll
0x000007fefdf20000 - 0x000007fefdf4e000 	C:\Windows\system32\IMM32.DLL
0x000007fefcfe0000 - 0x000007fefd0e9000 	C:\Windows\system32\MSCTF.dll
0x0000000071aa0000 - 0x0000000071b72000 	C:\Program Files\Java\jdk1.8.0_91\jre\bin\msvcr100.dll
0x00000000732f0000 - 0x0000000073b83000 	C:\Program Files\Java\jdk1.8.0_91\jre\bin\server\jvm.dll
0x000007fef06d0000 - 0x000007fef06d9000 	C:\Windows\system32\WSOCK32.dll
0x000007fefd3d0000 - 0x000007fefd41d000 	C:\Windows\system32\WS2_32.dll
0x000007fefcea0000 - 0x000007fefcea8000 	C:\Windows\system32\NSI.dll
0x000007fefa400000 - 0x000007fefa43b000 	C:\Windows\system32\WINMM.dll
0x000007fefb840000 - 0x000007fefb84c000 	C:\Windows\system32\VERSION.dll
0x0000000076f80000 - 0x0000000076f87000 	C:\Windows\system32\PSAPI.DLL
0x0000000073dd0000 - 0x0000000073ddf000 	C:\Program Files\Java\jdk1.8.0_91\jre\bin\verify.dll
0x0000000073c40000 - 0x0000000073c69000 	C:\Program Files\Java\jdk1.8.0_91\jre\bin\java.dll
0x0000000073db0000 - 0x0000000073dc6000 	C:\Program Files\Java\jdk1.8.0_91\jre\bin\zip.dll
0x000007fefe330000 - 0x000007feff0b8000 	C:\Windows\system32\SHELL32.dll
0x000007fefd790000 - 0x000007fefd993000 	C:\Windows\system32\ole32.dll
0x000007fefcaf0000 - 0x000007fefcaff000 	C:\Windows\system32\profapi.dll

VM Arguments:
jvm_args: -Djava.awt.headless=true -Xmx1024M -Dfile.encoding=windows-1256 -Duser.country=US -Duser.language=en -Duser.variant 
java_command: com.android.dx.command.Main --dex --force-jumbo --num-threads=4 --output E:\User\AndroidStudioProjects\SimpleFlickrClient\app\build\intermediates\pre-dexed\debug\glide-3.8.0_f888a7cb9cc6088448216eb82d7d9184ad0f291c.jar C:\Users\user\.gradle\caches\modules-2\files-2.1\com.github.bumptech.glide\glide\3.8.0\9bada650e1afe9c6174ddc0d113c1fce4dc26fe0\glide-3.8.0.jar
java_class_path (initial): E:\User\AppData\Local\Android\sdk\build-tools\24.0.0\lib\dx.jar
Launcher Type: SUN_STANDARD

Environment Variables:
PATH=C:\oracle\product\10.2.0\db_2\bin;C:\oracle\product\10.2.0\db_1\bin;C:\ProgramData\Oracle\Java\javapath;C:\Windows\System32;C:\Windows\SysWOW64;C:\opencv248\build\x86\vc10\bin;C:\Python27;C:\Program Files (x86)\CodeBlocks\MinGW\bin;E:\programs\Matlab\R2013a\bin;C:\Program Files\IVI Foundation\VISA\Win64\Bin\;C:\Program Files (x86)\IVI Foundation\VISA\WinNT\Bin\;C:\Program Files (x86)\IVI Foundation\VISA\WinNT\Bin;C:\Program Files (x86)\Tesseract-OCR;E:\User\AppData\Local\Android\sdk\tools\lib;E:\Program Files\Git\cmd;E:\User\AppData\Local\Android\sdk\platform-tools;E:\Program Files\nodejs\;C:\Program Files\Canopy\User;C:\Program Files\Canopy\User\Scripts;C:\Users\user\AppData\Roaming\npm
USERNAME=user
OS=Windows_NT
PROCESSOR_IDENTIFIER=Intel64 Family 6 Model 58 Stepping 9, GenuineIntel



---------------  S Y S T E M  ---------------

OS: Windows 7 , 64 bit Build 7601 (6.1.7601.23572)

CPU:total 4 (2 cores per cpu, 2 threads per core) family 6 model 58 stepping 9, cmov, cx8, fxsr, mmx, sse, sse2, sse3, ssse3, sse4.1, sse4.2, popcnt, avx, aes, clmul, erms, ht, tsc, tscinvbit, tscinv

Memory: 4k page, physical 4094316k(215900k free), swap 5628456k(6360k free)

vm_info: Java HotSpot(TM) 64-Bit Server VM (25.91-b15) for windows-amd64 JRE (1.8.0_91-b15), built on May 20 2016 17:43:15 by "java_re" with MS VC++ 10.0 (VS2010)

time: Tue Aug 08 19:07:52 2017
elapsed time: 8 seconds (0d 0h 0m 8s)

