#
# There is insufficient memory for the Java Runtime Environment to continue.
# Native memory allocation (malloc) failed to allocate 32744 bytes for ChunkPool::allocate
# Possible reasons:
#   The system is out of physical RAM or swap space
#   In 32 bit mode, the process size limit was hit
# Possible solutions:
#   Reduce memory load on the system
#   Increase physical memory or swap space
#   Check if swap backing store is full
#   Use 64 bit Java on a 64 bit OS
#   Decrease Java heap size (-Xmx/-Xms)
#   Decrease number of Java threads
#   Decrease Java thread stack sizes (-Xss)
#   Set larger code cache with -XX:ReservedCodeCacheSize=
# This output file may be truncated or incomplete.
#
#  Out of Memory Error (allocation.cpp:273), pid=4064, tid=1404
#
# JRE version: Java(TM) SE Runtime Environment (8.0_91-b15) (build 1.8.0_91-b15)
# Java VM: Java HotSpot(TM) 64-Bit Server VM (25.91-b15 mixed mode windows-amd64 compressed oops)
# Failed to write core dump. Minidumps are not enabled by default on client versions of Windows
#

---------------  T H R E A D  ---------------

Current thread (0x000000005609f000):  JavaThread "C2 CompilerThread1" daemon [_thread_in_native, id=1404, stack(0x0000000056900000,0x0000000056a00000)]

Stack: [0x0000000056900000,0x0000000056a00000]
[error occurred during error reporting (printing stack bounds), id 0xc0000005]

Native frames: (J=compiled Java code, j=interpreted, Vv=VM code, C=native code)


Current CompileTask:
C2:  14458 1734   !   4       com.android.dx.cf.code.Ropper::processBlock (1101 bytes)


---------------  P R O C E S S  ---------------

Java Threads: ( => current thread )
  0x00000000563fd000 JavaThread "pool-1-thread-4" [_thread_blocked, id=4512, stack(0x0000000057c50000,0x0000000057d50000)]
  0x00000000563fc000 JavaThread "pool-1-thread-3" [_thread_blocked, id=4836, stack(0x0000000057a40000,0x0000000057b40000)]
  0x00000000563fb800 JavaThread "pool-1-thread-2" [_thread_blocked, id=5404, stack(0x0000000057910000,0x0000000057a10000)]
  0x00000000563fa800 JavaThread "pool-2-thread-1" [_thread_blocked, id=2596, stack(0x00000000576f0000,0x00000000577f0000)]
  0x00000000563fa000 JavaThread "pool-1-thread-1" [_thread_blocked, id=4500, stack(0x0000000057590000,0x0000000057690000)]
  0x000000005611a000 JavaThread "Service Thread" daemon [_thread_blocked, id=4480, stack(0x0000000056ab0000,0x0000000056bb0000)]
  0x00000000560a0000 JavaThread "C1 CompilerThread2" daemon [_thread_in_native, id=5216, stack(0x00000000566d0000,0x00000000567d0000)]
=>0x000000005609f000 JavaThread "C2 CompilerThread1" daemon [_thread_in_native, id=1404, stack(0x0000000056900000,0x0000000056a00000)]
  0x0000000056099800 JavaThread "C2 CompilerThread0" daemon [_thread_in_native, id=5192, stack(0x00000000567f0000,0x00000000568f0000)]
  0x0000000056099000 JavaThread "Attach Listener" daemon [_thread_blocked, id=260, stack(0x00000000565b0000,0x00000000566b0000)]
  0x0000000054cf4000 JavaThread "Signal Dispatcher" daemon [_thread_blocked, id=4124, stack(0x00000000564a0000,0x00000000565a0000)]
  0x0000000054cde000 JavaThread "Finalizer" daemon [_thread_blocked, id=5896, stack(0x0000000055f90000,0x0000000056090000)]
  0x0000000054c97000 JavaThread "Reference Handler" daemon [_thread_blocked, id=5528, stack(0x0000000055d00000,0x0000000055e00000)]
  0x0000000001d28000 JavaThread "main" [_thread_in_vm, id=3496, stack(0x00000000020c0000,0x00000000021c0000)]

Other Threads:
  0x0000000054c8f800 VMThread [stack: 0x0000000055bf0000,0x0000000055cf0000] [id=2228]
  0x0000000056130000 WatcherThread [stack: 0x0000000056c60000,0x0000000056d60000] [id=4732]

VM state:synchronizing (normal execution)

VM Mutex/Monitor currently owned by a thread:  ([mutex/lock_event])
[0x000000000013c9e0] Threads_lock - owner thread: 0x0000000054c8f800

Heap:
 PSYoungGen      total 35328K, used 10746K [0x00000000eab00000, 0x00000000ef000000, 0x0000000100000000)
  eden space 32768K, 24% used [0x00000000eab00000,0x00000000eb2fe968,0x00000000ecb00000)
  from space 2560K, 100% used [0x00000000ecb00000,0x00000000ecd80000,0x00000000ecd80000)
  to   space 2560K, 0% used [0x00000000eed80000,0x00000000eed80000,0x00000000ef000000)
 ParOldGen       total 44032K, used 7322K [0x00000000c0000000, 0x00000000c2b00000, 0x00000000eab00000)
  object space 44032K, 16% used [0x00000000c0000000,0x00000000c07269e8,0x00000000c2b00000)
 Metaspace       used 6289K, capacity 7090K, committed 7296K, reserved 1056768K
  class space    used 604K, capacity 618K, committed 640K, reserved 1048576K

Card table byte_map: [0x0000000011850000,0x0000000011a60000] byte_map_base: 0x0000000011250000

Marking Bits: (ParMarkBitMap*) 0x000000006f292f70
 Begin Bits: [0x0000000012100000, 0x0000000013100000)
 End Bits:   [0x0000000013100000, 0x0000000014100000)

Polling page: 0x0000000000120000

CodeCache: size=245760Kb used=7106Kb max_used=7106Kb free=238653Kb
 bounds [0x0000000002490000, 0x0000000002b90000, 0x0000000011490000]
 total_blobs=1975 nmethods=1708 adapters=180
 compilation: enabled

Compilation events (10 events):
Event: 13.665 Thread 0x00000000560a0000 1729       3       com.android.dx.rop.annotation.Annotations::<init> (16 bytes)
Event: 13.665 Thread 0x00000000560a0000 nmethod 1729 0x0000000002b643d0 code [0x0000000002b64560, 0x0000000002b64910]
Event: 13.670 Thread 0x000000005609f000 1734   !   4       com.android.dx.cf.code.Ropper::processBlock (1101 bytes)
Event: 13.670 Thread 0x0000000056099800 1735       4       com.android.dx.ssa.DeadCodeRemover::isCircularNoSideEffect (140 bytes)
Event: 13.670 Thread 0x00000000560a0000 1730   !   3       java.util.zip.ZipFile::releaseInflater (41 bytes)
Event: 13.670 Thread 0x00000000560a0000 nmethod 1730 0x0000000002b65c10 code [0x0000000002b65dc0, 0x0000000002b664b8]
Event: 13.671 Thread 0x00000000560a0000 1733       3       com.android.dx.cf.code.BaseMachine::popArgs (137 bytes)
Event: 13.672 Thread 0x00000000560a0000 nmethod 1733 0x0000000002b7fd50 code [0x0000000002b800c0, 0x0000000002b81a48]
Event: 13.672 Thread 0x00000000560a0000 1731       3       com.android.dx.rop.code.Rops::opInvokeDirect (17 bytes)
Event: 13.673 Thread 0x00000000560a0000 nmethod 1731 0x0000000002b7f750 code [0x0000000002b7f8e0, 0x0000000002b7fbf8]

GC Heap History (6 events):
Event: 1.670 GC heap before
{Heap before GC invocations=1 (full 0):
 PSYoungGen      total 18944K, used 16384K [0x00000000eab00000, 0x00000000ec000000, 0x0000000100000000)
  eden space 16384K, 100% used [0x00000000eab00000,0x00000000ebb00000,0x00000000ebb00000)
  from space 2560K, 0% used [0x00000000ebd80000,0x00000000ebd80000,0x00000000ec000000)
  to   space 2560K, 0% used [0x00000000ebb00000,0x00000000ebb00000,0x00000000ebd80000)
 ParOldGen       total 44032K, used 0K [0x00000000c0000000, 0x00000000c2b00000, 0x00000000eab00000)
  object space 44032K, 0% used [0x00000000c0000000,0x00000000c0000000,0x00000000c2b00000)
 Metaspace       used 5479K, capacity 6448K, committed 6528K, reserved 1056768K
  class space    used 592K, capacity 616K, committed 640K, reserved 1048576K
Event: 1.834 GC heap after
Heap after GC invocations=1 (full 0):
 PSYoungGen      total 18944K, used 2532K [0x00000000eab00000, 0x00000000ed000000, 0x0000000100000000)
  eden space 16384K, 0% used [0x00000000eab00000,0x00000000eab00000,0x00000000ebb00000)
  from space 2560K, 98% used [0x00000000ebb00000,0x00000000ebd79238,0x00000000ebd80000)
  to   space 2560K, 0% used [0x00000000ecd80000,0x00000000ecd80000,0x00000000ed000000)
 ParOldGen       total 44032K, used 792K [0x00000000c0000000, 0x00000000c2b00000, 0x00000000eab00000)
  object space 44032K, 1% used [0x00000000c0000000,0x00000000c00c63e0,0x00000000c2b00000)
 Metaspace       used 5479K, capacity 6448K, committed 6528K, reserved 1056768K
  class space    used 592K, capacity 616K, committed 640K, reserved 1048576K
}
Event: 5.205 GC heap before
{Heap before GC invocations=2 (full 0):
 PSYoungGen      total 18944K, used 18916K [0x00000000eab00000, 0x00000000ed000000, 0x0000000100000000)
  eden space 16384K, 100% used [0x00000000eab00000,0x00000000ebb00000,0x00000000ebb00000)
  from space 2560K, 98% used [0x00000000ebb00000,0x00000000ebd79238,0x00000000ebd80000)
  to   space 2560K, 0% used [0x00000000ecd80000,0x00000000ecd80000,0x00000000ed000000)
 ParOldGen       total 44032K, used 792K [0x00000000c0000000, 0x00000000c2b00000, 0x00000000eab00000)
  object space 44032K, 1% used [0x00000000c0000000,0x00000000c00c63e0,0x00000000c2b00000)
 Metaspace       used 6030K, capacity 6898K, committed 7040K, reserved 1056768K
  class space    used 602K, capacity 618K, committed 640K, reserved 1048576K
Event: 5.902 GC heap after
Heap after GC invocations=2 (full 0):
 PSYoungGen      total 35328K, used 2544K [0x00000000eab00000, 0x00000000ed000000, 0x0000000100000000)
  eden space 32768K, 0% used [0x00000000eab00000,0x00000000eab00000,0x00000000ecb00000)
  from space 2560K, 99% used [0x00000000ecd80000,0x00000000ecffc038,0x00000000ed000000)
  to   space 2560K, 0% used [0x00000000ecb00000,0x00000000ecb00000,0x00000000ecd80000)
 ParOldGen       total 44032K, used 2426K [0x00000000c0000000, 0x00000000c2b00000, 0x00000000eab00000)
  object space 44032K, 5% used [0x00000000c0000000,0x00000000c025ebc0,0x00000000c2b00000)
 Metaspace       used 6030K, capacity 6898K, committed 7040K, reserved 1056768K
  class space    used 602K, capacity 618K, committed 640K, reserved 1048576K
}
Event: 11.628 GC heap before
{Heap before GC invocations=3 (full 0):
 PSYoungGen      total 35328K, used 35312K [0x00000000eab00000, 0x00000000ed000000, 0x0000000100000000)
  eden space 32768K, 100% used [0x00000000eab00000,0x00000000ecb00000,0x00000000ecb00000)
  from space 2560K, 99% used [0x00000000ecd80000,0x00000000ecffc038,0x00000000ed000000)
  to   space 2560K, 0% used [0x00000000ecb00000,0x00000000ecb00000,0x00000000ecd80000)
 ParOldGen       total 44032K, used 2426K [0x00000000c0000000, 0x00000000c2b00000, 0x00000000eab00000)
  object space 44032K, 5% used [0x00000000c0000000,0x00000000c025ebc0,0x00000000c2b00000)
 Metaspace       used 6275K, capacity 7090K, committed 7296K, reserved 1056768K
  class space    used 604K, capacity 618K, committed 640K, reserved 1048576K
Event: 12.045 GC heap after
Heap after GC invocations=3 (full 0):
 PSYoungGen      total 35328K, used 2560K [0x00000000eab00000, 0x00000000ef000000, 0x0000000100000000)
  eden space 32768K, 0% used [0x00000000eab00000,0x00000000eab00000,0x00000000ecb00000)
  from space 2560K, 100% used [0x00000000ecb00000,0x00000000ecd80000,0x00000000ecd80000)
  to   space 2560K, 0% used [0x00000000eed80000,0x00000000eed80000,0x00000000ef000000)
 ParOldGen       total 44032K, used 7322K [0x00000000c0000000, 0x00000000c2b00000, 0x00000000eab00000)
  object space 44032K, 16% used [0x00000000c0000000,0x00000000c07269e8,0x00000000c2b00000)
 Metaspace       used 6275K, capacity 7090K, committed 7296K, reserved 1056768K
  class space    used 604K, capacity 618K, committed 640K, reserved 1048576K
}

Deoptimization events (10 events):
Event: 1.876 Thread 0x00000000563fa000 Uncommon trap: reason=unstable_if action=reinterpret pc=0x00000000026a4820 method=java.util.BitSet.nextSetBit(I)I @ 87
Event: 1.883 Thread 0x00000000563fa000 Uncommon trap: reason=unstable_if action=reinterpret pc=0x00000000026b8bc4 method=java.util.HashMap.getNode(ILjava/lang/Object;)Ljava/util/HashMap$Node; @ 129
Event: 2.787 Thread 0x00000000563fc000 Uncommon trap: reason=unstable_if action=reinterpret pc=0x00000000026e0e84 method=com.android.dx.rop.cst.Constant.compareTo(Lcom/android/dx/rop/cst/Constant;)I @ 12
Event: 7.422 Thread 0x00000000563fd000 Uncommon trap: reason=null_check action=make_not_entrant pc=0x000000000270d740 method=com.android.dx.ssa.SsaRenamer.getLocalForNewReg(I)Lcom/android/dx/rop/code/LocalItem; @ 19
Event: 10.121 Thread 0x00000000563fb800 Uncommon trap: reason=class_check action=maybe_recompile pc=0x0000000002ad883c method=com.android.dx.cf.code.RopperMachine.run(Lcom/android/dx/cf/code/Frame;II)V @ 988
Event: 10.122 Thread 0x00000000563fb800 Uncommon trap: reason=unstable_if action=reinterpret pc=0x000000000296a1ec method=com.android.dx.ssa.SCCP.simulateStmt(Lcom/android/dx/ssa/SsaInsn;)V @ 53
Event: 10.146 Thread 0x00000000563fb800 Uncommon trap: reason=class_check action=maybe_recompile pc=0x0000000002ada4f0 method=com.android.dx.cf.code.RopperMachine.run(Lcom/android/dx/cf/code/Frame;II)V @ 310
Event: 10.149 Thread 0x00000000563fb800 Uncommon trap: reason=bimorphic action=maybe_recompile pc=0x0000000002ada888 method=com.android.dx.cf.code.RopperMachine.run(Lcom/android/dx/cf/code/Frame;II)V @ 978
Event: 12.992 Thread 0x00000000563fd000 Uncommon trap: reason=bimorphic action=maybe_recompile pc=0x0000000002a75858 method=com.android.dx.ssa.SCCP.simulatePhi(Lcom/android/dx/ssa/PhiInsn;)V @ 124
Event: 13.667 Thread 0x00000000563fc000 Uncommon trap: reason=null_assert action=make_not_entrant pc=0x0000000002ad9a1c method=com.android.dx.cf.code.RopperMachine.run(Lcom/android/dx/cf/code/Frame;II)V @ 1112

Internal exceptions (3 events):
Event: 0.043 Thread 0x0000000001d28000 Exception <a 'java/lang/NoSuchMethodError': Method sun.misc.Unsafe.defineClass(Ljava/lang/String;[BII)Ljava/lang/Class; name or signature does not match> (0x00000000eab07cc0) thrown at [C:\re\workspace\8-2-build-windows-amd64-cygwin\jdk8u91\7017\hotspot\sre£ÐpÙî¥?
Event: 0.043 Thread 0x0000000001d28000 Exception <a 'java/lang/NoSuchMethodError': Method sun.misc.Unsafe.prefetchRead(Ljava/lang/Object;J)V name or signature does not match> (0x00000000eab07fa8) thrown at [C:\re\workspace\8-2-build-windows-amd64-cygwin\jdk8u91\7017\hotspot\src\share\vm\prims\j€Œf3°@
Event: 7.422 Thread 0x00000000563fd000 Implicit null exception at 0x000000000270bfe6 to 0x000000000270d721

Events (10 events):
Event: 11.628 Executing VM operation: ParallelGCFailedAllocation
Event: 12.045 Executing VM operation: ParallelGCFailedAllocation done
Event: 12.992 Thread 0x00000000563fd000 Uncommon trap: trap_request=0xffffffc6 fr.pc=0x0000000002a75858
Event: 12.992 Thread 0x00000000563fd000 DEOPT PACKING pc=0x0000000002a75858 sp=0x0000000057d4e9f0
Event: 12.992 Thread 0x00000000563fd000 DEOPT UNPACKING pc=0x00000000024d582a sp=0x0000000057d4e9c8 mode 2
Event: 13.667 loading class com/android/dx/cf/code/SwitchList
Event: 13.667 loading class com/android/dx/cf/code/SwitchList done
Event: 13.667 Thread 0x00000000563fc000 Uncommon trap: trap_request=0xffffffec fr.pc=0x0000000002ad9a1c
Event: 13.667 Thread 0x00000000563fc000 DEOPT PACKING pc=0x0000000002ad9a1c sp=0x0000000057b3e200
Event: 13.668 Thread 0x00000000563fc000 DEOPT UNPACKING pc=0x00000000024d582a sp=0x0000000057b3e1e8 mode 2


Dynamic libraries:
0x000000013f650000 - 0x000000013f687000 	C:\Program Files\Java\jdk1.8.0_91\bin\java.exe
0x0000000076d30000 - 0x0000000076eda000 	C:\Windows\SYSTEM32\ntdll.dll
0x0000000076b10000 - 0x0000000076c2f000 	C:\Windows\system32\kernel32.dll
0x000007fefcd40000 - 0x000007fefcdaa000 	C:\Windows\system32\KERNELBASE.dll
0x000007fefd340000 - 0x000007fefd41b000 	C:\Windows\system32\ADVAPI32.dll
0x000007fefec60000 - 0x000007fefecff000 	C:\Windows\system32\msvcrt.dll
0x000007fefe690000 - 0x000007fefe6af000 	C:\Windows\SYSTEM32\sechost.dll
0x000007fefce20000 - 0x000007fefcf4d000 	C:\Windows\system32\RPCRT4.dll
0x0000000076c30000 - 0x0000000076d2a000 	C:\Windows\system32\USER32.dll
0x000007fefed00000 - 0x000007fefed67000 	C:\Windows\system32\GDI32.dll
0x000007fefd420000 - 0x000007fefd42e000 	C:\Windows\system32\LPK.dll
0x000007fefe890000 - 0x000007fefe95a000 	C:\Windows\system32\USP10.dll
0x000007fefba90000 - 0x000007fefbc84000 	C:\Windows\WinSxS\amd64_microsoft.windows.common-controls_6595b64144ccf1df_6.0.7601.17514_none_fa396087175ac9ac\COMCTL32.dll
0x000007fefea50000 - 0x000007fefeac1000 	C:\Windows\system32\SHLWAPI.dll
0x000007fefead0000 - 0x000007fefeafe000 	C:\Windows\system32\IMM32.DLL
0x000007fefcf50000 - 0x000007fefd059000 	C:\Windows\system32\MSCTF.dll
0x0000000073660000 - 0x0000000073732000 	C:\Program Files\Java\jdk1.8.0_91\jre\bin\msvcr100.dll
0x000000006ea80000 - 0x000000006f313000 	C:\Program Files\Java\jdk1.8.0_91\jre\bin\server\jvm.dll
0x000007fef9240000 - 0x000007fef9249000 	C:\Windows\system32\WSOCK32.dll
0x000007fefea00000 - 0x000007fefea4d000 	C:\Windows\system32\WS2_32.dll
0x000007fefe680000 - 0x000007fefe688000 	C:\Windows\system32\NSI.dll
0x000007fefab90000 - 0x000007fefabcb000 	C:\Windows\system32\WINMM.dll
0x000007fefb790000 - 0x000007fefb79c000 	C:\Windows\system32\VERSION.dll
0x0000000076f00000 - 0x0000000076f07000 	C:\Windows\system32\PSAPI.DLL
0x0000000072c20000 - 0x0000000072c2f000 	C:\Program Files\Java\jdk1.8.0_91\jre\bin\verify.dll
0x0000000072bf0000 - 0x0000000072c19000 	C:\Program Files\Java\jdk1.8.0_91\jre\bin\java.dll
0x0000000072bd0000 - 0x0000000072be6000 	C:\Program Files\Java\jdk1.8.0_91\jre\bin\zip.dll
0x000007fefd8f0000 - 0x000007fefe678000 	C:\Windows\system32\SHELL32.dll
0x000007fefd6e0000 - 0x000007fefd8e3000 	C:\Windows\system32\ole32.dll
0x000007fefca60000 - 0x000007fefca6f000 	C:\Windows\system32\profapi.dll

VM Arguments:
jvm_args: -Djava.awt.headless=true -Xmx1024M -Dfile.encoding=windows-1256 -Duser.country=US -Duser.language=en -Duser.variant 
java_command: com.android.dx.command.Main --dex --force-jumbo --num-threads=4 --output E:\User\AndroidStudioProjects\SimpleFlickrClient\app\build\intermediates\pre-dexed\debug\internal_impl-24.0.0_e527b74ee5ac5b981af9b5f23f5af01e4cee1e5f.jar E:\User\AndroidStudioProjects\SimpleFlickrClient\app\build\intermediates\exploded-aar\com.android.support\support-v4\24.0.0\jars\libs\internal_impl-24.0.0.jar
java_class_path (initial): E:\User\AppData\Local\Android\sdk\build-tools\24.0.0\lib\dx.jar
Launcher Type: SUN_STANDARD

Environment Variables:
PATH=C:\oracle\product\10.2.0\db_2\bin;C:\oracle\product\10.2.0\db_1\bin;C:\ProgramData\Oracle\Java\javapath;C:\Windows\System32;C:\Windows\SysWOW64;C:\opencv248\build\x86\vc10\bin;C:\Python27;C:\Program Files (x86)\CodeBlocks\MinGW\bin;E:\programs\Matlab\R2013a\bin;C:\Program Files\IVI Foundation\VISA\Win64\Bin\;C:\Program Files (x86)\IVI Foundation\VISA\WinNT\Bin\;C:\Program Files (x86)\IVI Foundation\VISA\WinNT\Bin;C:\Program Files (x86)\Tesseract-OCR;E:\User\AppData\Local\Android\sdk\tools\lib;E:\Program Files\Git\cmd;E:\User\AppData\Local\Android\sdk\platform-tools;E:\Program Files\nodejs\;C:\Program Files\Canopy\User;C:\Program Files\Canopy\User\Scripts;C:\Users\user\AppData\Roaming\npm
USERNAME=user
OS=Windows_NT
PROCESSOR_IDENTIFIER=Intel64 Family 6 Model 58 Stepping 9, GenuineIntel



---------------  S Y S T E M  ---------------

OS: Windows 7 , 64 bit Build 7601 (6.1.7601.23572)

CPU:total 4 (2 cores per cpu, 2 threads per core) family 6 model 58 stepping 9, cmov, cx8, fxsr, mmx, sse, sse2, sse3, ssse3, sse4.1, sse4.2, popcnt, avx, aes, clmul, erms, ht, tsc, tscinvbit, tscinv

Memory: 4k page, physical 4094316k(170592k free), swap 5628456k(184332k free)

vm_info: Java HotSpot(TM) 64-Bit Server VM (25.91-b15) for windows-amd64 JRE (1.8.0_91-b15), built on May 20 2016 17:43:15 by "java_re" with MS VC++ 10.0 (VS2010)

time: Thu Aug 03 22:23:13 2017
elapsed time: 14 seconds (0d 0h 0m 14s)

